<?xml version="1.0" encoding="UTF-8" standalone="yes"?>
<ns2:test-suite start="1597994314026" stop="1597995386195" version="1.5.4" xmlns:ns2="urn:model.allure.qatools.yandex.ru">
    <name>Default suite : Default test</name>
    <title>Default suite : Default test</title>
    <test-cases>
        <test-case start="1597994344626" stop="1597994516023" status="passed">
            <name>preConditionsTest_for_USA</name>
            <steps>
                <step start="1597994314125" stop="1597994314126" status="passed">
                    <name>logStep[****** USA Privacy Test Started]</name>
                    <title>****** USA Privacy Test Started</title>
                    <attachments/>
                    <steps/>
                </step>
                <step start="1597994314424" stop="1597994314424" status="passed">
                    <name>logStep[Starting Charles headless: false using port: 8222]</name>
                    <title>Starting Charles headless: false using port: 8222</title>
                    <attachments/>
                    <steps/>
                </step>
                <step start="1597994314501" stop="1597994314501" status="passed">
                    <name>logStep[Error while executing: http://control.charles]</name>
                    <title>Error while executing: http://control.charles</title>
                    <attachments/>
                    <steps/>
                </step>
                <step start="1597994314502" stop="1597994314502" status="passed">
                    <name>logStep[Error: Connection refused (Connection refused)]</name>
                    <title>Error: Connection refused (Connection refused)</title>
                    <attachments/>
                    <steps/>
                </step>
                <step start="1597994314504" stop="1597994314504" status="passed">
                    <name>logStep[input command /Applications/Charles.app/Contents/MacOS/Charles -config enableUSA.config.port8222]</name>
                    <title>input command /Applications/Charles.app/Contents/MacOS/Charles -config enableUSA.config.port8222</title>
                    <attachments/>
                    <steps/>
                </step>
                <step start="1597994344537" stop="1597994344538" status="passed">
                    <name>logStep[Url :http://control.charles Responded with status code : 200]</name>
                    <title>Url :http://control.charles Responded with status code : 200</title>
                    <attachments/>
                    <steps/>
                </step>
                <step start="1597994344548" stop="1597994344548" status="passed">
                    <name>logStep[Url :http://control.charles/tools/rewrite/disable Responded with status code : 200]</name>
                    <title>Url :http://control.charles/tools/rewrite/disable Responded with status code : 200</title>
                    <attachments/>
                    <steps/>
                </step>
                <step start="1597994344560" stop="1597994344560" status="passed">
                    <name>logStep[Url :http://control.charles/recording/stop Responded with status code : 200]</name>
                    <title>Url :http://control.charles/recording/stop Responded with status code : 200</title>
                    <attachments/>
                    <steps/>
                </step>
                <step start="1597994344566" stop="1597994344566" status="passed">
                    <name>logStep[Url :http://control.charles/tools/map-local/disable Responded with status code : 200]</name>
                    <title>Url :http://control.charles/tools/map-local/disable Responded with status code : 200</title>
                    <attachments/>
                    <steps/>
                </step>
                <step start="1597994344671" stop="1597994344671" status="passed">
                    <name>logStep[Url :http://control.charles/tools/rewrite/enable Responded with status code : 200]</name>
                    <title>Url :http://control.charles/tools/rewrite/enable Responded with status code : 200</title>
                    <attachments/>
                    <steps/>
                </step>
                <step start="1597994344685" stop="1597994344685" status="passed">
                    <name>logStep[Url :http://control.charles/recording/start Responded with status code : 200]</name>
                    <title>Url :http://control.charles/recording/start Responded with status code : 200</title>
                    <attachments/>
                    <steps/>
                </step>
                <step start="1597994344693" stop="1597994344693" status="passed">
                    <name>logStep[Url :http://control.charles/session/clear Responded with status code : 200]</name>
                    <title>Url :http://control.charles/session/clear Responded with status code : 200</title>
                    <attachments/>
                    <steps/>
                </step>
                <step start="1597994485819" stop="1597994485819" status="passed">
                    <name>logStep[Url :http://control.charles/session/clear Responded with status code : 200]</name>
                    <title>Url :http://control.charles/session/clear Responded with status code : 200</title>
                    <attachments/>
                    <steps/>
                </step>
            </steps>
            <attachments/>
            <labels>
                <label name="testSuite" value="Default suite"/>
                <label name="testGroup" value="Default test"/>
                <label name="testClass" value="twc.Regression.TestCases.USA_Run"/>
                <label name="testMethod" value="preConditionsTest_for_USA"/>
                <label name="host" value="iosbuildserver.attlocal.net"/>
                <label name="thread" value="7870@iosbuildserver.attlocal.net.main(1)"/>
            </labels>
        </test-case>
        <test-case start="1597994344626" stop="1597994516023" status="passed">
            <name>preConditionsTest_for_USA</name>
            <steps>
                <step start="1597994314125" stop="1597994314126" status="passed">
                    <name>logStep[****** USA Privacy Test Started]</name>
                    <title>****** USA Privacy Test Started</title>
                    <attachments/>
                    <steps/>
                </step>
                <step start="1597994314424" stop="1597994314424" status="passed">
                    <name>logStep[Starting Charles headless: false using port: 8222]</name>
                    <title>Starting Charles headless: false using port: 8222</title>
                    <attachments/>
                    <steps/>
                </step>
                <step start="1597994314501" stop="1597994314501" status="passed">
                    <name>logStep[Error while executing: http://control.charles]</name>
                    <title>Error while executing: http://control.charles</title>
                    <attachments/>
                    <steps/>
                </step>
                <step start="1597994314502" stop="1597994314502" status="passed">
                    <name>logStep[Error: Connection refused (Connection refused)]</name>
                    <title>Error: Connection refused (Connection refused)</title>
                    <attachments/>
                    <steps/>
                </step>
                <step start="1597994314504" stop="1597994314504" status="passed">
                    <name>logStep[input command /Applications/Charles.app/Contents/MacOS/Charles -config enableUSA.config.port8222]</name>
                    <title>input command /Applications/Charles.app/Contents/MacOS/Charles -config enableUSA.config.port8222</title>
                    <attachments/>
                    <steps/>
                </step>
                <step start="1597994344537" stop="1597994344538" status="passed">
                    <name>logStep[Url :http://control.charles Responded with status code : 200]</name>
                    <title>Url :http://control.charles Responded with status code : 200</title>
                    <attachments/>
                    <steps/>
                </step>
                <step start="1597994344548" stop="1597994344548" status="passed">
                    <name>logStep[Url :http://control.charles/tools/rewrite/disable Responded with status code : 200]</name>
                    <title>Url :http://control.charles/tools/rewrite/disable Responded with status code : 200</title>
                    <attachments/>
                    <steps/>
                </step>
                <step start="1597994344560" stop="1597994344560" status="passed">
                    <name>logStep[Url :http://control.charles/recording/stop Responded with status code : 200]</name>
                    <title>Url :http://control.charles/recording/stop Responded with status code : 200</title>
                    <attachments/>
                    <steps/>
                </step>
                <step start="1597994344566" stop="1597994344566" status="passed">
                    <name>logStep[Url :http://control.charles/tools/map-local/disable Responded with status code : 200]</name>
                    <title>Url :http://control.charles/tools/map-local/disable Responded with status code : 200</title>
                    <attachments/>
                    <steps/>
                </step>
                <step start="1597994344671" stop="1597994344671" status="passed">
                    <name>logStep[Url :http://control.charles/tools/rewrite/enable Responded with status code : 200]</name>
                    <title>Url :http://control.charles/tools/rewrite/enable Responded with status code : 200</title>
                    <attachments/>
                    <steps/>
                </step>
                <step start="1597994344685" stop="1597994344685" status="passed">
                    <name>logStep[Url :http://control.charles/recording/start Responded with status code : 200]</name>
                    <title>Url :http://control.charles/recording/start Responded with status code : 200</title>
                    <attachments/>
                    <steps/>
                </step>
                <step start="1597994344693" stop="1597994344693" status="passed">
                    <name>logStep[Url :http://control.charles/session/clear Responded with status code : 200]</name>
                    <title>Url :http://control.charles/session/clear Responded with status code : 200</title>
                    <attachments/>
                    <steps/>
                </step>
                <step start="1597994485819" stop="1597994485819" status="passed">
                    <name>logStep[Url :http://control.charles/session/clear Responded with status code : 200]</name>
                    <title>Url :http://control.charles/session/clear Responded with status code : 200</title>
                    <attachments/>
                    <steps/>
                </step>
            </steps>
            <attachments/>
            <labels>
                <label name="testSuite" value="Default suite"/>
                <label name="testGroup" value="Default test"/>
                <label name="testClass" value="twc.Regression.TestCases.USA_Run"/>
                <label name="testMethod" value="preConditionsTest_for_USA"/>
                <label name="host" value="iosbuildserver.attlocal.net"/>
                <label name="thread" value="7870@iosbuildserver.attlocal.net.main(1)"/>
            </labels>
        </test-case>
        <test-case start="1597994516037" stop="1597994731118" status="passed">
            <name>Verifying_PrivacyCard_PresenceonScreen</name>
            <title>Verifying Privacy Card is present on the screen</title>
            <steps>
                <step start="1597994670963" stop="1597994670963" status="passed">
                    <name>logStep[privacy card is  presenred on the screen]</name>
                    <title>privacy card is  presenred on the screen</title>
                    <attachments/>
                    <steps/>
                </step>
                <step start="1597994670963" stop="1597994670964" status="passed">
                    <name>logStep[Clicking privacy arrow button]</name>
                    <title>Clicking privacy arrow button</title>
                    <attachments/>
                    <steps/>
                </step>
            </steps>
            <attachments/>
            <labels>
                <label name="testSuite" value="Default suite"/>
                <label name="testGroup" value="Default test"/>
                <label name="testClass" value="twc.Regression.TestCases.USA_Run"/>
                <label name="testMethod" value="Verifying_PrivacyCard_PresenceonScreen"/>
                <label name="host" value="iosbuildserver.attlocal.net"/>
                <label name="thread" value="7870@iosbuildserver.attlocal.net.main(1)"/>
            </labels>
        </test-case>
        <test-case start="1597994516037" stop="1597994731118" status="passed">
            <name>Verifying_PrivacyCard_PresenceonScreen</name>
            <title>Verifying Privacy Card is present on the screen</title>
            <steps>
                <step start="1597994670963" stop="1597994670963" status="passed">
                    <name>logStep[privacy card is  presenred on the screen]</name>
                    <title>privacy card is  presenred on the screen</title>
                    <attachments/>
                    <steps/>
                </step>
                <step start="1597994670963" stop="1597994670964" status="passed">
                    <name>logStep[Clicking privacy arrow button]</name>
                    <title>Clicking privacy arrow button</title>
                    <attachments/>
                    <steps/>
                </step>
            </steps>
            <attachments/>
            <labels>
                <label name="testSuite" value="Default suite"/>
                <label name="testGroup" value="Default test"/>
                <label name="testClass" value="twc.Regression.TestCases.USA_Run"/>
                <label name="testMethod" value="Verifying_PrivacyCard_PresenceonScreen"/>
                <label name="host" value="iosbuildserver.attlocal.net"/>
                <label name="thread" value="7870@iosbuildserver.attlocal.net.main(1)"/>
            </labels>
        </test-case>
        <test-case start="1597994731127" stop="1597994880233" status="passed">
            <name>Selecting_DoNotSellMyInformation_scenario</name>
            <title>Selecting the  Do Not Sell My Information option  in the privacy card</title>
            <steps>
                <step start="1597994807985" stop="1597994807985" status="passed">
                    <name>logStep[Selecting  Opt out  mode option in privacy card]</name>
                    <title>Selecting  Opt out  mode option in privacy card</title>
                    <attachments/>
                    <steps/>
                </step>
                <step start="1597994830679" stop="1597994830679" status="passed">
                    <name>logStep[Url :http://control.charles/session/clear Responded with status code : 200]</name>
                    <title>Url :http://control.charles/session/clear Responded with status code : 200</title>
                    <attachments/>
                    <steps/>
                </step>
            </steps>
            <attachments/>
            <labels>
                <label name="testSuite" value="Default suite"/>
                <label name="testGroup" value="Default test"/>
                <label name="testClass" value="twc.Regression.TestCases.USA_Run"/>
                <label name="testMethod" value="Selecting_DoNotSellMyInformation_scenario"/>
                <label name="host" value="iosbuildserver.attlocal.net"/>
                <label name="thread" value="7870@iosbuildserver.attlocal.net.main(1)"/>
            </labels>
        </test-case>
        <test-case start="1597994731127" stop="1597994880233" status="passed">
            <name>Selecting_DoNotSellMyInformation_scenario</name>
            <title>Selecting the  Do Not Sell My Information option  in the privacy card</title>
            <steps>
                <step start="1597994807985" stop="1597994807985" status="passed">
                    <name>logStep[Selecting  Opt out  mode option in privacy card]</name>
                    <title>Selecting  Opt out  mode option in privacy card</title>
                    <attachments/>
                    <steps/>
                </step>
                <step start="1597994830679" stop="1597994830679" status="passed">
                    <name>logStep[Url :http://control.charles/session/clear Responded with status code : 200]</name>
                    <title>Url :http://control.charles/session/clear Responded with status code : 200</title>
                    <attachments/>
                    <steps/>
                </step>
            </steps>
            <attachments/>
            <labels>
                <label name="testSuite" value="Default suite"/>
                <label name="testGroup" value="Default test"/>
                <label name="testClass" value="twc.Regression.TestCases.USA_Run"/>
                <label name="testMethod" value="Selecting_DoNotSellMyInformation_scenario"/>
                <label name="host" value="iosbuildserver.attlocal.net"/>
                <label name="thread" value="7870@iosbuildserver.attlocal.net.main(1)"/>
            </labels>
        </test-case>
        <test-case start="1597994880237" stop="1597994914915" status="broken">
            <name>Verifying_Loatme_adcrwdcntrlnet_apiCall_supressing_USA_Privacy_DoNotSellMyInformation</name>
            <title>Verifying Lotame ad.crwdcntrl.net api call supressing for USA privacy when Advertising option set to Do Not Sell My Information</title>
            <failure>
                <message>NullPointerException: null</message>
                <stack-trace>java.lang.NullPointerException
	at twc.Regression.HandleWithCharles.CharlesFunctions.ExportSession(CharlesFunctions.java:586)
	at twc.Regression.TestCases.USA_Run.Verifying_Loatme_adcrwdcntrlnet_apiCall_supressing_USA_Privacy_DoNotSellMyInformation(USA_Run.java:116)
	at sun.reflect.NativeMethodAccessorImpl.invoke0(Native Method)
	at sun.reflect.NativeMethodAccessorImpl.invoke(NativeMethodAccessorImpl.java:62)
	at sun.reflect.DelegatingMethodAccessorImpl.invoke(DelegatingMethodAccessorImpl.java:43)
	at java.lang.reflect.Method.invoke(Method.java:498)
	at org.testng.internal.MethodInvocationHelper.invokeMethod(MethodInvocationHelper.java:85)
	at org.testng.internal.Invoker.invokeMethod(Invoker.java:659)
	at org.testng.internal.Invoker.invokeTestMethod(Invoker.java:845)
	at org.testng.internal.Invoker.invokeTestMethods(Invoker.java:1153)
	at org.testng.internal.TestMethodWorker.invokeTestMethods(TestMethodWorker.java:125)
	at org.testng.internal.TestMethodWorker.run(TestMethodWorker.java:108)
	at org.testng.TestRunner.privateRun(TestRunner.java:771)
	at org.testng.TestRunner.run(TestRunner.java:621)
	at org.testng.SuiteRunner.runTest(SuiteRunner.java:357)
	at org.testng.SuiteRunner.runSequentially(SuiteRunner.java:352)
	at org.testng.SuiteRunner.privateRun(SuiteRunner.java:310)
	at org.testng.SuiteRunner.run(SuiteRunner.java:259)
	at org.testng.SuiteRunnerWorker.runSuite(SuiteRunnerWorker.java:52)
	at org.testng.SuiteRunnerWorker.run(SuiteRunnerWorker.java:86)
	at org.testng.TestNG.runSuitesSequentially(TestNG.java:1199)
	at org.testng.TestNG.runSuitesLocally(TestNG.java:1124)
	at org.testng.TestNG.run(TestNG.java:1032)
	at org.testng.remote.AbstractRemoteTestNG.run(AbstractRemoteTestNG.java:132)
	at org.testng.remote.RemoteTestNG.initAndRun(RemoteTestNG.java:236)
	at org.testng.remote.RemoteTestNG.main(RemoteTestNG.java:81)
</stack-trace>
            </failure>
            <steps>
                <step start="1597994880238" stop="1597994880238" status="passed">
                    <name>logStep[Verifying Lotame ad.crwdcntrl.net api call supressing for USA privacy when Advertising option set to Do Not Sell...]</name>
                    <title>Verifying Lotame ad.crwdcntrl.net api call supressing for USA privacy when Advertising option set to Do Not Sell My Info...</title>
                </step>
                <step start="1597994880251" stop="1597994880251" status="passed">
                    <name>logStep[Url :http://control.charles/session/clear Responded with status code : 200]</name>
                    <title>Url :http://control.charles/session/clear Responded with status code : 200</title>
                </step>
                <step start="1597994905600" stop="1597994905600" status="passed">
                    <name>logStep[maps element clicked]</name>
                    <title>maps element clicked</title>
                </step>
                <step start="1597994911238" stop="1597994911238" status="passed">
                    <name>logStep[Videos element clicked]</name>
                    <title>Videos element clicked</title>
                </step>
                <step start="1597994911279" stop="1597994911279" status="passed">
                    <name>logStep[Charles Download path is: /Users/jenkins/Documents/projects/AndroidPrivacy/CapturedSessionFile/]</name>
                    <title>Charles Download path is: /Users/jenkins/Documents/projects/AndroidPrivacy/CapturedSessionFile/</title>
                </step>
                <step start="1597994911280" stop="1597994911280" status="passed">
                    <name>logStep[To be saved file: /Users/jenkins/Documents/projects/AndroidPrivacy/CapturedSessionFile/Charles20200821032831.chl...]</name>
                    <title>To be saved file: /Users/jenkins/Documents/projects/AndroidPrivacy/CapturedSessionFile/Charles20200821032831.chlsx</title>
                </step>
                <step start="1597994911280" stop="1597994911280" status="passed">
                    <name>logStep[Create new file that is empty and writable]</name>
                    <title>Create new file that is empty and writable</title>
                </step>
                <step start="1597994911281" stop="1597994911281" status="passed">
                    <name>logStep[Downloading Charles HAR file to: /Users/jenkins/Documents/projects/AndroidPrivacy/CapturedSessionFile/Charles202...]</name>
                    <title>Downloading Charles HAR file to: /Users/jenkins/Documents/projects/AndroidPrivacy/CapturedSessionFile/Charles20200821032...</title>
                </step>
                <step start="1597994911887" stop="1597994911887" status="passed">
                    <name>logStep[File download complete]</name>
                    <title>File download complete</title>
                </step>
                <step start="1597994911889" stop="1597994911889" status="passed">
                    <name>logStep[Har file size (mb): 27.715457]</name>
                    <title>Har file size (mb): 27.715457</title>
                </step>
            </steps>
            <attachments/>
            <labels>
                <label name="testSuite" value="Default suite"/>
                <label name="testGroup" value="Default test"/>
                <label name="testClass" value="twc.Regression.TestCases.USA_Run"/>
                <label name="testMethod" value="Verifying_Loatme_adcrwdcntrlnet_apiCall_supressing_USA_Privacy_DoNotSellMyInformation"/>
                <label name="host" value="iosbuildserver.attlocal.net"/>
                <label name="thread" value="7870@iosbuildserver.attlocal.net.main(1)"/>
            </labels>
        </test-case>
        <test-case start="1597994880237" stop="1597994914915" status="broken">
            <name>Verifying_Loatme_adcrwdcntrlnet_apiCall_supressing_USA_Privacy_DoNotSellMyInformation</name>
            <title>Verifying Lotame ad.crwdcntrl.net api call supressing for USA privacy when Advertising option set to Do Not Sell My Information</title>
            <failure>
                <message>NullPointerException: null</message>
                <stack-trace>java.lang.NullPointerException
	at twc.Regression.HandleWithCharles.CharlesFunctions.ExportSession(CharlesFunctions.java:586)
	at twc.Regression.TestCases.USA_Run.Verifying_Loatme_adcrwdcntrlnet_apiCall_supressing_USA_Privacy_DoNotSellMyInformation(USA_Run.java:116)
	at sun.reflect.NativeMethodAccessorImpl.invoke0(Native Method)
	at sun.reflect.NativeMethodAccessorImpl.invoke(NativeMethodAccessorImpl.java:62)
	at sun.reflect.DelegatingMethodAccessorImpl.invoke(DelegatingMethodAccessorImpl.java:43)
	at java.lang.reflect.Method.invoke(Method.java:498)
	at org.testng.internal.MethodInvocationHelper.invokeMethod(MethodInvocationHelper.java:85)
	at org.testng.internal.Invoker.invokeMethod(Invoker.java:659)
	at org.testng.internal.Invoker.invokeTestMethod(Invoker.java:845)
	at org.testng.internal.Invoker.invokeTestMethods(Invoker.java:1153)
	at org.testng.internal.TestMethodWorker.invokeTestMethods(TestMethodWorker.java:125)
	at org.testng.internal.TestMethodWorker.run(TestMethodWorker.java:108)
	at org.testng.TestRunner.privateRun(TestRunner.java:771)
	at org.testng.TestRunner.run(TestRunner.java:621)
	at org.testng.SuiteRunner.runTest(SuiteRunner.java:357)
	at org.testng.SuiteRunner.runSequentially(SuiteRunner.java:352)
	at org.testng.SuiteRunner.privateRun(SuiteRunner.java:310)
	at org.testng.SuiteRunner.run(SuiteRunner.java:259)
	at org.testng.SuiteRunnerWorker.runSuite(SuiteRunnerWorker.java:52)
	at org.testng.SuiteRunnerWorker.run(SuiteRunnerWorker.java:86)
	at org.testng.TestNG.runSuitesSequentially(TestNG.java:1199)
	at org.testng.TestNG.runSuitesLocally(TestNG.java:1124)
	at org.testng.TestNG.run(TestNG.java:1032)
	at org.testng.remote.AbstractRemoteTestNG.run(AbstractRemoteTestNG.java:132)
	at org.testng.remote.RemoteTestNG.initAndRun(RemoteTestNG.java:236)
	at org.testng.remote.RemoteTestNG.main(RemoteTestNG.java:81)
</stack-trace>
            </failure>
            <steps>
                <step start="1597994880238" stop="1597994880238" status="passed">
                    <name>logStep[Verifying Lotame ad.crwdcntrl.net api call supressing for USA privacy when Advertising option set to Do Not Sell...]</name>
                    <title>Verifying Lotame ad.crwdcntrl.net api call supressing for USA privacy when Advertising option set to Do Not Sell My Info...</title>
                </step>
                <step start="1597994880251" stop="1597994880251" status="passed">
                    <name>logStep[Url :http://control.charles/session/clear Responded with status code : 200]</name>
                    <title>Url :http://control.charles/session/clear Responded with status code : 200</title>
                </step>
                <step start="1597994905600" stop="1597994905600" status="passed">
                    <name>logStep[maps element clicked]</name>
                    <title>maps element clicked</title>
                </step>
                <step start="1597994911238" stop="1597994911238" status="passed">
                    <name>logStep[Videos element clicked]</name>
                    <title>Videos element clicked</title>
                </step>
                <step start="1597994911279" stop="1597994911279" status="passed">
                    <name>logStep[Charles Download path is: /Users/jenkins/Documents/projects/AndroidPrivacy/CapturedSessionFile/]</name>
                    <title>Charles Download path is: /Users/jenkins/Documents/projects/AndroidPrivacy/CapturedSessionFile/</title>
                </step>
                <step start="1597994911280" stop="1597994911280" status="passed">
                    <name>logStep[To be saved file: /Users/jenkins/Documents/projects/AndroidPrivacy/CapturedSessionFile/Charles20200821032831.chl...]</name>
                    <title>To be saved file: /Users/jenkins/Documents/projects/AndroidPrivacy/CapturedSessionFile/Charles20200821032831.chlsx</title>
                </step>
                <step start="1597994911280" stop="1597994911280" status="passed">
                    <name>logStep[Create new file that is empty and writable]</name>
                    <title>Create new file that is empty and writable</title>
                </step>
                <step start="1597994911281" stop="1597994911281" status="passed">
                    <name>logStep[Downloading Charles HAR file to: /Users/jenkins/Documents/projects/AndroidPrivacy/CapturedSessionFile/Charles202...]</name>
                    <title>Downloading Charles HAR file to: /Users/jenkins/Documents/projects/AndroidPrivacy/CapturedSessionFile/Charles20200821032...</title>
                </step>
                <step start="1597994911887" stop="1597994911887" status="passed">
                    <name>logStep[File download complete]</name>
                    <title>File download complete</title>
                </step>
                <step start="1597994911889" stop="1597994911889" status="passed">
                    <name>logStep[Har file size (mb): 27.715457]</name>
                    <title>Har file size (mb): 27.715457</title>
                </step>
            </steps>
            <attachments/>
            <labels>
                <label name="testSuite" value="Default suite"/>
                <label name="testGroup" value="Default test"/>
                <label name="testClass" value="twc.Regression.TestCases.USA_Run"/>
                <label name="testMethod" value="Verifying_Loatme_adcrwdcntrlnet_apiCall_supressing_USA_Privacy_DoNotSellMyInformation"/>
                <label name="host" value="iosbuildserver.attlocal.net"/>
                <label name="thread" value="7870@iosbuildserver.attlocal.net.main(1)"/>
            </labels>
        </test-case>
        <test-case start="1597994914926" stop="1597994915283" status="passed">
            <name>Verifying_Loatme_bcpcrwdcntrlnet_apiCall_supressing_USA_Privacy_DoNotSellMyInformation</name>
            <title>Verifying Lotame bcp.crwdcntrl.net api call supressing for USA privacy when Advertising option set to Do Not Sell My Information</title>
            <steps>
                <step start="1597994914926" stop="1597994914926" status="passed">
                    <name>logStep[Verifying Lotame bcp.crwdcntrl.net api call supressing for USA privacy when Advertising option set to Do Not Sel...]</name>
                    <title>Verifying Lotame bcp.crwdcntrl.net api call supressing for USA privacy when Advertising option set to Do Not Sell My Inf...</title>
                    <attachments/>
                    <steps/>
                </step>
                <step start="1597994915238" stop="1597994915238" status="passed">
                    <name>logStep[Verifying for  https://bcp.crwdcntrl.net api url]</name>
                    <title>Verifying for  https://bcp.crwdcntrl.net api url</title>
                    <attachments/>
                    <steps/>
                </step>
                <step start="1597994915283" stop="1597994915283" status="passed">
                    <name>logStep[https://bcp.crwdcntrl.net/ url was not trigred]</name>
                    <title>https://bcp.crwdcntrl.net/ url was not trigred</title>
                    <attachments/>
                    <steps/>
                </step>
            </steps>
            <attachments/>
            <labels>
                <label name="testSuite" value="Default suite"/>
                <label name="testGroup" value="Default test"/>
                <label name="testClass" value="twc.Regression.TestCases.USA_Run"/>
                <label name="testMethod" value="Verifying_Loatme_bcpcrwdcntrlnet_apiCall_supressing_USA_Privacy_DoNotSellMyInformation"/>
                <label name="host" value="iosbuildserver.attlocal.net"/>
                <label name="thread" value="7870@iosbuildserver.attlocal.net.main(1)"/>
            </labels>
        </test-case>
        <test-case start="1597994914926" stop="1597994915283" status="passed">
            <name>Verifying_Loatme_bcpcrwdcntrlnet_apiCall_supressing_USA_Privacy_DoNotSellMyInformation</name>
            <title>Verifying Lotame bcp.crwdcntrl.net api call supressing for USA privacy when Advertising option set to Do Not Sell My Information</title>
            <steps>
                <step start="1597994914926" stop="1597994914926" status="passed">
                    <name>logStep[Verifying Lotame bcp.crwdcntrl.net api call supressing for USA privacy when Advertising option set to Do Not Sel...]</name>
                    <title>Verifying Lotame bcp.crwdcntrl.net api call supressing for USA privacy when Advertising option set to Do Not Sell My Inf...</title>
                    <attachments/>
                    <steps/>
                </step>
                <step start="1597994915238" stop="1597994915238" status="passed">
                    <name>logStep[Verifying for  https://bcp.crwdcntrl.net api url]</name>
                    <title>Verifying for  https://bcp.crwdcntrl.net api url</title>
                    <attachments/>
                    <steps/>
                </step>
                <step start="1597994915283" stop="1597994915283" status="passed">
                    <name>logStep[https://bcp.crwdcntrl.net/ url was not trigred]</name>
                    <title>https://bcp.crwdcntrl.net/ url was not trigred</title>
                    <attachments/>
                    <steps/>
                </step>
            </steps>
            <attachments/>
            <labels>
                <label name="testSuite" value="Default suite"/>
                <label name="testGroup" value="Default test"/>
                <label name="testClass" value="twc.Regression.TestCases.USA_Run"/>
                <label name="testMethod" value="Verifying_Loatme_bcpcrwdcntrlnet_apiCall_supressing_USA_Privacy_DoNotSellMyInformation"/>
                <label name="host" value="iosbuildserver.attlocal.net"/>
                <label name="thread" value="7870@iosbuildserver.attlocal.net.main(1)"/>
            </labels>
        </test-case>
        <test-case start="1597994915289" stop="1597994915620" status="passed">
            <name>Verifying_Factual_locationwfxtriggerscom_apiCall_supressing_USA_Privacy_DoNotSellMyInformation</name>
            <title>Verifying Factual location.wfxtriggers.com api call supressing for USA privacy when Advertising option set to Do Not Sell My Information</title>
            <steps>
                <step start="1597994915290" stop="1597994915290" status="passed">
                    <name>logStep[Verifying Factual location.wfxtriggers.com api call supressing for USA privacy when Advertising option set to Do...]</name>
                    <title>Verifying Factual location.wfxtriggers.com api call supressing for USA privacy when Advertising option set to Do Not Sel...</title>
                    <attachments/>
                    <steps/>
                </step>
                <step start="1597994915566" stop="1597994915566" status="passed">
                    <name>logStep[Verifying https://location.wfxtriggers.com api url]</name>
                    <title>Verifying https://location.wfxtriggers.com api url</title>
                    <attachments/>
                    <steps/>
                </step>
                <step start="1597994915619" stop="1597994915620" status="passed">
                    <name>logStep[https://location.wfxtriggers.com url was not trigred]</name>
                    <title>https://location.wfxtriggers.com url was not trigred</title>
                    <attachments/>
                    <steps/>
                </step>
            </steps>
            <attachments/>
            <labels>
                <label name="testSuite" value="Default suite"/>
                <label name="testGroup" value="Default test"/>
                <label name="testClass" value="twc.Regression.TestCases.USA_Run"/>
                <label name="testMethod" value="Verifying_Factual_locationwfxtriggerscom_apiCall_supressing_USA_Privacy_DoNotSellMyInformation"/>
                <label name="host" value="iosbuildserver.attlocal.net"/>
                <label name="thread" value="7870@iosbuildserver.attlocal.net.main(1)"/>
            </labels>
        </test-case>
        <test-case start="1597994915289" stop="1597994915620" status="passed">
            <name>Verifying_Factual_locationwfxtriggerscom_apiCall_supressing_USA_Privacy_DoNotSellMyInformation</name>
            <title>Verifying Factual location.wfxtriggers.com api call supressing for USA privacy when Advertising option set to Do Not Sell My Information</title>
            <steps>
                <step start="1597994915290" stop="1597994915290" status="passed">
                    <name>logStep[Verifying Factual location.wfxtriggers.com api call supressing for USA privacy when Advertising option set to Do...]</name>
                    <title>Verifying Factual location.wfxtriggers.com api call supressing for USA privacy when Advertising option set to Do Not Sel...</title>
                    <attachments/>
                    <steps/>
                </step>
                <step start="1597994915566" stop="1597994915566" status="passed">
                    <name>logStep[Verifying https://location.wfxtriggers.com api url]</name>
                    <title>Verifying https://location.wfxtriggers.com api url</title>
                    <attachments/>
                    <steps/>
                </step>
                <step start="1597994915619" stop="1597994915620" status="passed">
                    <name>logStep[https://location.wfxtriggers.com url was not trigred]</name>
                    <title>https://location.wfxtriggers.com url was not trigred</title>
                    <attachments/>
                    <steps/>
                </step>
            </steps>
            <attachments/>
            <labels>
                <label name="testSuite" value="Default suite"/>
                <label name="testGroup" value="Default test"/>
                <label name="testClass" value="twc.Regression.TestCases.USA_Run"/>
                <label name="testMethod" value="Verifying_Factual_locationwfxtriggerscom_apiCall_supressing_USA_Privacy_DoNotSellMyInformation"/>
                <label name="host" value="iosbuildserver.attlocal.net"/>
                <label name="thread" value="7870@iosbuildserver.attlocal.net.main(1)"/>
            </labels>
        </test-case>
        <test-case start="1597994915625" stop="1597994915954" status="passed">
            <name>Verifying_Supress_amazon_Slotid_homescreenhourly_preload_adcall_USA_Privacy_DoNotSellMyInformation</name>
            <title>Verifying supress amazon slotid for  home screen hourly preload ad call  USA privacy when Advertising option set to Do Not Sell My Information</title>
            <steps>
                <step start="1597994915626" stop="1597994915626" status="passed">
                    <name>logStep[Verifying supress amazon slot id for  home screen hourly preload ad call USA privacy when Advertising option set...]</name>
                    <title>Verifying supress amazon slot id for  home screen hourly preload ad call USA privacy when Advertising option set to Do N...</title>
                    <attachments/>
                    <steps/>
                </step>
                <step start="1597994915954" stop="1597994915954" status="passed">
                    <name>logStep[slot id: 869c843c-7cf8-47ae-b6ed-088057e4bc8a is  not present]</name>
                    <title>slot id: 869c843c-7cf8-47ae-b6ed-088057e4bc8a is  not present</title>
                    <attachments/>
                    <steps/>
                </step>
            </steps>
            <attachments/>
            <labels>
                <label name="testSuite" value="Default suite"/>
                <label name="testGroup" value="Default test"/>
                <label name="testClass" value="twc.Regression.TestCases.USA_Run"/>
                <label name="testMethod" value="Verifying_Supress_amazon_Slotid_homescreenhourly_preload_adcall_USA_Privacy_DoNotSellMyInformation"/>
                <label name="host" value="iosbuildserver.attlocal.net"/>
                <label name="thread" value="7870@iosbuildserver.attlocal.net.main(1)"/>
            </labels>
        </test-case>
        <test-case start="1597994915625" stop="1597994915954" status="passed">
            <name>Verifying_Supress_amazon_Slotid_homescreenhourly_preload_adcall_USA_Privacy_DoNotSellMyInformation</name>
            <title>Verifying supress amazon slotid for  home screen hourly preload ad call  USA privacy when Advertising option set to Do Not Sell My Information</title>
            <steps>
                <step start="1597994915626" stop="1597994915626" status="passed">
                    <name>logStep[Verifying supress amazon slot id for  home screen hourly preload ad call USA privacy when Advertising option set...]</name>
                    <title>Verifying supress amazon slot id for  home screen hourly preload ad call USA privacy when Advertising option set to Do N...</title>
                    <attachments/>
                    <steps/>
                </step>
                <step start="1597994915954" stop="1597994915954" status="passed">
                    <name>logStep[slot id: 869c843c-7cf8-47ae-b6ed-088057e4bc8a is  not present]</name>
                    <title>slot id: 869c843c-7cf8-47ae-b6ed-088057e4bc8a is  not present</title>
                    <attachments/>
                    <steps/>
                </step>
            </steps>
            <attachments/>
            <labels>
                <label name="testSuite" value="Default suite"/>
                <label name="testGroup" value="Default test"/>
                <label name="testClass" value="twc.Regression.TestCases.USA_Run"/>
                <label name="testMethod" value="Verifying_Supress_amazon_Slotid_homescreenhourly_preload_adcall_USA_Privacy_DoNotSellMyInformation"/>
                <label name="host" value="iosbuildserver.attlocal.net"/>
                <label name="thread" value="7870@iosbuildserver.attlocal.net.main(1)"/>
            </labels>
        </test-case>
        <test-case start="1597994915962" stop="1597994916199" status="passed">
            <name>Verifying_supress_amazon_Slotid_feed1_preroladcall_USA_Privacy_DoNotSellMyInformation</name>
            <title>Verifying supress amazon Slot Id for  feed1 preload ad call  USA privacy when Advertising option set to Do Not Sell My Information</title>
            <steps>
                <step start="1597994915963" stop="1597994915963" status="passed">
                    <name>logStep[Verifying supress amazon Slot Id for  feed1 prerol ad call USA privacy when Advertising option set to Do Not Sel...]</name>
                    <title>Verifying supress amazon Slot Id for  feed1 prerol ad call USA privacy when Advertising option set to Do Not Sell My Inf...</title>
                    <attachments/>
                    <steps/>
                </step>
                <step start="1597994916199" stop="1597994916199" status="passed">
                    <name>logStep[slot id: f4b66249-b6eb-4155-9d90-1e2b04487c99 is  not present]</name>
                    <title>slot id: f4b66249-b6eb-4155-9d90-1e2b04487c99 is  not present</title>
                    <attachments/>
                    <steps/>
                </step>
            </steps>
            <attachments/>
            <labels>
                <label name="testSuite" value="Default suite"/>
                <label name="testGroup" value="Default test"/>
                <label name="testClass" value="twc.Regression.TestCases.USA_Run"/>
                <label name="testMethod" value="Verifying_supress_amazon_Slotid_feed1_preroladcall_USA_Privacy_DoNotSellMyInformation"/>
                <label name="host" value="iosbuildserver.attlocal.net"/>
                <label name="thread" value="7870@iosbuildserver.attlocal.net.main(1)"/>
            </labels>
        </test-case>
        <test-case start="1597994915962" stop="1597994916199" status="passed">
            <name>Verifying_supress_amazon_Slotid_feed1_preroladcall_USA_Privacy_DoNotSellMyInformation</name>
            <title>Verifying supress amazon Slot Id for  feed1 preload ad call  USA privacy when Advertising option set to Do Not Sell My Information</title>
            <steps>
                <step start="1597994915963" stop="1597994915963" status="passed">
                    <name>logStep[Verifying supress amazon Slot Id for  feed1 prerol ad call USA privacy when Advertising option set to Do Not Sel...]</name>
                    <title>Verifying supress amazon Slot Id for  feed1 prerol ad call USA privacy when Advertising option set to Do Not Sell My Inf...</title>
                    <attachments/>
                    <steps/>
                </step>
                <step start="1597994916199" stop="1597994916199" status="passed">
                    <name>logStep[slot id: f4b66249-b6eb-4155-9d90-1e2b04487c99 is  not present]</name>
                    <title>slot id: f4b66249-b6eb-4155-9d90-1e2b04487c99 is  not present</title>
                    <attachments/>
                    <steps/>
                </step>
            </steps>
            <attachments/>
            <labels>
                <label name="testSuite" value="Default suite"/>
                <label name="testGroup" value="Default test"/>
                <label name="testClass" value="twc.Regression.TestCases.USA_Run"/>
                <label name="testMethod" value="Verifying_supress_amazon_Slotid_feed1_preroladcall_USA_Privacy_DoNotSellMyInformation"/>
                <label name="host" value="iosbuildserver.attlocal.net"/>
                <label name="thread" value="7870@iosbuildserver.attlocal.net.main(1)"/>
            </labels>
        </test-case>
        <test-case start="1597994916205" stop="1597994916481" status="passed">
            <name>Verifying_supress_amazon_Slotid_feed2_preroladcall_USA_Privacy_DoNotSellMyInformation</name>
            <title>Verifying supress amazon SlotId for feed2 prerload ad call  USA privacy when Advertising option set to Do Not Sell My Information</title>
            <steps>
                <step start="1597994916206" stop="1597994916206" status="passed">
                    <name>logStep[Verifying supress amazon SlotId for feed2 prerload ad call  USA privacy when Advertising option set to Do Not Se...]</name>
                    <title>Verifying supress amazon SlotId for feed2 prerload ad call  USA privacy when Advertising option set to Do Not Sell My In...</title>
                    <attachments/>
                    <steps/>
                </step>
                <step start="1597994916481" stop="1597994916481" status="passed">
                    <name>logStep[slot id: 752a96eb-3198-4991-b572-17ec04883b6c is  not present]</name>
                    <title>slot id: 752a96eb-3198-4991-b572-17ec04883b6c is  not present</title>
                    <attachments/>
                    <steps/>
                </step>
            </steps>
            <attachments/>
            <labels>
                <label name="testSuite" value="Default suite"/>
                <label name="testGroup" value="Default test"/>
                <label name="testClass" value="twc.Regression.TestCases.USA_Run"/>
                <label name="testMethod" value="Verifying_supress_amazon_Slotid_feed2_preroladcall_USA_Privacy_DoNotSellMyInformation"/>
                <label name="host" value="iosbuildserver.attlocal.net"/>
                <label name="thread" value="7870@iosbuildserver.attlocal.net.main(1)"/>
            </labels>
        </test-case>
        <test-case start="1597994916205" stop="1597994916481" status="passed">
            <name>Verifying_supress_amazon_Slotid_feed2_preroladcall_USA_Privacy_DoNotSellMyInformation</name>
            <title>Verifying supress amazon SlotId for feed2 prerload ad call  USA privacy when Advertising option set to Do Not Sell My Information</title>
            <steps>
                <step start="1597994916206" stop="1597994916206" status="passed">
                    <name>logStep[Verifying supress amazon SlotId for feed2 prerload ad call  USA privacy when Advertising option set to Do Not Se...]</name>
                    <title>Verifying supress amazon SlotId for feed2 prerload ad call  USA privacy when Advertising option set to Do Not Sell My In...</title>
                    <attachments/>
                    <steps/>
                </step>
                <step start="1597994916481" stop="1597994916481" status="passed">
                    <name>logStep[slot id: 752a96eb-3198-4991-b572-17ec04883b6c is  not present]</name>
                    <title>slot id: 752a96eb-3198-4991-b572-17ec04883b6c is  not present</title>
                    <attachments/>
                    <steps/>
                </step>
            </steps>
            <attachments/>
            <labels>
                <label name="testSuite" value="Default suite"/>
                <label name="testGroup" value="Default test"/>
                <label name="testClass" value="twc.Regression.TestCases.USA_Run"/>
                <label name="testMethod" value="Verifying_supress_amazon_Slotid_feed2_preroladcall_USA_Privacy_DoNotSellMyInformation"/>
                <label name="host" value="iosbuildserver.attlocal.net"/>
                <label name="thread" value="7870@iosbuildserver.attlocal.net.main(1)"/>
            </labels>
        </test-case>
        <test-case start="1597994916486" stop="1597994916764" status="passed">
            <name>Verifying_Supress_amazon_Slotid_Hourlydetails_preload_adcall_USA_Privacy_DoNotSellMyInformation</name>
            <title>Verifying supress amazon SlotId for  hourly details preload ad call  USA privacy when Advertising option set to Do Not Sell My Information</title>
            <steps>
                <step start="1597994916486" stop="1597994916486" status="passed">
                    <name>logStep[Verifying supress amazon Slot Id for  hourly details preload ad call USA privacy when Advertising option set to ...]</name>
                    <title>Verifying supress amazon Slot Id for  hourly details preload ad call USA privacy when Advertising option set to Do Not S...</title>
                    <attachments/>
                    <steps/>
                </step>
                <step start="1597994916764" stop="1597994916764" status="passed">
                    <name>logStep[slot id: 9be28769-4207-4d51-8063-dc8e645383b2 is  not present]</name>
                    <title>slot id: 9be28769-4207-4d51-8063-dc8e645383b2 is  not present</title>
                    <attachments/>
                    <steps/>
                </step>
            </steps>
            <attachments/>
            <labels>
                <label name="testSuite" value="Default suite"/>
                <label name="testGroup" value="Default test"/>
                <label name="testClass" value="twc.Regression.TestCases.USA_Run"/>
                <label name="testMethod" value="Verifying_Supress_amazon_Slotid_Hourlydetails_preload_adcall_USA_Privacy_DoNotSellMyInformation"/>
                <label name="host" value="iosbuildserver.attlocal.net"/>
                <label name="thread" value="7870@iosbuildserver.attlocal.net.main(1)"/>
            </labels>
        </test-case>
        <test-case start="1597994916486" stop="1597994916764" status="passed">
            <name>Verifying_Supress_amazon_Slotid_Hourlydetails_preload_adcall_USA_Privacy_DoNotSellMyInformation</name>
            <title>Verifying supress amazon SlotId for  hourly details preload ad call  USA privacy when Advertising option set to Do Not Sell My Information</title>
            <steps>
                <step start="1597994916486" stop="1597994916486" status="passed">
                    <name>logStep[Verifying supress amazon Slot Id for  hourly details preload ad call USA privacy when Advertising option set to ...]</name>
                    <title>Verifying supress amazon Slot Id for  hourly details preload ad call USA privacy when Advertising option set to Do Not S...</title>
                    <attachments/>
                    <steps/>
                </step>
                <step start="1597994916764" stop="1597994916764" status="passed">
                    <name>logStep[slot id: 9be28769-4207-4d51-8063-dc8e645383b2 is  not present]</name>
                    <title>slot id: 9be28769-4207-4d51-8063-dc8e645383b2 is  not present</title>
                    <attachments/>
                    <steps/>
                </step>
            </steps>
            <attachments/>
            <labels>
                <label name="testSuite" value="Default suite"/>
                <label name="testGroup" value="Default test"/>
                <label name="testClass" value="twc.Regression.TestCases.USA_Run"/>
                <label name="testMethod" value="Verifying_Supress_amazon_Slotid_Hourlydetails_preload_adcall_USA_Privacy_DoNotSellMyInformation"/>
                <label name="host" value="iosbuildserver.attlocal.net"/>
                <label name="thread" value="7870@iosbuildserver.attlocal.net.main(1)"/>
            </labels>
        </test-case>
        <test-case start="1597994916771" stop="1597994917068" status="passed">
            <name>Verifying_Supress_amazon_Slotid_Hourly1_bigaddetails_preload_adcall_USA_Privacy_DoNotSellMyInformation</name>
            <title>Verifying supress amazon SlotId for  hourly1 details big ad  preload call USA privacy when Advertising option set to Do Not Sell My Information</title>
            <steps>
                <step start="1597994917068" stop="1597994917068" status="passed">
                    <name>logStep[slot id: 08f0ccea-cab5-449c-963d-dc57ed9ee87d is  not present]</name>
                    <title>slot id: 08f0ccea-cab5-449c-963d-dc57ed9ee87d is  not present</title>
                    <attachments/>
                    <steps/>
                </step>
            </steps>
            <attachments/>
            <labels>
                <label name="testSuite" value="Default suite"/>
                <label name="testGroup" value="Default test"/>
                <label name="testClass" value="twc.Regression.TestCases.USA_Run"/>
                <label name="testMethod" value="Verifying_Supress_amazon_Slotid_Hourly1_bigaddetails_preload_adcall_USA_Privacy_DoNotSellMyInformation"/>
                <label name="host" value="iosbuildserver.attlocal.net"/>
                <label name="thread" value="7870@iosbuildserver.attlocal.net.main(1)"/>
            </labels>
        </test-case>
        <test-case start="1597994916771" stop="1597994917068" status="passed">
            <name>Verifying_Supress_amazon_Slotid_Hourly1_bigaddetails_preload_adcall_USA_Privacy_DoNotSellMyInformation</name>
            <title>Verifying supress amazon SlotId for  hourly1 details big ad  preload call USA privacy when Advertising option set to Do Not Sell My Information</title>
            <steps>
                <step start="1597994917068" stop="1597994917068" status="passed">
                    <name>logStep[slot id: 08f0ccea-cab5-449c-963d-dc57ed9ee87d is  not present]</name>
                    <title>slot id: 08f0ccea-cab5-449c-963d-dc57ed9ee87d is  not present</title>
                    <attachments/>
                    <steps/>
                </step>
            </steps>
            <attachments/>
            <labels>
                <label name="testSuite" value="Default suite"/>
                <label name="testGroup" value="Default test"/>
                <label name="testClass" value="twc.Regression.TestCases.USA_Run"/>
                <label name="testMethod" value="Verifying_Supress_amazon_Slotid_Hourly1_bigaddetails_preload_adcall_USA_Privacy_DoNotSellMyInformation"/>
                <label name="host" value="iosbuildserver.attlocal.net"/>
                <label name="thread" value="7870@iosbuildserver.attlocal.net.main(1)"/>
            </labels>
        </test-case>
        <test-case start="1597994917075" stop="1597994917247" status="passed">
            <name>Verifying_supress_amazon_Slotid_Hourly2_bigaddetails_preload_adcall_USA_Privacy_DoNotSellMyInformation</name>
            <title>Verifying supress amazon SlotId for  hourly2 details big ad  preload call  USA privacy when Advertising option set to Do Not Sell My Information</title>
            <steps>
                <step start="1597994917247" stop="1597994917247" status="passed">
                    <name>logStep[slot id: 08f0ccea-cab5-449c-963d-dc57ed9ee87d is  not present]</name>
                    <title>slot id: 08f0ccea-cab5-449c-963d-dc57ed9ee87d is  not present</title>
                    <attachments/>
                    <steps/>
                </step>
            </steps>
            <attachments/>
            <labels>
                <label name="testSuite" value="Default suite"/>
                <label name="testGroup" value="Default test"/>
                <label name="testClass" value="twc.Regression.TestCases.USA_Run"/>
                <label name="testMethod" value="Verifying_supress_amazon_Slotid_Hourly2_bigaddetails_preload_adcall_USA_Privacy_DoNotSellMyInformation"/>
                <label name="host" value="iosbuildserver.attlocal.net"/>
                <label name="thread" value="7870@iosbuildserver.attlocal.net.main(1)"/>
            </labels>
        </test-case>
        <test-case start="1597994917075" stop="1597994917247" status="passed">
            <name>Verifying_supress_amazon_Slotid_Hourly2_bigaddetails_preload_adcall_USA_Privacy_DoNotSellMyInformation</name>
            <title>Verifying supress amazon SlotId for  hourly2 details big ad  preload call  USA privacy when Advertising option set to Do Not Sell My Information</title>
            <steps>
                <step start="1597994917247" stop="1597994917247" status="passed">
                    <name>logStep[slot id: 08f0ccea-cab5-449c-963d-dc57ed9ee87d is  not present]</name>
                    <title>slot id: 08f0ccea-cab5-449c-963d-dc57ed9ee87d is  not present</title>
                    <attachments/>
                    <steps/>
                </step>
            </steps>
            <attachments/>
            <labels>
                <label name="testSuite" value="Default suite"/>
                <label name="testGroup" value="Default test"/>
                <label name="testClass" value="twc.Regression.TestCases.USA_Run"/>
                <label name="testMethod" value="Verifying_supress_amazon_Slotid_Hourly2_bigaddetails_preload_adcall_USA_Privacy_DoNotSellMyInformation"/>
                <label name="host" value="iosbuildserver.attlocal.net"/>
                <label name="thread" value="7870@iosbuildserver.attlocal.net.main(1)"/>
            </labels>
        </test-case>
        <test-case start="1597994917250" stop="1597994917441" status="passed">
            <name>Verifying_supress_amazon_Slotid_Hourly3_bigaddetails_preload_adcall_USA_Privacy_DoNotSellMyInformation</name>
            <title>Verifying supress amazon SlotId for  hourly3 details big ad preload call USA privacy when Advertising option set to Do Not Sell My Information</title>
            <steps>
                <step start="1597994917441" stop="1597994917441" status="passed">
                    <name>logStep[slot id: 2634dc9-b59f-4b2c-b281-bb3be291b7b6 is  not present]</name>
                    <title>slot id: 2634dc9-b59f-4b2c-b281-bb3be291b7b6 is  not present</title>
                    <attachments/>
                    <steps/>
                </step>
            </steps>
            <attachments/>
            <labels>
                <label name="testSuite" value="Default suite"/>
                <label name="testGroup" value="Default test"/>
                <label name="testClass" value="twc.Regression.TestCases.USA_Run"/>
                <label name="testMethod" value="Verifying_supress_amazon_Slotid_Hourly3_bigaddetails_preload_adcall_USA_Privacy_DoNotSellMyInformation"/>
                <label name="host" value="iosbuildserver.attlocal.net"/>
                <label name="thread" value="7870@iosbuildserver.attlocal.net.main(1)"/>
            </labels>
        </test-case>
        <test-case start="1597994917250" stop="1597994917441" status="passed">
            <name>Verifying_supress_amazon_Slotid_Hourly3_bigaddetails_preload_adcall_USA_Privacy_DoNotSellMyInformation</name>
            <title>Verifying supress amazon SlotId for  hourly3 details big ad preload call USA privacy when Advertising option set to Do Not Sell My Information</title>
            <steps>
                <step start="1597994917441" stop="1597994917441" status="passed">
                    <name>logStep[slot id: 2634dc9-b59f-4b2c-b281-bb3be291b7b6 is  not present]</name>
                    <title>slot id: 2634dc9-b59f-4b2c-b281-bb3be291b7b6 is  not present</title>
                    <attachments/>
                    <steps/>
                </step>
            </steps>
            <attachments/>
            <labels>
                <label name="testSuite" value="Default suite"/>
                <label name="testGroup" value="Default test"/>
                <label name="testClass" value="twc.Regression.TestCases.USA_Run"/>
                <label name="testMethod" value="Verifying_supress_amazon_Slotid_Hourly3_bigaddetails_preload_adcall_USA_Privacy_DoNotSellMyInformation"/>
                <label name="host" value="iosbuildserver.attlocal.net"/>
                <label name="thread" value="7870@iosbuildserver.attlocal.net.main(1)"/>
            </labels>
        </test-case>
        <test-case start="1597994917448" stop="1597994917741" status="passed">
            <name>Verifying_supress_amazon_Slotid_mapsdetails_preload_adcall_USA_Privacy_DoNotSellMyInformation</name>
            <title>Verifying supress amazon SlotId for maps details preload ad call USA privacy when Advertising option set to Do Not Sell My Information</title>
            <steps>
                <step start="1597994917449" stop="1597994917449" status="passed">
                    <name>logStep[Verifying supress amazon SlotId for maps details preload ad call USA privacy when Advertising option set to Do N...]</name>
                    <title>Verifying supress amazon SlotId for maps details preload ad call USA privacy when Advertising option set to Do Not Sell ...</title>
                    <attachments/>
                    <steps/>
                </step>
                <step start="1597994917741" stop="1597994917741" status="passed">
                    <name>logStep[slot id: 2634dc9-b59f-4b2c-b281-bb3be291b7b6 is  not present]</name>
                    <title>slot id: 2634dc9-b59f-4b2c-b281-bb3be291b7b6 is  not present</title>
                    <attachments/>
                    <steps/>
                </step>
            </steps>
            <attachments/>
            <labels>
                <label name="testSuite" value="Default suite"/>
                <label name="testGroup" value="Default test"/>
                <label name="testClass" value="twc.Regression.TestCases.USA_Run"/>
                <label name="testMethod" value="Verifying_supress_amazon_Slotid_mapsdetails_preload_adcall_USA_Privacy_DoNotSellMyInformation"/>
                <label name="host" value="iosbuildserver.attlocal.net"/>
                <label name="thread" value="7870@iosbuildserver.attlocal.net.main(1)"/>
            </labels>
        </test-case>
        <test-case start="1597994917448" stop="1597994917741" status="passed">
            <name>Verifying_supress_amazon_Slotid_mapsdetails_preload_adcall_USA_Privacy_DoNotSellMyInformation</name>
            <title>Verifying supress amazon SlotId for maps details preload ad call USA privacy when Advertising option set to Do Not Sell My Information</title>
            <steps>
                <step start="1597994917449" stop="1597994917449" status="passed">
                    <name>logStep[Verifying supress amazon SlotId for maps details preload ad call USA privacy when Advertising option set to Do N...]</name>
                    <title>Verifying supress amazon SlotId for maps details preload ad call USA privacy when Advertising option set to Do Not Sell ...</title>
                    <attachments/>
                    <steps/>
                </step>
                <step start="1597994917741" stop="1597994917741" status="passed">
                    <name>logStep[slot id: 2634dc9-b59f-4b2c-b281-bb3be291b7b6 is  not present]</name>
                    <title>slot id: 2634dc9-b59f-4b2c-b281-bb3be291b7b6 is  not present</title>
                    <attachments/>
                    <steps/>
                </step>
            </steps>
            <attachments/>
            <labels>
                <label name="testSuite" value="Default suite"/>
                <label name="testGroup" value="Default test"/>
                <label name="testClass" value="twc.Regression.TestCases.USA_Run"/>
                <label name="testMethod" value="Verifying_supress_amazon_Slotid_mapsdetails_preload_adcall_USA_Privacy_DoNotSellMyInformation"/>
                <label name="host" value="iosbuildserver.attlocal.net"/>
                <label name="thread" value="7870@iosbuildserver.attlocal.net.main(1)"/>
            </labels>
        </test-case>
        <test-case start="1597994917748" stop="1597994917918" status="passed">
            <name>Verifying_supress_amazon_Slotid_Dailydetails_preload_adcall_USA_Privacy_DoNotSellMyInformation</name>
            <title>Verifying supress amazon SlotId for daily details preload ad call USA privacy when Advertising option set to Do Not Sell My Information</title>
            <steps>
                <step start="1597994917749" stop="1597994917749" status="passed">
                    <name>logStep[Verifying supress amazon SlotId for daily details preload ad call USA privacy when Advertising option set to Do ...]</name>
                    <title>Verifying supress amazon SlotId for daily details preload ad call USA privacy when Advertising option set to Do Not Sell...</title>
                    <attachments/>
                    <steps/>
                </step>
                <step start="1597994917918" stop="1597994917918" status="passed">
                    <name>logStep[slot id: 6c5a145d-9198-48f4-adfd-08f05557eace is  not present]</name>
                    <title>slot id: 6c5a145d-9198-48f4-adfd-08f05557eace is  not present</title>
                    <attachments/>
                    <steps/>
                </step>
            </steps>
            <attachments/>
            <labels>
                <label name="testSuite" value="Default suite"/>
                <label name="testGroup" value="Default test"/>
                <label name="testClass" value="twc.Regression.TestCases.USA_Run"/>
                <label name="testMethod" value="Verifying_supress_amazon_Slotid_Dailydetails_preload_adcall_USA_Privacy_DoNotSellMyInformation"/>
                <label name="host" value="iosbuildserver.attlocal.net"/>
                <label name="thread" value="7870@iosbuildserver.attlocal.net.main(1)"/>
            </labels>
        </test-case>
        <test-case start="1597994917748" stop="1597994917918" status="passed">
            <name>Verifying_supress_amazon_Slotid_Dailydetails_preload_adcall_USA_Privacy_DoNotSellMyInformation</name>
            <title>Verifying supress amazon SlotId for daily details preload ad call USA privacy when Advertising option set to Do Not Sell My Information</title>
            <steps>
                <step start="1597994917749" stop="1597994917749" status="passed">
                    <name>logStep[Verifying supress amazon SlotId for daily details preload ad call USA privacy when Advertising option set to Do ...]</name>
                    <title>Verifying supress amazon SlotId for daily details preload ad call USA privacy when Advertising option set to Do Not Sell...</title>
                    <attachments/>
                    <steps/>
                </step>
                <step start="1597994917918" stop="1597994917918" status="passed">
                    <name>logStep[slot id: 6c5a145d-9198-48f4-adfd-08f05557eace is  not present]</name>
                    <title>slot id: 6c5a145d-9198-48f4-adfd-08f05557eace is  not present</title>
                    <attachments/>
                    <steps/>
                </step>
            </steps>
            <attachments/>
            <labels>
                <label name="testSuite" value="Default suite"/>
                <label name="testGroup" value="Default test"/>
                <label name="testClass" value="twc.Regression.TestCases.USA_Run"/>
                <label name="testMethod" value="Verifying_supress_amazon_Slotid_Dailydetails_preload_adcall_USA_Privacy_DoNotSellMyInformation"/>
                <label name="host" value="iosbuildserver.attlocal.net"/>
                <label name="thread" value="7870@iosbuildserver.attlocal.net.main(1)"/>
            </labels>
        </test-case>
        <test-case start="1597994917920" stop="1597994918116" status="passed">
            <name>Verifying_supress_amazon_Slotid_video_adcall_USA_Privacy_DoNotSellMyInformation</name>
            <title>Verifying supress amazon SlotId for videos preload ad call for USA privacy when Advertising option set to Do Not Sell My Information</title>
            <steps>
                <step start="1597994917920" stop="1597994917920" status="passed">
                    <name>logStep[Verifying supress amazon SlotId for videos preload ad call for USA privacy when Advertising option set to Do Not...]</name>
                    <title>Verifying supress amazon SlotId for videos preload ad call for USA privacy when Advertising option set to Do Not Sell My...</title>
                    <attachments/>
                    <steps/>
                </step>
                <step start="1597994918116" stop="1597994918116" status="passed">
                    <name>logStep[slot id: f71b7e17-6e34-4f6c-98f6-bbbe9f55586c is  not present]</name>
                    <title>slot id: f71b7e17-6e34-4f6c-98f6-bbbe9f55586c is  not present</title>
                    <attachments/>
                    <steps/>
                </step>
            </steps>
            <attachments/>
            <labels>
                <label name="testSuite" value="Default suite"/>
                <label name="testGroup" value="Default test"/>
                <label name="testClass" value="twc.Regression.TestCases.USA_Run"/>
                <label name="testMethod" value="Verifying_supress_amazon_Slotid_video_adcall_USA_Privacy_DoNotSellMyInformation"/>
                <label name="host" value="iosbuildserver.attlocal.net"/>
                <label name="thread" value="7870@iosbuildserver.attlocal.net.main(1)"/>
            </labels>
        </test-case>
        <test-case start="1597994917920" stop="1597994918116" status="passed">
            <name>Verifying_supress_amazon_Slotid_video_adcall_USA_Privacy_DoNotSellMyInformation</name>
            <title>Verifying supress amazon SlotId for videos preload ad call for USA privacy when Advertising option set to Do Not Sell My Information</title>
            <steps>
                <step start="1597994917920" stop="1597994917920" status="passed">
                    <name>logStep[Verifying supress amazon SlotId for videos preload ad call for USA privacy when Advertising option set to Do Not...]</name>
                    <title>Verifying supress amazon SlotId for videos preload ad call for USA privacy when Advertising option set to Do Not Sell My...</title>
                    <attachments/>
                    <steps/>
                </step>
                <step start="1597994918116" stop="1597994918116" status="passed">
                    <name>logStep[slot id: f71b7e17-6e34-4f6c-98f6-bbbe9f55586c is  not present]</name>
                    <title>slot id: f71b7e17-6e34-4f6c-98f6-bbbe9f55586c is  not present</title>
                    <attachments/>
                    <steps/>
                </step>
            </steps>
            <attachments/>
            <labels>
                <label name="testSuite" value="Default suite"/>
                <label name="testGroup" value="Default test"/>
                <label name="testClass" value="twc.Regression.TestCases.USA_Run"/>
                <label name="testMethod" value="Verifying_supress_amazon_Slotid_video_adcall_USA_Privacy_DoNotSellMyInformation"/>
                <label name="host" value="iosbuildserver.attlocal.net"/>
                <label name="thread" value="7870@iosbuildserver.attlocal.net.main(1)"/>
            </labels>
        </test-case>
        <test-case start="1597994918120" stop="1597994918269" status="passed">
            <name>Verifying_homescreenhourly_adCall_Presence_USA_Privacy_DoNotSellMyInformation</name>
            <title>Verifying home screen hourly ad call presense for USA privacy when Advertising option set to Do Not Sell My Information</title>
            <steps>
                <step start="1597994918120" stop="1597994918120" status="passed">
                    <name>logStep[Verifying home screen hourly ad call presense for USA privacy when Advertising option set to Do Not Sell My Info...]</name>
                    <title>Verifying home screen hourly ad call presense for USA privacy when Advertising option set to Do Not Sell My Information</title>
                    <attachments/>
                    <steps/>
                </step>
                <step start="1597994918265" stop="1597994918265" status="passed">
                    <name>logStep[Verofying for  iu=%2F7646%2Fapp_android_us%2Fdb_display%2Fhome_screen%2Fhourly ad call]</name>
                    <title>Verofying for  iu=%2F7646%2Fapp_android_us%2Fdb_display%2Fhome_screen%2Fhourly ad call</title>
                    <attachments/>
                    <steps/>
                </step>
                <step start="1597994918267" stop="1597994918267" status="passed">
                    <name>logStep[iu=7646/app_android_us/db_display/home_screen/hourly call was trigred]</name>
                    <title>iu=7646/app_android_us/db_display/home_screen/hourly call was trigred</title>
                    <attachments/>
                    <steps/>
                </step>
            </steps>
            <attachments/>
            <labels>
                <label name="testSuite" value="Default suite"/>
                <label name="testGroup" value="Default test"/>
                <label name="testClass" value="twc.Regression.TestCases.USA_Run"/>
                <label name="testMethod" value="Verifying_homescreenhourly_adCall_Presence_USA_Privacy_DoNotSellMyInformation"/>
                <label name="host" value="iosbuildserver.attlocal.net"/>
                <label name="thread" value="7870@iosbuildserver.attlocal.net.main(1)"/>
            </labels>
        </test-case>
        <test-case start="1597994918120" stop="1597994918269" status="passed">
            <name>Verifying_homescreenhourly_adCall_Presence_USA_Privacy_DoNotSellMyInformation</name>
            <title>Verifying home screen hourly ad call presense for USA privacy when Advertising option set to Do Not Sell My Information</title>
            <steps>
                <step start="1597994918120" stop="1597994918120" status="passed">
                    <name>logStep[Verifying home screen hourly ad call presense for USA privacy when Advertising option set to Do Not Sell My Info...]</name>
                    <title>Verifying home screen hourly ad call presense for USA privacy when Advertising option set to Do Not Sell My Information</title>
                    <attachments/>
                    <steps/>
                </step>
                <step start="1597994918265" stop="1597994918265" status="passed">
                    <name>logStep[Verofying for  iu=%2F7646%2Fapp_android_us%2Fdb_display%2Fhome_screen%2Fhourly ad call]</name>
                    <title>Verofying for  iu=%2F7646%2Fapp_android_us%2Fdb_display%2Fhome_screen%2Fhourly ad call</title>
                    <attachments/>
                    <steps/>
                </step>
                <step start="1597994918267" stop="1597994918267" status="passed">
                    <name>logStep[iu=7646/app_android_us/db_display/home_screen/hourly call was trigred]</name>
                    <title>iu=7646/app_android_us/db_display/home_screen/hourly call was trigred</title>
                    <attachments/>
                    <steps/>
                </step>
            </steps>
            <attachments/>
            <labels>
                <label name="testSuite" value="Default suite"/>
                <label name="testGroup" value="Default test"/>
                <label name="testClass" value="twc.Regression.TestCases.USA_Run"/>
                <label name="testMethod" value="Verifying_homescreenhourly_adCall_Presence_USA_Privacy_DoNotSellMyInformation"/>
                <label name="host" value="iosbuildserver.attlocal.net"/>
                <label name="thread" value="7870@iosbuildserver.attlocal.net.main(1)"/>
            </labels>
        </test-case>
        <test-case start="1597994918272" stop="1597994918499" status="passed">
            <name>Verifying_homescreenmarquee_adCall_Presence_USA_Privacy_DoNotSellMyInformation</name>
            <title>Verifying home screen marquee ad call presense for USA privacy when Advertising option set to Do Not Sell My Information</title>
            <steps>
                <step start="1597994918273" stop="1597994918273" status="passed">
                    <name>logStep[Verifying home screen marquee ad call presense for USA privacy when Advertising option set to Do Not Sell My Inf...]</name>
                    <title>Verifying home screen marquee ad call presense for USA privacy when Advertising option set to Do Not Sell My Information</title>
                    <attachments/>
                    <steps/>
                </step>
                <step start="1597994918494" stop="1597994918494" status="passed">
                    <name>logStep[checking for iu=%2F7646%2Fapp_android_us%2Fdb_display%2Fhome_screen%2Fmarquee ad call]</name>
                    <title>checking for iu=%2F7646%2Fapp_android_us%2Fdb_display%2Fhome_screen%2Fmarquee ad call</title>
                    <attachments/>
                    <steps/>
                </step>
                <step start="1597994918496" stop="1597994918496" status="passed">
                    <name>logStep[iu=/7646/app_android_us/db_display/home_screen/marquee call was trigred]</name>
                    <title>iu=/7646/app_android_us/db_display/home_screen/marquee call was trigred</title>
                    <attachments/>
                    <steps/>
                </step>
            </steps>
            <attachments/>
            <labels>
                <label name="testSuite" value="Default suite"/>
                <label name="testGroup" value="Default test"/>
                <label name="testClass" value="twc.Regression.TestCases.USA_Run"/>
                <label name="testMethod" value="Verifying_homescreenmarquee_adCall_Presence_USA_Privacy_DoNotSellMyInformation"/>
                <label name="host" value="iosbuildserver.attlocal.net"/>
                <label name="thread" value="7870@iosbuildserver.attlocal.net.main(1)"/>
            </labels>
        </test-case>
        <test-case start="1597994918272" stop="1597994918499" status="passed">
            <name>Verifying_homescreenmarquee_adCall_Presence_USA_Privacy_DoNotSellMyInformation</name>
            <title>Verifying home screen marquee ad call presense for USA privacy when Advertising option set to Do Not Sell My Information</title>
            <steps>
                <step start="1597994918273" stop="1597994918273" status="passed">
                    <name>logStep[Verifying home screen marquee ad call presense for USA privacy when Advertising option set to Do Not Sell My Inf...]</name>
                    <title>Verifying home screen marquee ad call presense for USA privacy when Advertising option set to Do Not Sell My Information</title>
                    <attachments/>
                    <steps/>
                </step>
                <step start="1597994918494" stop="1597994918494" status="passed">
                    <name>logStep[checking for iu=%2F7646%2Fapp_android_us%2Fdb_display%2Fhome_screen%2Fmarquee ad call]</name>
                    <title>checking for iu=%2F7646%2Fapp_android_us%2Fdb_display%2Fhome_screen%2Fmarquee ad call</title>
                    <attachments/>
                    <steps/>
                </step>
                <step start="1597994918496" stop="1597994918496" status="passed">
                    <name>logStep[iu=/7646/app_android_us/db_display/home_screen/marquee call was trigred]</name>
                    <title>iu=/7646/app_android_us/db_display/home_screen/marquee call was trigred</title>
                    <attachments/>
                    <steps/>
                </step>
            </steps>
            <attachments/>
            <labels>
                <label name="testSuite" value="Default suite"/>
                <label name="testGroup" value="Default test"/>
                <label name="testClass" value="twc.Regression.TestCases.USA_Run"/>
                <label name="testMethod" value="Verifying_homescreenmarquee_adCall_Presence_USA_Privacy_DoNotSellMyInformation"/>
                <label name="host" value="iosbuildserver.attlocal.net"/>
                <label name="thread" value="7870@iosbuildserver.attlocal.net.main(1)"/>
            </labels>
        </test-case>
        <test-case start="1597994918507" stop="1597994918702" status="passed">
            <name>Verifying_SOD_Cust_Param_homescreenmarquee_adCall_USA_Privacy_DoNotSellMyInformation</name>
            <title>Verifying SOD Cust param value in homescreen marquee call for  USA privacy when Advertising option set to Do Not Sell My Information</title>
            <steps>
                <step start="1597994918508" stop="1597994918508" status="passed">
                    <name>logStep[Verifying SOD Cust param value in homescreen marquee call for  USA privacy when Advertising option set to Do Not...]</name>
                    <title>Verifying SOD Cust param value in homescreen marquee call for  USA privacy when Advertising option set to Do Not Sell My...</title>
                    <attachments/>
                    <steps/>
                </step>
                <step start="1597994918667" stop="1597994918667" status="passed">
                    <name>logStep[Verifying  SOD custum param for  iu=%2F7646%2Fapp_android_us%2Fdb_display%2Fhome_screen%2Fmarquee ad call]</name>
                    <title>Verifying  SOD custum param for  iu=%2F7646%2Fapp_android_us%2Fdb_display%2Fhome_screen%2Fmarquee ad call</title>
                    <attachments/>
                    <steps/>
                </step>
                <step start="1597994918702" stop="1597994918702" status="passed">
                    <name>logStep[SOD cust param value for  iu=%2F7646%2Fapp_android_us%2Fdb_display%2Fhome_screen%2Fmarquee is sod=no]</name>
                    <title>SOD cust param value for  iu=%2F7646%2Fapp_android_us%2Fdb_display%2Fhome_screen%2Fmarquee is sod=no</title>
                    <attachments/>
                    <steps/>
                </step>
            </steps>
            <attachments/>
            <labels>
                <label name="testSuite" value="Default suite"/>
                <label name="testGroup" value="Default test"/>
                <label name="testClass" value="twc.Regression.TestCases.USA_Run"/>
                <label name="testMethod" value="Verifying_SOD_Cust_Param_homescreenmarquee_adCall_USA_Privacy_DoNotSellMyInformation"/>
                <label name="host" value="iosbuildserver.attlocal.net"/>
                <label name="thread" value="7870@iosbuildserver.attlocal.net.main(1)"/>
            </labels>
        </test-case>
        <test-case start="1597994918507" stop="1597994918702" status="passed">
            <name>Verifying_SOD_Cust_Param_homescreenmarquee_adCall_USA_Privacy_DoNotSellMyInformation</name>
            <title>Verifying SOD Cust param value in homescreen marquee call for  USA privacy when Advertising option set to Do Not Sell My Information</title>
            <steps>
                <step start="1597994918508" stop="1597994918508" status="passed">
                    <name>logStep[Verifying SOD Cust param value in homescreen marquee call for  USA privacy when Advertising option set to Do Not...]</name>
                    <title>Verifying SOD Cust param value in homescreen marquee call for  USA privacy when Advertising option set to Do Not Sell My...</title>
                    <attachments/>
                    <steps/>
                </step>
                <step start="1597994918667" stop="1597994918667" status="passed">
                    <name>logStep[Verifying  SOD custum param for  iu=%2F7646%2Fapp_android_us%2Fdb_display%2Fhome_screen%2Fmarquee ad call]</name>
                    <title>Verifying  SOD custum param for  iu=%2F7646%2Fapp_android_us%2Fdb_display%2Fhome_screen%2Fmarquee ad call</title>
                    <attachments/>
                    <steps/>
                </step>
                <step start="1597994918702" stop="1597994918702" status="passed">
                    <name>logStep[SOD cust param value for  iu=%2F7646%2Fapp_android_us%2Fdb_display%2Fhome_screen%2Fmarquee is sod=no]</name>
                    <title>SOD cust param value for  iu=%2F7646%2Fapp_android_us%2Fdb_display%2Fhome_screen%2Fmarquee is sod=no</title>
                    <attachments/>
                    <steps/>
                </step>
            </steps>
            <attachments/>
            <labels>
                <label name="testSuite" value="Default suite"/>
                <label name="testGroup" value="Default test"/>
                <label name="testClass" value="twc.Regression.TestCases.USA_Run"/>
                <label name="testMethod" value="Verifying_SOD_Cust_Param_homescreenmarquee_adCall_USA_Privacy_DoNotSellMyInformation"/>
                <label name="host" value="iosbuildserver.attlocal.net"/>
                <label name="thread" value="7870@iosbuildserver.attlocal.net.main(1)"/>
            </labels>
        </test-case>
        <test-case start="1597994918704" stop="1597994918887" status="passed">
            <name>Verifying_SOD_Cust_Param_homescreenhourly_adCall_USA_Privacy_DoNotSellMyInformation</name>
            <title>Verifying SOD Cust param value in homescreen hourly ad call for USA privacy when Advertising option set to Do Not Sell My Information</title>
            <steps>
                <step start="1597994918704" stop="1597994918704" status="passed">
                    <name>logStep[Verifying SOD Cust param value in homescreen hourly ad call for USA privacy when Advertising option set to Do No...]</name>
                    <title>Verifying SOD Cust param value in homescreen hourly ad call for USA privacy when Advertising option set to Do Not Sell M...</title>
                    <attachments/>
                    <steps/>
                </step>
                <step start="1597994918864" stop="1597994918864" status="passed">
                    <name>logStep[Verifying  SOD custum param for  iu=%2F7646%2Fapp_android_us%2Fdb_display%2Fhome_screen%2Fhourly ad call]</name>
                    <title>Verifying  SOD custum param for  iu=%2F7646%2Fapp_android_us%2Fdb_display%2Fhome_screen%2Fhourly ad call</title>
                    <attachments/>
                    <steps/>
                </step>
                <step start="1597994918887" stop="1597994918887" status="passed">
                    <name>logStep[SOD cust param value for   iu=%2F7646%2Fapp_android_us%2Fdb_display%2Fhome_screen%%2Fhourly  is sod=no]</name>
                    <title>SOD cust param value for   iu=%2F7646%2Fapp_android_us%2Fdb_display%2Fhome_screen%%2Fhourly  is sod=no</title>
                    <attachments/>
                    <steps/>
                </step>
            </steps>
            <attachments/>
            <labels>
                <label name="testSuite" value="Default suite"/>
                <label name="testGroup" value="Default test"/>
                <label name="testClass" value="twc.Regression.TestCases.USA_Run"/>
                <label name="testMethod" value="Verifying_SOD_Cust_Param_homescreenhourly_adCall_USA_Privacy_DoNotSellMyInformation"/>
                <label name="host" value="iosbuildserver.attlocal.net"/>
                <label name="thread" value="7870@iosbuildserver.attlocal.net.main(1)"/>
            </labels>
        </test-case>
        <test-case start="1597994918704" stop="1597994918887" status="passed">
            <name>Verifying_SOD_Cust_Param_homescreenhourly_adCall_USA_Privacy_DoNotSellMyInformation</name>
            <title>Verifying SOD Cust param value in homescreen hourly ad call for USA privacy when Advertising option set to Do Not Sell My Information</title>
            <steps>
                <step start="1597994918704" stop="1597994918704" status="passed">
                    <name>logStep[Verifying SOD Cust param value in homescreen hourly ad call for USA privacy when Advertising option set to Do No...]</name>
                    <title>Verifying SOD Cust param value in homescreen hourly ad call for USA privacy when Advertising option set to Do Not Sell M...</title>
                    <attachments/>
                    <steps/>
                </step>
                <step start="1597994918864" stop="1597994918864" status="passed">
                    <name>logStep[Verifying  SOD custum param for  iu=%2F7646%2Fapp_android_us%2Fdb_display%2Fhome_screen%2Fhourly ad call]</name>
                    <title>Verifying  SOD custum param for  iu=%2F7646%2Fapp_android_us%2Fdb_display%2Fhome_screen%2Fhourly ad call</title>
                    <attachments/>
                    <steps/>
                </step>
                <step start="1597994918887" stop="1597994918887" status="passed">
                    <name>logStep[SOD cust param value for   iu=%2F7646%2Fapp_android_us%2Fdb_display%2Fhome_screen%%2Fhourly  is sod=no]</name>
                    <title>SOD cust param value for   iu=%2F7646%2Fapp_android_us%2Fdb_display%2Fhome_screen%%2Fhourly  is sod=no</title>
                    <attachments/>
                    <steps/>
                </step>
            </steps>
            <attachments/>
            <labels>
                <label name="testSuite" value="Default suite"/>
                <label name="testGroup" value="Default test"/>
                <label name="testClass" value="twc.Regression.TestCases.USA_Run"/>
                <label name="testMethod" value="Verifying_SOD_Cust_Param_homescreenhourly_adCall_USA_Privacy_DoNotSellMyInformation"/>
                <label name="host" value="iosbuildserver.attlocal.net"/>
                <label name="thread" value="7870@iosbuildserver.attlocal.net.main(1)"/>
            </labels>
        </test-case>
        <test-case start="1597994918891" stop="1597994919063" status="passed">
            <name>Verifying_SOD_Cust_Param_mapsdetails_adCall_USA_Privacy_DoNotSellMyInformation</name>
            <title>Verifying SOD Cust param value in maps details page ad call for USA privacy when Advertising option set to Do Not Sell My Information</title>
            <steps>
                <step start="1597994918892" stop="1597994918892" status="passed">
                    <name>logStep[Verifying SOD Cust param value in homescreen hourly ad call for USA privacy when Advertising option set to Do No...]</name>
                    <title>Verifying SOD Cust param value in homescreen hourly ad call for USA privacy when Advertising option set to Do Not Sell M...</title>
                    <attachments/>
                    <steps/>
                </step>
                <step start="1597994919035" stop="1597994919035" status="passed">
                    <name>logStep[Verifying  SOD custum param for iu=%2F7646%2Fapp_android_us%2Fdb_display%2Fdetails%2Fmaps ad call]</name>
                    <title>Verifying  SOD custum param for iu=%2F7646%2Fapp_android_us%2Fdb_display%2Fdetails%2Fmaps ad call</title>
                    <attachments/>
                    <steps/>
                </step>
                <step start="1597994919062" stop="1597994919062" status="passed">
                    <name>logStep[SOD cust param value for  iu=%2F7646%2Fapp_android_us%2Fdb_display%2Fdetails%2Fmaps ad call is sod=no]</name>
                    <title>SOD cust param value for  iu=%2F7646%2Fapp_android_us%2Fdb_display%2Fdetails%2Fmaps ad call is sod=no</title>
                    <attachments/>
                    <steps/>
                </step>
            </steps>
            <attachments/>
            <labels>
                <label name="testSuite" value="Default suite"/>
                <label name="testGroup" value="Default test"/>
                <label name="testClass" value="twc.Regression.TestCases.USA_Run"/>
                <label name="testMethod" value="Verifying_SOD_Cust_Param_mapsdetails_adCall_USA_Privacy_DoNotSellMyInformation"/>
                <label name="host" value="iosbuildserver.attlocal.net"/>
                <label name="thread" value="7870@iosbuildserver.attlocal.net.main(1)"/>
            </labels>
        </test-case>
        <test-case start="1597994918891" stop="1597994919063" status="passed">
            <name>Verifying_SOD_Cust_Param_mapsdetails_adCall_USA_Privacy_DoNotSellMyInformation</name>
            <title>Verifying SOD Cust param value in maps details page ad call for USA privacy when Advertising option set to Do Not Sell My Information</title>
            <steps>
                <step start="1597994918892" stop="1597994918892" status="passed">
                    <name>logStep[Verifying SOD Cust param value in homescreen hourly ad call for USA privacy when Advertising option set to Do No...]</name>
                    <title>Verifying SOD Cust param value in homescreen hourly ad call for USA privacy when Advertising option set to Do Not Sell M...</title>
                    <attachments/>
                    <steps/>
                </step>
                <step start="1597994919035" stop="1597994919035" status="passed">
                    <name>logStep[Verifying  SOD custum param for iu=%2F7646%2Fapp_android_us%2Fdb_display%2Fdetails%2Fmaps ad call]</name>
                    <title>Verifying  SOD custum param for iu=%2F7646%2Fapp_android_us%2Fdb_display%2Fdetails%2Fmaps ad call</title>
                    <attachments/>
                    <steps/>
                </step>
                <step start="1597994919062" stop="1597994919062" status="passed">
                    <name>logStep[SOD cust param value for  iu=%2F7646%2Fapp_android_us%2Fdb_display%2Fdetails%2Fmaps ad call is sod=no]</name>
                    <title>SOD cust param value for  iu=%2F7646%2Fapp_android_us%2Fdb_display%2Fdetails%2Fmaps ad call is sod=no</title>
                    <attachments/>
                    <steps/>
                </step>
            </steps>
            <attachments/>
            <labels>
                <label name="testSuite" value="Default suite"/>
                <label name="testGroup" value="Default test"/>
                <label name="testClass" value="twc.Regression.TestCases.USA_Run"/>
                <label name="testMethod" value="Verifying_SOD_Cust_Param_mapsdetails_adCall_USA_Privacy_DoNotSellMyInformation"/>
                <label name="host" value="iosbuildserver.attlocal.net"/>
                <label name="thread" value="7870@iosbuildserver.attlocal.net.main(1)"/>
            </labels>
        </test-case>
        <test-case start="1597994919065" stop="1597994919261" status="passed">
            <name>Verifying_rdp_equals_1_homescreenHourly_adCall_USA_Privacy_DoNotSellMyInformation</name>
            <title>Verifying rdp=1 in home screen hourly ad call for USA privacy when Advertising option set to Do Not Sell My Information</title>
            <steps>
                <step start="1597994919066" stop="1597994919066" status="passed">
                    <name>logStep[Verifying rdp=1 in home screen hourly ad call for USA privacy when Advertising option set to Do Not Sell My Info...]</name>
                    <title>Verifying rdp=1 in home screen hourly ad call for USA privacy when Advertising option set to Do Not Sell My Information</title>
                    <attachments/>
                    <steps/>
                </step>
                <step start="1597994919258" stop="1597994919258" status="passed">
                    <name>logStep[Verifying RDP keyword in iu=%2F7646%2Fapp_android_us%2Fdb_display%2Fhome_screen%2Fhourly  ad call url]</name>
                    <title>Verifying RDP keyword in iu=%2F7646%2Fapp_android_us%2Fdb_display%2Fhome_screen%2Fhourly  ad call url</title>
                    <attachments/>
                    <steps/>
                </step>
                <step start="1597994919261" stop="1597994919261" status="passed">
                    <name>logStep[RDP value for feed_1 ad call is 1]</name>
                    <title>RDP value for feed_1 ad call is 1</title>
                    <attachments/>
                    <steps/>
                </step>
            </steps>
            <attachments/>
            <labels>
                <label name="testSuite" value="Default suite"/>
                <label name="testGroup" value="Default test"/>
                <label name="testClass" value="twc.Regression.TestCases.USA_Run"/>
                <label name="testMethod" value="Verifying_rdp_equals_1_homescreenHourly_adCall_USA_Privacy_DoNotSellMyInformation"/>
                <label name="host" value="iosbuildserver.attlocal.net"/>
                <label name="thread" value="7870@iosbuildserver.attlocal.net.main(1)"/>
            </labels>
        </test-case>
        <test-case start="1597994919065" stop="1597994919261" status="passed">
            <name>Verifying_rdp_equals_1_homescreenHourly_adCall_USA_Privacy_DoNotSellMyInformation</name>
            <title>Verifying rdp=1 in home screen hourly ad call for USA privacy when Advertising option set to Do Not Sell My Information</title>
            <steps>
                <step start="1597994919066" stop="1597994919066" status="passed">
                    <name>logStep[Verifying rdp=1 in home screen hourly ad call for USA privacy when Advertising option set to Do Not Sell My Info...]</name>
                    <title>Verifying rdp=1 in home screen hourly ad call for USA privacy when Advertising option set to Do Not Sell My Information</title>
                    <attachments/>
                    <steps/>
                </step>
                <step start="1597994919258" stop="1597994919258" status="passed">
                    <name>logStep[Verifying RDP keyword in iu=%2F7646%2Fapp_android_us%2Fdb_display%2Fhome_screen%2Fhourly  ad call url]</name>
                    <title>Verifying RDP keyword in iu=%2F7646%2Fapp_android_us%2Fdb_display%2Fhome_screen%2Fhourly  ad call url</title>
                    <attachments/>
                    <steps/>
                </step>
                <step start="1597994919261" stop="1597994919261" status="passed">
                    <name>logStep[RDP value for feed_1 ad call is 1]</name>
                    <title>RDP value for feed_1 ad call is 1</title>
                    <attachments/>
                    <steps/>
                </step>
            </steps>
            <attachments/>
            <labels>
                <label name="testSuite" value="Default suite"/>
                <label name="testGroup" value="Default test"/>
                <label name="testClass" value="twc.Regression.TestCases.USA_Run"/>
                <label name="testMethod" value="Verifying_rdp_equals_1_homescreenHourly_adCall_USA_Privacy_DoNotSellMyInformation"/>
                <label name="host" value="iosbuildserver.attlocal.net"/>
                <label name="thread" value="7870@iosbuildserver.attlocal.net.main(1)"/>
            </labels>
        </test-case>
        <test-case start="1597994919265" stop="1597994919411" status="passed">
            <name>Verifying_rdp_equals_1_homescreenmarquee_adCall_USA_Privacy_DoNotSellMyInformation</name>
            <title>Verifying rdp=1 in home screen marquee  ad call for USA privacy when Advertising option set to Do Not Sell My Information</title>
            <steps>
                <step start="1597994919266" stop="1597994919266" status="passed">
                    <name>logStep[Verifying rdp=1 in home screen marquee  ad call for USA privacy when Advertising option set to Do Not Sell My In...]</name>
                    <title>Verifying rdp=1 in home screen marquee  ad call for USA privacy when Advertising option set to Do Not Sell My Informatio...</title>
                    <attachments/>
                    <steps/>
                </step>
                <step start="1597994919408" stop="1597994919408" status="passed">
                    <name>logStep[Verifying RDP keyword in iu=%2F7646%2Fapp_android_us%2Fdb_display%2Fhome_screen%2Fmarquee  ad call url]</name>
                    <title>Verifying RDP keyword in iu=%2F7646%2Fapp_android_us%2Fdb_display%2Fhome_screen%2Fmarquee  ad call url</title>
                    <attachments/>
                    <steps/>
                </step>
                <step start="1597994919410" stop="1597994919410" status="passed">
                    <name>logStep[RDP value for iu=%2F7646%2Fapp_android_us%2Fdb_display%2Fhome_screen%2Fmarquee  ad call is 1]</name>
                    <title>RDP value for iu=%2F7646%2Fapp_android_us%2Fdb_display%2Fhome_screen%2Fmarquee  ad call is 1</title>
                    <attachments/>
                    <steps/>
                </step>
            </steps>
            <attachments/>
            <labels>
                <label name="testSuite" value="Default suite"/>
                <label name="testGroup" value="Default test"/>
                <label name="testClass" value="twc.Regression.TestCases.USA_Run"/>
                <label name="testMethod" value="Verifying_rdp_equals_1_homescreenmarquee_adCall_USA_Privacy_DoNotSellMyInformation"/>
                <label name="host" value="iosbuildserver.attlocal.net"/>
                <label name="thread" value="7870@iosbuildserver.attlocal.net.main(1)"/>
            </labels>
        </test-case>
        <test-case start="1597994919265" stop="1597994919411" status="passed">
            <name>Verifying_rdp_equals_1_homescreenmarquee_adCall_USA_Privacy_DoNotSellMyInformation</name>
            <title>Verifying rdp=1 in home screen marquee  ad call for USA privacy when Advertising option set to Do Not Sell My Information</title>
            <steps>
                <step start="1597994919266" stop="1597994919266" status="passed">
                    <name>logStep[Verifying rdp=1 in home screen marquee  ad call for USA privacy when Advertising option set to Do Not Sell My In...]</name>
                    <title>Verifying rdp=1 in home screen marquee  ad call for USA privacy when Advertising option set to Do Not Sell My Informatio...</title>
                    <attachments/>
                    <steps/>
                </step>
                <step start="1597994919408" stop="1597994919408" status="passed">
                    <name>logStep[Verifying RDP keyword in iu=%2F7646%2Fapp_android_us%2Fdb_display%2Fhome_screen%2Fmarquee  ad call url]</name>
                    <title>Verifying RDP keyword in iu=%2F7646%2Fapp_android_us%2Fdb_display%2Fhome_screen%2Fmarquee  ad call url</title>
                    <attachments/>
                    <steps/>
                </step>
                <step start="1597994919410" stop="1597994919410" status="passed">
                    <name>logStep[RDP value for iu=%2F7646%2Fapp_android_us%2Fdb_display%2Fhome_screen%2Fmarquee  ad call is 1]</name>
                    <title>RDP value for iu=%2F7646%2Fapp_android_us%2Fdb_display%2Fhome_screen%2Fmarquee  ad call is 1</title>
                    <attachments/>
                    <steps/>
                </step>
            </steps>
            <attachments/>
            <labels>
                <label name="testSuite" value="Default suite"/>
                <label name="testGroup" value="Default test"/>
                <label name="testClass" value="twc.Regression.TestCases.USA_Run"/>
                <label name="testMethod" value="Verifying_rdp_equals_1_homescreenmarquee_adCall_USA_Privacy_DoNotSellMyInformation"/>
                <label name="host" value="iosbuildserver.attlocal.net"/>
                <label name="thread" value="7870@iosbuildserver.attlocal.net.main(1)"/>
            </labels>
        </test-case>
        <test-case start="1597994919413" stop="1597994919584" status="passed">
            <name>Verifying_videos_adCall_Presence_USA_Privacy_DoNotSellMyInformation</name>
            <title>Verifying videos ad call presense for USA privacy when Advertising option set to Do Not Sell My Information</title>
            <steps>
                <step start="1597994919413" stop="1597994919413" status="passed">
                    <name>logStep[Verifying videos ad call presense for USA privacy when Advertising option set to Do Not Sell My Information]</name>
                    <title>Verifying videos ad call presense for USA privacy when Advertising option set to Do Not Sell My Information</title>
                    <attachments/>
                    <steps/>
                </step>
                <step start="1597994919413" stop="1597994919413" status="passed">
                    <name>logStep[Verifying supress of normal amazon slotid in feed_1  for USA privacy when Advertising option set to Do Not Sell ...]</name>
                    <title>Verifying supress of normal amazon slotid in feed_1  for USA privacy when Advertising option set to Do Not Sell My Infor...</title>
                    <attachments/>
                    <steps/>
                </step>
                <step start="1597994919575" stop="1597994919575" status="passed">
                    <name>logStep[Verifying iu=%2F7646%2Fapp_android_us%2Fvideo ad calll]</name>
                    <title>Verifying iu=%2F7646%2Fapp_android_us%2Fvideo ad calll</title>
                    <attachments/>
                    <steps/>
                </step>
                <step start="1597994919581" stop="1597994919581" status="passed">
                    <name>logStep[iu=/7646/app_android_us/video call was trigred]</name>
                    <title>iu=/7646/app_android_us/video call was trigred</title>
                    <attachments/>
                    <steps/>
                </step>
            </steps>
            <attachments/>
            <labels>
                <label name="testSuite" value="Default suite"/>
                <label name="testGroup" value="Default test"/>
                <label name="testClass" value="twc.Regression.TestCases.USA_Run"/>
                <label name="testMethod" value="Verifying_videos_adCall_Presence_USA_Privacy_DoNotSellMyInformation"/>
                <label name="host" value="iosbuildserver.attlocal.net"/>
                <label name="thread" value="7870@iosbuildserver.attlocal.net.main(1)"/>
            </labels>
        </test-case>
        <test-case start="1597994919413" stop="1597994919584" status="passed">
            <name>Verifying_videos_adCall_Presence_USA_Privacy_DoNotSellMyInformation</name>
            <title>Verifying videos ad call presense for USA privacy when Advertising option set to Do Not Sell My Information</title>
            <steps>
                <step start="1597994919413" stop="1597994919413" status="passed">
                    <name>logStep[Verifying videos ad call presense for USA privacy when Advertising option set to Do Not Sell My Information]</name>
                    <title>Verifying videos ad call presense for USA privacy when Advertising option set to Do Not Sell My Information</title>
                    <attachments/>
                    <steps/>
                </step>
                <step start="1597994919413" stop="1597994919413" status="passed">
                    <name>logStep[Verifying supress of normal amazon slotid in feed_1  for USA privacy when Advertising option set to Do Not Sell ...]</name>
                    <title>Verifying supress of normal amazon slotid in feed_1  for USA privacy when Advertising option set to Do Not Sell My Infor...</title>
                    <attachments/>
                    <steps/>
                </step>
                <step start="1597994919575" stop="1597994919575" status="passed">
                    <name>logStep[Verifying iu=%2F7646%2Fapp_android_us%2Fvideo ad calll]</name>
                    <title>Verifying iu=%2F7646%2Fapp_android_us%2Fvideo ad calll</title>
                    <attachments/>
                    <steps/>
                </step>
                <step start="1597994919581" stop="1597994919581" status="passed">
                    <name>logStep[iu=/7646/app_android_us/video call was trigred]</name>
                    <title>iu=/7646/app_android_us/video call was trigred</title>
                    <attachments/>
                    <steps/>
                </step>
            </steps>
            <attachments/>
            <labels>
                <label name="testSuite" value="Default suite"/>
                <label name="testGroup" value="Default test"/>
                <label name="testClass" value="twc.Regression.TestCases.USA_Run"/>
                <label name="testMethod" value="Verifying_videos_adCall_Presence_USA_Privacy_DoNotSellMyInformation"/>
                <label name="host" value="iosbuildserver.attlocal.net"/>
                <label name="thread" value="7870@iosbuildserver.attlocal.net.main(1)"/>
            </labels>
        </test-case>
        <test-case start="1597994919589" stop="1597994919750" status="passed">
            <name>Verifying_SOD_Cust_Param_videos_adCall_USA_Privacy_DoNotSellMyInformation</name>
            <title>Verifying SOD Cust param value in Videos  ad call for USA privacy when Advertising option set to Do Not Sell My Information</title>
            <steps>
                <step start="1597994919589" stop="1597994919589" status="passed">
                    <name>logStep[Verifying SOD Cust param value in Videos  ad call for USA privacy when Advertising option set to Do Not Sell My ...]</name>
                    <title>Verifying SOD Cust param value in Videos  ad call for USA privacy when Advertising option set to Do Not Sell My Informat...</title>
                    <attachments/>
                    <steps/>
                </step>
                <step start="1597994919728" stop="1597994919728" status="passed">
                    <name>logStep[Verifying  SOD custum param for iu=%2F7646%2Fapp_android_us%2Fvideo ad call]</name>
                    <title>Verifying  SOD custum param for iu=%2F7646%2Fapp_android_us%2Fvideo ad call</title>
                    <attachments/>
                    <steps/>
                </step>
                <step start="1597994919750" stop="1597994919750" status="passed">
                    <name>logStep[SOD cust param value for iu=%2F7646%2Fapp_android_us%2Fvideo ad call is sod=no]</name>
                    <title>SOD cust param value for iu=%2F7646%2Fapp_android_us%2Fvideo ad call is sod=no</title>
                    <attachments/>
                    <steps/>
                </step>
            </steps>
            <attachments/>
            <labels>
                <label name="testSuite" value="Default suite"/>
                <label name="testGroup" value="Default test"/>
                <label name="testClass" value="twc.Regression.TestCases.USA_Run"/>
                <label name="testMethod" value="Verifying_SOD_Cust_Param_videos_adCall_USA_Privacy_DoNotSellMyInformation"/>
                <label name="host" value="iosbuildserver.attlocal.net"/>
                <label name="thread" value="7870@iosbuildserver.attlocal.net.main(1)"/>
            </labels>
        </test-case>
        <test-case start="1597994919589" stop="1597994919750" status="passed">
            <name>Verifying_SOD_Cust_Param_videos_adCall_USA_Privacy_DoNotSellMyInformation</name>
            <title>Verifying SOD Cust param value in Videos  ad call for USA privacy when Advertising option set to Do Not Sell My Information</title>
            <steps>
                <step start="1597994919589" stop="1597994919589" status="passed">
                    <name>logStep[Verifying SOD Cust param value in Videos  ad call for USA privacy when Advertising option set to Do Not Sell My ...]</name>
                    <title>Verifying SOD Cust param value in Videos  ad call for USA privacy when Advertising option set to Do Not Sell My Informat...</title>
                    <attachments/>
                    <steps/>
                </step>
                <step start="1597994919728" stop="1597994919728" status="passed">
                    <name>logStep[Verifying  SOD custum param for iu=%2F7646%2Fapp_android_us%2Fvideo ad call]</name>
                    <title>Verifying  SOD custum param for iu=%2F7646%2Fapp_android_us%2Fvideo ad call</title>
                    <attachments/>
                    <steps/>
                </step>
                <step start="1597994919750" stop="1597994919750" status="passed">
                    <name>logStep[SOD cust param value for iu=%2F7646%2Fapp_android_us%2Fvideo ad call is sod=no]</name>
                    <title>SOD cust param value for iu=%2F7646%2Fapp_android_us%2Fvideo ad call is sod=no</title>
                    <attachments/>
                    <steps/>
                </step>
            </steps>
            <attachments/>
            <labels>
                <label name="testSuite" value="Default suite"/>
                <label name="testGroup" value="Default test"/>
                <label name="testClass" value="twc.Regression.TestCases.USA_Run"/>
                <label name="testMethod" value="Verifying_SOD_Cust_Param_videos_adCall_USA_Privacy_DoNotSellMyInformation"/>
                <label name="host" value="iosbuildserver.attlocal.net"/>
                <label name="thread" value="7870@iosbuildserver.attlocal.net.main(1)"/>
            </labels>
        </test-case>
        <test-case start="1597994919752" stop="1597994919967" status="passed">
            <name>Verifying_rdp_equals_1_Videos_adCall_USA_Privacy_DoNotSellMyInformation</name>
            <title>Verifying rdp=1 in videos  ad call for USA privacy when Advertising option set to Do Not Sell My Information</title>
            <steps>
                <step start="1597994919752" stop="1597994919752" status="passed">
                    <name>logStep[Verifying rdp=1 in videos  ad call for USA privacy when Advertising option set to Do Not Sell My Information]</name>
                    <title>Verifying rdp=1 in videos  ad call for USA privacy when Advertising option set to Do Not Sell My Information</title>
                    <attachments/>
                    <steps/>
                </step>
                <step start="1597994919950" stop="1597994919950" status="passed">
                    <name>logStep[Verifying RDP keyword in iu=%2F7646%2Fapp_android_us%2Fvideo  ad call url]</name>
                    <title>Verifying RDP keyword in iu=%2F7646%2Fapp_android_us%2Fvideo  ad call url</title>
                    <attachments/>
                    <steps/>
                </step>
                <step start="1597994919967" stop="1597994919967" status="passed">
                    <name>logStep[RDP value for iu=%2F7646%2Fapp_android_us%2Fvideo ad call is 1]</name>
                    <title>RDP value for iu=%2F7646%2Fapp_android_us%2Fvideo ad call is 1</title>
                    <attachments/>
                    <steps/>
                </step>
            </steps>
            <attachments/>
            <labels>
                <label name="testSuite" value="Default suite"/>
                <label name="testGroup" value="Default test"/>
                <label name="testClass" value="twc.Regression.TestCases.USA_Run"/>
                <label name="testMethod" value="Verifying_rdp_equals_1_Videos_adCall_USA_Privacy_DoNotSellMyInformation"/>
                <label name="host" value="iosbuildserver.attlocal.net"/>
                <label name="thread" value="7870@iosbuildserver.attlocal.net.main(1)"/>
            </labels>
        </test-case>
        <test-case start="1597994919752" stop="1597994919967" status="passed">
            <name>Verifying_rdp_equals_1_Videos_adCall_USA_Privacy_DoNotSellMyInformation</name>
            <title>Verifying rdp=1 in videos  ad call for USA privacy when Advertising option set to Do Not Sell My Information</title>
            <steps>
                <step start="1597994919752" stop="1597994919752" status="passed">
                    <name>logStep[Verifying rdp=1 in videos  ad call for USA privacy when Advertising option set to Do Not Sell My Information]</name>
                    <title>Verifying rdp=1 in videos  ad call for USA privacy when Advertising option set to Do Not Sell My Information</title>
                    <attachments/>
                    <steps/>
                </step>
                <step start="1597994919950" stop="1597994919950" status="passed">
                    <name>logStep[Verifying RDP keyword in iu=%2F7646%2Fapp_android_us%2Fvideo  ad call url]</name>
                    <title>Verifying RDP keyword in iu=%2F7646%2Fapp_android_us%2Fvideo  ad call url</title>
                    <attachments/>
                    <steps/>
                </step>
                <step start="1597994919967" stop="1597994919967" status="passed">
                    <name>logStep[RDP value for iu=%2F7646%2Fapp_android_us%2Fvideo ad call is 1]</name>
                    <title>RDP value for iu=%2F7646%2Fapp_android_us%2Fvideo ad call is 1</title>
                    <attachments/>
                    <steps/>
                </step>
            </steps>
            <attachments/>
            <labels>
                <label name="testSuite" value="Default suite"/>
                <label name="testGroup" value="Default test"/>
                <label name="testClass" value="twc.Regression.TestCases.USA_Run"/>
                <label name="testMethod" value="Verifying_rdp_equals_1_Videos_adCall_USA_Privacy_DoNotSellMyInformation"/>
                <label name="host" value="iosbuildserver.attlocal.net"/>
                <label name="thread" value="7870@iosbuildserver.attlocal.net.main(1)"/>
            </labels>
        </test-case>
        <test-case start="1597994919974" stop="1597995295126" status="passed">
            <name>Smoke_Test_Selecting_Optin_mode_scenario</name>
            <title>Selecting the  Standard Advertising Settings  in the privacy card</title>
            <steps>
                <step start="1597994919974" stop="1597994919974" status="passed">
                    <name>logStep[Selecting the Standard Advertising Settings  in the privacy card]</name>
                    <title>Selecting the Standard Advertising Settings  in the privacy card</title>
                    <attachments/>
                    <steps/>
                </step>
                <step start="1597995068531" stop="1597995068531" status="passed">
                    <name>logStep[privacy card is  presenred on the screen]</name>
                    <title>privacy card is  presenred on the screen</title>
                    <attachments/>
                    <steps/>
                </step>
                <step start="1597995068531" stop="1597995068531" status="passed">
                    <name>logStep[Clicking privacy arrow button]</name>
                    <title>Clicking privacy arrow button</title>
                    <attachments/>
                    <steps/>
                </step>
                <step start="1597995215099" stop="1597995215099" status="passed">
                    <name>logStep[Selecting  Opt in  mode option in privacy card]</name>
                    <title>Selecting  Opt in  mode option in privacy card</title>
                    <attachments/>
                    <steps/>
                </step>
                <step start="1597995275557" stop="1597995275557" status="passed">
                    <name>logStep[Url :http://control.charles/session/clear Responded with status code : 200]</name>
                    <title>Url :http://control.charles/session/clear Responded with status code : 200</title>
                    <attachments/>
                    <steps/>
                </step>
                <step start="1597995295126" stop="1597995295126" status="passed">
                    <name>logStep[Url :http://control.charles/session/clear Responded with status code : 200]</name>
                    <title>Url :http://control.charles/session/clear Responded with status code : 200</title>
                    <attachments/>
                    <steps/>
                </step>
            </steps>
            <attachments/>
            <labels>
                <label name="testSuite" value="Default suite"/>
                <label name="testGroup" value="Default test"/>
                <label name="testClass" value="twc.Regression.TestCases.USA_Run"/>
                <label name="testMethod" value="Smoke_Test_Selecting_Optin_mode_scenario"/>
                <label name="host" value="iosbuildserver.attlocal.net"/>
                <label name="thread" value="7870@iosbuildserver.attlocal.net.main(1)"/>
            </labels>
        </test-case>
        <test-case start="1597994919974" stop="1597995295126" status="passed">
            <name>Smoke_Test_Selecting_Optin_mode_scenario</name>
            <title>Selecting the  Standard Advertising Settings  in the privacy card</title>
            <steps>
                <step start="1597994919974" stop="1597994919974" status="passed">
                    <name>logStep[Selecting the Standard Advertising Settings  in the privacy card]</name>
                    <title>Selecting the Standard Advertising Settings  in the privacy card</title>
                    <attachments/>
                    <steps/>
                </step>
                <step start="1597995068531" stop="1597995068531" status="passed">
                    <name>logStep[privacy card is  presenred on the screen]</name>
                    <title>privacy card is  presenred on the screen</title>
                    <attachments/>
                    <steps/>
                </step>
                <step start="1597995068531" stop="1597995068531" status="passed">
                    <name>logStep[Clicking privacy arrow button]</name>
                    <title>Clicking privacy arrow button</title>
                    <attachments/>
                    <steps/>
                </step>
                <step start="1597995215099" stop="1597995215099" status="passed">
                    <name>logStep[Selecting  Opt in  mode option in privacy card]</name>
                    <title>Selecting  Opt in  mode option in privacy card</title>
                    <attachments/>
                    <steps/>
                </step>
                <step start="1597995275557" stop="1597995275557" status="passed">
                    <name>logStep[Url :http://control.charles/session/clear Responded with status code : 200]</name>
                    <title>Url :http://control.charles/session/clear Responded with status code : 200</title>
                    <attachments/>
                    <steps/>
                </step>
                <step start="1597995295126" stop="1597995295126" status="passed">
                    <name>logStep[Url :http://control.charles/session/clear Responded with status code : 200]</name>
                    <title>Url :http://control.charles/session/clear Responded with status code : 200</title>
                    <attachments/>
                    <steps/>
                </step>
            </steps>
            <attachments/>
            <labels>
                <label name="testSuite" value="Default suite"/>
                <label name="testGroup" value="Default test"/>
                <label name="testClass" value="twc.Regression.TestCases.USA_Run"/>
                <label name="testMethod" value="Smoke_Test_Selecting_Optin_mode_scenario"/>
                <label name="host" value="iosbuildserver.attlocal.net"/>
                <label name="thread" value="7870@iosbuildserver.attlocal.net.main(1)"/>
            </labels>
        </test-case>
        <test-case start="1597995295136" stop="1597995345800" status="passed">
            <name>Verifying_Loatme_bcpcrwdcntrlnet_apiCall_presence_USA_Privacy_StandardAdvertisingSettings</name>
            <title>Verifying Lotame bcp.crwdcntrl.net api call presence for USA privacy when Advertising option set to Standard Advertising Settings</title>
            <steps>
                <step start="1597995295136" stop="1597995295136" status="passed">
                    <name>logStep[Verifying Lotame bcp.crwdcntrl.net api call presence for USA privacy when Advertising option set to Standard Adv...]</name>
                    <title>Verifying Lotame bcp.crwdcntrl.net api call presence for USA privacy when Advertising option set to Standard Advertising...</title>
                    <attachments/>
                    <steps/>
                </step>
                <step start="1597995295141" stop="1597995295141" status="passed">
                    <name>logStep[Url :http://control.charles/session/clear Responded with status code : 200]</name>
                    <title>Url :http://control.charles/session/clear Responded with status code : 200</title>
                    <attachments/>
                    <steps/>
                </step>
                <step start="1597995340115" stop="1597995340115" status="passed">
                    <name>logStep[maps element clicked]</name>
                    <title>maps element clicked</title>
                    <attachments/>
                    <steps/>
                </step>
                <step start="1597995345286" stop="1597995345286" status="passed">
                    <name>logStep[Videos element clicked]</name>
                    <title>Videos element clicked</title>
                    <attachments/>
                    <steps/>
                </step>
                <step start="1597995345293" stop="1597995345293" status="passed">
                    <name>logStep[Charles Download path is: /Users/jenkins/Documents/projects/AndroidPrivacy/CapturedSessionFile/]</name>
                    <title>Charles Download path is: /Users/jenkins/Documents/projects/AndroidPrivacy/CapturedSessionFile/</title>
                    <attachments/>
                    <steps/>
                </step>
                <step start="1597995345293" stop="1597995345293" status="passed">
                    <name>logStep[To be saved file: /Users/jenkins/Documents/projects/AndroidPrivacy/CapturedSessionFile/Charles20200821033545.chl...]</name>
                    <title>To be saved file: /Users/jenkins/Documents/projects/AndroidPrivacy/CapturedSessionFile/Charles20200821033545.chlsx</title>
                    <attachments/>
                    <steps/>
                </step>
                <step start="1597995345294" stop="1597995345294" status="passed">
                    <name>logStep[Create new file that is empty and writable]</name>
                    <title>Create new file that is empty and writable</title>
                    <attachments/>
                    <steps/>
                </step>
                <step start="1597995345294" stop="1597995345294" status="passed">
                    <name>logStep[Downloading Charles HAR file to: /Users/jenkins/Documents/projects/AndroidPrivacy/CapturedSessionFile/Charles202...]</name>
                    <title>Downloading Charles HAR file to: /Users/jenkins/Documents/projects/AndroidPrivacy/CapturedSessionFile/Charles20200821033...</title>
                    <attachments/>
                    <steps/>
                </step>
                <step start="1597995345641" stop="1597995345641" status="passed">
                    <name>logStep[File download complete]</name>
                    <title>File download complete</title>
                    <attachments/>
                    <steps/>
                </step>
                <step start="1597995345642" stop="1597995345642" status="passed">
                    <name>logStep[Har file size (mb): 18.830625]</name>
                    <title>Har file size (mb): 18.830625</title>
                    <attachments/>
                    <steps/>
                </step>
                <step start="1597995345799" stop="1597995345799" status="passed">
                    <name>logStep[Verifying for https://bcp.crwdcntrl.net url ]</name>
                    <title>Verifying for https://bcp.crwdcntrl.net url </title>
                    <attachments/>
                    <steps/>
                </step>
                <step start="1597995345800" stop="1597995345800" status="passed">
                    <name>logStep[https://bcp.crwdcntrl.net/ url was trigred]</name>
                    <title>https://bcp.crwdcntrl.net/ url was trigred</title>
                    <attachments/>
                    <steps/>
                </step>
            </steps>
            <attachments/>
            <labels>
                <label name="testSuite" value="Default suite"/>
                <label name="testGroup" value="Default test"/>
                <label name="testClass" value="twc.Regression.TestCases.USA_Run"/>
                <label name="testMethod" value="Verifying_Loatme_bcpcrwdcntrlnet_apiCall_presence_USA_Privacy_StandardAdvertisingSettings"/>
                <label name="host" value="iosbuildserver.attlocal.net"/>
                <label name="thread" value="7870@iosbuildserver.attlocal.net.main(1)"/>
            </labels>
        </test-case>
        <test-case start="1597995295136" stop="1597995345800" status="passed">
            <name>Verifying_Loatme_bcpcrwdcntrlnet_apiCall_presence_USA_Privacy_StandardAdvertisingSettings</name>
            <title>Verifying Lotame bcp.crwdcntrl.net api call presence for USA privacy when Advertising option set to Standard Advertising Settings</title>
            <steps>
                <step start="1597995295136" stop="1597995295136" status="passed">
                    <name>logStep[Verifying Lotame bcp.crwdcntrl.net api call presence for USA privacy when Advertising option set to Standard Adv...]</name>
                    <title>Verifying Lotame bcp.crwdcntrl.net api call presence for USA privacy when Advertising option set to Standard Advertising...</title>
                    <attachments/>
                    <steps/>
                </step>
                <step start="1597995295141" stop="1597995295141" status="passed">
                    <name>logStep[Url :http://control.charles/session/clear Responded with status code : 200]</name>
                    <title>Url :http://control.charles/session/clear Responded with status code : 200</title>
                    <attachments/>
                    <steps/>
                </step>
                <step start="1597995340115" stop="1597995340115" status="passed">
                    <name>logStep[maps element clicked]</name>
                    <title>maps element clicked</title>
                    <attachments/>
                    <steps/>
                </step>
                <step start="1597995345286" stop="1597995345286" status="passed">
                    <name>logStep[Videos element clicked]</name>
                    <title>Videos element clicked</title>
                    <attachments/>
                    <steps/>
                </step>
                <step start="1597995345293" stop="1597995345293" status="passed">
                    <name>logStep[Charles Download path is: /Users/jenkins/Documents/projects/AndroidPrivacy/CapturedSessionFile/]</name>
                    <title>Charles Download path is: /Users/jenkins/Documents/projects/AndroidPrivacy/CapturedSessionFile/</title>
                    <attachments/>
                    <steps/>
                </step>
                <step start="1597995345293" stop="1597995345293" status="passed">
                    <name>logStep[To be saved file: /Users/jenkins/Documents/projects/AndroidPrivacy/CapturedSessionFile/Charles20200821033545.chl...]</name>
                    <title>To be saved file: /Users/jenkins/Documents/projects/AndroidPrivacy/CapturedSessionFile/Charles20200821033545.chlsx</title>
                    <attachments/>
                    <steps/>
                </step>
                <step start="1597995345294" stop="1597995345294" status="passed">
                    <name>logStep[Create new file that is empty and writable]</name>
                    <title>Create new file that is empty and writable</title>
                    <attachments/>
                    <steps/>
                </step>
                <step start="1597995345294" stop="1597995345294" status="passed">
                    <name>logStep[Downloading Charles HAR file to: /Users/jenkins/Documents/projects/AndroidPrivacy/CapturedSessionFile/Charles202...]</name>
                    <title>Downloading Charles HAR file to: /Users/jenkins/Documents/projects/AndroidPrivacy/CapturedSessionFile/Charles20200821033...</title>
                    <attachments/>
                    <steps/>
                </step>
                <step start="1597995345641" stop="1597995345641" status="passed">
                    <name>logStep[File download complete]</name>
                    <title>File download complete</title>
                    <attachments/>
                    <steps/>
                </step>
                <step start="1597995345642" stop="1597995345642" status="passed">
                    <name>logStep[Har file size (mb): 18.830625]</name>
                    <title>Har file size (mb): 18.830625</title>
                    <attachments/>
                    <steps/>
                </step>
                <step start="1597995345799" stop="1597995345799" status="passed">
                    <name>logStep[Verifying for https://bcp.crwdcntrl.net url ]</name>
                    <title>Verifying for https://bcp.crwdcntrl.net url </title>
                    <attachments/>
                    <steps/>
                </step>
                <step start="1597995345800" stop="1597995345800" status="passed">
                    <name>logStep[https://bcp.crwdcntrl.net/ url was trigred]</name>
                    <title>https://bcp.crwdcntrl.net/ url was trigred</title>
                    <attachments/>
                    <steps/>
                </step>
            </steps>
            <attachments/>
            <labels>
                <label name="testSuite" value="Default suite"/>
                <label name="testGroup" value="Default test"/>
                <label name="testClass" value="twc.Regression.TestCases.USA_Run"/>
                <label name="testMethod" value="Verifying_Loatme_bcpcrwdcntrlnet_apiCall_presence_USA_Privacy_StandardAdvertisingSettings"/>
                <label name="host" value="iosbuildserver.attlocal.net"/>
                <label name="thread" value="7870@iosbuildserver.attlocal.net.main(1)"/>
            </labels>
        </test-case>
        <test-case start="1597995345817" stop="1597995383774" status="failed">
            <name>Verifying_Factual_locationwfxtriggerscom_apiCall_presence_USA_Privacy_StandardAdvertisingSettings</name>
            <title>Verifying Factual location.wfxtriggers.com api call presence for USA privacy when Advertising option set to Standard Advertising Settings</title>
            <failure>
                <message>AssertionError: https://location.wfxtriggers.com url was not trigred</message>
                <stack-trace>java.lang.AssertionError: https://location.wfxtriggers.com url was not trigred
	at org.testng.Assert.fail(Assert.java:94)
	at twc.Regression.General.Functions.validating_Fatualcall_privacy_Optinmode_scenarion(Functions.java:3934)
	at twc.Regression.TestCases.USA_Run.Verifying_Factual_locationwfxtriggerscom_apiCall_presence_USA_Privacy_StandardAdvertisingSettings(USA_Run.java:397)
	at sun.reflect.NativeMethodAccessorImpl.invoke0(Native Method)
	at sun.reflect.NativeMethodAccessorImpl.invoke(NativeMethodAccessorImpl.java:62)
	at sun.reflect.DelegatingMethodAccessorImpl.invoke(DelegatingMethodAccessorImpl.java:43)
	at java.lang.reflect.Method.invoke(Method.java:498)
	at org.testng.internal.MethodInvocationHelper.invokeMethod(MethodInvocationHelper.java:85)
	at org.testng.internal.Invoker.invokeMethod(Invoker.java:659)
	at org.testng.internal.Invoker.invokeTestMethod(Invoker.java:845)
	at org.testng.internal.Invoker.invokeTestMethods(Invoker.java:1153)
	at org.testng.internal.TestMethodWorker.invokeTestMethods(TestMethodWorker.java:125)
	at org.testng.internal.TestMethodWorker.run(TestMethodWorker.java:108)
	at org.testng.TestRunner.privateRun(TestRunner.java:771)
	at org.testng.TestRunner.run(TestRunner.java:621)
	at org.testng.SuiteRunner.runTest(SuiteRunner.java:357)
	at org.testng.SuiteRunner.runSequentially(SuiteRunner.java:352)
	at org.testng.SuiteRunner.privateRun(SuiteRunner.java:310)
	at org.testng.SuiteRunner.run(SuiteRunner.java:259)
	at org.testng.SuiteRunnerWorker.runSuite(SuiteRunnerWorker.java:52)
	at org.testng.SuiteRunnerWorker.run(SuiteRunnerWorker.java:86)
	at org.testng.TestNG.runSuitesSequentially(TestNG.java:1199)
	at org.testng.TestNG.runSuitesLocally(TestNG.java:1124)
	at org.testng.TestNG.run(TestNG.java:1032)
	at org.testng.remote.AbstractRemoteTestNG.run(AbstractRemoteTestNG.java:132)
	at org.testng.remote.RemoteTestNG.initAndRun(RemoteTestNG.java:236)
	at org.testng.remote.RemoteTestNG.main(RemoteTestNG.java:81)
</stack-trace>
            </failure>
            <steps>
                <step start="1597995345817" stop="1597995345817" status="passed">
                    <name>logStep[Verifying Factual location.wfxtriggers.com api call presence for USA privacy when Advertising option set to Stan...]</name>
                    <title>Verifying Factual location.wfxtriggers.com api call presence for USA privacy when Advertising option set to Standard Adv...</title>
                </step>
                <step start="1597995383732" stop="1597995383732" status="passed">
                    <name>logStep[Verifying forlocation.wfxtriggers.com url ]</name>
                    <title>Verifying forlocation.wfxtriggers.com url </title>
                </step>
                <step start="1597995383768" stop="1597995383768" status="passed">
                    <name>logStep[https://location.wfxtriggers.com url was not trigred]</name>
                    <title>https://location.wfxtriggers.com url was not trigred</title>
                </step>
            </steps>
            <attachments/>
            <labels>
                <label name="testSuite" value="Default suite"/>
                <label name="testGroup" value="Default test"/>
                <label name="testClass" value="twc.Regression.TestCases.USA_Run"/>
                <label name="testMethod" value="Verifying_Factual_locationwfxtriggerscom_apiCall_presence_USA_Privacy_StandardAdvertisingSettings"/>
                <label name="host" value="iosbuildserver.attlocal.net"/>
                <label name="thread" value="7870@iosbuildserver.attlocal.net.main(1)"/>
            </labels>
        </test-case>
        <test-case start="1597995345817" stop="1597995383774" status="failed">
            <name>Verifying_Factual_locationwfxtriggerscom_apiCall_presence_USA_Privacy_StandardAdvertisingSettings</name>
            <title>Verifying Factual location.wfxtriggers.com api call presence for USA privacy when Advertising option set to Standard Advertising Settings</title>
            <failure>
                <message>AssertionError: https://location.wfxtriggers.com url was not trigred</message>
                <stack-trace>java.lang.AssertionError: https://location.wfxtriggers.com url was not trigred
	at org.testng.Assert.fail(Assert.java:94)
	at twc.Regression.General.Functions.validating_Fatualcall_privacy_Optinmode_scenarion(Functions.java:3934)
	at twc.Regression.TestCases.USA_Run.Verifying_Factual_locationwfxtriggerscom_apiCall_presence_USA_Privacy_StandardAdvertisingSettings(USA_Run.java:397)
	at sun.reflect.NativeMethodAccessorImpl.invoke0(Native Method)
	at sun.reflect.NativeMethodAccessorImpl.invoke(NativeMethodAccessorImpl.java:62)
	at sun.reflect.DelegatingMethodAccessorImpl.invoke(DelegatingMethodAccessorImpl.java:43)
	at java.lang.reflect.Method.invoke(Method.java:498)
	at org.testng.internal.MethodInvocationHelper.invokeMethod(MethodInvocationHelper.java:85)
	at org.testng.internal.Invoker.invokeMethod(Invoker.java:659)
	at org.testng.internal.Invoker.invokeTestMethod(Invoker.java:845)
	at org.testng.internal.Invoker.invokeTestMethods(Invoker.java:1153)
	at org.testng.internal.TestMethodWorker.invokeTestMethods(TestMethodWorker.java:125)
	at org.testng.internal.TestMethodWorker.run(TestMethodWorker.java:108)
	at org.testng.TestRunner.privateRun(TestRunner.java:771)
	at org.testng.TestRunner.run(TestRunner.java:621)
	at org.testng.SuiteRunner.runTest(SuiteRunner.java:357)
	at org.testng.SuiteRunner.runSequentially(SuiteRunner.java:352)
	at org.testng.SuiteRunner.privateRun(SuiteRunner.java:310)
	at org.testng.SuiteRunner.run(SuiteRunner.java:259)
	at org.testng.SuiteRunnerWorker.runSuite(SuiteRunnerWorker.java:52)
	at org.testng.SuiteRunnerWorker.run(SuiteRunnerWorker.java:86)
	at org.testng.TestNG.runSuitesSequentially(TestNG.java:1199)
	at org.testng.TestNG.runSuitesLocally(TestNG.java:1124)
	at org.testng.TestNG.run(TestNG.java:1032)
	at org.testng.remote.AbstractRemoteTestNG.run(AbstractRemoteTestNG.java:132)
	at org.testng.remote.RemoteTestNG.initAndRun(RemoteTestNG.java:236)
	at org.testng.remote.RemoteTestNG.main(RemoteTestNG.java:81)
</stack-trace>
            </failure>
            <steps>
                <step start="1597995345817" stop="1597995345817" status="passed">
                    <name>logStep[Verifying Factual location.wfxtriggers.com api call presence for USA privacy when Advertising option set to Stan...]</name>
                    <title>Verifying Factual location.wfxtriggers.com api call presence for USA privacy when Advertising option set to Standard Adv...</title>
                </step>
                <step start="1597995383732" stop="1597995383732" status="passed">
                    <name>logStep[Verifying forlocation.wfxtriggers.com url ]</name>
                    <title>Verifying forlocation.wfxtriggers.com url </title>
                </step>
                <step start="1597995383768" stop="1597995383768" status="passed">
                    <name>logStep[https://location.wfxtriggers.com url was not trigred]</name>
                    <title>https://location.wfxtriggers.com url was not trigred</title>
                </step>
            </steps>
            <attachments/>
            <labels>
                <label name="testSuite" value="Default suite"/>
                <label name="testGroup" value="Default test"/>
                <label name="testClass" value="twc.Regression.TestCases.USA_Run"/>
                <label name="testMethod" value="Verifying_Factual_locationwfxtriggerscom_apiCall_presence_USA_Privacy_StandardAdvertisingSettings"/>
                <label name="host" value="iosbuildserver.attlocal.net"/>
                <label name="thread" value="7870@iosbuildserver.attlocal.net.main(1)"/>
            </labels>
        </test-case>
        <test-case start="1597995383786" stop="1597995383879" status="passed">
            <name>Verifying_presence_amazon_Slotid_homescreenhourly_preload_adcall_USA_Privacy_StandardAdvertisingSettings</name>
            <title>Verifying presence amazon slotid for  home screen hourly preload ad call  USA privacy when Advertising option set to Standard Advertising Settings</title>
            <steps>
                <step start="1597995383786" stop="1597995383786" status="passed">
                    <name>logStep[Verifying presence amazon slotid for  home screen hourly preload ad call  USA privacy when Advertising option se...]</name>
                    <title>Verifying presence amazon slotid for  home screen hourly preload ad call  USA privacy when Advertising option set to Sta...</title>
                    <attachments/>
                    <steps/>
                </step>
                <step start="1597995383878" stop="1597995383879" status="passed">
                    <name>logStep[slot id: 869c843c-7cf8-47ae-b6ed-088057e4bc8a is present]</name>
                    <title>slot id: 869c843c-7cf8-47ae-b6ed-088057e4bc8a is present</title>
                    <attachments/>
                    <steps/>
                </step>
            </steps>
            <attachments/>
            <labels>
                <label name="testSuite" value="Default suite"/>
                <label name="testGroup" value="Default test"/>
                <label name="testClass" value="twc.Regression.TestCases.USA_Run"/>
                <label name="testMethod" value="Verifying_presence_amazon_Slotid_homescreenhourly_preload_adcall_USA_Privacy_StandardAdvertisingSettings"/>
                <label name="host" value="iosbuildserver.attlocal.net"/>
                <label name="thread" value="7870@iosbuildserver.attlocal.net.main(1)"/>
            </labels>
        </test-case>
        <test-case start="1597995383786" stop="1597995383879" status="passed">
            <name>Verifying_presence_amazon_Slotid_homescreenhourly_preload_adcall_USA_Privacy_StandardAdvertisingSettings</name>
            <title>Verifying presence amazon slotid for  home screen hourly preload ad call  USA privacy when Advertising option set to Standard Advertising Settings</title>
            <steps>
                <step start="1597995383786" stop="1597995383786" status="passed">
                    <name>logStep[Verifying presence amazon slotid for  home screen hourly preload ad call  USA privacy when Advertising option se...]</name>
                    <title>Verifying presence amazon slotid for  home screen hourly preload ad call  USA privacy when Advertising option set to Sta...</title>
                    <attachments/>
                    <steps/>
                </step>
                <step start="1597995383878" stop="1597995383879" status="passed">
                    <name>logStep[slot id: 869c843c-7cf8-47ae-b6ed-088057e4bc8a is present]</name>
                    <title>slot id: 869c843c-7cf8-47ae-b6ed-088057e4bc8a is present</title>
                    <attachments/>
                    <steps/>
                </step>
            </steps>
            <attachments/>
            <labels>
                <label name="testSuite" value="Default suite"/>
                <label name="testGroup" value="Default test"/>
                <label name="testClass" value="twc.Regression.TestCases.USA_Run"/>
                <label name="testMethod" value="Verifying_presence_amazon_Slotid_homescreenhourly_preload_adcall_USA_Privacy_StandardAdvertisingSettings"/>
                <label name="host" value="iosbuildserver.attlocal.net"/>
                <label name="thread" value="7870@iosbuildserver.attlocal.net.main(1)"/>
            </labels>
        </test-case>
        <test-case start="1597995383881" stop="1597995384087" status="passed">
            <name>Verifying_presence_amazon_Slotid_feed1_preroladcall_USA_Privacy_StandardAdvertisingSettings</name>
            <title>Verifying presence amazon SlotId for  feed1 preload ad call  USA privacy when Advertising option set to Standard Advertising Settings</title>
            <steps>
                <step start="1597995383881" stop="1597995383881" status="passed">
                    <name>logStep[Verifying presence amazon SlotId for  feed1 preload ad call  USA privacy when Advertising option set to Standard...]</name>
                    <title>Verifying presence amazon SlotId for  feed1 preload ad call  USA privacy when Advertising option set to Standard Adverti...</title>
                    <attachments/>
                    <steps/>
                </step>
                <step start="1597995384087" stop="1597995384087" status="passed">
                    <name>logStep[slot id: f4b66249-b6eb-4155-9d90-1e2b04487c99 is present]</name>
                    <title>slot id: f4b66249-b6eb-4155-9d90-1e2b04487c99 is present</title>
                    <attachments/>
                    <steps/>
                </step>
            </steps>
            <attachments/>
            <labels>
                <label name="testSuite" value="Default suite"/>
                <label name="testGroup" value="Default test"/>
                <label name="testClass" value="twc.Regression.TestCases.USA_Run"/>
                <label name="testMethod" value="Verifying_presence_amazon_Slotid_feed1_preroladcall_USA_Privacy_StandardAdvertisingSettings"/>
                <label name="host" value="iosbuildserver.attlocal.net"/>
                <label name="thread" value="7870@iosbuildserver.attlocal.net.main(1)"/>
            </labels>
        </test-case>
        <test-case start="1597995383881" stop="1597995384087" status="passed">
            <name>Verifying_presence_amazon_Slotid_feed1_preroladcall_USA_Privacy_StandardAdvertisingSettings</name>
            <title>Verifying presence amazon SlotId for  feed1 preload ad call  USA privacy when Advertising option set to Standard Advertising Settings</title>
            <steps>
                <step start="1597995383881" stop="1597995383881" status="passed">
                    <name>logStep[Verifying presence amazon SlotId for  feed1 preload ad call  USA privacy when Advertising option set to Standard...]</name>
                    <title>Verifying presence amazon SlotId for  feed1 preload ad call  USA privacy when Advertising option set to Standard Adverti...</title>
                    <attachments/>
                    <steps/>
                </step>
                <step start="1597995384087" stop="1597995384087" status="passed">
                    <name>logStep[slot id: f4b66249-b6eb-4155-9d90-1e2b04487c99 is present]</name>
                    <title>slot id: f4b66249-b6eb-4155-9d90-1e2b04487c99 is present</title>
                    <attachments/>
                    <steps/>
                </step>
            </steps>
            <attachments/>
            <labels>
                <label name="testSuite" value="Default suite"/>
                <label name="testGroup" value="Default test"/>
                <label name="testClass" value="twc.Regression.TestCases.USA_Run"/>
                <label name="testMethod" value="Verifying_presence_amazon_Slotid_feed1_preroladcall_USA_Privacy_StandardAdvertisingSettings"/>
                <label name="host" value="iosbuildserver.attlocal.net"/>
                <label name="thread" value="7870@iosbuildserver.attlocal.net.main(1)"/>
            </labels>
        </test-case>
        <test-case start="1597995384092" stop="1597995384177" status="passed">
            <name>Verifying_presence_amazon_Slotid_feed2_preroladcall_USA_Privacy_StandardAdvertisingSettings</name>
            <title>Verifying presence amazon SlotId for feed2 prerload ad call  USA privacy when Advertising option set to  Standard Advertising Settings</title>
            <steps>
                <step start="1597995384092" stop="1597995384092" status="passed">
                    <name>logStep[Verifying presennce amazon SlotId for feed2 prerload ad call  USA privacy when Advertising option set to  Standa...]</name>
                    <title>Verifying presennce amazon SlotId for feed2 prerload ad call  USA privacy when Advertising option set to  Standard Adver...</title>
                    <attachments/>
                    <steps/>
                </step>
                <step start="1597995384177" stop="1597995384177" status="passed">
                    <name>logStep[slot id: 752a96eb-3198-4991-b572-17ec04883b6c is present]</name>
                    <title>slot id: 752a96eb-3198-4991-b572-17ec04883b6c is present</title>
                    <attachments/>
                    <steps/>
                </step>
            </steps>
            <attachments/>
            <labels>
                <label name="testSuite" value="Default suite"/>
                <label name="testGroup" value="Default test"/>
                <label name="testClass" value="twc.Regression.TestCases.USA_Run"/>
                <label name="testMethod" value="Verifying_presence_amazon_Slotid_feed2_preroladcall_USA_Privacy_StandardAdvertisingSettings"/>
                <label name="host" value="iosbuildserver.attlocal.net"/>
                <label name="thread" value="7870@iosbuildserver.attlocal.net.main(1)"/>
            </labels>
        </test-case>
        <test-case start="1597995384092" stop="1597995384177" status="passed">
            <name>Verifying_presence_amazon_Slotid_feed2_preroladcall_USA_Privacy_StandardAdvertisingSettings</name>
            <title>Verifying presence amazon SlotId for feed2 prerload ad call  USA privacy when Advertising option set to  Standard Advertising Settings</title>
            <steps>
                <step start="1597995384092" stop="1597995384092" status="passed">
                    <name>logStep[Verifying presennce amazon SlotId for feed2 prerload ad call  USA privacy when Advertising option set to  Standa...]</name>
                    <title>Verifying presennce amazon SlotId for feed2 prerload ad call  USA privacy when Advertising option set to  Standard Adver...</title>
                    <attachments/>
                    <steps/>
                </step>
                <step start="1597995384177" stop="1597995384177" status="passed">
                    <name>logStep[slot id: 752a96eb-3198-4991-b572-17ec04883b6c is present]</name>
                    <title>slot id: 752a96eb-3198-4991-b572-17ec04883b6c is present</title>
                    <attachments/>
                    <steps/>
                </step>
            </steps>
            <attachments/>
            <labels>
                <label name="testSuite" value="Default suite"/>
                <label name="testGroup" value="Default test"/>
                <label name="testClass" value="twc.Regression.TestCases.USA_Run"/>
                <label name="testMethod" value="Verifying_presence_amazon_Slotid_feed2_preroladcall_USA_Privacy_StandardAdvertisingSettings"/>
                <label name="host" value="iosbuildserver.attlocal.net"/>
                <label name="thread" value="7870@iosbuildserver.attlocal.net.main(1)"/>
            </labels>
        </test-case>
        <test-case start="1597995384179" stop="1597995384278" status="passed">
            <name>Verifying_presence_amazon_Slotid_Hourlydetails_preload_adcall_USA_Privacy_StandardAdvertisingSettings</name>
            <title>Verifying presence amazon SlotId for  hourly details preload ad call  USA privacy when Advertising option set to Standard Advertising Settings</title>
            <steps>
                <step start="1597995384180" stop="1597995384180" status="passed">
                    <name>logStep[Verifying presence amazon SlotId for  hourly details preload ad call  USA privacy when Advertising option set to...]</name>
                    <title>Verifying presence amazon SlotId for  hourly details preload ad call  USA privacy when Advertising option set to Standar...</title>
                    <attachments/>
                    <steps/>
                </step>
                <step start="1597995384278" stop="1597995384278" status="passed">
                    <name>logStep[slot id: 9be28769-4207-4d51-8063-dc8e645383b2 is present]</name>
                    <title>slot id: 9be28769-4207-4d51-8063-dc8e645383b2 is present</title>
                    <attachments/>
                    <steps/>
                </step>
            </steps>
            <attachments/>
            <labels>
                <label name="testSuite" value="Default suite"/>
                <label name="testGroup" value="Default test"/>
                <label name="testClass" value="twc.Regression.TestCases.USA_Run"/>
                <label name="testMethod" value="Verifying_presence_amazon_Slotid_Hourlydetails_preload_adcall_USA_Privacy_StandardAdvertisingSettings"/>
                <label name="host" value="iosbuildserver.attlocal.net"/>
                <label name="thread" value="7870@iosbuildserver.attlocal.net.main(1)"/>
            </labels>
        </test-case>
        <test-case start="1597995384179" stop="1597995384278" status="passed">
            <name>Verifying_presence_amazon_Slotid_Hourlydetails_preload_adcall_USA_Privacy_StandardAdvertisingSettings</name>
            <title>Verifying presence amazon SlotId for  hourly details preload ad call  USA privacy when Advertising option set to Standard Advertising Settings</title>
            <steps>
                <step start="1597995384180" stop="1597995384180" status="passed">
                    <name>logStep[Verifying presence amazon SlotId for  hourly details preload ad call  USA privacy when Advertising option set to...]</name>
                    <title>Verifying presence amazon SlotId for  hourly details preload ad call  USA privacy when Advertising option set to Standar...</title>
                    <attachments/>
                    <steps/>
                </step>
                <step start="1597995384278" stop="1597995384278" status="passed">
                    <name>logStep[slot id: 9be28769-4207-4d51-8063-dc8e645383b2 is present]</name>
                    <title>slot id: 9be28769-4207-4d51-8063-dc8e645383b2 is present</title>
                    <attachments/>
                    <steps/>
                </step>
            </steps>
            <attachments/>
            <labels>
                <label name="testSuite" value="Default suite"/>
                <label name="testGroup" value="Default test"/>
                <label name="testClass" value="twc.Regression.TestCases.USA_Run"/>
                <label name="testMethod" value="Verifying_presence_amazon_Slotid_Hourlydetails_preload_adcall_USA_Privacy_StandardAdvertisingSettings"/>
                <label name="host" value="iosbuildserver.attlocal.net"/>
                <label name="thread" value="7870@iosbuildserver.attlocal.net.main(1)"/>
            </labels>
        </test-case>
        <test-case start="1597995384281" stop="1597995384392" status="passed">
            <name>Verifying_presence_amazon_Slotid_Hourly1_bigaddetails_preload_adcall_USA_Privacy_StandardAdvertisingSettings</name>
            <title>Verifying presence amazon SlotId for  hourly1 details big ad  preload call USA privacy when Advertising option set to  Standard Advertising Settings</title>
            <steps>
                <step start="1597995384392" stop="1597995384392" status="passed">
                    <name>logStep[slot id: 08f0ccea-cab5-449c-963d-dc57ed9ee87d is present]</name>
                    <title>slot id: 08f0ccea-cab5-449c-963d-dc57ed9ee87d is present</title>
                    <attachments/>
                    <steps/>
                </step>
            </steps>
            <attachments/>
            <labels>
                <label name="testSuite" value="Default suite"/>
                <label name="testGroup" value="Default test"/>
                <label name="testClass" value="twc.Regression.TestCases.USA_Run"/>
                <label name="testMethod" value="Verifying_presence_amazon_Slotid_Hourly1_bigaddetails_preload_adcall_USA_Privacy_StandardAdvertisingSettings"/>
                <label name="host" value="iosbuildserver.attlocal.net"/>
                <label name="thread" value="7870@iosbuildserver.attlocal.net.main(1)"/>
            </labels>
        </test-case>
        <test-case start="1597995384281" stop="1597995384392" status="passed">
            <name>Verifying_presence_amazon_Slotid_Hourly1_bigaddetails_preload_adcall_USA_Privacy_StandardAdvertisingSettings</name>
            <title>Verifying presence amazon SlotId for  hourly1 details big ad  preload call USA privacy when Advertising option set to  Standard Advertising Settings</title>
            <steps>
                <step start="1597995384392" stop="1597995384392" status="passed">
                    <name>logStep[slot id: 08f0ccea-cab5-449c-963d-dc57ed9ee87d is present]</name>
                    <title>slot id: 08f0ccea-cab5-449c-963d-dc57ed9ee87d is present</title>
                    <attachments/>
                    <steps/>
                </step>
            </steps>
            <attachments/>
            <labels>
                <label name="testSuite" value="Default suite"/>
                <label name="testGroup" value="Default test"/>
                <label name="testClass" value="twc.Regression.TestCases.USA_Run"/>
                <label name="testMethod" value="Verifying_presence_amazon_Slotid_Hourly1_bigaddetails_preload_adcall_USA_Privacy_StandardAdvertisingSettings"/>
                <label name="host" value="iosbuildserver.attlocal.net"/>
                <label name="thread" value="7870@iosbuildserver.attlocal.net.main(1)"/>
            </labels>
        </test-case>
        <test-case start="1597995384395" stop="1597995384484" status="passed">
            <name>Verifying_presence_amazon_Slotid_Hourly2_bigaddetails_preload_adcall_USA_Privacy_StandardAdvertisingSettings</name>
            <title>Verifying presence amazon SlotId for  hourly2 details big ad  preload call  USA privacy when Advertising option set to  Standard Advertising Settings</title>
            <steps>
                <step start="1597995384484" stop="1597995384484" status="passed">
                    <name>logStep[slot id: 08f0ccea-cab5-449c-963d-dc57ed9ee87d is present]</name>
                    <title>slot id: 08f0ccea-cab5-449c-963d-dc57ed9ee87d is present</title>
                    <attachments/>
                    <steps/>
                </step>
            </steps>
            <attachments/>
            <labels>
                <label name="testSuite" value="Default suite"/>
                <label name="testGroup" value="Default test"/>
                <label name="testClass" value="twc.Regression.TestCases.USA_Run"/>
                <label name="testMethod" value="Verifying_presence_amazon_Slotid_Hourly2_bigaddetails_preload_adcall_USA_Privacy_StandardAdvertisingSettings"/>
                <label name="host" value="iosbuildserver.attlocal.net"/>
                <label name="thread" value="7870@iosbuildserver.attlocal.net.main(1)"/>
            </labels>
        </test-case>
        <test-case start="1597995384395" stop="1597995384484" status="passed">
            <name>Verifying_presence_amazon_Slotid_Hourly2_bigaddetails_preload_adcall_USA_Privacy_StandardAdvertisingSettings</name>
            <title>Verifying presence amazon SlotId for  hourly2 details big ad  preload call  USA privacy when Advertising option set to  Standard Advertising Settings</title>
            <steps>
                <step start="1597995384484" stop="1597995384484" status="passed">
                    <name>logStep[slot id: 08f0ccea-cab5-449c-963d-dc57ed9ee87d is present]</name>
                    <title>slot id: 08f0ccea-cab5-449c-963d-dc57ed9ee87d is present</title>
                    <attachments/>
                    <steps/>
                </step>
            </steps>
            <attachments/>
            <labels>
                <label name="testSuite" value="Default suite"/>
                <label name="testGroup" value="Default test"/>
                <label name="testClass" value="twc.Regression.TestCases.USA_Run"/>
                <label name="testMethod" value="Verifying_presence_amazon_Slotid_Hourly2_bigaddetails_preload_adcall_USA_Privacy_StandardAdvertisingSettings"/>
                <label name="host" value="iosbuildserver.attlocal.net"/>
                <label name="thread" value="7870@iosbuildserver.attlocal.net.main(1)"/>
            </labels>
        </test-case>
        <test-case start="1597995384486" stop="1597995384604" status="passed">
            <name>Verifying_presence_amazon_Slotid_Hourly3_bigaddetails_preload_adcall_USA_Privacy_StandardAdvertisingSettings</name>
            <title>Verifying presence amazon SlotId for  hourly3 details big ad preload call USA privacy when Advertising option set to  Standard Advertising Settings</title>
            <steps>
                <step start="1597995384604" stop="1597995384604" status="passed">
                    <name>logStep[slot id: 2634dc9-b59f-4b2c-b281-bb3be291b7b6 is present]</name>
                    <title>slot id: 2634dc9-b59f-4b2c-b281-bb3be291b7b6 is present</title>
                    <attachments/>
                    <steps/>
                </step>
            </steps>
            <attachments/>
            <labels>
                <label name="testSuite" value="Default suite"/>
                <label name="testGroup" value="Default test"/>
                <label name="testClass" value="twc.Regression.TestCases.USA_Run"/>
                <label name="testMethod" value="Verifying_presence_amazon_Slotid_Hourly3_bigaddetails_preload_adcall_USA_Privacy_StandardAdvertisingSettings"/>
                <label name="host" value="iosbuildserver.attlocal.net"/>
                <label name="thread" value="7870@iosbuildserver.attlocal.net.main(1)"/>
            </labels>
        </test-case>
        <test-case start="1597995384486" stop="1597995384604" status="passed">
            <name>Verifying_presence_amazon_Slotid_Hourly3_bigaddetails_preload_adcall_USA_Privacy_StandardAdvertisingSettings</name>
            <title>Verifying presence amazon SlotId for  hourly3 details big ad preload call USA privacy when Advertising option set to  Standard Advertising Settings</title>
            <steps>
                <step start="1597995384604" stop="1597995384604" status="passed">
                    <name>logStep[slot id: 2634dc9-b59f-4b2c-b281-bb3be291b7b6 is present]</name>
                    <title>slot id: 2634dc9-b59f-4b2c-b281-bb3be291b7b6 is present</title>
                    <attachments/>
                    <steps/>
                </step>
            </steps>
            <attachments/>
            <labels>
                <label name="testSuite" value="Default suite"/>
                <label name="testGroup" value="Default test"/>
                <label name="testClass" value="twc.Regression.TestCases.USA_Run"/>
                <label name="testMethod" value="Verifying_presence_amazon_Slotid_Hourly3_bigaddetails_preload_adcall_USA_Privacy_StandardAdvertisingSettings"/>
                <label name="host" value="iosbuildserver.attlocal.net"/>
                <label name="thread" value="7870@iosbuildserver.attlocal.net.main(1)"/>
            </labels>
        </test-case>
        <test-case start="1597995384608" stop="1597995384795" status="passed">
            <name>Verifying_presence_amazon_Slotid_mapsdetails_preload_adcall_USA_Privacy_StandardAdvertisingSettings</name>
            <title>Verifying presence amazon SlotId for maps details preload ad call USA privacy when Advertising option set to Do Not Sell My Information</title>
            <steps>
                <step start="1597995384609" stop="1597995384609" status="passed">
                    <name>logStep[Verifying presence amazon SlotId for maps details preload ad call USA privacy when Advertising option set to Do ...]</name>
                    <title>Verifying presence amazon SlotId for maps details preload ad call USA privacy when Advertising option set to Do Not Sell...</title>
                    <attachments/>
                    <steps/>
                </step>
                <step start="1597995384703" stop="1597995384703" status="passed">
                    <name>logStep[Verifying amazon "slot Id": "5db1161b-b504-4640-9496-dfe6284f84ab"  for db_display/details/map]</name>
                    <title>Verifying amazon "slot Id": "5db1161b-b504-4640-9496-dfe6284f84ab"  for db_display/details/map</title>
                    <attachments/>
                    <steps/>
                </step>
                <step start="1597995384703" stop="1597995384703" status="passed">
                    <name>logStep[5db1161b-b504-4640-9496-dfe6284f84ab is trigred for aax  call db_display/details/map]</name>
                    <title>5db1161b-b504-4640-9496-dfe6284f84ab is trigred for aax  call db_display/details/map</title>
                    <attachments/>
                    <steps/>
                </step>
                <step start="1597995384795" stop="1597995384795" status="passed">
                    <name>logStep[slot id: 2634dc9-b59f-4b2c-b281-bb3be291b7b6 is present]</name>
                    <title>slot id: 2634dc9-b59f-4b2c-b281-bb3be291b7b6 is present</title>
                    <attachments/>
                    <steps/>
                </step>
            </steps>
            <attachments/>
            <labels>
                <label name="testSuite" value="Default suite"/>
                <label name="testGroup" value="Default test"/>
                <label name="testClass" value="twc.Regression.TestCases.USA_Run"/>
                <label name="testMethod" value="Verifying_presence_amazon_Slotid_mapsdetails_preload_adcall_USA_Privacy_StandardAdvertisingSettings"/>
                <label name="host" value="iosbuildserver.attlocal.net"/>
                <label name="thread" value="7870@iosbuildserver.attlocal.net.main(1)"/>
            </labels>
        </test-case>
        <test-case start="1597995384608" stop="1597995384795" status="passed">
            <name>Verifying_presence_amazon_Slotid_mapsdetails_preload_adcall_USA_Privacy_StandardAdvertisingSettings</name>
            <title>Verifying presence amazon SlotId for maps details preload ad call USA privacy when Advertising option set to Do Not Sell My Information</title>
            <steps>
                <step start="1597995384609" stop="1597995384609" status="passed">
                    <name>logStep[Verifying presence amazon SlotId for maps details preload ad call USA privacy when Advertising option set to Do ...]</name>
                    <title>Verifying presence amazon SlotId for maps details preload ad call USA privacy when Advertising option set to Do Not Sell...</title>
                    <attachments/>
                    <steps/>
                </step>
                <step start="1597995384703" stop="1597995384703" status="passed">
                    <name>logStep[Verifying amazon "slot Id": "5db1161b-b504-4640-9496-dfe6284f84ab"  for db_display/details/map]</name>
                    <title>Verifying amazon "slot Id": "5db1161b-b504-4640-9496-dfe6284f84ab"  for db_display/details/map</title>
                    <attachments/>
                    <steps/>
                </step>
                <step start="1597995384703" stop="1597995384703" status="passed">
                    <name>logStep[5db1161b-b504-4640-9496-dfe6284f84ab is trigred for aax  call db_display/details/map]</name>
                    <title>5db1161b-b504-4640-9496-dfe6284f84ab is trigred for aax  call db_display/details/map</title>
                    <attachments/>
                    <steps/>
                </step>
                <step start="1597995384795" stop="1597995384795" status="passed">
                    <name>logStep[slot id: 2634dc9-b59f-4b2c-b281-bb3be291b7b6 is present]</name>
                    <title>slot id: 2634dc9-b59f-4b2c-b281-bb3be291b7b6 is present</title>
                    <attachments/>
                    <steps/>
                </step>
            </steps>
            <attachments/>
            <labels>
                <label name="testSuite" value="Default suite"/>
                <label name="testGroup" value="Default test"/>
                <label name="testClass" value="twc.Regression.TestCases.USA_Run"/>
                <label name="testMethod" value="Verifying_presence_amazon_Slotid_mapsdetails_preload_adcall_USA_Privacy_StandardAdvertisingSettings"/>
                <label name="host" value="iosbuildserver.attlocal.net"/>
                <label name="thread" value="7870@iosbuildserver.attlocal.net.main(1)"/>
            </labels>
        </test-case>
        <test-case start="1597995384796" stop="1597995384888" status="passed">
            <name>Verifying_presence_amazon_Slotid_Dailydetails_preload_adcall_USA_Privacy_StandardAdvertisingSettings</name>
            <title>Verifying presence amazon SlotId for daily details preload ad call USA privacy when Advertising option set to Do Not Sell My Information</title>
            <steps>
                <step start="1597995384797" stop="1597995384797" status="passed">
                    <name>logStep[Verifying presence amazon SlotId for daily details preload ad call USA privacy when Advertising option set to Do...]</name>
                    <title>Verifying presence amazon SlotId for daily details preload ad call USA privacy when Advertising option set to Do Not Sel...</title>
                    <attachments/>
                    <steps/>
                </step>
                <step start="1597995384888" stop="1597995384888" status="passed">
                    <name>logStep[slot id: 6c5a145d-9198-48f4-adfd-08f05557eace is present]</name>
                    <title>slot id: 6c5a145d-9198-48f4-adfd-08f05557eace is present</title>
                    <attachments/>
                    <steps/>
                </step>
            </steps>
            <attachments/>
            <labels>
                <label name="testSuite" value="Default suite"/>
                <label name="testGroup" value="Default test"/>
                <label name="testClass" value="twc.Regression.TestCases.USA_Run"/>
                <label name="testMethod" value="Verifying_presence_amazon_Slotid_Dailydetails_preload_adcall_USA_Privacy_StandardAdvertisingSettings"/>
                <label name="host" value="iosbuildserver.attlocal.net"/>
                <label name="thread" value="7870@iosbuildserver.attlocal.net.main(1)"/>
            </labels>
        </test-case>
        <test-case start="1597995384796" stop="1597995384888" status="passed">
            <name>Verifying_presence_amazon_Slotid_Dailydetails_preload_adcall_USA_Privacy_StandardAdvertisingSettings</name>
            <title>Verifying presence amazon SlotId for daily details preload ad call USA privacy when Advertising option set to Do Not Sell My Information</title>
            <steps>
                <step start="1597995384797" stop="1597995384797" status="passed">
                    <name>logStep[Verifying presence amazon SlotId for daily details preload ad call USA privacy when Advertising option set to Do...]</name>
                    <title>Verifying presence amazon SlotId for daily details preload ad call USA privacy when Advertising option set to Do Not Sel...</title>
                    <attachments/>
                    <steps/>
                </step>
                <step start="1597995384888" stop="1597995384888" status="passed">
                    <name>logStep[slot id: 6c5a145d-9198-48f4-adfd-08f05557eace is present]</name>
                    <title>slot id: 6c5a145d-9198-48f4-adfd-08f05557eace is present</title>
                    <attachments/>
                    <steps/>
                </step>
            </steps>
            <attachments/>
            <labels>
                <label name="testSuite" value="Default suite"/>
                <label name="testGroup" value="Default test"/>
                <label name="testClass" value="twc.Regression.TestCases.USA_Run"/>
                <label name="testMethod" value="Verifying_presence_amazon_Slotid_Dailydetails_preload_adcall_USA_Privacy_StandardAdvertisingSettings"/>
                <label name="host" value="iosbuildserver.attlocal.net"/>
                <label name="thread" value="7870@iosbuildserver.attlocal.net.main(1)"/>
            </labels>
        </test-case>
        <test-case start="1597995384890" stop="1597995385085" status="passed">
            <name>Verifying_presence_amazon_Slotid_video_adcall_USA_Privacy_StandardAdvertisingSettings</name>
            <title>Verifying presence amazon SlotId for videos preload ad call for USA privacy when Advertising option set to Do Not Sell My Information</title>
            <steps>
                <step start="1597995384890" stop="1597995384890" status="passed">
                    <name>logStep[Verifying presence amazon SlotId for videos preload ad call for USA privacy when Advertising option set to Do No...]</name>
                    <title>Verifying presence amazon SlotId for videos preload ad call for USA privacy when Advertising option set to Do Not Sell M...</title>
                    <attachments/>
                    <steps/>
                </step>
                <step start="1597995384979" stop="1597995384979" status="passed">
                    <name>logStep[Verifying amazon "slotId": "f71b7e17-6e34-4f6c-98f6-bbbe9f55586c"   for video ad call]</name>
                    <title>Verifying amazon "slotId": "f71b7e17-6e34-4f6c-98f6-bbbe9f55586c"   for video ad call</title>
                    <attachments/>
                    <steps/>
                </step>
                <step start="1597995384983" stop="1597995384983" status="passed">
                    <name>logStep[f71b7e17-6e34-4f6c-98f6-bbbe9f55586c is trigred for aax  call app_android_us/video]</name>
                    <title>f71b7e17-6e34-4f6c-98f6-bbbe9f55586c is trigred for aax  call app_android_us/video</title>
                    <attachments/>
                    <steps/>
                </step>
                <step start="1597995385085" stop="1597995385085" status="passed">
                    <name>logStep[slot id: f71b7e17-6e34-4f6c-98f6-bbbe9f55586c is present]</name>
                    <title>slot id: f71b7e17-6e34-4f6c-98f6-bbbe9f55586c is present</title>
                    <attachments/>
                    <steps/>
                </step>
            </steps>
            <attachments/>
            <labels>
                <label name="testSuite" value="Default suite"/>
                <label name="testGroup" value="Default test"/>
                <label name="testClass" value="twc.Regression.TestCases.USA_Run"/>
                <label name="testMethod" value="Verifying_presence_amazon_Slotid_video_adcall_USA_Privacy_StandardAdvertisingSettings"/>
                <label name="host" value="iosbuildserver.attlocal.net"/>
                <label name="thread" value="7870@iosbuildserver.attlocal.net.main(1)"/>
            </labels>
        </test-case>
        <test-case start="1597995384890" stop="1597995385085" status="passed">
            <name>Verifying_presence_amazon_Slotid_video_adcall_USA_Privacy_StandardAdvertisingSettings</name>
            <title>Verifying presence amazon SlotId for videos preload ad call for USA privacy when Advertising option set to Do Not Sell My Information</title>
            <steps>
                <step start="1597995384890" stop="1597995384890" status="passed">
                    <name>logStep[Verifying presence amazon SlotId for videos preload ad call for USA privacy when Advertising option set to Do No...]</name>
                    <title>Verifying presence amazon SlotId for videos preload ad call for USA privacy when Advertising option set to Do Not Sell M...</title>
                    <attachments/>
                    <steps/>
                </step>
                <step start="1597995384979" stop="1597995384979" status="passed">
                    <name>logStep[Verifying amazon "slotId": "f71b7e17-6e34-4f6c-98f6-bbbe9f55586c"   for video ad call]</name>
                    <title>Verifying amazon "slotId": "f71b7e17-6e34-4f6c-98f6-bbbe9f55586c"   for video ad call</title>
                    <attachments/>
                    <steps/>
                </step>
                <step start="1597995384983" stop="1597995384983" status="passed">
                    <name>logStep[f71b7e17-6e34-4f6c-98f6-bbbe9f55586c is trigred for aax  call app_android_us/video]</name>
                    <title>f71b7e17-6e34-4f6c-98f6-bbbe9f55586c is trigred for aax  call app_android_us/video</title>
                    <attachments/>
                    <steps/>
                </step>
                <step start="1597995385085" stop="1597995385085" status="passed">
                    <name>logStep[slot id: f71b7e17-6e34-4f6c-98f6-bbbe9f55586c is present]</name>
                    <title>slot id: f71b7e17-6e34-4f6c-98f6-bbbe9f55586c is present</title>
                    <attachments/>
                    <steps/>
                </step>
            </steps>
            <attachments/>
            <labels>
                <label name="testSuite" value="Default suite"/>
                <label name="testGroup" value="Default test"/>
                <label name="testClass" value="twc.Regression.TestCases.USA_Run"/>
                <label name="testMethod" value="Verifying_presence_amazon_Slotid_video_adcall_USA_Privacy_StandardAdvertisingSettings"/>
                <label name="host" value="iosbuildserver.attlocal.net"/>
                <label name="thread" value="7870@iosbuildserver.attlocal.net.main(1)"/>
            </labels>
        </test-case>
        <test-case start="1597995385090" stop="1597995385187" status="passed">
            <name>Verifying_homescreenhourly_adCall_Presence_USA_Privacy_StandardAdvertisingSettings</name>
            <title>Verifying home screen hourly ad call presense for USA privacy when Advertising option set to Standard Advertising Settings</title>
            <steps>
                <step start="1597995385090" stop="1597995385090" status="passed">
                    <name>logStep[Verifying home screen hourly ad call presense for USA privacy when Advertising option set to Standard Advertisin...]</name>
                    <title>Verifying home screen hourly ad call presense for USA privacy when Advertising option set to Standard Advertising Settin...</title>
                    <attachments/>
                    <steps/>
                </step>
                <step start="1597995385185" stop="1597995385185" status="passed">
                    <name>logStep[checking for iu=%2F7646%2Fapp_android_us%2Fdb_display%2Fhome_screen%2Fmarquee ad call]</name>
                    <title>checking for iu=%2F7646%2Fapp_android_us%2Fdb_display%2Fhome_screen%2Fmarquee ad call</title>
                    <attachments/>
                    <steps/>
                </step>
                <step start="1597995385186" stop="1597995385186" status="passed">
                    <name>logStep[iu=/7646/app_android_us/db_display/home_screen/marquee call was trigred]</name>
                    <title>iu=/7646/app_android_us/db_display/home_screen/marquee call was trigred</title>
                    <attachments/>
                    <steps/>
                </step>
            </steps>
            <attachments/>
            <labels>
                <label name="testSuite" value="Default suite"/>
                <label name="testGroup" value="Default test"/>
                <label name="testClass" value="twc.Regression.TestCases.USA_Run"/>
                <label name="testMethod" value="Verifying_homescreenhourly_adCall_Presence_USA_Privacy_StandardAdvertisingSettings"/>
                <label name="host" value="iosbuildserver.attlocal.net"/>
                <label name="thread" value="7870@iosbuildserver.attlocal.net.main(1)"/>
            </labels>
        </test-case>
        <test-case start="1597995385090" stop="1597995385187" status="passed">
            <name>Verifying_homescreenhourly_adCall_Presence_USA_Privacy_StandardAdvertisingSettings</name>
            <title>Verifying home screen hourly ad call presense for USA privacy when Advertising option set to Standard Advertising Settings</title>
            <steps>
                <step start="1597995385090" stop="1597995385090" status="passed">
                    <name>logStep[Verifying home screen hourly ad call presense for USA privacy when Advertising option set to Standard Advertisin...]</name>
                    <title>Verifying home screen hourly ad call presense for USA privacy when Advertising option set to Standard Advertising Settin...</title>
                    <attachments/>
                    <steps/>
                </step>
                <step start="1597995385185" stop="1597995385185" status="passed">
                    <name>logStep[checking for iu=%2F7646%2Fapp_android_us%2Fdb_display%2Fhome_screen%2Fmarquee ad call]</name>
                    <title>checking for iu=%2F7646%2Fapp_android_us%2Fdb_display%2Fhome_screen%2Fmarquee ad call</title>
                    <attachments/>
                    <steps/>
                </step>
                <step start="1597995385186" stop="1597995385186" status="passed">
                    <name>logStep[iu=/7646/app_android_us/db_display/home_screen/marquee call was trigred]</name>
                    <title>iu=/7646/app_android_us/db_display/home_screen/marquee call was trigred</title>
                    <attachments/>
                    <steps/>
                </step>
            </steps>
            <attachments/>
            <labels>
                <label name="testSuite" value="Default suite"/>
                <label name="testGroup" value="Default test"/>
                <label name="testClass" value="twc.Regression.TestCases.USA_Run"/>
                <label name="testMethod" value="Verifying_homescreenhourly_adCall_Presence_USA_Privacy_StandardAdvertisingSettings"/>
                <label name="host" value="iosbuildserver.attlocal.net"/>
                <label name="thread" value="7870@iosbuildserver.attlocal.net.main(1)"/>
            </labels>
        </test-case>
        <test-case start="1597995385189" stop="1597995385276" status="passed">
            <name>Verifying_homescreenmarquee_adCall_Presence_USA_Privacy_StandardAdvertisingSettings</name>
            <title>Verifying home screen marquee ad call presense for USA privacy when Advertising option set to Standard Advertising Settings</title>
            <steps>
                <step start="1597995385190" stop="1597995385190" status="passed">
                    <name>logStep[Verifying home screen marquee ad call presense for USA privacy when Advertising option set to Standard Advertisi...]</name>
                    <title>Verifying home screen marquee ad call presense for USA privacy when Advertising option set to Standard Advertising Setti...</title>
                    <attachments/>
                    <steps/>
                </step>
                <step start="1597995385273" stop="1597995385273" status="passed">
                    <name>logStep[Verofying for  iu=%2F7646%2Fapp_android_us%2Fdb_display%2Fhome_screen%2Fhourly ad call]</name>
                    <title>Verofying for  iu=%2F7646%2Fapp_android_us%2Fdb_display%2Fhome_screen%2Fhourly ad call</title>
                    <attachments/>
                    <steps/>
                </step>
                <step start="1597995385275" stop="1597995385275" status="passed">
                    <name>logStep[iu=7646/app_android_us/db_display/home_screen/hourly call was trigred]</name>
                    <title>iu=7646/app_android_us/db_display/home_screen/hourly call was trigred</title>
                    <attachments/>
                    <steps/>
                </step>
            </steps>
            <attachments/>
            <labels>
                <label name="testSuite" value="Default suite"/>
                <label name="testGroup" value="Default test"/>
                <label name="testClass" value="twc.Regression.TestCases.USA_Run"/>
                <label name="testMethod" value="Verifying_homescreenmarquee_adCall_Presence_USA_Privacy_StandardAdvertisingSettings"/>
                <label name="host" value="iosbuildserver.attlocal.net"/>
                <label name="thread" value="7870@iosbuildserver.attlocal.net.main(1)"/>
            </labels>
        </test-case>
        <test-case start="1597995385189" stop="1597995385276" status="passed">
            <name>Verifying_homescreenmarquee_adCall_Presence_USA_Privacy_StandardAdvertisingSettings</name>
            <title>Verifying home screen marquee ad call presense for USA privacy when Advertising option set to Standard Advertising Settings</title>
            <steps>
                <step start="1597995385190" stop="1597995385190" status="passed">
                    <name>logStep[Verifying home screen marquee ad call presense for USA privacy when Advertising option set to Standard Advertisi...]</name>
                    <title>Verifying home screen marquee ad call presense for USA privacy when Advertising option set to Standard Advertising Setti...</title>
                    <attachments/>
                    <steps/>
                </step>
                <step start="1597995385273" stop="1597995385273" status="passed">
                    <name>logStep[Verofying for  iu=%2F7646%2Fapp_android_us%2Fdb_display%2Fhome_screen%2Fhourly ad call]</name>
                    <title>Verofying for  iu=%2F7646%2Fapp_android_us%2Fdb_display%2Fhome_screen%2Fhourly ad call</title>
                    <attachments/>
                    <steps/>
                </step>
                <step start="1597995385275" stop="1597995385275" status="passed">
                    <name>logStep[iu=7646/app_android_us/db_display/home_screen/hourly call was trigred]</name>
                    <title>iu=7646/app_android_us/db_display/home_screen/hourly call was trigred</title>
                    <attachments/>
                    <steps/>
                </step>
            </steps>
            <attachments/>
            <labels>
                <label name="testSuite" value="Default suite"/>
                <label name="testGroup" value="Default test"/>
                <label name="testClass" value="twc.Regression.TestCases.USA_Run"/>
                <label name="testMethod" value="Verifying_homescreenmarquee_adCall_Presence_USA_Privacy_StandardAdvertisingSettings"/>
                <label name="host" value="iosbuildserver.attlocal.net"/>
                <label name="thread" value="7870@iosbuildserver.attlocal.net.main(1)"/>
            </labels>
        </test-case>
        <test-case start="1597995385277" stop="1597995385378" status="passed">
            <name>Verifying_SOD_Cust_Param_homescreenmarquee_adCall_USA_Privacy_StandardAdvertisingSettings</name>
            <title>Verifying SOD custum param for  home screen marquee ad call USA privacy when Advertising option set to Standard Advertising Settings</title>
            <steps>
                <step start="1597995385278" stop="1597995385278" status="passed">
                    <name>logStep[Verifying SOD custum param for  home screen marquee ad call USA privacy when Advertising option set to Standard ...]</name>
                    <title>Verifying SOD custum param for  home screen marquee ad call USA privacy when Advertising option set to Standard Advertis...</title>
                    <attachments/>
                    <steps/>
                </step>
                <step start="1597995385366" stop="1597995385366" status="passed">
                    <name>logStep[Verifying the  SOD custum parameter in iu=%2F7646%2Fapp_android_us%2Fdb_display%2Fhome_screen%2Fmarquee ad call]</name>
                    <title>Verifying the  SOD custum parameter in iu=%2F7646%2Fapp_android_us%2Fdb_display%2Fhome_screen%2Fmarquee ad call</title>
                    <attachments/>
                    <steps/>
                </step>
                <step start="1597995385378" stop="1597995385378" status="passed">
                    <name>logStep[SOD cust param value for iu=%2F7646%2Fapp_android_us%2Fdb_display%2Fhome_screen%2Fmarquee call is sod=yes]</name>
                    <title>SOD cust param value for iu=%2F7646%2Fapp_android_us%2Fdb_display%2Fhome_screen%2Fmarquee call is sod=yes</title>
                    <attachments/>
                    <steps/>
                </step>
            </steps>
            <attachments/>
            <labels>
                <label name="testSuite" value="Default suite"/>
                <label name="testGroup" value="Default test"/>
                <label name="testClass" value="twc.Regression.TestCases.USA_Run"/>
                <label name="testMethod" value="Verifying_SOD_Cust_Param_homescreenmarquee_adCall_USA_Privacy_StandardAdvertisingSettings"/>
                <label name="host" value="iosbuildserver.attlocal.net"/>
                <label name="thread" value="7870@iosbuildserver.attlocal.net.main(1)"/>
            </labels>
        </test-case>
        <test-case start="1597995385277" stop="1597995385378" status="passed">
            <name>Verifying_SOD_Cust_Param_homescreenmarquee_adCall_USA_Privacy_StandardAdvertisingSettings</name>
            <title>Verifying SOD custum param for  home screen marquee ad call USA privacy when Advertising option set to Standard Advertising Settings</title>
            <steps>
                <step start="1597995385278" stop="1597995385278" status="passed">
                    <name>logStep[Verifying SOD custum param for  home screen marquee ad call USA privacy when Advertising option set to Standard ...]</name>
                    <title>Verifying SOD custum param for  home screen marquee ad call USA privacy when Advertising option set to Standard Advertis...</title>
                    <attachments/>
                    <steps/>
                </step>
                <step start="1597995385366" stop="1597995385366" status="passed">
                    <name>logStep[Verifying the  SOD custum parameter in iu=%2F7646%2Fapp_android_us%2Fdb_display%2Fhome_screen%2Fmarquee ad call]</name>
                    <title>Verifying the  SOD custum parameter in iu=%2F7646%2Fapp_android_us%2Fdb_display%2Fhome_screen%2Fmarquee ad call</title>
                    <attachments/>
                    <steps/>
                </step>
                <step start="1597995385378" stop="1597995385378" status="passed">
                    <name>logStep[SOD cust param value for iu=%2F7646%2Fapp_android_us%2Fdb_display%2Fhome_screen%2Fmarquee call is sod=yes]</name>
                    <title>SOD cust param value for iu=%2F7646%2Fapp_android_us%2Fdb_display%2Fhome_screen%2Fmarquee call is sod=yes</title>
                    <attachments/>
                    <steps/>
                </step>
            </steps>
            <attachments/>
            <labels>
                <label name="testSuite" value="Default suite"/>
                <label name="testGroup" value="Default test"/>
                <label name="testClass" value="twc.Regression.TestCases.USA_Run"/>
                <label name="testMethod" value="Verifying_SOD_Cust_Param_homescreenmarquee_adCall_USA_Privacy_StandardAdvertisingSettings"/>
                <label name="host" value="iosbuildserver.attlocal.net"/>
                <label name="thread" value="7870@iosbuildserver.attlocal.net.main(1)"/>
            </labels>
        </test-case>
        <test-case start="1597995385380" stop="1597995385483" status="passed">
            <name>Verifying_SOD_Cust_Param_homescreenhourly_adCall_USA_Privacy_StandardAdvertisingSettings</name>
            <title>Verifying SOD custum param for  home screen hourly ad call USA privacy when Advertising option set to Standard Advertising Settings</title>
            <steps>
                <step start="1597995385380" stop="1597995385380" status="passed">
                    <name>logStep[Verifying SOD custum param for  home screen hourly ad call USA privacy when Advertising option set to Standard A...]</name>
                    <title>Verifying SOD custum param for  home screen hourly ad call USA privacy when Advertising option set to Standard Advertisi...</title>
                    <attachments/>
                    <steps/>
                </step>
                <step start="1597995385474" stop="1597995385474" status="passed">
                    <name>logStep[Verifying the  SOD custum parameter in iu=%2F7646%2Fapp_android_us%2Fdb_display%2Fhome_screen%2Fhourly ad call]</name>
                    <title>Verifying the  SOD custum parameter in iu=%2F7646%2Fapp_android_us%2Fdb_display%2Fhome_screen%2Fhourly ad call</title>
                    <attachments/>
                    <steps/>
                </step>
                <step start="1597995385483" stop="1597995385483" status="passed">
                    <name>logStep[SOD cust param value for iu=%2F7646%2Fapp_android_us%2Fdb_display%2Fhome_screen%2Fhourly call is sod=yes]</name>
                    <title>SOD cust param value for iu=%2F7646%2Fapp_android_us%2Fdb_display%2Fhome_screen%2Fhourly call is sod=yes</title>
                    <attachments/>
                    <steps/>
                </step>
            </steps>
            <attachments/>
            <labels>
                <label name="testSuite" value="Default suite"/>
                <label name="testGroup" value="Default test"/>
                <label name="testClass" value="twc.Regression.TestCases.USA_Run"/>
                <label name="testMethod" value="Verifying_SOD_Cust_Param_homescreenhourly_adCall_USA_Privacy_StandardAdvertisingSettings"/>
                <label name="host" value="iosbuildserver.attlocal.net"/>
                <label name="thread" value="7870@iosbuildserver.attlocal.net.main(1)"/>
            </labels>
        </test-case>
        <test-case start="1597995385380" stop="1597995385483" status="passed">
            <name>Verifying_SOD_Cust_Param_homescreenhourly_adCall_USA_Privacy_StandardAdvertisingSettings</name>
            <title>Verifying SOD custum param for  home screen hourly ad call USA privacy when Advertising option set to Standard Advertising Settings</title>
            <steps>
                <step start="1597995385380" stop="1597995385380" status="passed">
                    <name>logStep[Verifying SOD custum param for  home screen hourly ad call USA privacy when Advertising option set to Standard A...]</name>
                    <title>Verifying SOD custum param for  home screen hourly ad call USA privacy when Advertising option set to Standard Advertisi...</title>
                    <attachments/>
                    <steps/>
                </step>
                <step start="1597995385474" stop="1597995385474" status="passed">
                    <name>logStep[Verifying the  SOD custum parameter in iu=%2F7646%2Fapp_android_us%2Fdb_display%2Fhome_screen%2Fhourly ad call]</name>
                    <title>Verifying the  SOD custum parameter in iu=%2F7646%2Fapp_android_us%2Fdb_display%2Fhome_screen%2Fhourly ad call</title>
                    <attachments/>
                    <steps/>
                </step>
                <step start="1597995385483" stop="1597995385483" status="passed">
                    <name>logStep[SOD cust param value for iu=%2F7646%2Fapp_android_us%2Fdb_display%2Fhome_screen%2Fhourly call is sod=yes]</name>
                    <title>SOD cust param value for iu=%2F7646%2Fapp_android_us%2Fdb_display%2Fhome_screen%2Fhourly call is sod=yes</title>
                    <attachments/>
                    <steps/>
                </step>
            </steps>
            <attachments/>
            <labels>
                <label name="testSuite" value="Default suite"/>
                <label name="testGroup" value="Default test"/>
                <label name="testClass" value="twc.Regression.TestCases.USA_Run"/>
                <label name="testMethod" value="Verifying_SOD_Cust_Param_homescreenhourly_adCall_USA_Privacy_StandardAdvertisingSettings"/>
                <label name="host" value="iosbuildserver.attlocal.net"/>
                <label name="thread" value="7870@iosbuildserver.attlocal.net.main(1)"/>
            </labels>
        </test-case>
        <test-case start="1597995385485" stop="1597995385578" status="passed">
            <name>Verifying_rdp_keyword_supress_homescreenmarquee_adCall_USA_Privacy_StandardAdvertisingSettings</name>
            <title>Verifying rdp keyword supress in home screen marquee ad call for USA privacy when Advertising option set to Standard Advertising Settings</title>
            <steps>
                <step start="1597995385485" stop="1597995385485" status="passed">
                    <name>logStep[Verifying rdp keyword supress in home screen marquee ad call for USA privacy when Advertising option set to Stan...]</name>
                    <title>Verifying rdp keyword supress in home screen marquee ad call for USA privacy when Advertising option set to Standard Adv...</title>
                    <attachments/>
                    <steps/>
                </step>
                <step start="1597995385575" stop="1597995385575" status="passed">
                    <name>logStep[Verifying RDP keyword in iu=%2F7646%2Fapp_android_us%2Fdb_display%2Fhome_screen%2Fmarquee ad call url]</name>
                    <title>Verifying RDP keyword in iu=%2F7646%2Fapp_android_us%2Fdb_display%2Fhome_screen%2Fmarquee ad call url</title>
                    <attachments/>
                    <steps/>
                </step>
                <step start="1597995385578" stop="1597995385578" status="passed">
                    <name>logStep[RDP key word is not preseted in iu=%2F7646%2Fapp_android_us%2Fdb_display%2Fhome_screen%2Fmarquee call url]</name>
                    <title>RDP key word is not preseted in iu=%2F7646%2Fapp_android_us%2Fdb_display%2Fhome_screen%2Fmarquee call url</title>
                    <attachments/>
                    <steps/>
                </step>
            </steps>
            <attachments/>
            <labels>
                <label name="testSuite" value="Default suite"/>
                <label name="testGroup" value="Default test"/>
                <label name="testClass" value="twc.Regression.TestCases.USA_Run"/>
                <label name="testMethod" value="Verifying_rdp_keyword_supress_homescreenmarquee_adCall_USA_Privacy_StandardAdvertisingSettings"/>
                <label name="host" value="iosbuildserver.attlocal.net"/>
                <label name="thread" value="7870@iosbuildserver.attlocal.net.main(1)"/>
            </labels>
        </test-case>
        <test-case start="1597995385485" stop="1597995385578" status="passed">
            <name>Verifying_rdp_keyword_supress_homescreenmarquee_adCall_USA_Privacy_StandardAdvertisingSettings</name>
            <title>Verifying rdp keyword supress in home screen marquee ad call for USA privacy when Advertising option set to Standard Advertising Settings</title>
            <steps>
                <step start="1597995385485" stop="1597995385485" status="passed">
                    <name>logStep[Verifying rdp keyword supress in home screen marquee ad call for USA privacy when Advertising option set to Stan...]</name>
                    <title>Verifying rdp keyword supress in home screen marquee ad call for USA privacy when Advertising option set to Standard Adv...</title>
                    <attachments/>
                    <steps/>
                </step>
                <step start="1597995385575" stop="1597995385575" status="passed">
                    <name>logStep[Verifying RDP keyword in iu=%2F7646%2Fapp_android_us%2Fdb_display%2Fhome_screen%2Fmarquee ad call url]</name>
                    <title>Verifying RDP keyword in iu=%2F7646%2Fapp_android_us%2Fdb_display%2Fhome_screen%2Fmarquee ad call url</title>
                    <attachments/>
                    <steps/>
                </step>
                <step start="1597995385578" stop="1597995385578" status="passed">
                    <name>logStep[RDP key word is not preseted in iu=%2F7646%2Fapp_android_us%2Fdb_display%2Fhome_screen%2Fmarquee call url]</name>
                    <title>RDP key word is not preseted in iu=%2F7646%2Fapp_android_us%2Fdb_display%2Fhome_screen%2Fmarquee call url</title>
                    <attachments/>
                    <steps/>
                </step>
            </steps>
            <attachments/>
            <labels>
                <label name="testSuite" value="Default suite"/>
                <label name="testGroup" value="Default test"/>
                <label name="testClass" value="twc.Regression.TestCases.USA_Run"/>
                <label name="testMethod" value="Verifying_rdp_keyword_supress_homescreenmarquee_adCall_USA_Privacy_StandardAdvertisingSettings"/>
                <label name="host" value="iosbuildserver.attlocal.net"/>
                <label name="thread" value="7870@iosbuildserver.attlocal.net.main(1)"/>
            </labels>
        </test-case>
        <test-case start="1597995385582" stop="1597995385672" status="passed">
            <name>Verifying_rdp_keyword_supress_homescreenHourly_adCall_USA_Privacy_StandardAdvertisingSettings</name>
            <title>Verifying rdp keyword supress in home screen hourly ad call for USA privacy when Advertising option set to Standard Advertising Settings</title>
            <steps>
                <step start="1597995385582" stop="1597995385582" status="passed">
                    <name>logStep[Verifying rdp keyword supress in home screen hourly ad call for USA privacy when Advertising option set to Stand...]</name>
                    <title>Verifying rdp keyword supress in home screen hourly ad call for USA privacy when Advertising option set to Standard Adve...</title>
                    <attachments/>
                    <steps/>
                </step>
                <step start="1597995385668" stop="1597995385668" status="passed">
                    <name>logStep[Verifying RDP keyword in iu=%2F7646%2Fapp_android_us%2Fdb_display%2Fhome_screen%2Fhourly ad call url]</name>
                    <title>Verifying RDP keyword in iu=%2F7646%2Fapp_android_us%2Fdb_display%2Fhome_screen%2Fhourly ad call url</title>
                    <attachments/>
                    <steps/>
                </step>
                <step start="1597995385672" stop="1597995385672" status="passed">
                    <name>logStep[RDP key word is not preseted in iu=%2F7646%2Fapp_android_us%2Fdb_display%2Fhome_screen%2Fhourly call url]</name>
                    <title>RDP key word is not preseted in iu=%2F7646%2Fapp_android_us%2Fdb_display%2Fhome_screen%2Fhourly call url</title>
                    <attachments/>
                    <steps/>
                </step>
            </steps>
            <attachments/>
            <labels>
                <label name="testSuite" value="Default suite"/>
                <label name="testGroup" value="Default test"/>
                <label name="testClass" value="twc.Regression.TestCases.USA_Run"/>
                <label name="testMethod" value="Verifying_rdp_keyword_supress_homescreenHourly_adCall_USA_Privacy_StandardAdvertisingSettings"/>
                <label name="host" value="iosbuildserver.attlocal.net"/>
                <label name="thread" value="7870@iosbuildserver.attlocal.net.main(1)"/>
            </labels>
        </test-case>
        <test-case start="1597995385582" stop="1597995385672" status="passed">
            <name>Verifying_rdp_keyword_supress_homescreenHourly_adCall_USA_Privacy_StandardAdvertisingSettings</name>
            <title>Verifying rdp keyword supress in home screen hourly ad call for USA privacy when Advertising option set to Standard Advertising Settings</title>
            <steps>
                <step start="1597995385582" stop="1597995385582" status="passed">
                    <name>logStep[Verifying rdp keyword supress in home screen hourly ad call for USA privacy when Advertising option set to Stand...]</name>
                    <title>Verifying rdp keyword supress in home screen hourly ad call for USA privacy when Advertising option set to Standard Adve...</title>
                    <attachments/>
                    <steps/>
                </step>
                <step start="1597995385668" stop="1597995385668" status="passed">
                    <name>logStep[Verifying RDP keyword in iu=%2F7646%2Fapp_android_us%2Fdb_display%2Fhome_screen%2Fhourly ad call url]</name>
                    <title>Verifying RDP keyword in iu=%2F7646%2Fapp_android_us%2Fdb_display%2Fhome_screen%2Fhourly ad call url</title>
                    <attachments/>
                    <steps/>
                </step>
                <step start="1597995385672" stop="1597995385672" status="passed">
                    <name>logStep[RDP key word is not preseted in iu=%2F7646%2Fapp_android_us%2Fdb_display%2Fhome_screen%2Fhourly call url]</name>
                    <title>RDP key word is not preseted in iu=%2F7646%2Fapp_android_us%2Fdb_display%2Fhome_screen%2Fhourly call url</title>
                    <attachments/>
                    <steps/>
                </step>
            </steps>
            <attachments/>
            <labels>
                <label name="testSuite" value="Default suite"/>
                <label name="testGroup" value="Default test"/>
                <label name="testClass" value="twc.Regression.TestCases.USA_Run"/>
                <label name="testMethod" value="Verifying_rdp_keyword_supress_homescreenHourly_adCall_USA_Privacy_StandardAdvertisingSettings"/>
                <label name="host" value="iosbuildserver.attlocal.net"/>
                <label name="thread" value="7870@iosbuildserver.attlocal.net.main(1)"/>
            </labels>
        </test-case>
        <test-case start="1597995385674" stop="1597995385772" status="passed">
            <name>Verifying_video_adCall_Presence_USA_Privacy_StandardAdvertisingSettings</name>
            <title>Verifying video call presense for USA privacy when Advertising option set to Standard Advertising Settings</title>
            <steps>
                <step start="1597995385674" stop="1597995385674" status="passed">
                    <name>logStep[Verifying video call presense for USA privacy when Advertising option set to Standard Advertising Settings]</name>
                    <title>Verifying video call presense for USA privacy when Advertising option set to Standard Advertising Settings</title>
                    <attachments/>
                    <steps/>
                </step>
                <step start="1597995385759" stop="1597995385759" status="passed">
                    <name>logStep[Verifying iu=%2F7646%2Fapp_android_us%2Fvideo ad calll]</name>
                    <title>Verifying iu=%2F7646%2Fapp_android_us%2Fvideo ad calll</title>
                    <attachments/>
                    <steps/>
                </step>
                <step start="1597995385766" stop="1597995385766" status="passed">
                    <name>logStep[iu=/7646/app_android_us/video call was trigred]</name>
                    <title>iu=/7646/app_android_us/video call was trigred</title>
                    <attachments/>
                    <steps/>
                </step>
            </steps>
            <attachments/>
            <labels>
                <label name="testSuite" value="Default suite"/>
                <label name="testGroup" value="Default test"/>
                <label name="testClass" value="twc.Regression.TestCases.USA_Run"/>
                <label name="testMethod" value="Verifying_video_adCall_Presence_USA_Privacy_StandardAdvertisingSettings"/>
                <label name="host" value="iosbuildserver.attlocal.net"/>
                <label name="thread" value="7870@iosbuildserver.attlocal.net.main(1)"/>
            </labels>
        </test-case>
        <test-case start="1597995385674" stop="1597995385772" status="passed">
            <name>Verifying_video_adCall_Presence_USA_Privacy_StandardAdvertisingSettings</name>
            <title>Verifying video call presense for USA privacy when Advertising option set to Standard Advertising Settings</title>
            <steps>
                <step start="1597995385674" stop="1597995385674" status="passed">
                    <name>logStep[Verifying video call presense for USA privacy when Advertising option set to Standard Advertising Settings]</name>
                    <title>Verifying video call presense for USA privacy when Advertising option set to Standard Advertising Settings</title>
                    <attachments/>
                    <steps/>
                </step>
                <step start="1597995385759" stop="1597995385759" status="passed">
                    <name>logStep[Verifying iu=%2F7646%2Fapp_android_us%2Fvideo ad calll]</name>
                    <title>Verifying iu=%2F7646%2Fapp_android_us%2Fvideo ad calll</title>
                    <attachments/>
                    <steps/>
                </step>
                <step start="1597995385766" stop="1597995385766" status="passed">
                    <name>logStep[iu=/7646/app_android_us/video call was trigred]</name>
                    <title>iu=/7646/app_android_us/video call was trigred</title>
                    <attachments/>
                    <steps/>
                </step>
            </steps>
            <attachments/>
            <labels>
                <label name="testSuite" value="Default suite"/>
                <label name="testGroup" value="Default test"/>
                <label name="testClass" value="twc.Regression.TestCases.USA_Run"/>
                <label name="testMethod" value="Verifying_video_adCall_Presence_USA_Privacy_StandardAdvertisingSettings"/>
                <label name="host" value="iosbuildserver.attlocal.net"/>
                <label name="thread" value="7870@iosbuildserver.attlocal.net.main(1)"/>
            </labels>
        </test-case>
        <test-case start="1597995385774" stop="1597995385876" status="passed">
            <name>Smoke_Test_Verifying_SOD_Cust_Param_videoad_Optin_mode_scenario</name>
            <title>Verifying SOD custum param for  video ad call  USA privacy when Advertising option set to Standard Advertising Settings</title>
            <steps>
                <step start="1597995385775" stop="1597995385775" status="passed">
                    <name>logStep[Verifying SOD Cust param value for video ad call when user selecting Optin mode scenario in privacy card]</name>
                    <title>Verifying SOD Cust param value for video ad call when user selecting Optin mode scenario in privacy card</title>
                    <attachments/>
                    <steps/>
                </step>
                <step start="1597995385864" stop="1597995385864" status="passed">
                    <name>logStep[Verifying the  SOD custum parameter in iu=%2F7646%2Fapp_android_us%2Fvideo call]</name>
                    <title>Verifying the  SOD custum parameter in iu=%2F7646%2Fapp_android_us%2Fvideo call</title>
                    <attachments/>
                    <steps/>
                </step>
                <step start="1597995385876" stop="1597995385876" status="passed">
                    <name>logStep[SOD cust param value for iu=%2F7646%2Fapp_android_us%2Fvideo ad call is sod=yes]</name>
                    <title>SOD cust param value for iu=%2F7646%2Fapp_android_us%2Fvideo ad call is sod=yes</title>
                    <attachments/>
                    <steps/>
                </step>
            </steps>
            <attachments/>
            <labels>
                <label name="testSuite" value="Default suite"/>
                <label name="testGroup" value="Default test"/>
                <label name="testClass" value="twc.Regression.TestCases.USA_Run"/>
                <label name="testMethod" value="Smoke_Test_Verifying_SOD_Cust_Param_videoad_Optin_mode_scenario"/>
                <label name="host" value="iosbuildserver.attlocal.net"/>
                <label name="thread" value="7870@iosbuildserver.attlocal.net.main(1)"/>
            </labels>
        </test-case>
        <test-case start="1597995385774" stop="1597995385876" status="passed">
            <name>Smoke_Test_Verifying_SOD_Cust_Param_videoad_Optin_mode_scenario</name>
            <title>Verifying SOD custum param for  video ad call  USA privacy when Advertising option set to Standard Advertising Settings</title>
            <steps>
                <step start="1597995385775" stop="1597995385775" status="passed">
                    <name>logStep[Verifying SOD Cust param value for video ad call when user selecting Optin mode scenario in privacy card]</name>
                    <title>Verifying SOD Cust param value for video ad call when user selecting Optin mode scenario in privacy card</title>
                    <attachments/>
                    <steps/>
                </step>
                <step start="1597995385864" stop="1597995385864" status="passed">
                    <name>logStep[Verifying the  SOD custum parameter in iu=%2F7646%2Fapp_android_us%2Fvideo call]</name>
                    <title>Verifying the  SOD custum parameter in iu=%2F7646%2Fapp_android_us%2Fvideo call</title>
                    <attachments/>
                    <steps/>
                </step>
                <step start="1597995385876" stop="1597995385876" status="passed">
                    <name>logStep[SOD cust param value for iu=%2F7646%2Fapp_android_us%2Fvideo ad call is sod=yes]</name>
                    <title>SOD cust param value for iu=%2F7646%2Fapp_android_us%2Fvideo ad call is sod=yes</title>
                    <attachments/>
                    <steps/>
                </step>
            </steps>
            <attachments/>
            <labels>
                <label name="testSuite" value="Default suite"/>
                <label name="testGroup" value="Default test"/>
                <label name="testClass" value="twc.Regression.TestCases.USA_Run"/>
                <label name="testMethod" value="Smoke_Test_Verifying_SOD_Cust_Param_videoad_Optin_mode_scenario"/>
                <label name="host" value="iosbuildserver.attlocal.net"/>
                <label name="thread" value="7870@iosbuildserver.attlocal.net.main(1)"/>
            </labels>
        </test-case>
        <test-case start="1597995385878" stop="1597995385996" status="passed">
            <name>Verifying_rdp_keyword_supress_videos_Call_USA_Privacy_StandardAdvertisingSettings</name>
            <title>Verifying rdp keyword supress in videos call for USA privacy when Advertising option set to Standard Advertising Settings</title>
            <steps>
                <step start="1597995385878" stop="1597995385878" status="passed">
                    <name>logStep[Verifying rdp keyword supress in videos call for USA privacy when Advertising option set to Standard Advertising...]</name>
                    <title>Verifying rdp keyword supress in videos call for USA privacy when Advertising option set to Standard Advertising Setting...</title>
                    <attachments/>
                    <steps/>
                </step>
                <step start="1597995385965" stop="1597995385965" status="passed">
                    <name>logStep[Verifying RDP keyword in iu=%2F7646%2Fapp_android_us%2Fvideo  ad call url]</name>
                    <title>Verifying RDP keyword in iu=%2F7646%2Fapp_android_us%2Fvideo  ad call url</title>
                    <attachments/>
                    <steps/>
                </step>
                <step start="1597995385996" stop="1597995385996" status="passed">
                    <name>logStep[RDP key word preseted in not presented iu=%2F7646%2Fapp_android_us%2Fvideo call url]</name>
                    <title>RDP key word preseted in not presented iu=%2F7646%2Fapp_android_us%2Fvideo call url</title>
                    <attachments/>
                    <steps/>
                </step>
            </steps>
            <attachments/>
            <labels>
                <label name="testSuite" value="Default suite"/>
                <label name="testGroup" value="Default test"/>
                <label name="testClass" value="twc.Regression.TestCases.USA_Run"/>
                <label name="testMethod" value="Verifying_rdp_keyword_supress_videos_Call_USA_Privacy_StandardAdvertisingSettings"/>
                <label name="host" value="iosbuildserver.attlocal.net"/>
                <label name="thread" value="7870@iosbuildserver.attlocal.net.main(1)"/>
            </labels>
        </test-case>
        <test-case start="1597995385878" stop="1597995385996" status="passed">
            <name>Verifying_rdp_keyword_supress_videos_Call_USA_Privacy_StandardAdvertisingSettings</name>
            <title>Verifying rdp keyword supress in videos call for USA privacy when Advertising option set to Standard Advertising Settings</title>
            <steps>
                <step start="1597995385878" stop="1597995385878" status="passed">
                    <name>logStep[Verifying rdp keyword supress in videos call for USA privacy when Advertising option set to Standard Advertising...]</name>
                    <title>Verifying rdp keyword supress in videos call for USA privacy when Advertising option set to Standard Advertising Setting...</title>
                    <attachments/>
                    <steps/>
                </step>
                <step start="1597995385965" stop="1597995385965" status="passed">
                    <name>logStep[Verifying RDP keyword in iu=%2F7646%2Fapp_android_us%2Fvideo  ad call url]</name>
                    <title>Verifying RDP keyword in iu=%2F7646%2Fapp_android_us%2Fvideo  ad call url</title>
                    <attachments/>
                    <steps/>
                </step>
                <step start="1597995385996" stop="1597995385996" status="passed">
                    <name>logStep[RDP key word preseted in not presented iu=%2F7646%2Fapp_android_us%2Fvideo call url]</name>
                    <title>RDP key word preseted in not presented iu=%2F7646%2Fapp_android_us%2Fvideo call url</title>
                    <attachments/>
                    <steps/>
                </step>
            </steps>
            <attachments/>
            <labels>
                <label name="testSuite" value="Default suite"/>
                <label name="testGroup" value="Default test"/>
                <label name="testClass" value="twc.Regression.TestCases.USA_Run"/>
                <label name="testMethod" value="Verifying_rdp_keyword_supress_videos_Call_USA_Privacy_StandardAdvertisingSettings"/>
                <label name="host" value="iosbuildserver.attlocal.net"/>
                <label name="thread" value="7870@iosbuildserver.attlocal.net.main(1)"/>
            </labels>
        </test-case>
        <test-case start="1597995385999" stop="1597995386112" status="passed">
            <name>Verifying_SOD_Cust_Param_mapsdetails_adCall_USA_Privacy_StandardAdvertisingSettings</name>
            <title>Verifying SOD custum param for  maps details page ad call USA privacy when Advertising option set to Standard Advertising Settings</title>
            <steps>
                <step start="1597995385999" stop="1597995385999" status="passed">
                    <name>logStep[Verifying SOD custum param for  maps details page ad call USA privacy when Advertising option set to Standard Ad...]</name>
                    <title>Verifying SOD custum param for  maps details page ad call USA privacy when Advertising option set to Standard Advertisin...</title>
                    <attachments/>
                    <steps/>
                </step>
                <step start="1597995386100" stop="1597995386100" status="passed">
                    <name>logStep[Verifying the  SOD custum parameter in iu=%2F7646%2Fapp_android_us%2Fdb_display%2Fdetails%2Fmaps call]</name>
                    <title>Verifying the  SOD custum parameter in iu=%2F7646%2Fapp_android_us%2Fdb_display%2Fdetails%2Fmaps call</title>
                    <attachments/>
                    <steps/>
                </step>
                <step start="1597995386112" stop="1597995386112" status="passed">
                    <name>logStep[SOD cust param value for iu=%2F7646%2Fapp_android_us%2Fdb_display%2Fdetails%2Fmaps ad call is sod=yes]</name>
                    <title>SOD cust param value for iu=%2F7646%2Fapp_android_us%2Fdb_display%2Fdetails%2Fmaps ad call is sod=yes</title>
                    <attachments/>
                    <steps/>
                </step>
            </steps>
            <attachments/>
            <labels>
                <label name="testSuite" value="Default suite"/>
                <label name="testGroup" value="Default test"/>
                <label name="testClass" value="twc.Regression.TestCases.USA_Run"/>
                <label name="testMethod" value="Verifying_SOD_Cust_Param_mapsdetails_adCall_USA_Privacy_StandardAdvertisingSettings"/>
                <label name="host" value="iosbuildserver.attlocal.net"/>
                <label name="thread" value="7870@iosbuildserver.attlocal.net.main(1)"/>
            </labels>
        </test-case>
        <test-case start="1597995385999" stop="1597995386112" status="passed">
            <name>Verifying_SOD_Cust_Param_mapsdetails_adCall_USA_Privacy_StandardAdvertisingSettings</name>
            <title>Verifying SOD custum param for  maps details page ad call USA privacy when Advertising option set to Standard Advertising Settings</title>
            <steps>
                <step start="1597995385999" stop="1597995385999" status="passed">
                    <name>logStep[Verifying SOD custum param for  maps details page ad call USA privacy when Advertising option set to Standard Ad...]</name>
                    <title>Verifying SOD custum param for  maps details page ad call USA privacy when Advertising option set to Standard Advertisin...</title>
                    <attachments/>
                    <steps/>
                </step>
                <step start="1597995386100" stop="1597995386100" status="passed">
                    <name>logStep[Verifying the  SOD custum parameter in iu=%2F7646%2Fapp_android_us%2Fdb_display%2Fdetails%2Fmaps call]</name>
                    <title>Verifying the  SOD custum parameter in iu=%2F7646%2Fapp_android_us%2Fdb_display%2Fdetails%2Fmaps call</title>
                    <attachments/>
                    <steps/>
                </step>
                <step start="1597995386112" stop="1597995386112" status="passed">
                    <name>logStep[SOD cust param value for iu=%2F7646%2Fapp_android_us%2Fdb_display%2Fdetails%2Fmaps ad call is sod=yes]</name>
                    <title>SOD cust param value for iu=%2F7646%2Fapp_android_us%2Fdb_display%2Fdetails%2Fmaps ad call is sod=yes</title>
                    <attachments/>
                    <steps/>
                </step>
            </steps>
            <attachments/>
            <labels>
                <label name="testSuite" value="Default suite"/>
                <label name="testGroup" value="Default test"/>
                <label name="testClass" value="twc.Regression.TestCases.USA_Run"/>
                <label name="testMethod" value="Verifying_SOD_Cust_Param_mapsdetails_adCall_USA_Privacy_StandardAdvertisingSettings"/>
                <label name="host" value="iosbuildserver.attlocal.net"/>
                <label name="thread" value="7870@iosbuildserver.attlocal.net.main(1)"/>
            </labels>
        </test-case>
    </test-cases>
    <labels>
        <label name="framework" value="TestNG"/>
        <label name="language" value="JAVA"/>
    </labels>
</ns2:test-suite>
