<?xml version="1.0" encoding="UTF-8"?>
<testng-results skipped="0" failed="48" total="132" passed="84">
  <reporter-output>
  </reporter-output>
  <suite name="Suite" duration-ms="3084284" started-at="2020-08-20T20:22:48Z" finished-at="2020-08-20T21:14:12Z">
    <groups>
    </groups>
    <test name="Test" duration-ms="3084284" started-at="2020-08-20T20:22:48Z" finished-at="2020-08-20T21:14:12Z">
      <class name="twc.Regression.TestCases.LGPD_Run">
        <test-method status="PASS" signature="beforeClass()[pri:0, instance:twc.Regression.TestCases.LGPD_Run@55fb36de]" name="beforeClass" is-config="true" duration-ms="30075" started-at="2020-08-20T16:37:51Z" finished-at="2020-08-20T16:38:21Z">
          <reporter-output>
          </reporter-output>
        </test-method> <!-- beforeClass -->
        <test-method status="PASS" signature="preConditionsTest_for_LGPD()[pri:0, instance:twc.Regression.TestCases.LGPD_Run@55fb36de]" name="preConditionsTest_for_LGPD" duration-ms="159213" started-at="2020-08-20T16:38:21Z" finished-at="2020-08-20T16:41:00Z">
          <reporter-output>
          </reporter-output>
        </test-method> <!-- preConditionsTest_for_LGPD -->
        <test-method status="PASS" signature="Verifying_Loatme_adcrwdcntrlnet_apiCall_supressing_LGPD_Privacy()[pri:0, instance:twc.Regression.TestCases.LGPD_Run@55fb36de]" name="Verifying_Loatme_adcrwdcntrlnet_apiCall_supressing_LGPD_Privacy" duration-ms="631" started-at="2020-08-20T16:41:00Z" finished-at="2020-08-20T16:41:01Z">
          <reporter-output>
          </reporter-output>
        </test-method> <!-- Verifying_Loatme_adcrwdcntrlnet_apiCall_supressing_LGPD_Privacy -->
        <test-method status="PASS" signature="Verifying_Loatme_bcpcrwdcntrlnet_apiCall_supressing_LGPD_Privacy()[pri:0, instance:twc.Regression.TestCases.LGPD_Run@55fb36de]" name="Verifying_Loatme_bcpcrwdcntrlnet_apiCall_supressing_LGPD_Privacy" duration-ms="414" started-at="2020-08-20T16:41:01Z" finished-at="2020-08-20T16:41:01Z">
          <reporter-output>
          </reporter-output>
        </test-method> <!-- Verifying_Loatme_bcpcrwdcntrlnet_apiCall_supressing_LGPD_Privacy -->
        <test-method status="PASS" signature="Verifying_Factual_locationwfxtriggerscom_apiCall_supressing_LGPD_Privacy()[pri:0, instance:twc.Regression.TestCases.LGPD_Run@55fb36de]" name="Verifying_Factual_locationwfxtriggerscom_apiCall_supressing_LGPD_Privacy" duration-ms="435" started-at="2020-08-20T16:41:01Z" finished-at="2020-08-20T16:41:02Z">
          <reporter-output>
          </reporter-output>
        </test-method> <!-- Verifying_Factual_locationwfxtriggerscom_apiCall_supressing_LGPD_Privacy -->
        <test-method status="PASS" signature="Verifying_Supress_amazon_Slotid_homescreenhourly_preload_adcall_LGPDPrivacy()[pri:0, instance:twc.Regression.TestCases.LGPD_Run@55fb36de]" name="Verifying_Supress_amazon_Slotid_homescreenhourly_preload_adcall_LGPDPrivacy" duration-ms="239" started-at="2020-08-20T16:41:02Z" finished-at="2020-08-20T16:41:02Z">
          <reporter-output>
          </reporter-output>
        </test-method> <!-- Verifying_Supress_amazon_Slotid_homescreenhourly_preload_adcall_LGPDPrivacy -->
        <test-method status="PASS" signature="Verifying_supress_amazon_Slotid_feed1_preroladcall_LGPDPrivacy()[pri:0, instance:twc.Regression.TestCases.LGPD_Run@55fb36de]" name="Verifying_supress_amazon_Slotid_feed1_preroladcall_LGPDPrivacy" duration-ms="239" started-at="2020-08-20T16:41:02Z" finished-at="2020-08-20T16:41:02Z">
          <reporter-output>
          </reporter-output>
        </test-method> <!-- Verifying_supress_amazon_Slotid_feed1_preroladcall_LGPDPrivacy -->
        <test-method status="PASS" signature="Verifying_supress_amazon_Slotid_feed2_preroladcall_LGPDPrivacy()[pri:0, instance:twc.Regression.TestCases.LGPD_Run@55fb36de]" name="Verifying_supress_amazon_Slotid_feed2_preroladcall_LGPDPrivacy" duration-ms="271" started-at="2020-08-20T16:41:02Z" finished-at="2020-08-20T16:41:03Z">
          <reporter-output>
          </reporter-output>
        </test-method> <!-- Verifying_supress_amazon_Slotid_feed2_preroladcall_LGPDPrivacy -->
        <test-method status="PASS" signature="Verifying_Supress_amazon_Slotid_Hourlydetails_preload_adcall_LGPDPrivacy()[pri:0, instance:twc.Regression.TestCases.LGPD_Run@55fb36de]" name="Verifying_Supress_amazon_Slotid_Hourlydetails_preload_adcall_LGPDPrivacy" duration-ms="306" started-at="2020-08-20T16:41:03Z" finished-at="2020-08-20T16:41:03Z">
          <reporter-output>
          </reporter-output>
        </test-method> <!-- Verifying_Supress_amazon_Slotid_Hourlydetails_preload_adcall_LGPDPrivacy -->
        <test-method status="PASS" signature="Verifying_Supress_amazon_Slotid_Hourly1_bigaddetails_preload_adcall_LGPDPrivacy()[pri:0, instance:twc.Regression.TestCases.LGPD_Run@55fb36de]" name="Verifying_Supress_amazon_Slotid_Hourly1_bigaddetails_preload_adcall_LGPDPrivacy" duration-ms="333" started-at="2020-08-20T16:41:03Z" finished-at="2020-08-20T16:41:03Z">
          <reporter-output>
          </reporter-output>
        </test-method> <!-- Verifying_Supress_amazon_Slotid_Hourly1_bigaddetails_preload_adcall_LGPDPrivacy -->
        <test-method status="PASS" signature="Verifying_supress_amazon_Slotid_Hourly2_bigaddetails_preload_adcall_LGPDPrivacy()[pri:0, instance:twc.Regression.TestCases.LGPD_Run@55fb36de]" name="Verifying_supress_amazon_Slotid_Hourly2_bigaddetails_preload_adcall_LGPDPrivacy" duration-ms="254" started-at="2020-08-20T16:41:03Z" finished-at="2020-08-20T16:41:03Z">
          <reporter-output>
          </reporter-output>
        </test-method> <!-- Verifying_supress_amazon_Slotid_Hourly2_bigaddetails_preload_adcall_LGPDPrivacy -->
        <test-method status="PASS" signature="Verifying_supress_amazon_Slotid_Hourly3_bigaddetails_preload_adcall_LGPDPrivacy()[pri:0, instance:twc.Regression.TestCases.LGPD_Run@55fb36de]" name="Verifying_supress_amazon_Slotid_Hourly3_bigaddetails_preload_adcall_LGPDPrivacy" duration-ms="303" started-at="2020-08-20T16:41:03Z" finished-at="2020-08-20T16:41:04Z">
          <reporter-output>
          </reporter-output>
        </test-method> <!-- Verifying_supress_amazon_Slotid_Hourly3_bigaddetails_preload_adcall_LGPDPrivacy -->
        <test-method status="PASS" signature="Verifying_supress_amazon_Slotid_mapsdetails_preload_adcall_LGPDPrivacy()[pri:0, instance:twc.Regression.TestCases.LGPD_Run@55fb36de]" name="Verifying_supress_amazon_Slotid_mapsdetails_preload_adcall_LGPDPrivacy" duration-ms="215" started-at="2020-08-20T16:41:04Z" finished-at="2020-08-20T16:41:04Z">
          <reporter-output>
          </reporter-output>
        </test-method> <!-- Verifying_supress_amazon_Slotid_mapsdetails_preload_adcall_LGPDPrivacy -->
        <test-method status="PASS" signature="Verifying_supress_amazon_Slotid_Dailydetails_preload_adcall_LGPDPrivacy()[pri:0, instance:twc.Regression.TestCases.LGPD_Run@55fb36de]" name="Verifying_supress_amazon_Slotid_Dailydetails_preload_adcall_LGPDPrivacy" duration-ms="275" started-at="2020-08-20T16:41:04Z" finished-at="2020-08-20T16:41:04Z">
          <reporter-output>
          </reporter-output>
        </test-method> <!-- Verifying_supress_amazon_Slotid_Dailydetails_preload_adcall_LGPDPrivacy -->
        <test-method status="PASS" signature="Verifying_supress_amazon_Slotid_video_adcall_LGPDPrivacy()[pri:0, instance:twc.Regression.TestCases.LGPD_Run@55fb36de]" name="Verifying_supress_amazon_Slotid_video_adcall_LGPDPrivacy" duration-ms="312" started-at="2020-08-20T16:41:04Z" finished-at="2020-08-20T16:41:05Z">
          <reporter-output>
          </reporter-output>
        </test-method> <!-- Verifying_supress_amazon_Slotid_video_adcall_LGPDPrivacy -->
        <test-method status="PASS" signature="Verifying_homescreenhourly_adCall_Presence_LGPDprivacy()[pri:0, instance:twc.Regression.TestCases.LGPD_Run@55fb36de]" name="Verifying_homescreenhourly_adCall_Presence_LGPDprivacy" duration-ms="219" started-at="2020-08-20T16:41:05Z" finished-at="2020-08-20T16:41:05Z">
          <reporter-output>
          </reporter-output>
        </test-method> <!-- Verifying_homescreenhourly_adCall_Presence_LGPDprivacy -->
        <test-method status="PASS" signature="Verifying_homescreenmarquee_adCall_Presence_LGPDprivacy()[pri:0, instance:twc.Regression.TestCases.LGPD_Run@55fb36de]" name="Verifying_homescreenmarquee_adCall_Presence_LGPDprivacy" duration-ms="262" started-at="2020-08-20T16:41:05Z" finished-at="2020-08-20T16:41:05Z">
          <reporter-output>
          </reporter-output>
        </test-method> <!-- Verifying_homescreenmarquee_adCall_Presence_LGPDprivacy -->
        <test-method status="PASS" signature="Verifying_npa_equals_1_homescreenHourly_adCall_LGPD_Privacy()[pri:0, instance:twc.Regression.TestCases.LGPD_Run@55fb36de]" name="Verifying_npa_equals_1_homescreenHourly_adCall_LGPD_Privacy" duration-ms="368" started-at="2020-08-20T16:41:05Z" finished-at="2020-08-20T16:41:05Z">
          <reporter-output>
          </reporter-output>
        </test-method> <!-- Verifying_npa_equals_1_homescreenHourly_adCall_LGPD_Privacy -->
        <test-method status="PASS" signature="Verifying_npa_equals_1_homescreenmarquee_adCall_LGPD_Privacy()[pri:0, instance:twc.Regression.TestCases.LGPD_Run@55fb36de]" name="Verifying_npa_equals_1_homescreenmarquee_adCall_LGPD_Privacy" duration-ms="212" started-at="2020-08-20T16:41:05Z" finished-at="2020-08-20T16:41:06Z">
          <reporter-output>
          </reporter-output>
        </test-method> <!-- Verifying_npa_equals_1_homescreenmarquee_adCall_LGPD_Privacy -->
        <test-method status="PASS" signature="Verifying_videos_adCall_Presence_LGPDprivacy()[pri:0, instance:twc.Regression.TestCases.LGPD_Run@55fb36de]" name="Verifying_videos_adCall_Presence_LGPDprivacy" duration-ms="277" started-at="2020-08-20T16:41:06Z" finished-at="2020-08-20T16:41:06Z">
          <reporter-output>
          </reporter-output>
        </test-method> <!-- Verifying_videos_adCall_Presence_LGPDprivacy -->
        <test-method status="PASS" signature="Verifying_npa_equals_1_videos_adCall_LGPD_Privacy()[pri:0, instance:twc.Regression.TestCases.LGPD_Run@55fb36de]" name="Verifying_npa_equals_1_videos_adCall_LGPD_Privacy" duration-ms="241" started-at="2020-08-20T16:41:06Z" finished-at="2020-08-20T16:41:06Z">
          <reporter-output>
          </reporter-output>
        </test-method> <!-- Verifying_npa_equals_1_videos_adCall_LGPD_Privacy -->
        <test-method status="PASS" signature="afterClass()[pri:0, instance:twc.Regression.TestCases.LGPD_Run@55fb36de]" name="afterClass" is-config="true" duration-ms="32" started-at="2020-08-20T16:41:06Z" finished-at="2020-08-20T16:41:06Z">
          <reporter-output>
          </reporter-output>
        </test-method> <!-- afterClass -->
      </class> <!-- twc.Regression.TestCases.LGPD_Run -->
      <class name="twc.Regression.TestCases.GDPR_Run">
        <test-method status="PASS" signature="beforeClass()[pri:0, instance:twc.Regression.TestCases.GDPR_Run@63a7781]" name="beforeClass" is-config="true" duration-ms="30536" started-at="2020-08-20T16:22:48Z" finished-at="2020-08-20T16:23:19Z">
          <reporter-output>
          </reporter-output>
        </test-method> <!-- beforeClass -->
        <test-method status="PASS" signature="preConditionsTest_for_GDPR()[pri:0, instance:twc.Regression.TestCases.GDPR_Run@63a7781]" name="preConditionsTest_for_GDPR" duration-ms="871714" started-at="2020-08-20T16:23:19Z" finished-at="2020-08-20T16:37:50Z">
          <reporter-output>
          </reporter-output>
        </test-method> <!-- preConditionsTest_for_GDPR -->
        <test-method status="PASS" signature="Verifying_Loatme_adcrwdcntrlnet_apiCall_supressing_GDPR_Privacy()[pri:0, instance:twc.Regression.TestCases.GDPR_Run@63a7781]" name="Verifying_Loatme_adcrwdcntrlnet_apiCall_supressing_GDPR_Privacy" duration-ms="168" started-at="2020-08-20T16:37:50Z" finished-at="2020-08-20T16:37:50Z">
          <reporter-output>
          </reporter-output>
        </test-method> <!-- Verifying_Loatme_adcrwdcntrlnet_apiCall_supressing_GDPR_Privacy -->
        <test-method status="PASS" signature="Verifying_Loatme_bcpcrwdcntrlnet_apiCall_supressing_GDPR_Privacy()[pri:0, instance:twc.Regression.TestCases.GDPR_Run@63a7781]" name="Verifying_Loatme_bcpcrwdcntrlnet_apiCall_supressing_GDPR_Privacy" duration-ms="74" started-at="2020-08-20T16:37:50Z" finished-at="2020-08-20T16:37:50Z">
          <reporter-output>
          </reporter-output>
        </test-method> <!-- Verifying_Loatme_bcpcrwdcntrlnet_apiCall_supressing_GDPR_Privacy -->
        <test-method status="PASS" signature="Verifying_Factual_locationwfxtriggerscom_apiCall_supressing_GDPR_Privacy()[pri:0, instance:twc.Regression.TestCases.GDPR_Run@63a7781]" name="Verifying_Factual_locationwfxtriggerscom_apiCall_supressing_GDPR_Privacy" duration-ms="122" started-at="2020-08-20T16:37:50Z" finished-at="2020-08-20T16:37:51Z">
          <reporter-output>
          </reporter-output>
        </test-method> <!-- Verifying_Factual_locationwfxtriggerscom_apiCall_supressing_GDPR_Privacy -->
        <test-method status="PASS" signature="Verifying_Supress_amazon_Slotid_homescreenhourly_preload_adcall_GDPRPrivacy()[pri:0, instance:twc.Regression.TestCases.GDPR_Run@63a7781]" name="Verifying_Supress_amazon_Slotid_homescreenhourly_preload_adcall_GDPRPrivacy" duration-ms="41" started-at="2020-08-20T16:37:51Z" finished-at="2020-08-20T16:37:51Z">
          <reporter-output>
          </reporter-output>
        </test-method> <!-- Verifying_Supress_amazon_Slotid_homescreenhourly_preload_adcall_GDPRPrivacy -->
        <test-method status="PASS" signature="Verifying_supress_amazon_Slotid_feed1_preroladcall_GDPRPrivacy()[pri:0, instance:twc.Regression.TestCases.GDPR_Run@63a7781]" name="Verifying_supress_amazon_Slotid_feed1_preroladcall_GDPRPrivacy" duration-ms="38" started-at="2020-08-20T16:37:51Z" finished-at="2020-08-20T16:37:51Z">
          <reporter-output>
          </reporter-output>
        </test-method> <!-- Verifying_supress_amazon_Slotid_feed1_preroladcall_GDPRPrivacy -->
        <test-method status="PASS" signature="Verifying_supress_amazon_Slotid_feed2_preroladcall_GDPRPrivacy()[pri:0, instance:twc.Regression.TestCases.GDPR_Run@63a7781]" name="Verifying_supress_amazon_Slotid_feed2_preroladcall_GDPRPrivacy" duration-ms="47" started-at="2020-08-20T16:37:51Z" finished-at="2020-08-20T16:37:51Z">
          <reporter-output>
          </reporter-output>
        </test-method> <!-- Verifying_supress_amazon_Slotid_feed2_preroladcall_GDPRPrivacy -->
        <test-method status="PASS" signature="Verifying_Supress_amazon_Slotid_Hourlydetails_preload_adcall_GDPRPrivacy()[pri:0, instance:twc.Regression.TestCases.GDPR_Run@63a7781]" name="Verifying_Supress_amazon_Slotid_Hourlydetails_preload_adcall_GDPRPrivacy" duration-ms="57" started-at="2020-08-20T16:37:51Z" finished-at="2020-08-20T16:37:51Z">
          <reporter-output>
          </reporter-output>
        </test-method> <!-- Verifying_Supress_amazon_Slotid_Hourlydetails_preload_adcall_GDPRPrivacy -->
        <test-method status="PASS" signature="Verifying_Supress_amazon_Slotid_Hourly1_bigaddetails_preload_adcall_GDPRPrivacy()[pri:0, instance:twc.Regression.TestCases.GDPR_Run@63a7781]" name="Verifying_Supress_amazon_Slotid_Hourly1_bigaddetails_preload_adcall_GDPRPrivacy" duration-ms="48" started-at="2020-08-20T16:37:51Z" finished-at="2020-08-20T16:37:51Z">
          <reporter-output>
          </reporter-output>
        </test-method> <!-- Verifying_Supress_amazon_Slotid_Hourly1_bigaddetails_preload_adcall_GDPRPrivacy -->
        <test-method status="PASS" signature="Verifying_supress_amazon_Slotid_Hourly2_bigaddetails_preload_adcall_GDPRPrivacy()[pri:0, instance:twc.Regression.TestCases.GDPR_Run@63a7781]" name="Verifying_supress_amazon_Slotid_Hourly2_bigaddetails_preload_adcall_GDPRPrivacy" duration-ms="44" started-at="2020-08-20T16:37:51Z" finished-at="2020-08-20T16:37:51Z">
          <reporter-output>
          </reporter-output>
        </test-method> <!-- Verifying_supress_amazon_Slotid_Hourly2_bigaddetails_preload_adcall_GDPRPrivacy -->
        <test-method status="PASS" signature="Verifying_supress_amazon_Slotid_Hourly3_bigaddetails_preload_adcall_GDPRPrivacy()[pri:0, instance:twc.Regression.TestCases.GDPR_Run@63a7781]" name="Verifying_supress_amazon_Slotid_Hourly3_bigaddetails_preload_adcall_GDPRPrivacy" duration-ms="28" started-at="2020-08-20T16:37:51Z" finished-at="2020-08-20T16:37:51Z">
          <reporter-output>
          </reporter-output>
        </test-method> <!-- Verifying_supress_amazon_Slotid_Hourly3_bigaddetails_preload_adcall_GDPRPrivacy -->
        <test-method status="PASS" signature="Verifying_supress_amazon_Slotid_mapsdetails_preload_adcall_GDPRPrivacy()[pri:0, instance:twc.Regression.TestCases.GDPR_Run@63a7781]" name="Verifying_supress_amazon_Slotid_mapsdetails_preload_adcall_GDPRPrivacy" duration-ms="39" started-at="2020-08-20T16:37:51Z" finished-at="2020-08-20T16:37:51Z">
          <reporter-output>
          </reporter-output>
        </test-method> <!-- Verifying_supress_amazon_Slotid_mapsdetails_preload_adcall_GDPRPrivacy -->
        <test-method status="PASS" signature="Verifying_supress_amazon_Slotid_Dailydetails_preload_adcall_GDPRPrivacy()[pri:0, instance:twc.Regression.TestCases.GDPR_Run@63a7781]" name="Verifying_supress_amazon_Slotid_Dailydetails_preload_adcall_GDPRPrivacy" duration-ms="36" started-at="2020-08-20T16:37:51Z" finished-at="2020-08-20T16:37:51Z">
          <reporter-output>
          </reporter-output>
        </test-method> <!-- Verifying_supress_amazon_Slotid_Dailydetails_preload_adcall_GDPRPrivacy -->
        <test-method status="PASS" signature="Verifying_supress_amazon_Slotid_video_adcall_GDPRPrivacy()[pri:0, instance:twc.Regression.TestCases.GDPR_Run@63a7781]" name="Verifying_supress_amazon_Slotid_video_adcall_GDPRPrivacy" duration-ms="56" started-at="2020-08-20T16:37:51Z" finished-at="2020-08-20T16:37:51Z">
          <reporter-output>
          </reporter-output>
        </test-method> <!-- Verifying_supress_amazon_Slotid_video_adcall_GDPRPrivacy -->
        <test-method status="PASS" signature="afterClass()[pri:0, instance:twc.Regression.TestCases.GDPR_Run@63a7781]" name="afterClass" is-config="true" duration-ms="45" started-at="2020-08-20T16:37:51Z" finished-at="2020-08-20T16:37:51Z">
          <reporter-output>
          </reporter-output>
        </test-method> <!-- afterClass -->
      </class> <!-- twc.Regression.TestCases.GDPR_Run -->
      <class name="twc.Regression.TestCases.USA_Run">
        <test-method status="PASS" signature="beforeClass()[pri:0, instance:twc.Regression.TestCases.USA_Run@73b74615]" name="beforeClass" is-config="true" duration-ms="30066" started-at="2020-08-20T16:58:48Z" finished-at="2020-08-20T16:59:18Z">
          <reporter-output>
          </reporter-output>
        </test-method> <!-- beforeClass -->
        <test-method status="PASS" signature="preConditionsTest_for_USA()[pri:0, instance:twc.Regression.TestCases.USA_Run@73b74615]" name="preConditionsTest_for_USA" duration-ms="165778" started-at="2020-08-20T16:59:18Z" finished-at="2020-08-20T17:02:04Z">
          <reporter-output>
          </reporter-output>
        </test-method> <!-- preConditionsTest_for_USA -->
        <test-method status="PASS" signature="Verifying_PrivacyCard_PresenceonScreen()[pri:0, instance:twc.Regression.TestCases.USA_Run@73b74615]" name="Verifying_PrivacyCard_PresenceonScreen" duration-ms="291591" started-at="2020-08-20T17:02:04Z" finished-at="2020-08-20T17:06:56Z">
          <reporter-output>
          </reporter-output>
        </test-method> <!-- Verifying_PrivacyCard_PresenceonScreen -->
        <test-method status="FAIL" signature="Selecting_DoNotSellMyInformation_scenario()[pri:0, instance:twc.Regression.TestCases.USA_Run@73b74615]" name="Selecting_DoNotSellMyInformation_scenario" duration-ms="100484" started-at="2020-08-20T17:06:56Z" finished-at="2020-08-20T17:08:36Z">
          <exception class="java.lang.NullPointerException">
            <full-stacktrace>
              <![CDATA[java.lang.NullPointerException
	at twc.Regression.HandleWithCharles.CharlesFunctions.ClearSessions(CharlesFunctions.java:31)
	at twc.Regression.TestCases.USA_Run.Selecting_DoNotSellMyInformation_scenario(USA_Run.java:98)
	at sun.reflect.NativeMethodAccessorImpl.invoke0(Native Method)
	at sun.reflect.NativeMethodAccessorImpl.invoke(NativeMethodAccessorImpl.java:62)
	at sun.reflect.DelegatingMethodAccessorImpl.invoke(DelegatingMethodAccessorImpl.java:43)
	at java.lang.reflect.Method.invoke(Method.java:498)
	at org.testng.internal.MethodInvocationHelper.invokeMethod(MethodInvocationHelper.java:85)
	at org.testng.internal.Invoker.invokeMethod(Invoker.java:659)
	at org.testng.internal.Invoker.invokeTestMethod(Invoker.java:845)
	at org.testng.internal.Invoker.invokeTestMethods(Invoker.java:1153)
	at org.testng.internal.TestMethodWorker.invokeTestMethods(TestMethodWorker.java:125)
	at org.testng.internal.TestMethodWorker.run(TestMethodWorker.java:108)
	at org.testng.TestRunner.privateRun(TestRunner.java:771)
	at org.testng.TestRunner.run(TestRunner.java:621)
	at org.testng.SuiteRunner.runTest(SuiteRunner.java:357)
	at org.testng.SuiteRunner.runSequentially(SuiteRunner.java:352)
	at org.testng.SuiteRunner.privateRun(SuiteRunner.java:310)
	at org.testng.SuiteRunner.run(SuiteRunner.java:259)
	at org.testng.SuiteRunnerWorker.runSuite(SuiteRunnerWorker.java:52)
	at org.testng.SuiteRunnerWorker.run(SuiteRunnerWorker.java:86)
	at org.testng.TestNG.runSuitesSequentially(TestNG.java:1199)
	at org.testng.TestNG.runSuitesLocally(TestNG.java:1124)
	at org.testng.TestNG.run(TestNG.java:1032)
	at org.apache.maven.surefire.testng.TestNGExecutor.run(TestNGExecutor.java:73)
	at org.apache.maven.surefire.testng.TestNGXmlTestSuite.execute(TestNGXmlTestSuite.java:94)
	at org.apache.maven.surefire.Surefire.run(Surefire.java:169)
	at sun.reflect.NativeMethodAccessorImpl.invoke0(Native Method)
	at sun.reflect.NativeMethodAccessorImpl.invoke(NativeMethodAccessorImpl.java:62)
	at sun.reflect.DelegatingMethodAccessorImpl.invoke(DelegatingMethodAccessorImpl.java:43)
	at java.lang.reflect.Method.invoke(Method.java:498)
	at org.apache.maven.surefire.booter.SurefireBooter.runSuitesInProcess(SurefireBooter.java:350)
	at org.apache.maven.surefire.booter.SurefireBooter.main(SurefireBooter.java:1021)
]]>
            </full-stacktrace>
          </exception> <!-- java.lang.NullPointerException -->
          <reporter-output>
          </reporter-output>
        </test-method> <!-- Selecting_DoNotSellMyInformation_scenario -->
        <test-method status="FAIL" signature="Verifying_Loatme_adcrwdcntrlnet_apiCall_supressing_USA_Privacy_DoNotSellMyInformation()[pri:0, instance:twc.Regression.TestCases.USA_Run@73b74615]" name="Verifying_Loatme_adcrwdcntrlnet_apiCall_supressing_USA_Privacy_DoNotSellMyInformation" duration-ms="1011" started-at="2020-08-20T17:08:36Z" finished-at="2020-08-20T17:08:37Z">
          <exception class="java.lang.NullPointerException">
            <full-stacktrace>
              <![CDATA[java.lang.NullPointerException
	at twc.Regression.HandleWithCharles.CharlesFunctions.ClearSessions(CharlesFunctions.java:31)
	at twc.Regression.TestCases.USA_Run.Verifying_Loatme_adcrwdcntrlnet_apiCall_supressing_USA_Privacy_DoNotSellMyInformation(USA_Run.java:110)
	at sun.reflect.NativeMethodAccessorImpl.invoke0(Native Method)
	at sun.reflect.NativeMethodAccessorImpl.invoke(NativeMethodAccessorImpl.java:62)
	at sun.reflect.DelegatingMethodAccessorImpl.invoke(DelegatingMethodAccessorImpl.java:43)
	at java.lang.reflect.Method.invoke(Method.java:498)
	at org.testng.internal.MethodInvocationHelper.invokeMethod(MethodInvocationHelper.java:85)
	at org.testng.internal.Invoker.invokeMethod(Invoker.java:659)
	at org.testng.internal.Invoker.invokeTestMethod(Invoker.java:845)
	at org.testng.internal.Invoker.invokeTestMethods(Invoker.java:1153)
	at org.testng.internal.TestMethodWorker.invokeTestMethods(TestMethodWorker.java:125)
	at org.testng.internal.TestMethodWorker.run(TestMethodWorker.java:108)
	at org.testng.TestRunner.privateRun(TestRunner.java:771)
	at org.testng.TestRunner.run(TestRunner.java:621)
	at org.testng.SuiteRunner.runTest(SuiteRunner.java:357)
	at org.testng.SuiteRunner.runSequentially(SuiteRunner.java:352)
	at org.testng.SuiteRunner.privateRun(SuiteRunner.java:310)
	at org.testng.SuiteRunner.run(SuiteRunner.java:259)
	at org.testng.SuiteRunnerWorker.runSuite(SuiteRunnerWorker.java:52)
	at org.testng.SuiteRunnerWorker.run(SuiteRunnerWorker.java:86)
	at org.testng.TestNG.runSuitesSequentially(TestNG.java:1199)
	at org.testng.TestNG.runSuitesLocally(TestNG.java:1124)
	at org.testng.TestNG.run(TestNG.java:1032)
	at org.apache.maven.surefire.testng.TestNGExecutor.run(TestNGExecutor.java:73)
	at org.apache.maven.surefire.testng.TestNGXmlTestSuite.execute(TestNGXmlTestSuite.java:94)
	at org.apache.maven.surefire.Surefire.run(Surefire.java:169)
	at sun.reflect.NativeMethodAccessorImpl.invoke0(Native Method)
	at sun.reflect.NativeMethodAccessorImpl.invoke(NativeMethodAccessorImpl.java:62)
	at sun.reflect.DelegatingMethodAccessorImpl.invoke(DelegatingMethodAccessorImpl.java:43)
	at java.lang.reflect.Method.invoke(Method.java:498)
	at org.apache.maven.surefire.booter.SurefireBooter.runSuitesInProcess(SurefireBooter.java:350)
	at org.apache.maven.surefire.booter.SurefireBooter.main(SurefireBooter.java:1021)
]]>
            </full-stacktrace>
          </exception> <!-- java.lang.NullPointerException -->
          <reporter-output>
          </reporter-output>
        </test-method> <!-- Verifying_Loatme_adcrwdcntrlnet_apiCall_supressing_USA_Privacy_DoNotSellMyInformation -->
        <test-method status="FAIL" signature="Verifying_Loatme_bcpcrwdcntrlnet_apiCall_supressing_USA_Privacy_DoNotSellMyInformation()[pri:0, instance:twc.Regression.TestCases.USA_Run@73b74615]" name="Verifying_Loatme_bcpcrwdcntrlnet_apiCall_supressing_USA_Privacy_DoNotSellMyInformation" duration-ms="4" started-at="2020-08-20T17:08:37Z" finished-at="2020-08-20T17:08:37Z">
          <exception class="java.lang.NullPointerException">
            <full-stacktrace>
              <![CDATA[java.lang.NullPointerException
	at twc.Regression.ReadDataFromFile.read_xml_data_into_buffer.read_xml_file_into_buffer_string(read_xml_data_into_buffer.java:118)
	at twc.Regression.General.Functions.validating_bcp_privacy_Optoutmode_scenarion(Functions.java:3073)
	at twc.Regression.TestCases.USA_Run.Verifying_Loatme_bcpcrwdcntrlnet_apiCall_supressing_USA_Privacy_DoNotSellMyInformation(USA_Run.java:127)
	at sun.reflect.NativeMethodAccessorImpl.invoke0(Native Method)
	at sun.reflect.NativeMethodAccessorImpl.invoke(NativeMethodAccessorImpl.java:62)
	at sun.reflect.DelegatingMethodAccessorImpl.invoke(DelegatingMethodAccessorImpl.java:43)
	at java.lang.reflect.Method.invoke(Method.java:498)
	at org.testng.internal.MethodInvocationHelper.invokeMethod(MethodInvocationHelper.java:85)
	at org.testng.internal.Invoker.invokeMethod(Invoker.java:659)
	at org.testng.internal.Invoker.invokeTestMethod(Invoker.java:845)
	at org.testng.internal.Invoker.invokeTestMethods(Invoker.java:1153)
	at org.testng.internal.TestMethodWorker.invokeTestMethods(TestMethodWorker.java:125)
	at org.testng.internal.TestMethodWorker.run(TestMethodWorker.java:108)
	at org.testng.TestRunner.privateRun(TestRunner.java:771)
	at org.testng.TestRunner.run(TestRunner.java:621)
	at org.testng.SuiteRunner.runTest(SuiteRunner.java:357)
	at org.testng.SuiteRunner.runSequentially(SuiteRunner.java:352)
	at org.testng.SuiteRunner.privateRun(SuiteRunner.java:310)
	at org.testng.SuiteRunner.run(SuiteRunner.java:259)
	at org.testng.SuiteRunnerWorker.runSuite(SuiteRunnerWorker.java:52)
	at org.testng.SuiteRunnerWorker.run(SuiteRunnerWorker.java:86)
	at org.testng.TestNG.runSuitesSequentially(TestNG.java:1199)
	at org.testng.TestNG.runSuitesLocally(TestNG.java:1124)
	at org.testng.TestNG.run(TestNG.java:1032)
	at org.apache.maven.surefire.testng.TestNGExecutor.run(TestNGExecutor.java:73)
	at org.apache.maven.surefire.testng.TestNGXmlTestSuite.execute(TestNGXmlTestSuite.java:94)
	at org.apache.maven.surefire.Surefire.run(Surefire.java:169)
	at sun.reflect.NativeMethodAccessorImpl.invoke0(Native Method)
	at sun.reflect.NativeMethodAccessorImpl.invoke(NativeMethodAccessorImpl.java:62)
	at sun.reflect.DelegatingMethodAccessorImpl.invoke(DelegatingMethodAccessorImpl.java:43)
	at java.lang.reflect.Method.invoke(Method.java:498)
	at org.apache.maven.surefire.booter.SurefireBooter.runSuitesInProcess(SurefireBooter.java:350)
	at org.apache.maven.surefire.booter.SurefireBooter.main(SurefireBooter.java:1021)
]]>
            </full-stacktrace>
          </exception> <!-- java.lang.NullPointerException -->
          <reporter-output>
          </reporter-output>
        </test-method> <!-- Verifying_Loatme_bcpcrwdcntrlnet_apiCall_supressing_USA_Privacy_DoNotSellMyInformation -->
        <test-method status="FAIL" signature="Verifying_Factual_locationwfxtriggerscom_apiCall_supressing_USA_Privacy_DoNotSellMyInformation()[pri:0, instance:twc.Regression.TestCases.USA_Run@73b74615]" name="Verifying_Factual_locationwfxtriggerscom_apiCall_supressing_USA_Privacy_DoNotSellMyInformation" duration-ms="4" started-at="2020-08-20T17:08:37Z" finished-at="2020-08-20T17:08:37Z">
          <exception class="java.lang.NullPointerException">
            <full-stacktrace>
              <![CDATA[java.lang.NullPointerException
	at twc.Regression.ReadDataFromFile.read_xml_data_into_buffer.read_xml_file_into_buffer_string(read_xml_data_into_buffer.java:118)
	at twc.Regression.General.Functions.validating_Fatualcall_privacy_Optoutmode_scenarion(Functions.java:3120)
	at twc.Regression.TestCases.USA_Run.Verifying_Factual_locationwfxtriggerscom_apiCall_supressing_USA_Privacy_DoNotSellMyInformation(USA_Run.java:136)
	at sun.reflect.NativeMethodAccessorImpl.invoke0(Native Method)
	at sun.reflect.NativeMethodAccessorImpl.invoke(NativeMethodAccessorImpl.java:62)
	at sun.reflect.DelegatingMethodAccessorImpl.invoke(DelegatingMethodAccessorImpl.java:43)
	at java.lang.reflect.Method.invoke(Method.java:498)
	at org.testng.internal.MethodInvocationHelper.invokeMethod(MethodInvocationHelper.java:85)
	at org.testng.internal.Invoker.invokeMethod(Invoker.java:659)
	at org.testng.internal.Invoker.invokeTestMethod(Invoker.java:845)
	at org.testng.internal.Invoker.invokeTestMethods(Invoker.java:1153)
	at org.testng.internal.TestMethodWorker.invokeTestMethods(TestMethodWorker.java:125)
	at org.testng.internal.TestMethodWorker.run(TestMethodWorker.java:108)
	at org.testng.TestRunner.privateRun(TestRunner.java:771)
	at org.testng.TestRunner.run(TestRunner.java:621)
	at org.testng.SuiteRunner.runTest(SuiteRunner.java:357)
	at org.testng.SuiteRunner.runSequentially(SuiteRunner.java:352)
	at org.testng.SuiteRunner.privateRun(SuiteRunner.java:310)
	at org.testng.SuiteRunner.run(SuiteRunner.java:259)
	at org.testng.SuiteRunnerWorker.runSuite(SuiteRunnerWorker.java:52)
	at org.testng.SuiteRunnerWorker.run(SuiteRunnerWorker.java:86)
	at org.testng.TestNG.runSuitesSequentially(TestNG.java:1199)
	at org.testng.TestNG.runSuitesLocally(TestNG.java:1124)
	at org.testng.TestNG.run(TestNG.java:1032)
	at org.apache.maven.surefire.testng.TestNGExecutor.run(TestNGExecutor.java:73)
	at org.apache.maven.surefire.testng.TestNGXmlTestSuite.execute(TestNGXmlTestSuite.java:94)
	at org.apache.maven.surefire.Surefire.run(Surefire.java:169)
	at sun.reflect.NativeMethodAccessorImpl.invoke0(Native Method)
	at sun.reflect.NativeMethodAccessorImpl.invoke(NativeMethodAccessorImpl.java:62)
	at sun.reflect.DelegatingMethodAccessorImpl.invoke(DelegatingMethodAccessorImpl.java:43)
	at java.lang.reflect.Method.invoke(Method.java:498)
	at org.apache.maven.surefire.booter.SurefireBooter.runSuitesInProcess(SurefireBooter.java:350)
	at org.apache.maven.surefire.booter.SurefireBooter.main(SurefireBooter.java:1021)
]]>
            </full-stacktrace>
          </exception> <!-- java.lang.NullPointerException -->
          <reporter-output>
          </reporter-output>
        </test-method> <!-- Verifying_Factual_locationwfxtriggerscom_apiCall_supressing_USA_Privacy_DoNotSellMyInformation -->
        <test-method status="FAIL" signature="Verifying_Supress_amazon_Slotid_homescreenhourly_preload_adcall_USA_Privacy_DoNotSellMyInformation()[pri:0, instance:twc.Regression.TestCases.USA_Run@73b74615]" name="Verifying_Supress_amazon_Slotid_homescreenhourly_preload_adcall_USA_Privacy_DoNotSellMyInformation" duration-ms="3" started-at="2020-08-20T17:08:37Z" finished-at="2020-08-20T17:08:37Z">
          <exception class="java.lang.NullPointerException">
            <full-stacktrace>
              <![CDATA[java.lang.NullPointerException
	at twc.Regression.ReadDataFromFile.read_xml_data_into_buffer.read_xml_file_into_buffer_string(read_xml_data_into_buffer.java:118)
	at twc.Regression.General.Functions.verifyaax_SlotId_supress(Functions.java:1557)
	at twc.Regression.TestCases.USA_Run.Verifying_Supress_amazon_Slotid_homescreenhourly_preload_adcall_USA_Privacy_DoNotSellMyInformation(USA_Run.java:147)
	at sun.reflect.NativeMethodAccessorImpl.invoke0(Native Method)
	at sun.reflect.NativeMethodAccessorImpl.invoke(NativeMethodAccessorImpl.java:62)
	at sun.reflect.DelegatingMethodAccessorImpl.invoke(DelegatingMethodAccessorImpl.java:43)
	at java.lang.reflect.Method.invoke(Method.java:498)
	at org.testng.internal.MethodInvocationHelper.invokeMethod(MethodInvocationHelper.java:85)
	at org.testng.internal.Invoker.invokeMethod(Invoker.java:659)
	at org.testng.internal.Invoker.invokeTestMethod(Invoker.java:845)
	at org.testng.internal.Invoker.invokeTestMethods(Invoker.java:1153)
	at org.testng.internal.TestMethodWorker.invokeTestMethods(TestMethodWorker.java:125)
	at org.testng.internal.TestMethodWorker.run(TestMethodWorker.java:108)
	at org.testng.TestRunner.privateRun(TestRunner.java:771)
	at org.testng.TestRunner.run(TestRunner.java:621)
	at org.testng.SuiteRunner.runTest(SuiteRunner.java:357)
	at org.testng.SuiteRunner.runSequentially(SuiteRunner.java:352)
	at org.testng.SuiteRunner.privateRun(SuiteRunner.java:310)
	at org.testng.SuiteRunner.run(SuiteRunner.java:259)
	at org.testng.SuiteRunnerWorker.runSuite(SuiteRunnerWorker.java:52)
	at org.testng.SuiteRunnerWorker.run(SuiteRunnerWorker.java:86)
	at org.testng.TestNG.runSuitesSequentially(TestNG.java:1199)
	at org.testng.TestNG.runSuitesLocally(TestNG.java:1124)
	at org.testng.TestNG.run(TestNG.java:1032)
	at org.apache.maven.surefire.testng.TestNGExecutor.run(TestNGExecutor.java:73)
	at org.apache.maven.surefire.testng.TestNGXmlTestSuite.execute(TestNGXmlTestSuite.java:94)
	at org.apache.maven.surefire.Surefire.run(Surefire.java:169)
	at sun.reflect.NativeMethodAccessorImpl.invoke0(Native Method)
	at sun.reflect.NativeMethodAccessorImpl.invoke(NativeMethodAccessorImpl.java:62)
	at sun.reflect.DelegatingMethodAccessorImpl.invoke(DelegatingMethodAccessorImpl.java:43)
	at java.lang.reflect.Method.invoke(Method.java:498)
	at org.apache.maven.surefire.booter.SurefireBooter.runSuitesInProcess(SurefireBooter.java:350)
	at org.apache.maven.surefire.booter.SurefireBooter.main(SurefireBooter.java:1021)
]]>
            </full-stacktrace>
          </exception> <!-- java.lang.NullPointerException -->
          <reporter-output>
          </reporter-output>
        </test-method> <!-- Verifying_Supress_amazon_Slotid_homescreenhourly_preload_adcall_USA_Privacy_DoNotSellMyInformation -->
        <test-method status="FAIL" signature="Verifying_supress_amazon_Slotid_feed1_preroladcall_USA_Privacy_DoNotSellMyInformation()[pri:0, instance:twc.Regression.TestCases.USA_Run@73b74615]" name="Verifying_supress_amazon_Slotid_feed1_preroladcall_USA_Privacy_DoNotSellMyInformation" duration-ms="3" started-at="2020-08-20T17:08:37Z" finished-at="2020-08-20T17:08:37Z">
          <exception class="java.lang.NullPointerException">
            <full-stacktrace>
              <![CDATA[java.lang.NullPointerException
	at twc.Regression.ReadDataFromFile.read_xml_data_into_buffer.read_xml_file_into_buffer_string(read_xml_data_into_buffer.java:118)
	at twc.Regression.General.Functions.verifyaax_SlotId_supress(Functions.java:1557)
	at twc.Regression.TestCases.USA_Run.Verifying_supress_amazon_Slotid_feed1_preroladcall_USA_Privacy_DoNotSellMyInformation(USA_Run.java:158)
	at sun.reflect.NativeMethodAccessorImpl.invoke0(Native Method)
	at sun.reflect.NativeMethodAccessorImpl.invoke(NativeMethodAccessorImpl.java:62)
	at sun.reflect.DelegatingMethodAccessorImpl.invoke(DelegatingMethodAccessorImpl.java:43)
	at java.lang.reflect.Method.invoke(Method.java:498)
	at org.testng.internal.MethodInvocationHelper.invokeMethod(MethodInvocationHelper.java:85)
	at org.testng.internal.Invoker.invokeMethod(Invoker.java:659)
	at org.testng.internal.Invoker.invokeTestMethod(Invoker.java:845)
	at org.testng.internal.Invoker.invokeTestMethods(Invoker.java:1153)
	at org.testng.internal.TestMethodWorker.invokeTestMethods(TestMethodWorker.java:125)
	at org.testng.internal.TestMethodWorker.run(TestMethodWorker.java:108)
	at org.testng.TestRunner.privateRun(TestRunner.java:771)
	at org.testng.TestRunner.run(TestRunner.java:621)
	at org.testng.SuiteRunner.runTest(SuiteRunner.java:357)
	at org.testng.SuiteRunner.runSequentially(SuiteRunner.java:352)
	at org.testng.SuiteRunner.privateRun(SuiteRunner.java:310)
	at org.testng.SuiteRunner.run(SuiteRunner.java:259)
	at org.testng.SuiteRunnerWorker.runSuite(SuiteRunnerWorker.java:52)
	at org.testng.SuiteRunnerWorker.run(SuiteRunnerWorker.java:86)
	at org.testng.TestNG.runSuitesSequentially(TestNG.java:1199)
	at org.testng.TestNG.runSuitesLocally(TestNG.java:1124)
	at org.testng.TestNG.run(TestNG.java:1032)
	at org.apache.maven.surefire.testng.TestNGExecutor.run(TestNGExecutor.java:73)
	at org.apache.maven.surefire.testng.TestNGXmlTestSuite.execute(TestNGXmlTestSuite.java:94)
	at org.apache.maven.surefire.Surefire.run(Surefire.java:169)
	at sun.reflect.NativeMethodAccessorImpl.invoke0(Native Method)
	at sun.reflect.NativeMethodAccessorImpl.invoke(NativeMethodAccessorImpl.java:62)
	at sun.reflect.DelegatingMethodAccessorImpl.invoke(DelegatingMethodAccessorImpl.java:43)
	at java.lang.reflect.Method.invoke(Method.java:498)
	at org.apache.maven.surefire.booter.SurefireBooter.runSuitesInProcess(SurefireBooter.java:350)
	at org.apache.maven.surefire.booter.SurefireBooter.main(SurefireBooter.java:1021)
]]>
            </full-stacktrace>
          </exception> <!-- java.lang.NullPointerException -->
          <reporter-output>
          </reporter-output>
        </test-method> <!-- Verifying_supress_amazon_Slotid_feed1_preroladcall_USA_Privacy_DoNotSellMyInformation -->
        <test-method status="FAIL" signature="Verifying_supress_amazon_Slotid_feed2_preroladcall_USA_Privacy_DoNotSellMyInformation()[pri:0, instance:twc.Regression.TestCases.USA_Run@73b74615]" name="Verifying_supress_amazon_Slotid_feed2_preroladcall_USA_Privacy_DoNotSellMyInformation" duration-ms="3" started-at="2020-08-20T17:08:37Z" finished-at="2020-08-20T17:08:37Z">
          <exception class="java.lang.NullPointerException">
            <full-stacktrace>
              <![CDATA[java.lang.NullPointerException
	at twc.Regression.ReadDataFromFile.read_xml_data_into_buffer.read_xml_file_into_buffer_string(read_xml_data_into_buffer.java:118)
	at twc.Regression.General.Functions.verifyaax_SlotId_supress(Functions.java:1557)
	at twc.Regression.TestCases.USA_Run.Verifying_supress_amazon_Slotid_feed2_preroladcall_USA_Privacy_DoNotSellMyInformation(USA_Run.java:169)
	at sun.reflect.NativeMethodAccessorImpl.invoke0(Native Method)
	at sun.reflect.NativeMethodAccessorImpl.invoke(NativeMethodAccessorImpl.java:62)
	at sun.reflect.DelegatingMethodAccessorImpl.invoke(DelegatingMethodAccessorImpl.java:43)
	at java.lang.reflect.Method.invoke(Method.java:498)
	at org.testng.internal.MethodInvocationHelper.invokeMethod(MethodInvocationHelper.java:85)
	at org.testng.internal.Invoker.invokeMethod(Invoker.java:659)
	at org.testng.internal.Invoker.invokeTestMethod(Invoker.java:845)
	at org.testng.internal.Invoker.invokeTestMethods(Invoker.java:1153)
	at org.testng.internal.TestMethodWorker.invokeTestMethods(TestMethodWorker.java:125)
	at org.testng.internal.TestMethodWorker.run(TestMethodWorker.java:108)
	at org.testng.TestRunner.privateRun(TestRunner.java:771)
	at org.testng.TestRunner.run(TestRunner.java:621)
	at org.testng.SuiteRunner.runTest(SuiteRunner.java:357)
	at org.testng.SuiteRunner.runSequentially(SuiteRunner.java:352)
	at org.testng.SuiteRunner.privateRun(SuiteRunner.java:310)
	at org.testng.SuiteRunner.run(SuiteRunner.java:259)
	at org.testng.SuiteRunnerWorker.runSuite(SuiteRunnerWorker.java:52)
	at org.testng.SuiteRunnerWorker.run(SuiteRunnerWorker.java:86)
	at org.testng.TestNG.runSuitesSequentially(TestNG.java:1199)
	at org.testng.TestNG.runSuitesLocally(TestNG.java:1124)
	at org.testng.TestNG.run(TestNG.java:1032)
	at org.apache.maven.surefire.testng.TestNGExecutor.run(TestNGExecutor.java:73)
	at org.apache.maven.surefire.testng.TestNGXmlTestSuite.execute(TestNGXmlTestSuite.java:94)
	at org.apache.maven.surefire.Surefire.run(Surefire.java:169)
	at sun.reflect.NativeMethodAccessorImpl.invoke0(Native Method)
	at sun.reflect.NativeMethodAccessorImpl.invoke(NativeMethodAccessorImpl.java:62)
	at sun.reflect.DelegatingMethodAccessorImpl.invoke(DelegatingMethodAccessorImpl.java:43)
	at java.lang.reflect.Method.invoke(Method.java:498)
	at org.apache.maven.surefire.booter.SurefireBooter.runSuitesInProcess(SurefireBooter.java:350)
	at org.apache.maven.surefire.booter.SurefireBooter.main(SurefireBooter.java:1021)
]]>
            </full-stacktrace>
          </exception> <!-- java.lang.NullPointerException -->
          <reporter-output>
          </reporter-output>
        </test-method> <!-- Verifying_supress_amazon_Slotid_feed2_preroladcall_USA_Privacy_DoNotSellMyInformation -->
        <test-method status="FAIL" signature="Verifying_Supress_amazon_Slotid_Hourlydetails_preload_adcall_USA_Privacy_DoNotSellMyInformation()[pri:0, instance:twc.Regression.TestCases.USA_Run@73b74615]" name="Verifying_Supress_amazon_Slotid_Hourlydetails_preload_adcall_USA_Privacy_DoNotSellMyInformation" duration-ms="3" started-at="2020-08-20T17:08:37Z" finished-at="2020-08-20T17:08:37Z">
          <exception class="java.lang.NullPointerException">
            <full-stacktrace>
              <![CDATA[java.lang.NullPointerException
	at twc.Regression.ReadDataFromFile.read_xml_data_into_buffer.read_xml_file_into_buffer_string(read_xml_data_into_buffer.java:118)
	at twc.Regression.General.Functions.verifyaax_SlotId_supress(Functions.java:1557)
	at twc.Regression.TestCases.USA_Run.Verifying_Supress_amazon_Slotid_Hourlydetails_preload_adcall_USA_Privacy_DoNotSellMyInformation(USA_Run.java:179)
	at sun.reflect.NativeMethodAccessorImpl.invoke0(Native Method)
	at sun.reflect.NativeMethodAccessorImpl.invoke(NativeMethodAccessorImpl.java:62)
	at sun.reflect.DelegatingMethodAccessorImpl.invoke(DelegatingMethodAccessorImpl.java:43)
	at java.lang.reflect.Method.invoke(Method.java:498)
	at org.testng.internal.MethodInvocationHelper.invokeMethod(MethodInvocationHelper.java:85)
	at org.testng.internal.Invoker.invokeMethod(Invoker.java:659)
	at org.testng.internal.Invoker.invokeTestMethod(Invoker.java:845)
	at org.testng.internal.Invoker.invokeTestMethods(Invoker.java:1153)
	at org.testng.internal.TestMethodWorker.invokeTestMethods(TestMethodWorker.java:125)
	at org.testng.internal.TestMethodWorker.run(TestMethodWorker.java:108)
	at org.testng.TestRunner.privateRun(TestRunner.java:771)
	at org.testng.TestRunner.run(TestRunner.java:621)
	at org.testng.SuiteRunner.runTest(SuiteRunner.java:357)
	at org.testng.SuiteRunner.runSequentially(SuiteRunner.java:352)
	at org.testng.SuiteRunner.privateRun(SuiteRunner.java:310)
	at org.testng.SuiteRunner.run(SuiteRunner.java:259)
	at org.testng.SuiteRunnerWorker.runSuite(SuiteRunnerWorker.java:52)
	at org.testng.SuiteRunnerWorker.run(SuiteRunnerWorker.java:86)
	at org.testng.TestNG.runSuitesSequentially(TestNG.java:1199)
	at org.testng.TestNG.runSuitesLocally(TestNG.java:1124)
	at org.testng.TestNG.run(TestNG.java:1032)
	at org.apache.maven.surefire.testng.TestNGExecutor.run(TestNGExecutor.java:73)
	at org.apache.maven.surefire.testng.TestNGXmlTestSuite.execute(TestNGXmlTestSuite.java:94)
	at org.apache.maven.surefire.Surefire.run(Surefire.java:169)
	at sun.reflect.NativeMethodAccessorImpl.invoke0(Native Method)
	at sun.reflect.NativeMethodAccessorImpl.invoke(NativeMethodAccessorImpl.java:62)
	at sun.reflect.DelegatingMethodAccessorImpl.invoke(DelegatingMethodAccessorImpl.java:43)
	at java.lang.reflect.Method.invoke(Method.java:498)
	at org.apache.maven.surefire.booter.SurefireBooter.runSuitesInProcess(SurefireBooter.java:350)
	at org.apache.maven.surefire.booter.SurefireBooter.main(SurefireBooter.java:1021)
]]>
            </full-stacktrace>
          </exception> <!-- java.lang.NullPointerException -->
          <reporter-output>
          </reporter-output>
        </test-method> <!-- Verifying_Supress_amazon_Slotid_Hourlydetails_preload_adcall_USA_Privacy_DoNotSellMyInformation -->
        <test-method status="FAIL" signature="Verifying_Supress_amazon_Slotid_Hourly1_bigaddetails_preload_adcall_USA_Privacy_DoNotSellMyInformation()[pri:0, instance:twc.Regression.TestCases.USA_Run@73b74615]" name="Verifying_Supress_amazon_Slotid_Hourly1_bigaddetails_preload_adcall_USA_Privacy_DoNotSellMyInformation" duration-ms="3" started-at="2020-08-20T17:08:37Z" finished-at="2020-08-20T17:08:37Z">
          <exception class="java.lang.NullPointerException">
            <full-stacktrace>
              <![CDATA[java.lang.NullPointerException
	at twc.Regression.ReadDataFromFile.read_xml_data_into_buffer.read_xml_file_into_buffer_string(read_xml_data_into_buffer.java:118)
	at twc.Regression.General.Functions.verifyaax_SlotId_supress(Functions.java:1557)
	at twc.Regression.TestCases.USA_Run.Verifying_Supress_amazon_Slotid_Hourly1_bigaddetails_preload_adcall_USA_Privacy_DoNotSellMyInformation(USA_Run.java:189)
	at sun.reflect.NativeMethodAccessorImpl.invoke0(Native Method)
	at sun.reflect.NativeMethodAccessorImpl.invoke(NativeMethodAccessorImpl.java:62)
	at sun.reflect.DelegatingMethodAccessorImpl.invoke(DelegatingMethodAccessorImpl.java:43)
	at java.lang.reflect.Method.invoke(Method.java:498)
	at org.testng.internal.MethodInvocationHelper.invokeMethod(MethodInvocationHelper.java:85)
	at org.testng.internal.Invoker.invokeMethod(Invoker.java:659)
	at org.testng.internal.Invoker.invokeTestMethod(Invoker.java:845)
	at org.testng.internal.Invoker.invokeTestMethods(Invoker.java:1153)
	at org.testng.internal.TestMethodWorker.invokeTestMethods(TestMethodWorker.java:125)
	at org.testng.internal.TestMethodWorker.run(TestMethodWorker.java:108)
	at org.testng.TestRunner.privateRun(TestRunner.java:771)
	at org.testng.TestRunner.run(TestRunner.java:621)
	at org.testng.SuiteRunner.runTest(SuiteRunner.java:357)
	at org.testng.SuiteRunner.runSequentially(SuiteRunner.java:352)
	at org.testng.SuiteRunner.privateRun(SuiteRunner.java:310)
	at org.testng.SuiteRunner.run(SuiteRunner.java:259)
	at org.testng.SuiteRunnerWorker.runSuite(SuiteRunnerWorker.java:52)
	at org.testng.SuiteRunnerWorker.run(SuiteRunnerWorker.java:86)
	at org.testng.TestNG.runSuitesSequentially(TestNG.java:1199)
	at org.testng.TestNG.runSuitesLocally(TestNG.java:1124)
	at org.testng.TestNG.run(TestNG.java:1032)
	at org.apache.maven.surefire.testng.TestNGExecutor.run(TestNGExecutor.java:73)
	at org.apache.maven.surefire.testng.TestNGXmlTestSuite.execute(TestNGXmlTestSuite.java:94)
	at org.apache.maven.surefire.Surefire.run(Surefire.java:169)
	at sun.reflect.NativeMethodAccessorImpl.invoke0(Native Method)
	at sun.reflect.NativeMethodAccessorImpl.invoke(NativeMethodAccessorImpl.java:62)
	at sun.reflect.DelegatingMethodAccessorImpl.invoke(DelegatingMethodAccessorImpl.java:43)
	at java.lang.reflect.Method.invoke(Method.java:498)
	at org.apache.maven.surefire.booter.SurefireBooter.runSuitesInProcess(SurefireBooter.java:350)
	at org.apache.maven.surefire.booter.SurefireBooter.main(SurefireBooter.java:1021)
]]>
            </full-stacktrace>
          </exception> <!-- java.lang.NullPointerException -->
          <reporter-output>
          </reporter-output>
        </test-method> <!-- Verifying_Supress_amazon_Slotid_Hourly1_bigaddetails_preload_adcall_USA_Privacy_DoNotSellMyInformation -->
        <test-method status="FAIL" signature="Verifying_supress_amazon_Slotid_Hourly2_bigaddetails_preload_adcall_USA_Privacy_DoNotSellMyInformation()[pri:0, instance:twc.Regression.TestCases.USA_Run@73b74615]" name="Verifying_supress_amazon_Slotid_Hourly2_bigaddetails_preload_adcall_USA_Privacy_DoNotSellMyInformation" duration-ms="3" started-at="2020-08-20T17:08:37Z" finished-at="2020-08-20T17:08:37Z">
          <exception class="java.lang.NullPointerException">
            <full-stacktrace>
              <![CDATA[java.lang.NullPointerException
	at twc.Regression.ReadDataFromFile.read_xml_data_into_buffer.read_xml_file_into_buffer_string(read_xml_data_into_buffer.java:118)
	at twc.Regression.General.Functions.verifyaax_SlotId_supress(Functions.java:1557)
	at twc.Regression.TestCases.USA_Run.Verifying_supress_amazon_Slotid_Hourly2_bigaddetails_preload_adcall_USA_Privacy_DoNotSellMyInformation(USA_Run.java:201)
	at sun.reflect.NativeMethodAccessorImpl.invoke0(Native Method)
	at sun.reflect.NativeMethodAccessorImpl.invoke(NativeMethodAccessorImpl.java:62)
	at sun.reflect.DelegatingMethodAccessorImpl.invoke(DelegatingMethodAccessorImpl.java:43)
	at java.lang.reflect.Method.invoke(Method.java:498)
	at org.testng.internal.MethodInvocationHelper.invokeMethod(MethodInvocationHelper.java:85)
	at org.testng.internal.Invoker.invokeMethod(Invoker.java:659)
	at org.testng.internal.Invoker.invokeTestMethod(Invoker.java:845)
	at org.testng.internal.Invoker.invokeTestMethods(Invoker.java:1153)
	at org.testng.internal.TestMethodWorker.invokeTestMethods(TestMethodWorker.java:125)
	at org.testng.internal.TestMethodWorker.run(TestMethodWorker.java:108)
	at org.testng.TestRunner.privateRun(TestRunner.java:771)
	at org.testng.TestRunner.run(TestRunner.java:621)
	at org.testng.SuiteRunner.runTest(SuiteRunner.java:357)
	at org.testng.SuiteRunner.runSequentially(SuiteRunner.java:352)
	at org.testng.SuiteRunner.privateRun(SuiteRunner.java:310)
	at org.testng.SuiteRunner.run(SuiteRunner.java:259)
	at org.testng.SuiteRunnerWorker.runSuite(SuiteRunnerWorker.java:52)
	at org.testng.SuiteRunnerWorker.run(SuiteRunnerWorker.java:86)
	at org.testng.TestNG.runSuitesSequentially(TestNG.java:1199)
	at org.testng.TestNG.runSuitesLocally(TestNG.java:1124)
	at org.testng.TestNG.run(TestNG.java:1032)
	at org.apache.maven.surefire.testng.TestNGExecutor.run(TestNGExecutor.java:73)
	at org.apache.maven.surefire.testng.TestNGXmlTestSuite.execute(TestNGXmlTestSuite.java:94)
	at org.apache.maven.surefire.Surefire.run(Surefire.java:169)
	at sun.reflect.NativeMethodAccessorImpl.invoke0(Native Method)
	at sun.reflect.NativeMethodAccessorImpl.invoke(NativeMethodAccessorImpl.java:62)
	at sun.reflect.DelegatingMethodAccessorImpl.invoke(DelegatingMethodAccessorImpl.java:43)
	at java.lang.reflect.Method.invoke(Method.java:498)
	at org.apache.maven.surefire.booter.SurefireBooter.runSuitesInProcess(SurefireBooter.java:350)
	at org.apache.maven.surefire.booter.SurefireBooter.main(SurefireBooter.java:1021)
]]>
            </full-stacktrace>
          </exception> <!-- java.lang.NullPointerException -->
          <reporter-output>
          </reporter-output>
        </test-method> <!-- Verifying_supress_amazon_Slotid_Hourly2_bigaddetails_preload_adcall_USA_Privacy_DoNotSellMyInformation -->
        <test-method status="FAIL" signature="Verifying_supress_amazon_Slotid_Hourly3_bigaddetails_preload_adcall_USA_Privacy_DoNotSellMyInformation()[pri:0, instance:twc.Regression.TestCases.USA_Run@73b74615]" name="Verifying_supress_amazon_Slotid_Hourly3_bigaddetails_preload_adcall_USA_Privacy_DoNotSellMyInformation" duration-ms="3" started-at="2020-08-20T17:08:37Z" finished-at="2020-08-20T17:08:37Z">
          <exception class="java.lang.NullPointerException">
            <full-stacktrace>
              <![CDATA[java.lang.NullPointerException
	at twc.Regression.ReadDataFromFile.read_xml_data_into_buffer.read_xml_file_into_buffer_string(read_xml_data_into_buffer.java:118)
	at twc.Regression.General.Functions.verifyaax_SlotId_supress(Functions.java:1557)
	at twc.Regression.TestCases.USA_Run.Verifying_supress_amazon_Slotid_Hourly3_bigaddetails_preload_adcall_USA_Privacy_DoNotSellMyInformation(USA_Run.java:213)
	at sun.reflect.NativeMethodAccessorImpl.invoke0(Native Method)
	at sun.reflect.NativeMethodAccessorImpl.invoke(NativeMethodAccessorImpl.java:62)
	at sun.reflect.DelegatingMethodAccessorImpl.invoke(DelegatingMethodAccessorImpl.java:43)
	at java.lang.reflect.Method.invoke(Method.java:498)
	at org.testng.internal.MethodInvocationHelper.invokeMethod(MethodInvocationHelper.java:85)
	at org.testng.internal.Invoker.invokeMethod(Invoker.java:659)
	at org.testng.internal.Invoker.invokeTestMethod(Invoker.java:845)
	at org.testng.internal.Invoker.invokeTestMethods(Invoker.java:1153)
	at org.testng.internal.TestMethodWorker.invokeTestMethods(TestMethodWorker.java:125)
	at org.testng.internal.TestMethodWorker.run(TestMethodWorker.java:108)
	at org.testng.TestRunner.privateRun(TestRunner.java:771)
	at org.testng.TestRunner.run(TestRunner.java:621)
	at org.testng.SuiteRunner.runTest(SuiteRunner.java:357)
	at org.testng.SuiteRunner.runSequentially(SuiteRunner.java:352)
	at org.testng.SuiteRunner.privateRun(SuiteRunner.java:310)
	at org.testng.SuiteRunner.run(SuiteRunner.java:259)
	at org.testng.SuiteRunnerWorker.runSuite(SuiteRunnerWorker.java:52)
	at org.testng.SuiteRunnerWorker.run(SuiteRunnerWorker.java:86)
	at org.testng.TestNG.runSuitesSequentially(TestNG.java:1199)
	at org.testng.TestNG.runSuitesLocally(TestNG.java:1124)
	at org.testng.TestNG.run(TestNG.java:1032)
	at org.apache.maven.surefire.testng.TestNGExecutor.run(TestNGExecutor.java:73)
	at org.apache.maven.surefire.testng.TestNGXmlTestSuite.execute(TestNGXmlTestSuite.java:94)
	at org.apache.maven.surefire.Surefire.run(Surefire.java:169)
	at sun.reflect.NativeMethodAccessorImpl.invoke0(Native Method)
	at sun.reflect.NativeMethodAccessorImpl.invoke(NativeMethodAccessorImpl.java:62)
	at sun.reflect.DelegatingMethodAccessorImpl.invoke(DelegatingMethodAccessorImpl.java:43)
	at java.lang.reflect.Method.invoke(Method.java:498)
	at org.apache.maven.surefire.booter.SurefireBooter.runSuitesInProcess(SurefireBooter.java:350)
	at org.apache.maven.surefire.booter.SurefireBooter.main(SurefireBooter.java:1021)
]]>
            </full-stacktrace>
          </exception> <!-- java.lang.NullPointerException -->
          <reporter-output>
          </reporter-output>
        </test-method> <!-- Verifying_supress_amazon_Slotid_Hourly3_bigaddetails_preload_adcall_USA_Privacy_DoNotSellMyInformation -->
        <test-method status="FAIL" signature="Verifying_supress_amazon_Slotid_mapsdetails_preload_adcall_USA_Privacy_DoNotSellMyInformation()[pri:0, instance:twc.Regression.TestCases.USA_Run@73b74615]" name="Verifying_supress_amazon_Slotid_mapsdetails_preload_adcall_USA_Privacy_DoNotSellMyInformation" duration-ms="3" started-at="2020-08-20T17:08:37Z" finished-at="2020-08-20T17:08:37Z">
          <exception class="java.lang.NullPointerException">
            <full-stacktrace>
              <![CDATA[java.lang.NullPointerException
	at twc.Regression.ReadDataFromFile.read_xml_data_into_buffer.read_xml_file_into_buffer_string(read_xml_data_into_buffer.java:118)
	at twc.Regression.General.Functions.verifyaax_SlotId_supress(Functions.java:1557)
	at twc.Regression.TestCases.USA_Run.Verifying_supress_amazon_Slotid_mapsdetails_preload_adcall_USA_Privacy_DoNotSellMyInformation(USA_Run.java:225)
	at sun.reflect.NativeMethodAccessorImpl.invoke0(Native Method)
	at sun.reflect.NativeMethodAccessorImpl.invoke(NativeMethodAccessorImpl.java:62)
	at sun.reflect.DelegatingMethodAccessorImpl.invoke(DelegatingMethodAccessorImpl.java:43)
	at java.lang.reflect.Method.invoke(Method.java:498)
	at org.testng.internal.MethodInvocationHelper.invokeMethod(MethodInvocationHelper.java:85)
	at org.testng.internal.Invoker.invokeMethod(Invoker.java:659)
	at org.testng.internal.Invoker.invokeTestMethod(Invoker.java:845)
	at org.testng.internal.Invoker.invokeTestMethods(Invoker.java:1153)
	at org.testng.internal.TestMethodWorker.invokeTestMethods(TestMethodWorker.java:125)
	at org.testng.internal.TestMethodWorker.run(TestMethodWorker.java:108)
	at org.testng.TestRunner.privateRun(TestRunner.java:771)
	at org.testng.TestRunner.run(TestRunner.java:621)
	at org.testng.SuiteRunner.runTest(SuiteRunner.java:357)
	at org.testng.SuiteRunner.runSequentially(SuiteRunner.java:352)
	at org.testng.SuiteRunner.privateRun(SuiteRunner.java:310)
	at org.testng.SuiteRunner.run(SuiteRunner.java:259)
	at org.testng.SuiteRunnerWorker.runSuite(SuiteRunnerWorker.java:52)
	at org.testng.SuiteRunnerWorker.run(SuiteRunnerWorker.java:86)
	at org.testng.TestNG.runSuitesSequentially(TestNG.java:1199)
	at org.testng.TestNG.runSuitesLocally(TestNG.java:1124)
	at org.testng.TestNG.run(TestNG.java:1032)
	at org.apache.maven.surefire.testng.TestNGExecutor.run(TestNGExecutor.java:73)
	at org.apache.maven.surefire.testng.TestNGXmlTestSuite.execute(TestNGXmlTestSuite.java:94)
	at org.apache.maven.surefire.Surefire.run(Surefire.java:169)
	at sun.reflect.NativeMethodAccessorImpl.invoke0(Native Method)
	at sun.reflect.NativeMethodAccessorImpl.invoke(NativeMethodAccessorImpl.java:62)
	at sun.reflect.DelegatingMethodAccessorImpl.invoke(DelegatingMethodAccessorImpl.java:43)
	at java.lang.reflect.Method.invoke(Method.java:498)
	at org.apache.maven.surefire.booter.SurefireBooter.runSuitesInProcess(SurefireBooter.java:350)
	at org.apache.maven.surefire.booter.SurefireBooter.main(SurefireBooter.java:1021)
]]>
            </full-stacktrace>
          </exception> <!-- java.lang.NullPointerException -->
          <reporter-output>
          </reporter-output>
        </test-method> <!-- Verifying_supress_amazon_Slotid_mapsdetails_preload_adcall_USA_Privacy_DoNotSellMyInformation -->
        <test-method status="FAIL" signature="Verifying_supress_amazon_Slotid_Dailydetails_preload_adcall_USA_Privacy_DoNotSellMyInformation()[pri:0, instance:twc.Regression.TestCases.USA_Run@73b74615]" name="Verifying_supress_amazon_Slotid_Dailydetails_preload_adcall_USA_Privacy_DoNotSellMyInformation" duration-ms="4" started-at="2020-08-20T17:08:37Z" finished-at="2020-08-20T17:08:37Z">
          <exception class="java.lang.NullPointerException">
            <full-stacktrace>
              <![CDATA[java.lang.NullPointerException
	at twc.Regression.ReadDataFromFile.read_xml_data_into_buffer.read_xml_file_into_buffer_string(read_xml_data_into_buffer.java:118)
	at twc.Regression.General.Functions.verifyaax_SlotId_supress(Functions.java:1557)
	at twc.Regression.TestCases.USA_Run.Verifying_supress_amazon_Slotid_Dailydetails_preload_adcall_USA_Privacy_DoNotSellMyInformation(USA_Run.java:235)
	at sun.reflect.NativeMethodAccessorImpl.invoke0(Native Method)
	at sun.reflect.NativeMethodAccessorImpl.invoke(NativeMethodAccessorImpl.java:62)
	at sun.reflect.DelegatingMethodAccessorImpl.invoke(DelegatingMethodAccessorImpl.java:43)
	at java.lang.reflect.Method.invoke(Method.java:498)
	at org.testng.internal.MethodInvocationHelper.invokeMethod(MethodInvocationHelper.java:85)
	at org.testng.internal.Invoker.invokeMethod(Invoker.java:659)
	at org.testng.internal.Invoker.invokeTestMethod(Invoker.java:845)
	at org.testng.internal.Invoker.invokeTestMethods(Invoker.java:1153)
	at org.testng.internal.TestMethodWorker.invokeTestMethods(TestMethodWorker.java:125)
	at org.testng.internal.TestMethodWorker.run(TestMethodWorker.java:108)
	at org.testng.TestRunner.privateRun(TestRunner.java:771)
	at org.testng.TestRunner.run(TestRunner.java:621)
	at org.testng.SuiteRunner.runTest(SuiteRunner.java:357)
	at org.testng.SuiteRunner.runSequentially(SuiteRunner.java:352)
	at org.testng.SuiteRunner.privateRun(SuiteRunner.java:310)
	at org.testng.SuiteRunner.run(SuiteRunner.java:259)
	at org.testng.SuiteRunnerWorker.runSuite(SuiteRunnerWorker.java:52)
	at org.testng.SuiteRunnerWorker.run(SuiteRunnerWorker.java:86)
	at org.testng.TestNG.runSuitesSequentially(TestNG.java:1199)
	at org.testng.TestNG.runSuitesLocally(TestNG.java:1124)
	at org.testng.TestNG.run(TestNG.java:1032)
	at org.apache.maven.surefire.testng.TestNGExecutor.run(TestNGExecutor.java:73)
	at org.apache.maven.surefire.testng.TestNGXmlTestSuite.execute(TestNGXmlTestSuite.java:94)
	at org.apache.maven.surefire.Surefire.run(Surefire.java:169)
	at sun.reflect.NativeMethodAccessorImpl.invoke0(Native Method)
	at sun.reflect.NativeMethodAccessorImpl.invoke(NativeMethodAccessorImpl.java:62)
	at sun.reflect.DelegatingMethodAccessorImpl.invoke(DelegatingMethodAccessorImpl.java:43)
	at java.lang.reflect.Method.invoke(Method.java:498)
	at org.apache.maven.surefire.booter.SurefireBooter.runSuitesInProcess(SurefireBooter.java:350)
	at org.apache.maven.surefire.booter.SurefireBooter.main(SurefireBooter.java:1021)
]]>
            </full-stacktrace>
          </exception> <!-- java.lang.NullPointerException -->
          <reporter-output>
          </reporter-output>
        </test-method> <!-- Verifying_supress_amazon_Slotid_Dailydetails_preload_adcall_USA_Privacy_DoNotSellMyInformation -->
        <test-method status="FAIL" signature="Verifying_supress_amazon_Slotid_video_adcall_USA_Privacy_DoNotSellMyInformation()[pri:0, instance:twc.Regression.TestCases.USA_Run@73b74615]" name="Verifying_supress_amazon_Slotid_video_adcall_USA_Privacy_DoNotSellMyInformation" duration-ms="3" started-at="2020-08-20T17:08:37Z" finished-at="2020-08-20T17:08:37Z">
          <exception class="java.lang.NullPointerException">
            <full-stacktrace>
              <![CDATA[java.lang.NullPointerException
	at twc.Regression.ReadDataFromFile.read_xml_data_into_buffer.read_xml_file_into_buffer_string(read_xml_data_into_buffer.java:118)
	at twc.Regression.General.Functions.verifyaax_SlotId_supress(Functions.java:1557)
	at twc.Regression.TestCases.USA_Run.Verifying_supress_amazon_Slotid_video_adcall_USA_Privacy_DoNotSellMyInformation(USA_Run.java:244)
	at sun.reflect.NativeMethodAccessorImpl.invoke0(Native Method)
	at sun.reflect.NativeMethodAccessorImpl.invoke(NativeMethodAccessorImpl.java:62)
	at sun.reflect.DelegatingMethodAccessorImpl.invoke(DelegatingMethodAccessorImpl.java:43)
	at java.lang.reflect.Method.invoke(Method.java:498)
	at org.testng.internal.MethodInvocationHelper.invokeMethod(MethodInvocationHelper.java:85)
	at org.testng.internal.Invoker.invokeMethod(Invoker.java:659)
	at org.testng.internal.Invoker.invokeTestMethod(Invoker.java:845)
	at org.testng.internal.Invoker.invokeTestMethods(Invoker.java:1153)
	at org.testng.internal.TestMethodWorker.invokeTestMethods(TestMethodWorker.java:125)
	at org.testng.internal.TestMethodWorker.run(TestMethodWorker.java:108)
	at org.testng.TestRunner.privateRun(TestRunner.java:771)
	at org.testng.TestRunner.run(TestRunner.java:621)
	at org.testng.SuiteRunner.runTest(SuiteRunner.java:357)
	at org.testng.SuiteRunner.runSequentially(SuiteRunner.java:352)
	at org.testng.SuiteRunner.privateRun(SuiteRunner.java:310)
	at org.testng.SuiteRunner.run(SuiteRunner.java:259)
	at org.testng.SuiteRunnerWorker.runSuite(SuiteRunnerWorker.java:52)
	at org.testng.SuiteRunnerWorker.run(SuiteRunnerWorker.java:86)
	at org.testng.TestNG.runSuitesSequentially(TestNG.java:1199)
	at org.testng.TestNG.runSuitesLocally(TestNG.java:1124)
	at org.testng.TestNG.run(TestNG.java:1032)
	at org.apache.maven.surefire.testng.TestNGExecutor.run(TestNGExecutor.java:73)
	at org.apache.maven.surefire.testng.TestNGXmlTestSuite.execute(TestNGXmlTestSuite.java:94)
	at org.apache.maven.surefire.Surefire.run(Surefire.java:169)
	at sun.reflect.NativeMethodAccessorImpl.invoke0(Native Method)
	at sun.reflect.NativeMethodAccessorImpl.invoke(NativeMethodAccessorImpl.java:62)
	at sun.reflect.DelegatingMethodAccessorImpl.invoke(DelegatingMethodAccessorImpl.java:43)
	at java.lang.reflect.Method.invoke(Method.java:498)
	at org.apache.maven.surefire.booter.SurefireBooter.runSuitesInProcess(SurefireBooter.java:350)
	at org.apache.maven.surefire.booter.SurefireBooter.main(SurefireBooter.java:1021)
]]>
            </full-stacktrace>
          </exception> <!-- java.lang.NullPointerException -->
          <reporter-output>
          </reporter-output>
        </test-method> <!-- Verifying_supress_amazon_Slotid_video_adcall_USA_Privacy_DoNotSellMyInformation -->
        <test-method status="FAIL" signature="Verifying_homescreenhourly_adCall_Presence_USA_Privacy_DoNotSellMyInformation()[pri:0, instance:twc.Regression.TestCases.USA_Run@73b74615]" name="Verifying_homescreenhourly_adCall_Presence_USA_Privacy_DoNotSellMyInformation" duration-ms="4" started-at="2020-08-20T17:08:37Z" finished-at="2020-08-20T17:08:37Z">
          <exception class="java.lang.NullPointerException">
            <full-stacktrace>
              <![CDATA[java.lang.NullPointerException
	at twc.Regression.ReadDataFromFile.read_xml_data_into_buffer.read_xml_file_into_buffer_string(read_xml_data_into_buffer.java:118)
	at twc.Regression.General.Functions.finding_Homescreen_iu_value(Functions.java:3840)
	at twc.Regression.TestCases.USA_Run.Verifying_homescreenhourly_adCall_Presence_USA_Privacy_DoNotSellMyInformation(USA_Run.java:254)
	at sun.reflect.NativeMethodAccessorImpl.invoke0(Native Method)
	at sun.reflect.NativeMethodAccessorImpl.invoke(NativeMethodAccessorImpl.java:62)
	at sun.reflect.DelegatingMethodAccessorImpl.invoke(DelegatingMethodAccessorImpl.java:43)
	at java.lang.reflect.Method.invoke(Method.java:498)
	at org.testng.internal.MethodInvocationHelper.invokeMethod(MethodInvocationHelper.java:85)
	at org.testng.internal.Invoker.invokeMethod(Invoker.java:659)
	at org.testng.internal.Invoker.invokeTestMethod(Invoker.java:845)
	at org.testng.internal.Invoker.invokeTestMethods(Invoker.java:1153)
	at org.testng.internal.TestMethodWorker.invokeTestMethods(TestMethodWorker.java:125)
	at org.testng.internal.TestMethodWorker.run(TestMethodWorker.java:108)
	at org.testng.TestRunner.privateRun(TestRunner.java:771)
	at org.testng.TestRunner.run(TestRunner.java:621)
	at org.testng.SuiteRunner.runTest(SuiteRunner.java:357)
	at org.testng.SuiteRunner.runSequentially(SuiteRunner.java:352)
	at org.testng.SuiteRunner.privateRun(SuiteRunner.java:310)
	at org.testng.SuiteRunner.run(SuiteRunner.java:259)
	at org.testng.SuiteRunnerWorker.runSuite(SuiteRunnerWorker.java:52)
	at org.testng.SuiteRunnerWorker.run(SuiteRunnerWorker.java:86)
	at org.testng.TestNG.runSuitesSequentially(TestNG.java:1199)
	at org.testng.TestNG.runSuitesLocally(TestNG.java:1124)
	at org.testng.TestNG.run(TestNG.java:1032)
	at org.apache.maven.surefire.testng.TestNGExecutor.run(TestNGExecutor.java:73)
	at org.apache.maven.surefire.testng.TestNGXmlTestSuite.execute(TestNGXmlTestSuite.java:94)
	at org.apache.maven.surefire.Surefire.run(Surefire.java:169)
	at sun.reflect.NativeMethodAccessorImpl.invoke0(Native Method)
	at sun.reflect.NativeMethodAccessorImpl.invoke(NativeMethodAccessorImpl.java:62)
	at sun.reflect.DelegatingMethodAccessorImpl.invoke(DelegatingMethodAccessorImpl.java:43)
	at java.lang.reflect.Method.invoke(Method.java:498)
	at org.apache.maven.surefire.booter.SurefireBooter.runSuitesInProcess(SurefireBooter.java:350)
	at org.apache.maven.surefire.booter.SurefireBooter.main(SurefireBooter.java:1021)
]]>
            </full-stacktrace>
          </exception> <!-- java.lang.NullPointerException -->
          <reporter-output>
          </reporter-output>
        </test-method> <!-- Verifying_homescreenhourly_adCall_Presence_USA_Privacy_DoNotSellMyInformation -->
        <test-method status="FAIL" signature="Verifying_homescreenmarquee_adCall_Presence_USA_Privacy_DoNotSellMyInformation()[pri:0, instance:twc.Regression.TestCases.USA_Run@73b74615]" name="Verifying_homescreenmarquee_adCall_Presence_USA_Privacy_DoNotSellMyInformation" duration-ms="3" started-at="2020-08-20T17:08:37Z" finished-at="2020-08-20T17:08:37Z">
          <exception class="java.lang.NullPointerException">
            <full-stacktrace>
              <![CDATA[java.lang.NullPointerException
	at twc.Regression.ReadDataFromFile.read_xml_data_into_buffer.read_xml_file_into_buffer_string(read_xml_data_into_buffer.java:118)
	at twc.Regression.General.Functions.finding_Homescreen_marquee_iu_value(Functions.java:3181)
	at twc.Regression.TestCases.USA_Run.Verifying_homescreenmarquee_adCall_Presence_USA_Privacy_DoNotSellMyInformation(USA_Run.java:263)
	at sun.reflect.NativeMethodAccessorImpl.invoke0(Native Method)
	at sun.reflect.NativeMethodAccessorImpl.invoke(NativeMethodAccessorImpl.java:62)
	at sun.reflect.DelegatingMethodAccessorImpl.invoke(DelegatingMethodAccessorImpl.java:43)
	at java.lang.reflect.Method.invoke(Method.java:498)
	at org.testng.internal.MethodInvocationHelper.invokeMethod(MethodInvocationHelper.java:85)
	at org.testng.internal.Invoker.invokeMethod(Invoker.java:659)
	at org.testng.internal.Invoker.invokeTestMethod(Invoker.java:845)
	at org.testng.internal.Invoker.invokeTestMethods(Invoker.java:1153)
	at org.testng.internal.TestMethodWorker.invokeTestMethods(TestMethodWorker.java:125)
	at org.testng.internal.TestMethodWorker.run(TestMethodWorker.java:108)
	at org.testng.TestRunner.privateRun(TestRunner.java:771)
	at org.testng.TestRunner.run(TestRunner.java:621)
	at org.testng.SuiteRunner.runTest(SuiteRunner.java:357)
	at org.testng.SuiteRunner.runSequentially(SuiteRunner.java:352)
	at org.testng.SuiteRunner.privateRun(SuiteRunner.java:310)
	at org.testng.SuiteRunner.run(SuiteRunner.java:259)
	at org.testng.SuiteRunnerWorker.runSuite(SuiteRunnerWorker.java:52)
	at org.testng.SuiteRunnerWorker.run(SuiteRunnerWorker.java:86)
	at org.testng.TestNG.runSuitesSequentially(TestNG.java:1199)
	at org.testng.TestNG.runSuitesLocally(TestNG.java:1124)
	at org.testng.TestNG.run(TestNG.java:1032)
	at org.apache.maven.surefire.testng.TestNGExecutor.run(TestNGExecutor.java:73)
	at org.apache.maven.surefire.testng.TestNGXmlTestSuite.execute(TestNGXmlTestSuite.java:94)
	at org.apache.maven.surefire.Surefire.run(Surefire.java:169)
	at sun.reflect.NativeMethodAccessorImpl.invoke0(Native Method)
	at sun.reflect.NativeMethodAccessorImpl.invoke(NativeMethodAccessorImpl.java:62)
	at sun.reflect.DelegatingMethodAccessorImpl.invoke(DelegatingMethodAccessorImpl.java:43)
	at java.lang.reflect.Method.invoke(Method.java:498)
	at org.apache.maven.surefire.booter.SurefireBooter.runSuitesInProcess(SurefireBooter.java:350)
	at org.apache.maven.surefire.booter.SurefireBooter.main(SurefireBooter.java:1021)
]]>
            </full-stacktrace>
          </exception> <!-- java.lang.NullPointerException -->
          <reporter-output>
          </reporter-output>
        </test-method> <!-- Verifying_homescreenmarquee_adCall_Presence_USA_Privacy_DoNotSellMyInformation -->
        <test-method status="FAIL" signature="Verifying_SOD_Cust_Param_homescreenmarquee_adCall_USA_Privacy_DoNotSellMyInformation()[pri:0, instance:twc.Regression.TestCases.USA_Run@73b74615]" name="Verifying_SOD_Cust_Param_homescreenmarquee_adCall_USA_Privacy_DoNotSellMyInformation" duration-ms="6" started-at="2020-08-20T17:08:37Z" finished-at="2020-08-20T17:08:37Z">
          <exception class="java.lang.NullPointerException">
            <full-stacktrace>
              <![CDATA[java.lang.NullPointerException
	at twc.Regression.ReadDataFromFile.read_xml_data_into_buffer.read_xml_file_into_buffer_string(read_xml_data_into_buffer.java:118)
	at twc.Regression.General.Functions.validate_SOD_Cust_param_homescreenmarquee_Optoutmode(Functions.java:3274)
	at twc.Regression.TestCases.USA_Run.Verifying_SOD_Cust_Param_homescreenmarquee_adCall_USA_Privacy_DoNotSellMyInformation(USA_Run.java:273)
	at sun.reflect.NativeMethodAccessorImpl.invoke0(Native Method)
	at sun.reflect.NativeMethodAccessorImpl.invoke(NativeMethodAccessorImpl.java:62)
	at sun.reflect.DelegatingMethodAccessorImpl.invoke(DelegatingMethodAccessorImpl.java:43)
	at java.lang.reflect.Method.invoke(Method.java:498)
	at org.testng.internal.MethodInvocationHelper.invokeMethod(MethodInvocationHelper.java:85)
	at org.testng.internal.Invoker.invokeMethod(Invoker.java:659)
	at org.testng.internal.Invoker.invokeTestMethod(Invoker.java:845)
	at org.testng.internal.Invoker.invokeTestMethods(Invoker.java:1153)
	at org.testng.internal.TestMethodWorker.invokeTestMethods(TestMethodWorker.java:125)
	at org.testng.internal.TestMethodWorker.run(TestMethodWorker.java:108)
	at org.testng.TestRunner.privateRun(TestRunner.java:771)
	at org.testng.TestRunner.run(TestRunner.java:621)
	at org.testng.SuiteRunner.runTest(SuiteRunner.java:357)
	at org.testng.SuiteRunner.runSequentially(SuiteRunner.java:352)
	at org.testng.SuiteRunner.privateRun(SuiteRunner.java:310)
	at org.testng.SuiteRunner.run(SuiteRunner.java:259)
	at org.testng.SuiteRunnerWorker.runSuite(SuiteRunnerWorker.java:52)
	at org.testng.SuiteRunnerWorker.run(SuiteRunnerWorker.java:86)
	at org.testng.TestNG.runSuitesSequentially(TestNG.java:1199)
	at org.testng.TestNG.runSuitesLocally(TestNG.java:1124)
	at org.testng.TestNG.run(TestNG.java:1032)
	at org.apache.maven.surefire.testng.TestNGExecutor.run(TestNGExecutor.java:73)
	at org.apache.maven.surefire.testng.TestNGXmlTestSuite.execute(TestNGXmlTestSuite.java:94)
	at org.apache.maven.surefire.Surefire.run(Surefire.java:169)
	at sun.reflect.NativeMethodAccessorImpl.invoke0(Native Method)
	at sun.reflect.NativeMethodAccessorImpl.invoke(NativeMethodAccessorImpl.java:62)
	at sun.reflect.DelegatingMethodAccessorImpl.invoke(DelegatingMethodAccessorImpl.java:43)
	at java.lang.reflect.Method.invoke(Method.java:498)
	at org.apache.maven.surefire.booter.SurefireBooter.runSuitesInProcess(SurefireBooter.java:350)
	at org.apache.maven.surefire.booter.SurefireBooter.main(SurefireBooter.java:1021)
]]>
            </full-stacktrace>
          </exception> <!-- java.lang.NullPointerException -->
          <reporter-output>
          </reporter-output>
        </test-method> <!-- Verifying_SOD_Cust_Param_homescreenmarquee_adCall_USA_Privacy_DoNotSellMyInformation -->
        <test-method status="FAIL" signature="Verifying_SOD_Cust_Param_homescreenhourly_adCall_USA_Privacy_DoNotSellMyInformation()[pri:0, instance:twc.Regression.TestCases.USA_Run@73b74615]" name="Verifying_SOD_Cust_Param_homescreenhourly_adCall_USA_Privacy_DoNotSellMyInformation" duration-ms="6" started-at="2020-08-20T17:08:37Z" finished-at="2020-08-20T17:08:37Z">
          <exception class="java.lang.NullPointerException">
            <full-stacktrace>
              <![CDATA[java.lang.NullPointerException
	at twc.Regression.ReadDataFromFile.read_xml_data_into_buffer.read_xml_file_into_buffer_string(read_xml_data_into_buffer.java:118)
	at twc.Regression.General.Functions.validate_SOD_Cust_param_homescreenHourly_Optoutmode(Functions.java:3203)
	at twc.Regression.TestCases.USA_Run.Verifying_SOD_Cust_Param_homescreenhourly_adCall_USA_Privacy_DoNotSellMyInformation(USA_Run.java:283)
	at sun.reflect.NativeMethodAccessorImpl.invoke0(Native Method)
	at sun.reflect.NativeMethodAccessorImpl.invoke(NativeMethodAccessorImpl.java:62)
	at sun.reflect.DelegatingMethodAccessorImpl.invoke(DelegatingMethodAccessorImpl.java:43)
	at java.lang.reflect.Method.invoke(Method.java:498)
	at org.testng.internal.MethodInvocationHelper.invokeMethod(MethodInvocationHelper.java:85)
	at org.testng.internal.Invoker.invokeMethod(Invoker.java:659)
	at org.testng.internal.Invoker.invokeTestMethod(Invoker.java:845)
	at org.testng.internal.Invoker.invokeTestMethods(Invoker.java:1153)
	at org.testng.internal.TestMethodWorker.invokeTestMethods(TestMethodWorker.java:125)
	at org.testng.internal.TestMethodWorker.run(TestMethodWorker.java:108)
	at org.testng.TestRunner.privateRun(TestRunner.java:771)
	at org.testng.TestRunner.run(TestRunner.java:621)
	at org.testng.SuiteRunner.runTest(SuiteRunner.java:357)
	at org.testng.SuiteRunner.runSequentially(SuiteRunner.java:352)
	at org.testng.SuiteRunner.privateRun(SuiteRunner.java:310)
	at org.testng.SuiteRunner.run(SuiteRunner.java:259)
	at org.testng.SuiteRunnerWorker.runSuite(SuiteRunnerWorker.java:52)
	at org.testng.SuiteRunnerWorker.run(SuiteRunnerWorker.java:86)
	at org.testng.TestNG.runSuitesSequentially(TestNG.java:1199)
	at org.testng.TestNG.runSuitesLocally(TestNG.java:1124)
	at org.testng.TestNG.run(TestNG.java:1032)
	at org.apache.maven.surefire.testng.TestNGExecutor.run(TestNGExecutor.java:73)
	at org.apache.maven.surefire.testng.TestNGXmlTestSuite.execute(TestNGXmlTestSuite.java:94)
	at org.apache.maven.surefire.Surefire.run(Surefire.java:169)
	at sun.reflect.NativeMethodAccessorImpl.invoke0(Native Method)
	at sun.reflect.NativeMethodAccessorImpl.invoke(NativeMethodAccessorImpl.java:62)
	at sun.reflect.DelegatingMethodAccessorImpl.invoke(DelegatingMethodAccessorImpl.java:43)
	at java.lang.reflect.Method.invoke(Method.java:498)
	at org.apache.maven.surefire.booter.SurefireBooter.runSuitesInProcess(SurefireBooter.java:350)
	at org.apache.maven.surefire.booter.SurefireBooter.main(SurefireBooter.java:1021)
]]>
            </full-stacktrace>
          </exception> <!-- java.lang.NullPointerException -->
          <reporter-output>
          </reporter-output>
        </test-method> <!-- Verifying_SOD_Cust_Param_homescreenhourly_adCall_USA_Privacy_DoNotSellMyInformation -->
        <test-method status="FAIL" signature="Verifying_SOD_Cust_Param_mapsdetails_adCall_USA_Privacy_DoNotSellMyInformation()[pri:0, instance:twc.Regression.TestCases.USA_Run@73b74615]" name="Verifying_SOD_Cust_Param_mapsdetails_adCall_USA_Privacy_DoNotSellMyInformation" duration-ms="5" started-at="2020-08-20T17:08:37Z" finished-at="2020-08-20T17:08:37Z">
          <exception class="java.lang.NullPointerException">
            <full-stacktrace>
              <![CDATA[java.lang.NullPointerException
	at twc.Regression.ReadDataFromFile.read_xml_data_into_buffer.read_xml_file_into_buffer_string(read_xml_data_into_buffer.java:118)
	at twc.Regression.General.Functions.validate_SOD_Cust_param_deatiledfeed_Optoutmode(Functions.java:3341)
	at twc.Regression.TestCases.USA_Run.Verifying_SOD_Cust_Param_mapsdetails_adCall_USA_Privacy_DoNotSellMyInformation(USA_Run.java:293)
	at sun.reflect.NativeMethodAccessorImpl.invoke0(Native Method)
	at sun.reflect.NativeMethodAccessorImpl.invoke(NativeMethodAccessorImpl.java:62)
	at sun.reflect.DelegatingMethodAccessorImpl.invoke(DelegatingMethodAccessorImpl.java:43)
	at java.lang.reflect.Method.invoke(Method.java:498)
	at org.testng.internal.MethodInvocationHelper.invokeMethod(MethodInvocationHelper.java:85)
	at org.testng.internal.Invoker.invokeMethod(Invoker.java:659)
	at org.testng.internal.Invoker.invokeTestMethod(Invoker.java:845)
	at org.testng.internal.Invoker.invokeTestMethods(Invoker.java:1153)
	at org.testng.internal.TestMethodWorker.invokeTestMethods(TestMethodWorker.java:125)
	at org.testng.internal.TestMethodWorker.run(TestMethodWorker.java:108)
	at org.testng.TestRunner.privateRun(TestRunner.java:771)
	at org.testng.TestRunner.run(TestRunner.java:621)
	at org.testng.SuiteRunner.runTest(SuiteRunner.java:357)
	at org.testng.SuiteRunner.runSequentially(SuiteRunner.java:352)
	at org.testng.SuiteRunner.privateRun(SuiteRunner.java:310)
	at org.testng.SuiteRunner.run(SuiteRunner.java:259)
	at org.testng.SuiteRunnerWorker.runSuite(SuiteRunnerWorker.java:52)
	at org.testng.SuiteRunnerWorker.run(SuiteRunnerWorker.java:86)
	at org.testng.TestNG.runSuitesSequentially(TestNG.java:1199)
	at org.testng.TestNG.runSuitesLocally(TestNG.java:1124)
	at org.testng.TestNG.run(TestNG.java:1032)
	at org.apache.maven.surefire.testng.TestNGExecutor.run(TestNGExecutor.java:73)
	at org.apache.maven.surefire.testng.TestNGXmlTestSuite.execute(TestNGXmlTestSuite.java:94)
	at org.apache.maven.surefire.Surefire.run(Surefire.java:169)
	at sun.reflect.NativeMethodAccessorImpl.invoke0(Native Method)
	at sun.reflect.NativeMethodAccessorImpl.invoke(NativeMethodAccessorImpl.java:62)
	at sun.reflect.DelegatingMethodAccessorImpl.invoke(DelegatingMethodAccessorImpl.java:43)
	at java.lang.reflect.Method.invoke(Method.java:498)
	at org.apache.maven.surefire.booter.SurefireBooter.runSuitesInProcess(SurefireBooter.java:350)
	at org.apache.maven.surefire.booter.SurefireBooter.main(SurefireBooter.java:1021)
]]>
            </full-stacktrace>
          </exception> <!-- java.lang.NullPointerException -->
          <reporter-output>
          </reporter-output>
        </test-method> <!-- Verifying_SOD_Cust_Param_mapsdetails_adCall_USA_Privacy_DoNotSellMyInformation -->
        <test-method status="FAIL" signature="Verifying_rdp_equals_1_homescreenHourly_adCall_USA_Privacy_DoNotSellMyInformation()[pri:0, instance:twc.Regression.TestCases.USA_Run@73b74615]" name="Verifying_rdp_equals_1_homescreenHourly_adCall_USA_Privacy_DoNotSellMyInformation" duration-ms="3" started-at="2020-08-20T17:08:37Z" finished-at="2020-08-20T17:08:37Z">
          <exception class="java.lang.NullPointerException">
            <full-stacktrace>
              <![CDATA[java.lang.NullPointerException
	at twc.Regression.ReadDataFromFile.read_xml_data_into_buffer.read_xml_file_into_buffer_string(read_xml_data_into_buffer.java:118)
	at twc.Regression.General.Functions.validate_RDP_homescrenhourly_Optoutmode(Functions.java:3527)
	at twc.Regression.TestCases.USA_Run.Verifying_rdp_equals_1_homescreenHourly_adCall_USA_Privacy_DoNotSellMyInformation(USA_Run.java:302)
	at sun.reflect.NativeMethodAccessorImpl.invoke0(Native Method)
	at sun.reflect.NativeMethodAccessorImpl.invoke(NativeMethodAccessorImpl.java:62)
	at sun.reflect.DelegatingMethodAccessorImpl.invoke(DelegatingMethodAccessorImpl.java:43)
	at java.lang.reflect.Method.invoke(Method.java:498)
	at org.testng.internal.MethodInvocationHelper.invokeMethod(MethodInvocationHelper.java:85)
	at org.testng.internal.Invoker.invokeMethod(Invoker.java:659)
	at org.testng.internal.Invoker.invokeTestMethod(Invoker.java:845)
	at org.testng.internal.Invoker.invokeTestMethods(Invoker.java:1153)
	at org.testng.internal.TestMethodWorker.invokeTestMethods(TestMethodWorker.java:125)
	at org.testng.internal.TestMethodWorker.run(TestMethodWorker.java:108)
	at org.testng.TestRunner.privateRun(TestRunner.java:771)
	at org.testng.TestRunner.run(TestRunner.java:621)
	at org.testng.SuiteRunner.runTest(SuiteRunner.java:357)
	at org.testng.SuiteRunner.runSequentially(SuiteRunner.java:352)
	at org.testng.SuiteRunner.privateRun(SuiteRunner.java:310)
	at org.testng.SuiteRunner.run(SuiteRunner.java:259)
	at org.testng.SuiteRunnerWorker.runSuite(SuiteRunnerWorker.java:52)
	at org.testng.SuiteRunnerWorker.run(SuiteRunnerWorker.java:86)
	at org.testng.TestNG.runSuitesSequentially(TestNG.java:1199)
	at org.testng.TestNG.runSuitesLocally(TestNG.java:1124)
	at org.testng.TestNG.run(TestNG.java:1032)
	at org.apache.maven.surefire.testng.TestNGExecutor.run(TestNGExecutor.java:73)
	at org.apache.maven.surefire.testng.TestNGXmlTestSuite.execute(TestNGXmlTestSuite.java:94)
	at org.apache.maven.surefire.Surefire.run(Surefire.java:169)
	at sun.reflect.NativeMethodAccessorImpl.invoke0(Native Method)
	at sun.reflect.NativeMethodAccessorImpl.invoke(NativeMethodAccessorImpl.java:62)
	at sun.reflect.DelegatingMethodAccessorImpl.invoke(DelegatingMethodAccessorImpl.java:43)
	at java.lang.reflect.Method.invoke(Method.java:498)
	at org.apache.maven.surefire.booter.SurefireBooter.runSuitesInProcess(SurefireBooter.java:350)
	at org.apache.maven.surefire.booter.SurefireBooter.main(SurefireBooter.java:1021)
]]>
            </full-stacktrace>
          </exception> <!-- java.lang.NullPointerException -->
          <reporter-output>
          </reporter-output>
        </test-method> <!-- Verifying_rdp_equals_1_homescreenHourly_adCall_USA_Privacy_DoNotSellMyInformation -->
        <test-method status="FAIL" signature="Verifying_rdp_equals_1_homescreenmarquee_adCall_USA_Privacy_DoNotSellMyInformation()[pri:0, instance:twc.Regression.TestCases.USA_Run@73b74615]" name="Verifying_rdp_equals_1_homescreenmarquee_adCall_USA_Privacy_DoNotSellMyInformation" duration-ms="5" started-at="2020-08-20T17:08:37Z" finished-at="2020-08-20T17:08:37Z">
          <exception class="java.lang.NullPointerException">
            <full-stacktrace>
              <![CDATA[java.lang.NullPointerException
	at twc.Regression.ReadDataFromFile.read_xml_data_into_buffer.read_xml_file_into_buffer_string(read_xml_data_into_buffer.java:118)
	at twc.Regression.General.Functions.validate_RDP_homescreenmarquee_Optoutmode(Functions.java:3491)
	at twc.Regression.TestCases.USA_Run.Verifying_rdp_equals_1_homescreenmarquee_adCall_USA_Privacy_DoNotSellMyInformation(USA_Run.java:312)
	at sun.reflect.NativeMethodAccessorImpl.invoke0(Native Method)
	at sun.reflect.NativeMethodAccessorImpl.invoke(NativeMethodAccessorImpl.java:62)
	at sun.reflect.DelegatingMethodAccessorImpl.invoke(DelegatingMethodAccessorImpl.java:43)
	at java.lang.reflect.Method.invoke(Method.java:498)
	at org.testng.internal.MethodInvocationHelper.invokeMethod(MethodInvocationHelper.java:85)
	at org.testng.internal.Invoker.invokeMethod(Invoker.java:659)
	at org.testng.internal.Invoker.invokeTestMethod(Invoker.java:845)
	at org.testng.internal.Invoker.invokeTestMethods(Invoker.java:1153)
	at org.testng.internal.TestMethodWorker.invokeTestMethods(TestMethodWorker.java:125)
	at org.testng.internal.TestMethodWorker.run(TestMethodWorker.java:108)
	at org.testng.TestRunner.privateRun(TestRunner.java:771)
	at org.testng.TestRunner.run(TestRunner.java:621)
	at org.testng.SuiteRunner.runTest(SuiteRunner.java:357)
	at org.testng.SuiteRunner.runSequentially(SuiteRunner.java:352)
	at org.testng.SuiteRunner.privateRun(SuiteRunner.java:310)
	at org.testng.SuiteRunner.run(SuiteRunner.java:259)
	at org.testng.SuiteRunnerWorker.runSuite(SuiteRunnerWorker.java:52)
	at org.testng.SuiteRunnerWorker.run(SuiteRunnerWorker.java:86)
	at org.testng.TestNG.runSuitesSequentially(TestNG.java:1199)
	at org.testng.TestNG.runSuitesLocally(TestNG.java:1124)
	at org.testng.TestNG.run(TestNG.java:1032)
	at org.apache.maven.surefire.testng.TestNGExecutor.run(TestNGExecutor.java:73)
	at org.apache.maven.surefire.testng.TestNGXmlTestSuite.execute(TestNGXmlTestSuite.java:94)
	at org.apache.maven.surefire.Surefire.run(Surefire.java:169)
	at sun.reflect.NativeMethodAccessorImpl.invoke0(Native Method)
	at sun.reflect.NativeMethodAccessorImpl.invoke(NativeMethodAccessorImpl.java:62)
	at sun.reflect.DelegatingMethodAccessorImpl.invoke(DelegatingMethodAccessorImpl.java:43)
	at java.lang.reflect.Method.invoke(Method.java:498)
	at org.apache.maven.surefire.booter.SurefireBooter.runSuitesInProcess(SurefireBooter.java:350)
	at org.apache.maven.surefire.booter.SurefireBooter.main(SurefireBooter.java:1021)
]]>
            </full-stacktrace>
          </exception> <!-- java.lang.NullPointerException -->
          <reporter-output>
          </reporter-output>
        </test-method> <!-- Verifying_rdp_equals_1_homescreenmarquee_adCall_USA_Privacy_DoNotSellMyInformation -->
        <test-method status="FAIL" signature="Verifying_videos_adCall_Presence_USA_Privacy_DoNotSellMyInformation()[pri:0, instance:twc.Regression.TestCases.USA_Run@73b74615]" name="Verifying_videos_adCall_Presence_USA_Privacy_DoNotSellMyInformation" duration-ms="3" started-at="2020-08-20T17:08:37Z" finished-at="2020-08-20T17:08:37Z">
          <exception class="java.lang.NullPointerException">
            <full-stacktrace>
              <![CDATA[java.lang.NullPointerException
	at twc.Regression.ReadDataFromFile.read_xml_data_into_buffer.read_xml_file_into_buffer_string(read_xml_data_into_buffer.java:118)
	at twc.Regression.General.Functions.Verify_video_ad_call_Optoutmode(Functions.java:2963)
	at twc.Regression.TestCases.USA_Run.Verifying_videos_adCall_Presence_USA_Privacy_DoNotSellMyInformation(USA_Run.java:323)
	at sun.reflect.NativeMethodAccessorImpl.invoke0(Native Method)
	at sun.reflect.NativeMethodAccessorImpl.invoke(NativeMethodAccessorImpl.java:62)
	at sun.reflect.DelegatingMethodAccessorImpl.invoke(DelegatingMethodAccessorImpl.java:43)
	at java.lang.reflect.Method.invoke(Method.java:498)
	at org.testng.internal.MethodInvocationHelper.invokeMethod(MethodInvocationHelper.java:85)
	at org.testng.internal.Invoker.invokeMethod(Invoker.java:659)
	at org.testng.internal.Invoker.invokeTestMethod(Invoker.java:845)
	at org.testng.internal.Invoker.invokeTestMethods(Invoker.java:1153)
	at org.testng.internal.TestMethodWorker.invokeTestMethods(TestMethodWorker.java:125)
	at org.testng.internal.TestMethodWorker.run(TestMethodWorker.java:108)
	at org.testng.TestRunner.privateRun(TestRunner.java:771)
	at org.testng.TestRunner.run(TestRunner.java:621)
	at org.testng.SuiteRunner.runTest(SuiteRunner.java:357)
	at org.testng.SuiteRunner.runSequentially(SuiteRunner.java:352)
	at org.testng.SuiteRunner.privateRun(SuiteRunner.java:310)
	at org.testng.SuiteRunner.run(SuiteRunner.java:259)
	at org.testng.SuiteRunnerWorker.runSuite(SuiteRunnerWorker.java:52)
	at org.testng.SuiteRunnerWorker.run(SuiteRunnerWorker.java:86)
	at org.testng.TestNG.runSuitesSequentially(TestNG.java:1199)
	at org.testng.TestNG.runSuitesLocally(TestNG.java:1124)
	at org.testng.TestNG.run(TestNG.java:1032)
	at org.apache.maven.surefire.testng.TestNGExecutor.run(TestNGExecutor.java:73)
	at org.apache.maven.surefire.testng.TestNGXmlTestSuite.execute(TestNGXmlTestSuite.java:94)
	at org.apache.maven.surefire.Surefire.run(Surefire.java:169)
	at sun.reflect.NativeMethodAccessorImpl.invoke0(Native Method)
	at sun.reflect.NativeMethodAccessorImpl.invoke(NativeMethodAccessorImpl.java:62)
	at sun.reflect.DelegatingMethodAccessorImpl.invoke(DelegatingMethodAccessorImpl.java:43)
	at java.lang.reflect.Method.invoke(Method.java:498)
	at org.apache.maven.surefire.booter.SurefireBooter.runSuitesInProcess(SurefireBooter.java:350)
	at org.apache.maven.surefire.booter.SurefireBooter.main(SurefireBooter.java:1021)
]]>
            </full-stacktrace>
          </exception> <!-- java.lang.NullPointerException -->
          <reporter-output>
          </reporter-output>
        </test-method> <!-- Verifying_videos_adCall_Presence_USA_Privacy_DoNotSellMyInformation -->
        <test-method status="FAIL" signature="Verifying_SOD_Cust_Param_videos_adCall_USA_Privacy_DoNotSellMyInformation()[pri:0, instance:twc.Regression.TestCases.USA_Run@73b74615]" name="Verifying_SOD_Cust_Param_videos_adCall_USA_Privacy_DoNotSellMyInformation" duration-ms="3" started-at="2020-08-20T17:08:37Z" finished-at="2020-08-20T17:08:37Z">
          <exception class="java.lang.NullPointerException">
            <full-stacktrace>
              <![CDATA[java.lang.NullPointerException
	at twc.Regression.ReadDataFromFile.read_xml_data_into_buffer.read_xml_file_into_buffer_string(read_xml_data_into_buffer.java:118)
	at twc.Regression.General.Functions.validate_SOD_Cust_param_video_Optoutmode(Functions.java:3377)
	at twc.Regression.TestCases.USA_Run.Verifying_SOD_Cust_Param_videos_adCall_USA_Privacy_DoNotSellMyInformation(USA_Run.java:332)
	at sun.reflect.NativeMethodAccessorImpl.invoke0(Native Method)
	at sun.reflect.NativeMethodAccessorImpl.invoke(NativeMethodAccessorImpl.java:62)
	at sun.reflect.DelegatingMethodAccessorImpl.invoke(DelegatingMethodAccessorImpl.java:43)
	at java.lang.reflect.Method.invoke(Method.java:498)
	at org.testng.internal.MethodInvocationHelper.invokeMethod(MethodInvocationHelper.java:85)
	at org.testng.internal.Invoker.invokeMethod(Invoker.java:659)
	at org.testng.internal.Invoker.invokeTestMethod(Invoker.java:845)
	at org.testng.internal.Invoker.invokeTestMethods(Invoker.java:1153)
	at org.testng.internal.TestMethodWorker.invokeTestMethods(TestMethodWorker.java:125)
	at org.testng.internal.TestMethodWorker.run(TestMethodWorker.java:108)
	at org.testng.TestRunner.privateRun(TestRunner.java:771)
	at org.testng.TestRunner.run(TestRunner.java:621)
	at org.testng.SuiteRunner.runTest(SuiteRunner.java:357)
	at org.testng.SuiteRunner.runSequentially(SuiteRunner.java:352)
	at org.testng.SuiteRunner.privateRun(SuiteRunner.java:310)
	at org.testng.SuiteRunner.run(SuiteRunner.java:259)
	at org.testng.SuiteRunnerWorker.runSuite(SuiteRunnerWorker.java:52)
	at org.testng.SuiteRunnerWorker.run(SuiteRunnerWorker.java:86)
	at org.testng.TestNG.runSuitesSequentially(TestNG.java:1199)
	at org.testng.TestNG.runSuitesLocally(TestNG.java:1124)
	at org.testng.TestNG.run(TestNG.java:1032)
	at org.apache.maven.surefire.testng.TestNGExecutor.run(TestNGExecutor.java:73)
	at org.apache.maven.surefire.testng.TestNGXmlTestSuite.execute(TestNGXmlTestSuite.java:94)
	at org.apache.maven.surefire.Surefire.run(Surefire.java:169)
	at sun.reflect.NativeMethodAccessorImpl.invoke0(Native Method)
	at sun.reflect.NativeMethodAccessorImpl.invoke(NativeMethodAccessorImpl.java:62)
	at sun.reflect.DelegatingMethodAccessorImpl.invoke(DelegatingMethodAccessorImpl.java:43)
	at java.lang.reflect.Method.invoke(Method.java:498)
	at org.apache.maven.surefire.booter.SurefireBooter.runSuitesInProcess(SurefireBooter.java:350)
	at org.apache.maven.surefire.booter.SurefireBooter.main(SurefireBooter.java:1021)
]]>
            </full-stacktrace>
          </exception> <!-- java.lang.NullPointerException -->
          <reporter-output>
          </reporter-output>
        </test-method> <!-- Verifying_SOD_Cust_Param_videos_adCall_USA_Privacy_DoNotSellMyInformation -->
        <test-method status="FAIL" signature="Verifying_rdp_equals_1_Videos_adCall_USA_Privacy_DoNotSellMyInformation()[pri:0, instance:twc.Regression.TestCases.USA_Run@73b74615]" name="Verifying_rdp_equals_1_Videos_adCall_USA_Privacy_DoNotSellMyInformation" duration-ms="4" started-at="2020-08-20T17:08:37Z" finished-at="2020-08-20T17:08:37Z">
          <exception class="java.lang.NullPointerException">
            <full-stacktrace>
              <![CDATA[java.lang.NullPointerException
	at twc.Regression.ReadDataFromFile.read_xml_data_into_buffer.read_xml_file_into_buffer_string(read_xml_data_into_buffer.java:118)
	at twc.Regression.General.Functions.validate_RDP_video_ad_Optoutmode(Functions.java:3802)
	at twc.Regression.TestCases.USA_Run.Verifying_rdp_equals_1_Videos_adCall_USA_Privacy_DoNotSellMyInformation(USA_Run.java:342)
	at sun.reflect.NativeMethodAccessorImpl.invoke0(Native Method)
	at sun.reflect.NativeMethodAccessorImpl.invoke(NativeMethodAccessorImpl.java:62)
	at sun.reflect.DelegatingMethodAccessorImpl.invoke(DelegatingMethodAccessorImpl.java:43)
	at java.lang.reflect.Method.invoke(Method.java:498)
	at org.testng.internal.MethodInvocationHelper.invokeMethod(MethodInvocationHelper.java:85)
	at org.testng.internal.Invoker.invokeMethod(Invoker.java:659)
	at org.testng.internal.Invoker.invokeTestMethod(Invoker.java:845)
	at org.testng.internal.Invoker.invokeTestMethods(Invoker.java:1153)
	at org.testng.internal.TestMethodWorker.invokeTestMethods(TestMethodWorker.java:125)
	at org.testng.internal.TestMethodWorker.run(TestMethodWorker.java:108)
	at org.testng.TestRunner.privateRun(TestRunner.java:771)
	at org.testng.TestRunner.run(TestRunner.java:621)
	at org.testng.SuiteRunner.runTest(SuiteRunner.java:357)
	at org.testng.SuiteRunner.runSequentially(SuiteRunner.java:352)
	at org.testng.SuiteRunner.privateRun(SuiteRunner.java:310)
	at org.testng.SuiteRunner.run(SuiteRunner.java:259)
	at org.testng.SuiteRunnerWorker.runSuite(SuiteRunnerWorker.java:52)
	at org.testng.SuiteRunnerWorker.run(SuiteRunnerWorker.java:86)
	at org.testng.TestNG.runSuitesSequentially(TestNG.java:1199)
	at org.testng.TestNG.runSuitesLocally(TestNG.java:1124)
	at org.testng.TestNG.run(TestNG.java:1032)
	at org.apache.maven.surefire.testng.TestNGExecutor.run(TestNGExecutor.java:73)
	at org.apache.maven.surefire.testng.TestNGXmlTestSuite.execute(TestNGXmlTestSuite.java:94)
	at org.apache.maven.surefire.Surefire.run(Surefire.java:169)
	at sun.reflect.NativeMethodAccessorImpl.invoke0(Native Method)
	at sun.reflect.NativeMethodAccessorImpl.invoke(NativeMethodAccessorImpl.java:62)
	at sun.reflect.DelegatingMethodAccessorImpl.invoke(DelegatingMethodAccessorImpl.java:43)
	at java.lang.reflect.Method.invoke(Method.java:498)
	at org.apache.maven.surefire.booter.SurefireBooter.runSuitesInProcess(SurefireBooter.java:350)
	at org.apache.maven.surefire.booter.SurefireBooter.main(SurefireBooter.java:1021)
]]>
            </full-stacktrace>
          </exception> <!-- java.lang.NullPointerException -->
          <reporter-output>
          </reporter-output>
        </test-method> <!-- Verifying_rdp_equals_1_Videos_adCall_USA_Privacy_DoNotSellMyInformation -->
        <test-method status="PASS" signature="Smoke_Test_Selecting_Optin_mode_scenario()[pri:0, instance:twc.Regression.TestCases.USA_Run@73b74615]" name="Smoke_Test_Selecting_Optin_mode_scenario" duration-ms="333931" started-at="2020-08-20T17:08:37Z" finished-at="2020-08-20T17:14:11Z">
          <reporter-output>
          </reporter-output>
        </test-method> <!-- Smoke_Test_Selecting_Optin_mode_scenario -->
        <test-method status="FAIL" signature="Verifying_Loatme_bcpcrwdcntrlnet_apiCall_presence_USA_Privacy_StandardAdvertisingSettings()[pri:0, instance:twc.Regression.TestCases.USA_Run@73b74615]" name="Verifying_Loatme_bcpcrwdcntrlnet_apiCall_presence_USA_Privacy_StandardAdvertisingSettings" duration-ms="1010" started-at="2020-08-20T17:14:11Z" finished-at="2020-08-20T17:14:12Z">
          <exception class="java.lang.NullPointerException">
            <full-stacktrace>
              <![CDATA[java.lang.NullPointerException
	at twc.Regression.HandleWithCharles.CharlesFunctions.ClearSessions(CharlesFunctions.java:31)
	at twc.Regression.TestCases.USA_Run.Verifying_Loatme_bcpcrwdcntrlnet_apiCall_presence_USA_Privacy_StandardAdvertisingSettings(USA_Run.java:381)
	at sun.reflect.NativeMethodAccessorImpl.invoke0(Native Method)
	at sun.reflect.NativeMethodAccessorImpl.invoke(NativeMethodAccessorImpl.java:62)
	at sun.reflect.DelegatingMethodAccessorImpl.invoke(DelegatingMethodAccessorImpl.java:43)
	at java.lang.reflect.Method.invoke(Method.java:498)
	at org.testng.internal.MethodInvocationHelper.invokeMethod(MethodInvocationHelper.java:85)
	at org.testng.internal.Invoker.invokeMethod(Invoker.java:659)
	at org.testng.internal.Invoker.invokeTestMethod(Invoker.java:845)
	at org.testng.internal.Invoker.invokeTestMethods(Invoker.java:1153)
	at org.testng.internal.TestMethodWorker.invokeTestMethods(TestMethodWorker.java:125)
	at org.testng.internal.TestMethodWorker.run(TestMethodWorker.java:108)
	at org.testng.TestRunner.privateRun(TestRunner.java:771)
	at org.testng.TestRunner.run(TestRunner.java:621)
	at org.testng.SuiteRunner.runTest(SuiteRunner.java:357)
	at org.testng.SuiteRunner.runSequentially(SuiteRunner.java:352)
	at org.testng.SuiteRunner.privateRun(SuiteRunner.java:310)
	at org.testng.SuiteRunner.run(SuiteRunner.java:259)
	at org.testng.SuiteRunnerWorker.runSuite(SuiteRunnerWorker.java:52)
	at org.testng.SuiteRunnerWorker.run(SuiteRunnerWorker.java:86)
	at org.testng.TestNG.runSuitesSequentially(TestNG.java:1199)
	at org.testng.TestNG.runSuitesLocally(TestNG.java:1124)
	at org.testng.TestNG.run(TestNG.java:1032)
	at org.apache.maven.surefire.testng.TestNGExecutor.run(TestNGExecutor.java:73)
	at org.apache.maven.surefire.testng.TestNGXmlTestSuite.execute(TestNGXmlTestSuite.java:94)
	at org.apache.maven.surefire.Surefire.run(Surefire.java:169)
	at sun.reflect.NativeMethodAccessorImpl.invoke0(Native Method)
	at sun.reflect.NativeMethodAccessorImpl.invoke(NativeMethodAccessorImpl.java:62)
	at sun.reflect.DelegatingMethodAccessorImpl.invoke(DelegatingMethodAccessorImpl.java:43)
	at java.lang.reflect.Method.invoke(Method.java:498)
	at org.apache.maven.surefire.booter.SurefireBooter.runSuitesInProcess(SurefireBooter.java:350)
	at org.apache.maven.surefire.booter.SurefireBooter.main(SurefireBooter.java:1021)
]]>
            </full-stacktrace>
          </exception> <!-- java.lang.NullPointerException -->
          <reporter-output>
          </reporter-output>
        </test-method> <!-- Verifying_Loatme_bcpcrwdcntrlnet_apiCall_presence_USA_Privacy_StandardAdvertisingSettings -->
        <test-method status="FAIL" signature="Verifying_Factual_locationwfxtriggerscom_apiCall_presence_USA_Privacy_StandardAdvertisingSettings()[pri:0, instance:twc.Regression.TestCases.USA_Run@73b74615]" name="Verifying_Factual_locationwfxtriggerscom_apiCall_presence_USA_Privacy_StandardAdvertisingSettings" duration-ms="4" started-at="2020-08-20T17:14:12Z" finished-at="2020-08-20T17:14:12Z">
          <exception class="java.lang.NullPointerException">
            <full-stacktrace>
              <![CDATA[java.lang.NullPointerException
	at twc.Regression.ReadDataFromFile.read_xml_data_into_buffer.read_xml_file_into_buffer_string(read_xml_data_into_buffer.java:118)
	at twc.Regression.General.Functions.validating_Fatualcall_privacy_Optinmode_scenarion(Functions.java:3924)
	at twc.Regression.TestCases.USA_Run.Verifying_Factual_locationwfxtriggerscom_apiCall_presence_USA_Privacy_StandardAdvertisingSettings(USA_Run.java:397)
	at sun.reflect.NativeMethodAccessorImpl.invoke0(Native Method)
	at sun.reflect.NativeMethodAccessorImpl.invoke(NativeMethodAccessorImpl.java:62)
	at sun.reflect.DelegatingMethodAccessorImpl.invoke(DelegatingMethodAccessorImpl.java:43)
	at java.lang.reflect.Method.invoke(Method.java:498)
	at org.testng.internal.MethodInvocationHelper.invokeMethod(MethodInvocationHelper.java:85)
	at org.testng.internal.Invoker.invokeMethod(Invoker.java:659)
	at org.testng.internal.Invoker.invokeTestMethod(Invoker.java:845)
	at org.testng.internal.Invoker.invokeTestMethods(Invoker.java:1153)
	at org.testng.internal.TestMethodWorker.invokeTestMethods(TestMethodWorker.java:125)
	at org.testng.internal.TestMethodWorker.run(TestMethodWorker.java:108)
	at org.testng.TestRunner.privateRun(TestRunner.java:771)
	at org.testng.TestRunner.run(TestRunner.java:621)
	at org.testng.SuiteRunner.runTest(SuiteRunner.java:357)
	at org.testng.SuiteRunner.runSequentially(SuiteRunner.java:352)
	at org.testng.SuiteRunner.privateRun(SuiteRunner.java:310)
	at org.testng.SuiteRunner.run(SuiteRunner.java:259)
	at org.testng.SuiteRunnerWorker.runSuite(SuiteRunnerWorker.java:52)
	at org.testng.SuiteRunnerWorker.run(SuiteRunnerWorker.java:86)
	at org.testng.TestNG.runSuitesSequentially(TestNG.java:1199)
	at org.testng.TestNG.runSuitesLocally(TestNG.java:1124)
	at org.testng.TestNG.run(TestNG.java:1032)
	at org.apache.maven.surefire.testng.TestNGExecutor.run(TestNGExecutor.java:73)
	at org.apache.maven.surefire.testng.TestNGXmlTestSuite.execute(TestNGXmlTestSuite.java:94)
	at org.apache.maven.surefire.Surefire.run(Surefire.java:169)
	at sun.reflect.NativeMethodAccessorImpl.invoke0(Native Method)
	at sun.reflect.NativeMethodAccessorImpl.invoke(NativeMethodAccessorImpl.java:62)
	at sun.reflect.DelegatingMethodAccessorImpl.invoke(DelegatingMethodAccessorImpl.java:43)
	at java.lang.reflect.Method.invoke(Method.java:498)
	at org.apache.maven.surefire.booter.SurefireBooter.runSuitesInProcess(SurefireBooter.java:350)
	at org.apache.maven.surefire.booter.SurefireBooter.main(SurefireBooter.java:1021)
]]>
            </full-stacktrace>
          </exception> <!-- java.lang.NullPointerException -->
          <reporter-output>
          </reporter-output>
        </test-method> <!-- Verifying_Factual_locationwfxtriggerscom_apiCall_presence_USA_Privacy_StandardAdvertisingSettings -->
        <test-method status="FAIL" signature="Verifying_presence_amazon_Slotid_homescreenhourly_preload_adcall_USA_Privacy_StandardAdvertisingSettings()[pri:0, instance:twc.Regression.TestCases.USA_Run@73b74615]" name="Verifying_presence_amazon_Slotid_homescreenhourly_preload_adcall_USA_Privacy_StandardAdvertisingSettings" duration-ms="3" started-at="2020-08-20T17:14:12Z" finished-at="2020-08-20T17:14:12Z">
          <exception class="java.lang.NullPointerException">
            <full-stacktrace>
              <![CDATA[java.lang.NullPointerException
	at twc.Regression.ReadDataFromFile.read_xml_data_into_buffer.read_xml_file_into_buffer_string(read_xml_data_into_buffer.java:118)
	at twc.Regression.General.Functions.verifyaax_SlotId_Presence(Functions.java:1575)
	at twc.Regression.TestCases.USA_Run.Verifying_presence_amazon_Slotid_homescreenhourly_preload_adcall_USA_Privacy_StandardAdvertisingSettings(USA_Run.java:410)
	at sun.reflect.NativeMethodAccessorImpl.invoke0(Native Method)
	at sun.reflect.NativeMethodAccessorImpl.invoke(NativeMethodAccessorImpl.java:62)
	at sun.reflect.DelegatingMethodAccessorImpl.invoke(DelegatingMethodAccessorImpl.java:43)
	at java.lang.reflect.Method.invoke(Method.java:498)
	at org.testng.internal.MethodInvocationHelper.invokeMethod(MethodInvocationHelper.java:85)
	at org.testng.internal.Invoker.invokeMethod(Invoker.java:659)
	at org.testng.internal.Invoker.invokeTestMethod(Invoker.java:845)
	at org.testng.internal.Invoker.invokeTestMethods(Invoker.java:1153)
	at org.testng.internal.TestMethodWorker.invokeTestMethods(TestMethodWorker.java:125)
	at org.testng.internal.TestMethodWorker.run(TestMethodWorker.java:108)
	at org.testng.TestRunner.privateRun(TestRunner.java:771)
	at org.testng.TestRunner.run(TestRunner.java:621)
	at org.testng.SuiteRunner.runTest(SuiteRunner.java:357)
	at org.testng.SuiteRunner.runSequentially(SuiteRunner.java:352)
	at org.testng.SuiteRunner.privateRun(SuiteRunner.java:310)
	at org.testng.SuiteRunner.run(SuiteRunner.java:259)
	at org.testng.SuiteRunnerWorker.runSuite(SuiteRunnerWorker.java:52)
	at org.testng.SuiteRunnerWorker.run(SuiteRunnerWorker.java:86)
	at org.testng.TestNG.runSuitesSequentially(TestNG.java:1199)
	at org.testng.TestNG.runSuitesLocally(TestNG.java:1124)
	at org.testng.TestNG.run(TestNG.java:1032)
	at org.apache.maven.surefire.testng.TestNGExecutor.run(TestNGExecutor.java:73)
	at org.apache.maven.surefire.testng.TestNGXmlTestSuite.execute(TestNGXmlTestSuite.java:94)
	at org.apache.maven.surefire.Surefire.run(Surefire.java:169)
	at sun.reflect.NativeMethodAccessorImpl.invoke0(Native Method)
	at sun.reflect.NativeMethodAccessorImpl.invoke(NativeMethodAccessorImpl.java:62)
	at sun.reflect.DelegatingMethodAccessorImpl.invoke(DelegatingMethodAccessorImpl.java:43)
	at java.lang.reflect.Method.invoke(Method.java:498)
	at org.apache.maven.surefire.booter.SurefireBooter.runSuitesInProcess(SurefireBooter.java:350)
	at org.apache.maven.surefire.booter.SurefireBooter.main(SurefireBooter.java:1021)
]]>
            </full-stacktrace>
          </exception> <!-- java.lang.NullPointerException -->
          <reporter-output>
          </reporter-output>
        </test-method> <!-- Verifying_presence_amazon_Slotid_homescreenhourly_preload_adcall_USA_Privacy_StandardAdvertisingSettings -->
        <test-method status="FAIL" signature="Verifying_presence_amazon_Slotid_feed1_preroladcall_USA_Privacy_StandardAdvertisingSettings()[pri:0, instance:twc.Regression.TestCases.USA_Run@73b74615]" name="Verifying_presence_amazon_Slotid_feed1_preroladcall_USA_Privacy_StandardAdvertisingSettings" duration-ms="3" started-at="2020-08-20T17:14:12Z" finished-at="2020-08-20T17:14:12Z">
          <exception class="java.lang.NullPointerException">
            <full-stacktrace>
              <![CDATA[java.lang.NullPointerException
	at twc.Regression.ReadDataFromFile.read_xml_data_into_buffer.read_xml_file_into_buffer_string(read_xml_data_into_buffer.java:118)
	at twc.Regression.General.Functions.verifyaax_SlotId_Presence(Functions.java:1575)
	at twc.Regression.TestCases.USA_Run.Verifying_presence_amazon_Slotid_feed1_preroladcall_USA_Privacy_StandardAdvertisingSettings(USA_Run.java:421)
	at sun.reflect.NativeMethodAccessorImpl.invoke0(Native Method)
	at sun.reflect.NativeMethodAccessorImpl.invoke(NativeMethodAccessorImpl.java:62)
	at sun.reflect.DelegatingMethodAccessorImpl.invoke(DelegatingMethodAccessorImpl.java:43)
	at java.lang.reflect.Method.invoke(Method.java:498)
	at org.testng.internal.MethodInvocationHelper.invokeMethod(MethodInvocationHelper.java:85)
	at org.testng.internal.Invoker.invokeMethod(Invoker.java:659)
	at org.testng.internal.Invoker.invokeTestMethod(Invoker.java:845)
	at org.testng.internal.Invoker.invokeTestMethods(Invoker.java:1153)
	at org.testng.internal.TestMethodWorker.invokeTestMethods(TestMethodWorker.java:125)
	at org.testng.internal.TestMethodWorker.run(TestMethodWorker.java:108)
	at org.testng.TestRunner.privateRun(TestRunner.java:771)
	at org.testng.TestRunner.run(TestRunner.java:621)
	at org.testng.SuiteRunner.runTest(SuiteRunner.java:357)
	at org.testng.SuiteRunner.runSequentially(SuiteRunner.java:352)
	at org.testng.SuiteRunner.privateRun(SuiteRunner.java:310)
	at org.testng.SuiteRunner.run(SuiteRunner.java:259)
	at org.testng.SuiteRunnerWorker.runSuite(SuiteRunnerWorker.java:52)
	at org.testng.SuiteRunnerWorker.run(SuiteRunnerWorker.java:86)
	at org.testng.TestNG.runSuitesSequentially(TestNG.java:1199)
	at org.testng.TestNG.runSuitesLocally(TestNG.java:1124)
	at org.testng.TestNG.run(TestNG.java:1032)
	at org.apache.maven.surefire.testng.TestNGExecutor.run(TestNGExecutor.java:73)
	at org.apache.maven.surefire.testng.TestNGXmlTestSuite.execute(TestNGXmlTestSuite.java:94)
	at org.apache.maven.surefire.Surefire.run(Surefire.java:169)
	at sun.reflect.NativeMethodAccessorImpl.invoke0(Native Method)
	at sun.reflect.NativeMethodAccessorImpl.invoke(NativeMethodAccessorImpl.java:62)
	at sun.reflect.DelegatingMethodAccessorImpl.invoke(DelegatingMethodAccessorImpl.java:43)
	at java.lang.reflect.Method.invoke(Method.java:498)
	at org.apache.maven.surefire.booter.SurefireBooter.runSuitesInProcess(SurefireBooter.java:350)
	at org.apache.maven.surefire.booter.SurefireBooter.main(SurefireBooter.java:1021)
]]>
            </full-stacktrace>
          </exception> <!-- java.lang.NullPointerException -->
          <reporter-output>
          </reporter-output>
        </test-method> <!-- Verifying_presence_amazon_Slotid_feed1_preroladcall_USA_Privacy_StandardAdvertisingSettings -->
        <test-method status="FAIL" signature="Verifying_presence_amazon_Slotid_feed2_preroladcall_USA_Privacy_StandardAdvertisingSettings()[pri:0, instance:twc.Regression.TestCases.USA_Run@73b74615]" name="Verifying_presence_amazon_Slotid_feed2_preroladcall_USA_Privacy_StandardAdvertisingSettings" duration-ms="3" started-at="2020-08-20T17:14:12Z" finished-at="2020-08-20T17:14:12Z">
          <exception class="java.lang.NullPointerException">
            <full-stacktrace>
              <![CDATA[java.lang.NullPointerException
	at twc.Regression.ReadDataFromFile.read_xml_data_into_buffer.read_xml_file_into_buffer_string(read_xml_data_into_buffer.java:118)
	at twc.Regression.General.Functions.verifyaax_SlotId_Presence(Functions.java:1575)
	at twc.Regression.TestCases.USA_Run.Verifying_presence_amazon_Slotid_feed2_preroladcall_USA_Privacy_StandardAdvertisingSettings(USA_Run.java:431)
	at sun.reflect.NativeMethodAccessorImpl.invoke0(Native Method)
	at sun.reflect.NativeMethodAccessorImpl.invoke(NativeMethodAccessorImpl.java:62)
	at sun.reflect.DelegatingMethodAccessorImpl.invoke(DelegatingMethodAccessorImpl.java:43)
	at java.lang.reflect.Method.invoke(Method.java:498)
	at org.testng.internal.MethodInvocationHelper.invokeMethod(MethodInvocationHelper.java:85)
	at org.testng.internal.Invoker.invokeMethod(Invoker.java:659)
	at org.testng.internal.Invoker.invokeTestMethod(Invoker.java:845)
	at org.testng.internal.Invoker.invokeTestMethods(Invoker.java:1153)
	at org.testng.internal.TestMethodWorker.invokeTestMethods(TestMethodWorker.java:125)
	at org.testng.internal.TestMethodWorker.run(TestMethodWorker.java:108)
	at org.testng.TestRunner.privateRun(TestRunner.java:771)
	at org.testng.TestRunner.run(TestRunner.java:621)
	at org.testng.SuiteRunner.runTest(SuiteRunner.java:357)
	at org.testng.SuiteRunner.runSequentially(SuiteRunner.java:352)
	at org.testng.SuiteRunner.privateRun(SuiteRunner.java:310)
	at org.testng.SuiteRunner.run(SuiteRunner.java:259)
	at org.testng.SuiteRunnerWorker.runSuite(SuiteRunnerWorker.java:52)
	at org.testng.SuiteRunnerWorker.run(SuiteRunnerWorker.java:86)
	at org.testng.TestNG.runSuitesSequentially(TestNG.java:1199)
	at org.testng.TestNG.runSuitesLocally(TestNG.java:1124)
	at org.testng.TestNG.run(TestNG.java:1032)
	at org.apache.maven.surefire.testng.TestNGExecutor.run(TestNGExecutor.java:73)
	at org.apache.maven.surefire.testng.TestNGXmlTestSuite.execute(TestNGXmlTestSuite.java:94)
	at org.apache.maven.surefire.Surefire.run(Surefire.java:169)
	at sun.reflect.NativeMethodAccessorImpl.invoke0(Native Method)
	at sun.reflect.NativeMethodAccessorImpl.invoke(NativeMethodAccessorImpl.java:62)
	at sun.reflect.DelegatingMethodAccessorImpl.invoke(DelegatingMethodAccessorImpl.java:43)
	at java.lang.reflect.Method.invoke(Method.java:498)
	at org.apache.maven.surefire.booter.SurefireBooter.runSuitesInProcess(SurefireBooter.java:350)
	at org.apache.maven.surefire.booter.SurefireBooter.main(SurefireBooter.java:1021)
]]>
            </full-stacktrace>
          </exception> <!-- java.lang.NullPointerException -->
          <reporter-output>
          </reporter-output>
        </test-method> <!-- Verifying_presence_amazon_Slotid_feed2_preroladcall_USA_Privacy_StandardAdvertisingSettings -->
        <test-method status="FAIL" signature="Verifying_presence_amazon_Slotid_Hourlydetails_preload_adcall_USA_Privacy_StandardAdvertisingSettings()[pri:0, instance:twc.Regression.TestCases.USA_Run@73b74615]" name="Verifying_presence_amazon_Slotid_Hourlydetails_preload_adcall_USA_Privacy_StandardAdvertisingSettings" duration-ms="3" started-at="2020-08-20T17:14:12Z" finished-at="2020-08-20T17:14:12Z">
          <exception class="java.lang.NullPointerException">
            <full-stacktrace>
              <![CDATA[java.lang.NullPointerException
	at twc.Regression.ReadDataFromFile.read_xml_data_into_buffer.read_xml_file_into_buffer_string(read_xml_data_into_buffer.java:118)
	at twc.Regression.General.Functions.verifyaax_SlotId_Presence(Functions.java:1575)
	at twc.Regression.TestCases.USA_Run.Verifying_presence_amazon_Slotid_Hourlydetails_preload_adcall_USA_Privacy_StandardAdvertisingSettings(USA_Run.java:440)
	at sun.reflect.NativeMethodAccessorImpl.invoke0(Native Method)
	at sun.reflect.NativeMethodAccessorImpl.invoke(NativeMethodAccessorImpl.java:62)
	at sun.reflect.DelegatingMethodAccessorImpl.invoke(DelegatingMethodAccessorImpl.java:43)
	at java.lang.reflect.Method.invoke(Method.java:498)
	at org.testng.internal.MethodInvocationHelper.invokeMethod(MethodInvocationHelper.java:85)
	at org.testng.internal.Invoker.invokeMethod(Invoker.java:659)
	at org.testng.internal.Invoker.invokeTestMethod(Invoker.java:845)
	at org.testng.internal.Invoker.invokeTestMethods(Invoker.java:1153)
	at org.testng.internal.TestMethodWorker.invokeTestMethods(TestMethodWorker.java:125)
	at org.testng.internal.TestMethodWorker.run(TestMethodWorker.java:108)
	at org.testng.TestRunner.privateRun(TestRunner.java:771)
	at org.testng.TestRunner.run(TestRunner.java:621)
	at org.testng.SuiteRunner.runTest(SuiteRunner.java:357)
	at org.testng.SuiteRunner.runSequentially(SuiteRunner.java:352)
	at org.testng.SuiteRunner.privateRun(SuiteRunner.java:310)
	at org.testng.SuiteRunner.run(SuiteRunner.java:259)
	at org.testng.SuiteRunnerWorker.runSuite(SuiteRunnerWorker.java:52)
	at org.testng.SuiteRunnerWorker.run(SuiteRunnerWorker.java:86)
	at org.testng.TestNG.runSuitesSequentially(TestNG.java:1199)
	at org.testng.TestNG.runSuitesLocally(TestNG.java:1124)
	at org.testng.TestNG.run(TestNG.java:1032)
	at org.apache.maven.surefire.testng.TestNGExecutor.run(TestNGExecutor.java:73)
	at org.apache.maven.surefire.testng.TestNGXmlTestSuite.execute(TestNGXmlTestSuite.java:94)
	at org.apache.maven.surefire.Surefire.run(Surefire.java:169)
	at sun.reflect.NativeMethodAccessorImpl.invoke0(Native Method)
	at sun.reflect.NativeMethodAccessorImpl.invoke(NativeMethodAccessorImpl.java:62)
	at sun.reflect.DelegatingMethodAccessorImpl.invoke(DelegatingMethodAccessorImpl.java:43)
	at java.lang.reflect.Method.invoke(Method.java:498)
	at org.apache.maven.surefire.booter.SurefireBooter.runSuitesInProcess(SurefireBooter.java:350)
	at org.apache.maven.surefire.booter.SurefireBooter.main(SurefireBooter.java:1021)
]]>
            </full-stacktrace>
          </exception> <!-- java.lang.NullPointerException -->
          <reporter-output>
          </reporter-output>
        </test-method> <!-- Verifying_presence_amazon_Slotid_Hourlydetails_preload_adcall_USA_Privacy_StandardAdvertisingSettings -->
        <test-method status="FAIL" signature="Verifying_presence_amazon_Slotid_Hourly1_bigaddetails_preload_adcall_USA_Privacy_StandardAdvertisingSettings()[pri:0, instance:twc.Regression.TestCases.USA_Run@73b74615]" name="Verifying_presence_amazon_Slotid_Hourly1_bigaddetails_preload_adcall_USA_Privacy_StandardAdvertisingSettings" duration-ms="3" started-at="2020-08-20T17:14:12Z" finished-at="2020-08-20T17:14:12Z">
          <exception class="java.lang.NullPointerException">
            <full-stacktrace>
              <![CDATA[java.lang.NullPointerException
	at twc.Regression.ReadDataFromFile.read_xml_data_into_buffer.read_xml_file_into_buffer_string(read_xml_data_into_buffer.java:118)
	at twc.Regression.General.Functions.verifyaax_SlotId_Presence(Functions.java:1575)
	at twc.Regression.TestCases.USA_Run.Verifying_presence_amazon_Slotid_Hourly1_bigaddetails_preload_adcall_USA_Privacy_StandardAdvertisingSettings(USA_Run.java:449)
	at sun.reflect.NativeMethodAccessorImpl.invoke0(Native Method)
	at sun.reflect.NativeMethodAccessorImpl.invoke(NativeMethodAccessorImpl.java:62)
	at sun.reflect.DelegatingMethodAccessorImpl.invoke(DelegatingMethodAccessorImpl.java:43)
	at java.lang.reflect.Method.invoke(Method.java:498)
	at org.testng.internal.MethodInvocationHelper.invokeMethod(MethodInvocationHelper.java:85)
	at org.testng.internal.Invoker.invokeMethod(Invoker.java:659)
	at org.testng.internal.Invoker.invokeTestMethod(Invoker.java:845)
	at org.testng.internal.Invoker.invokeTestMethods(Invoker.java:1153)
	at org.testng.internal.TestMethodWorker.invokeTestMethods(TestMethodWorker.java:125)
	at org.testng.internal.TestMethodWorker.run(TestMethodWorker.java:108)
	at org.testng.TestRunner.privateRun(TestRunner.java:771)
	at org.testng.TestRunner.run(TestRunner.java:621)
	at org.testng.SuiteRunner.runTest(SuiteRunner.java:357)
	at org.testng.SuiteRunner.runSequentially(SuiteRunner.java:352)
	at org.testng.SuiteRunner.privateRun(SuiteRunner.java:310)
	at org.testng.SuiteRunner.run(SuiteRunner.java:259)
	at org.testng.SuiteRunnerWorker.runSuite(SuiteRunnerWorker.java:52)
	at org.testng.SuiteRunnerWorker.run(SuiteRunnerWorker.java:86)
	at org.testng.TestNG.runSuitesSequentially(TestNG.java:1199)
	at org.testng.TestNG.runSuitesLocally(TestNG.java:1124)
	at org.testng.TestNG.run(TestNG.java:1032)
	at org.apache.maven.surefire.testng.TestNGExecutor.run(TestNGExecutor.java:73)
	at org.apache.maven.surefire.testng.TestNGXmlTestSuite.execute(TestNGXmlTestSuite.java:94)
	at org.apache.maven.surefire.Surefire.run(Surefire.java:169)
	at sun.reflect.NativeMethodAccessorImpl.invoke0(Native Method)
	at sun.reflect.NativeMethodAccessorImpl.invoke(NativeMethodAccessorImpl.java:62)
	at sun.reflect.DelegatingMethodAccessorImpl.invoke(DelegatingMethodAccessorImpl.java:43)
	at java.lang.reflect.Method.invoke(Method.java:498)
	at org.apache.maven.surefire.booter.SurefireBooter.runSuitesInProcess(SurefireBooter.java:350)
	at org.apache.maven.surefire.booter.SurefireBooter.main(SurefireBooter.java:1021)
]]>
            </full-stacktrace>
          </exception> <!-- java.lang.NullPointerException -->
          <reporter-output>
          </reporter-output>
        </test-method> <!-- Verifying_presence_amazon_Slotid_Hourly1_bigaddetails_preload_adcall_USA_Privacy_StandardAdvertisingSettings -->
        <test-method status="FAIL" signature="Verifying_presence_amazon_Slotid_Hourly2_bigaddetails_preload_adcall_USA_Privacy_StandardAdvertisingSettings()[pri:0, instance:twc.Regression.TestCases.USA_Run@73b74615]" name="Verifying_presence_amazon_Slotid_Hourly2_bigaddetails_preload_adcall_USA_Privacy_StandardAdvertisingSettings" duration-ms="3" started-at="2020-08-20T17:14:12Z" finished-at="2020-08-20T17:14:12Z">
          <exception class="java.lang.NullPointerException">
            <full-stacktrace>
              <![CDATA[java.lang.NullPointerException
	at twc.Regression.ReadDataFromFile.read_xml_data_into_buffer.read_xml_file_into_buffer_string(read_xml_data_into_buffer.java:118)
	at twc.Regression.General.Functions.verifyaax_SlotId_Presence(Functions.java:1575)
	at twc.Regression.TestCases.USA_Run.Verifying_presence_amazon_Slotid_Hourly2_bigaddetails_preload_adcall_USA_Privacy_StandardAdvertisingSettings(USA_Run.java:460)
	at sun.reflect.NativeMethodAccessorImpl.invoke0(Native Method)
	at sun.reflect.NativeMethodAccessorImpl.invoke(NativeMethodAccessorImpl.java:62)
	at sun.reflect.DelegatingMethodAccessorImpl.invoke(DelegatingMethodAccessorImpl.java:43)
	at java.lang.reflect.Method.invoke(Method.java:498)
	at org.testng.internal.MethodInvocationHelper.invokeMethod(MethodInvocationHelper.java:85)
	at org.testng.internal.Invoker.invokeMethod(Invoker.java:659)
	at org.testng.internal.Invoker.invokeTestMethod(Invoker.java:845)
	at org.testng.internal.Invoker.invokeTestMethods(Invoker.java:1153)
	at org.testng.internal.TestMethodWorker.invokeTestMethods(TestMethodWorker.java:125)
	at org.testng.internal.TestMethodWorker.run(TestMethodWorker.java:108)
	at org.testng.TestRunner.privateRun(TestRunner.java:771)
	at org.testng.TestRunner.run(TestRunner.java:621)
	at org.testng.SuiteRunner.runTest(SuiteRunner.java:357)
	at org.testng.SuiteRunner.runSequentially(SuiteRunner.java:352)
	at org.testng.SuiteRunner.privateRun(SuiteRunner.java:310)
	at org.testng.SuiteRunner.run(SuiteRunner.java:259)
	at org.testng.SuiteRunnerWorker.runSuite(SuiteRunnerWorker.java:52)
	at org.testng.SuiteRunnerWorker.run(SuiteRunnerWorker.java:86)
	at org.testng.TestNG.runSuitesSequentially(TestNG.java:1199)
	at org.testng.TestNG.runSuitesLocally(TestNG.java:1124)
	at org.testng.TestNG.run(TestNG.java:1032)
	at org.apache.maven.surefire.testng.TestNGExecutor.run(TestNGExecutor.java:73)
	at org.apache.maven.surefire.testng.TestNGXmlTestSuite.execute(TestNGXmlTestSuite.java:94)
	at org.apache.maven.surefire.Surefire.run(Surefire.java:169)
	at sun.reflect.NativeMethodAccessorImpl.invoke0(Native Method)
	at sun.reflect.NativeMethodAccessorImpl.invoke(NativeMethodAccessorImpl.java:62)
	at sun.reflect.DelegatingMethodAccessorImpl.invoke(DelegatingMethodAccessorImpl.java:43)
	at java.lang.reflect.Method.invoke(Method.java:498)
	at org.apache.maven.surefire.booter.SurefireBooter.runSuitesInProcess(SurefireBooter.java:350)
	at org.apache.maven.surefire.booter.SurefireBooter.main(SurefireBooter.java:1021)
]]>
            </full-stacktrace>
          </exception> <!-- java.lang.NullPointerException -->
          <reporter-output>
          </reporter-output>
        </test-method> <!-- Verifying_presence_amazon_Slotid_Hourly2_bigaddetails_preload_adcall_USA_Privacy_StandardAdvertisingSettings -->
        <test-method status="FAIL" signature="Verifying_presence_amazon_Slotid_Hourly3_bigaddetails_preload_adcall_USA_Privacy_StandardAdvertisingSettings()[pri:0, instance:twc.Regression.TestCases.USA_Run@73b74615]" name="Verifying_presence_amazon_Slotid_Hourly3_bigaddetails_preload_adcall_USA_Privacy_StandardAdvertisingSettings" duration-ms="3" started-at="2020-08-20T17:14:12Z" finished-at="2020-08-20T17:14:12Z">
          <exception class="java.lang.NullPointerException">
            <full-stacktrace>
              <![CDATA[java.lang.NullPointerException
	at twc.Regression.ReadDataFromFile.read_xml_data_into_buffer.read_xml_file_into_buffer_string(read_xml_data_into_buffer.java:118)
	at twc.Regression.General.Functions.verifyaax_SlotId_Presence(Functions.java:1575)
	at twc.Regression.TestCases.USA_Run.Verifying_presence_amazon_Slotid_Hourly3_bigaddetails_preload_adcall_USA_Privacy_StandardAdvertisingSettings(USA_Run.java:471)
	at sun.reflect.NativeMethodAccessorImpl.invoke0(Native Method)
	at sun.reflect.NativeMethodAccessorImpl.invoke(NativeMethodAccessorImpl.java:62)
	at sun.reflect.DelegatingMethodAccessorImpl.invoke(DelegatingMethodAccessorImpl.java:43)
	at java.lang.reflect.Method.invoke(Method.java:498)
	at org.testng.internal.MethodInvocationHelper.invokeMethod(MethodInvocationHelper.java:85)
	at org.testng.internal.Invoker.invokeMethod(Invoker.java:659)
	at org.testng.internal.Invoker.invokeTestMethod(Invoker.java:845)
	at org.testng.internal.Invoker.invokeTestMethods(Invoker.java:1153)
	at org.testng.internal.TestMethodWorker.invokeTestMethods(TestMethodWorker.java:125)
	at org.testng.internal.TestMethodWorker.run(TestMethodWorker.java:108)
	at org.testng.TestRunner.privateRun(TestRunner.java:771)
	at org.testng.TestRunner.run(TestRunner.java:621)
	at org.testng.SuiteRunner.runTest(SuiteRunner.java:357)
	at org.testng.SuiteRunner.runSequentially(SuiteRunner.java:352)
	at org.testng.SuiteRunner.privateRun(SuiteRunner.java:310)
	at org.testng.SuiteRunner.run(SuiteRunner.java:259)
	at org.testng.SuiteRunnerWorker.runSuite(SuiteRunnerWorker.java:52)
	at org.testng.SuiteRunnerWorker.run(SuiteRunnerWorker.java:86)
	at org.testng.TestNG.runSuitesSequentially(TestNG.java:1199)
	at org.testng.TestNG.runSuitesLocally(TestNG.java:1124)
	at org.testng.TestNG.run(TestNG.java:1032)
	at org.apache.maven.surefire.testng.TestNGExecutor.run(TestNGExecutor.java:73)
	at org.apache.maven.surefire.testng.TestNGXmlTestSuite.execute(TestNGXmlTestSuite.java:94)
	at org.apache.maven.surefire.Surefire.run(Surefire.java:169)
	at sun.reflect.NativeMethodAccessorImpl.invoke0(Native Method)
	at sun.reflect.NativeMethodAccessorImpl.invoke(NativeMethodAccessorImpl.java:62)
	at sun.reflect.DelegatingMethodAccessorImpl.invoke(DelegatingMethodAccessorImpl.java:43)
	at java.lang.reflect.Method.invoke(Method.java:498)
	at org.apache.maven.surefire.booter.SurefireBooter.runSuitesInProcess(SurefireBooter.java:350)
	at org.apache.maven.surefire.booter.SurefireBooter.main(SurefireBooter.java:1021)
]]>
            </full-stacktrace>
          </exception> <!-- java.lang.NullPointerException -->
          <reporter-output>
          </reporter-output>
        </test-method> <!-- Verifying_presence_amazon_Slotid_Hourly3_bigaddetails_preload_adcall_USA_Privacy_StandardAdvertisingSettings -->
        <test-method status="FAIL" signature="Verifying_presence_amazon_Slotid_mapsdetails_preload_adcall_USA_Privacy_StandardAdvertisingSettings()[pri:0, instance:twc.Regression.TestCases.USA_Run@73b74615]" name="Verifying_presence_amazon_Slotid_mapsdetails_preload_adcall_USA_Privacy_StandardAdvertisingSettings" duration-ms="4" started-at="2020-08-20T17:14:12Z" finished-at="2020-08-20T17:14:12Z">
          <exception class="java.lang.NullPointerException">
            <full-stacktrace>
              <![CDATA[java.lang.NullPointerException
	at twc.Regression.ReadDataFromFile.read_xml_data_into_buffer.read_xml_file_into_buffer_string(read_xml_data_into_buffer.java:118)
	at twc.Regression.General.Functions.get_aaxcal_map_details(Functions.java:4799)
	at twc.Regression.TestCases.USA_Run.Verifying_presence_amazon_Slotid_mapsdetails_preload_adcall_USA_Privacy_StandardAdvertisingSettings(USA_Run.java:482)
	at sun.reflect.NativeMethodAccessorImpl.invoke0(Native Method)
	at sun.reflect.NativeMethodAccessorImpl.invoke(NativeMethodAccessorImpl.java:62)
	at sun.reflect.DelegatingMethodAccessorImpl.invoke(DelegatingMethodAccessorImpl.java:43)
	at java.lang.reflect.Method.invoke(Method.java:498)
	at org.testng.internal.MethodInvocationHelper.invokeMethod(MethodInvocationHelper.java:85)
	at org.testng.internal.Invoker.invokeMethod(Invoker.java:659)
	at org.testng.internal.Invoker.invokeTestMethod(Invoker.java:845)
	at org.testng.internal.Invoker.invokeTestMethods(Invoker.java:1153)
	at org.testng.internal.TestMethodWorker.invokeTestMethods(TestMethodWorker.java:125)
	at org.testng.internal.TestMethodWorker.run(TestMethodWorker.java:108)
	at org.testng.TestRunner.privateRun(TestRunner.java:771)
	at org.testng.TestRunner.run(TestRunner.java:621)
	at org.testng.SuiteRunner.runTest(SuiteRunner.java:357)
	at org.testng.SuiteRunner.runSequentially(SuiteRunner.java:352)
	at org.testng.SuiteRunner.privateRun(SuiteRunner.java:310)
	at org.testng.SuiteRunner.run(SuiteRunner.java:259)
	at org.testng.SuiteRunnerWorker.runSuite(SuiteRunnerWorker.java:52)
	at org.testng.SuiteRunnerWorker.run(SuiteRunnerWorker.java:86)
	at org.testng.TestNG.runSuitesSequentially(TestNG.java:1199)
	at org.testng.TestNG.runSuitesLocally(TestNG.java:1124)
	at org.testng.TestNG.run(TestNG.java:1032)
	at org.apache.maven.surefire.testng.TestNGExecutor.run(TestNGExecutor.java:73)
	at org.apache.maven.surefire.testng.TestNGXmlTestSuite.execute(TestNGXmlTestSuite.java:94)
	at org.apache.maven.surefire.Surefire.run(Surefire.java:169)
	at sun.reflect.NativeMethodAccessorImpl.invoke0(Native Method)
	at sun.reflect.NativeMethodAccessorImpl.invoke(NativeMethodAccessorImpl.java:62)
	at sun.reflect.DelegatingMethodAccessorImpl.invoke(DelegatingMethodAccessorImpl.java:43)
	at java.lang.reflect.Method.invoke(Method.java:498)
	at org.apache.maven.surefire.booter.SurefireBooter.runSuitesInProcess(SurefireBooter.java:350)
	at org.apache.maven.surefire.booter.SurefireBooter.main(SurefireBooter.java:1021)
]]>
            </full-stacktrace>
          </exception> <!-- java.lang.NullPointerException -->
          <reporter-output>
          </reporter-output>
        </test-method> <!-- Verifying_presence_amazon_Slotid_mapsdetails_preload_adcall_USA_Privacy_StandardAdvertisingSettings -->
        <test-method status="FAIL" signature="Verifying_presence_amazon_Slotid_Dailydetails_preload_adcall_USA_Privacy_StandardAdvertisingSettings()[pri:0, instance:twc.Regression.TestCases.USA_Run@73b74615]" name="Verifying_presence_amazon_Slotid_Dailydetails_preload_adcall_USA_Privacy_StandardAdvertisingSettings" duration-ms="4" started-at="2020-08-20T17:14:12Z" finished-at="2020-08-20T17:14:12Z">
          <exception class="java.lang.NullPointerException">
            <full-stacktrace>
              <![CDATA[java.lang.NullPointerException
	at twc.Regression.ReadDataFromFile.read_xml_data_into_buffer.read_xml_file_into_buffer_string(read_xml_data_into_buffer.java:118)
	at twc.Regression.General.Functions.verifyaax_SlotId_Presence(Functions.java:1575)
	at twc.Regression.TestCases.USA_Run.Verifying_presence_amazon_Slotid_Dailydetails_preload_adcall_USA_Privacy_StandardAdvertisingSettings(USA_Run.java:492)
	at sun.reflect.NativeMethodAccessorImpl.invoke0(Native Method)
	at sun.reflect.NativeMethodAccessorImpl.invoke(NativeMethodAccessorImpl.java:62)
	at sun.reflect.DelegatingMethodAccessorImpl.invoke(DelegatingMethodAccessorImpl.java:43)
	at java.lang.reflect.Method.invoke(Method.java:498)
	at org.testng.internal.MethodInvocationHelper.invokeMethod(MethodInvocationHelper.java:85)
	at org.testng.internal.Invoker.invokeMethod(Invoker.java:659)
	at org.testng.internal.Invoker.invokeTestMethod(Invoker.java:845)
	at org.testng.internal.Invoker.invokeTestMethods(Invoker.java:1153)
	at org.testng.internal.TestMethodWorker.invokeTestMethods(TestMethodWorker.java:125)
	at org.testng.internal.TestMethodWorker.run(TestMethodWorker.java:108)
	at org.testng.TestRunner.privateRun(TestRunner.java:771)
	at org.testng.TestRunner.run(TestRunner.java:621)
	at org.testng.SuiteRunner.runTest(SuiteRunner.java:357)
	at org.testng.SuiteRunner.runSequentially(SuiteRunner.java:352)
	at org.testng.SuiteRunner.privateRun(SuiteRunner.java:310)
	at org.testng.SuiteRunner.run(SuiteRunner.java:259)
	at org.testng.SuiteRunnerWorker.runSuite(SuiteRunnerWorker.java:52)
	at org.testng.SuiteRunnerWorker.run(SuiteRunnerWorker.java:86)
	at org.testng.TestNG.runSuitesSequentially(TestNG.java:1199)
	at org.testng.TestNG.runSuitesLocally(TestNG.java:1124)
	at org.testng.TestNG.run(TestNG.java:1032)
	at org.apache.maven.surefire.testng.TestNGExecutor.run(TestNGExecutor.java:73)
	at org.apache.maven.surefire.testng.TestNGXmlTestSuite.execute(TestNGXmlTestSuite.java:94)
	at org.apache.maven.surefire.Surefire.run(Surefire.java:169)
	at sun.reflect.NativeMethodAccessorImpl.invoke0(Native Method)
	at sun.reflect.NativeMethodAccessorImpl.invoke(NativeMethodAccessorImpl.java:62)
	at sun.reflect.DelegatingMethodAccessorImpl.invoke(DelegatingMethodAccessorImpl.java:43)
	at java.lang.reflect.Method.invoke(Method.java:498)
	at org.apache.maven.surefire.booter.SurefireBooter.runSuitesInProcess(SurefireBooter.java:350)
	at org.apache.maven.surefire.booter.SurefireBooter.main(SurefireBooter.java:1021)
]]>
            </full-stacktrace>
          </exception> <!-- java.lang.NullPointerException -->
          <reporter-output>
          </reporter-output>
        </test-method> <!-- Verifying_presence_amazon_Slotid_Dailydetails_preload_adcall_USA_Privacy_StandardAdvertisingSettings -->
        <test-method status="FAIL" signature="Verifying_presence_amazon_Slotid_video_adcall_USA_Privacy_StandardAdvertisingSettings()[pri:0, instance:twc.Regression.TestCases.USA_Run@73b74615]" name="Verifying_presence_amazon_Slotid_video_adcall_USA_Privacy_StandardAdvertisingSettings" duration-ms="3" started-at="2020-08-20T17:14:12Z" finished-at="2020-08-20T17:14:12Z">
          <exception class="java.lang.NullPointerException">
            <full-stacktrace>
              <![CDATA[java.lang.NullPointerException
	at twc.Regression.ReadDataFromFile.read_xml_data_into_buffer.read_xml_file_into_buffer_string(read_xml_data_into_buffer.java:118)
	at twc.Regression.General.Functions.get_aaxcal_video_details(Functions.java:4816)
	at twc.Regression.TestCases.USA_Run.Verifying_presence_amazon_Slotid_video_adcall_USA_Privacy_StandardAdvertisingSettings(USA_Run.java:500)
	at sun.reflect.NativeMethodAccessorImpl.invoke0(Native Method)
	at sun.reflect.NativeMethodAccessorImpl.invoke(NativeMethodAccessorImpl.java:62)
	at sun.reflect.DelegatingMethodAccessorImpl.invoke(DelegatingMethodAccessorImpl.java:43)
	at java.lang.reflect.Method.invoke(Method.java:498)
	at org.testng.internal.MethodInvocationHelper.invokeMethod(MethodInvocationHelper.java:85)
	at org.testng.internal.Invoker.invokeMethod(Invoker.java:659)
	at org.testng.internal.Invoker.invokeTestMethod(Invoker.java:845)
	at org.testng.internal.Invoker.invokeTestMethods(Invoker.java:1153)
	at org.testng.internal.TestMethodWorker.invokeTestMethods(TestMethodWorker.java:125)
	at org.testng.internal.TestMethodWorker.run(TestMethodWorker.java:108)
	at org.testng.TestRunner.privateRun(TestRunner.java:771)
	at org.testng.TestRunner.run(TestRunner.java:621)
	at org.testng.SuiteRunner.runTest(SuiteRunner.java:357)
	at org.testng.SuiteRunner.runSequentially(SuiteRunner.java:352)
	at org.testng.SuiteRunner.privateRun(SuiteRunner.java:310)
	at org.testng.SuiteRunner.run(SuiteRunner.java:259)
	at org.testng.SuiteRunnerWorker.runSuite(SuiteRunnerWorker.java:52)
	at org.testng.SuiteRunnerWorker.run(SuiteRunnerWorker.java:86)
	at org.testng.TestNG.runSuitesSequentially(TestNG.java:1199)
	at org.testng.TestNG.runSuitesLocally(TestNG.java:1124)
	at org.testng.TestNG.run(TestNG.java:1032)
	at org.apache.maven.surefire.testng.TestNGExecutor.run(TestNGExecutor.java:73)
	at org.apache.maven.surefire.testng.TestNGXmlTestSuite.execute(TestNGXmlTestSuite.java:94)
	at org.apache.maven.surefire.Surefire.run(Surefire.java:169)
	at sun.reflect.NativeMethodAccessorImpl.invoke0(Native Method)
	at sun.reflect.NativeMethodAccessorImpl.invoke(NativeMethodAccessorImpl.java:62)
	at sun.reflect.DelegatingMethodAccessorImpl.invoke(DelegatingMethodAccessorImpl.java:43)
	at java.lang.reflect.Method.invoke(Method.java:498)
	at org.apache.maven.surefire.booter.SurefireBooter.runSuitesInProcess(SurefireBooter.java:350)
	at org.apache.maven.surefire.booter.SurefireBooter.main(SurefireBooter.java:1021)
]]>
            </full-stacktrace>
          </exception> <!-- java.lang.NullPointerException -->
          <reporter-output>
          </reporter-output>
        </test-method> <!-- Verifying_presence_amazon_Slotid_video_adcall_USA_Privacy_StandardAdvertisingSettings -->
        <test-method status="FAIL" signature="Verifying_homescreenhourly_adCall_Presence_USA_Privacy_StandardAdvertisingSettings()[pri:0, instance:twc.Regression.TestCases.USA_Run@73b74615]" name="Verifying_homescreenhourly_adCall_Presence_USA_Privacy_StandardAdvertisingSettings" duration-ms="4" started-at="2020-08-20T17:14:12Z" finished-at="2020-08-20T17:14:12Z">
          <exception class="java.lang.NullPointerException">
            <full-stacktrace>
              <![CDATA[java.lang.NullPointerException
	at twc.Regression.ReadDataFromFile.read_xml_data_into_buffer.read_xml_file_into_buffer_string(read_xml_data_into_buffer.java:118)
	at twc.Regression.General.Functions.finding_Homescreen_marquee_iu_value(Functions.java:3181)
	at twc.Regression.TestCases.USA_Run.Verifying_homescreenhourly_adCall_Presence_USA_Privacy_StandardAdvertisingSettings(USA_Run.java:513)
	at sun.reflect.NativeMethodAccessorImpl.invoke0(Native Method)
	at sun.reflect.NativeMethodAccessorImpl.invoke(NativeMethodAccessorImpl.java:62)
	at sun.reflect.DelegatingMethodAccessorImpl.invoke(DelegatingMethodAccessorImpl.java:43)
	at java.lang.reflect.Method.invoke(Method.java:498)
	at org.testng.internal.MethodInvocationHelper.invokeMethod(MethodInvocationHelper.java:85)
	at org.testng.internal.Invoker.invokeMethod(Invoker.java:659)
	at org.testng.internal.Invoker.invokeTestMethod(Invoker.java:845)
	at org.testng.internal.Invoker.invokeTestMethods(Invoker.java:1153)
	at org.testng.internal.TestMethodWorker.invokeTestMethods(TestMethodWorker.java:125)
	at org.testng.internal.TestMethodWorker.run(TestMethodWorker.java:108)
	at org.testng.TestRunner.privateRun(TestRunner.java:771)
	at org.testng.TestRunner.run(TestRunner.java:621)
	at org.testng.SuiteRunner.runTest(SuiteRunner.java:357)
	at org.testng.SuiteRunner.runSequentially(SuiteRunner.java:352)
	at org.testng.SuiteRunner.privateRun(SuiteRunner.java:310)
	at org.testng.SuiteRunner.run(SuiteRunner.java:259)
	at org.testng.SuiteRunnerWorker.runSuite(SuiteRunnerWorker.java:52)
	at org.testng.SuiteRunnerWorker.run(SuiteRunnerWorker.java:86)
	at org.testng.TestNG.runSuitesSequentially(TestNG.java:1199)
	at org.testng.TestNG.runSuitesLocally(TestNG.java:1124)
	at org.testng.TestNG.run(TestNG.java:1032)
	at org.apache.maven.surefire.testng.TestNGExecutor.run(TestNGExecutor.java:73)
	at org.apache.maven.surefire.testng.TestNGXmlTestSuite.execute(TestNGXmlTestSuite.java:94)
	at org.apache.maven.surefire.Surefire.run(Surefire.java:169)
	at sun.reflect.NativeMethodAccessorImpl.invoke0(Native Method)
	at sun.reflect.NativeMethodAccessorImpl.invoke(NativeMethodAccessorImpl.java:62)
	at sun.reflect.DelegatingMethodAccessorImpl.invoke(DelegatingMethodAccessorImpl.java:43)
	at java.lang.reflect.Method.invoke(Method.java:498)
	at org.apache.maven.surefire.booter.SurefireBooter.runSuitesInProcess(SurefireBooter.java:350)
	at org.apache.maven.surefire.booter.SurefireBooter.main(SurefireBooter.java:1021)
]]>
            </full-stacktrace>
          </exception> <!-- java.lang.NullPointerException -->
          <reporter-output>
          </reporter-output>
        </test-method> <!-- Verifying_homescreenhourly_adCall_Presence_USA_Privacy_StandardAdvertisingSettings -->
        <test-method status="FAIL" signature="Verifying_homescreenmarquee_adCall_Presence_USA_Privacy_StandardAdvertisingSettings()[pri:0, instance:twc.Regression.TestCases.USA_Run@73b74615]" name="Verifying_homescreenmarquee_adCall_Presence_USA_Privacy_StandardAdvertisingSettings" duration-ms="4" started-at="2020-08-20T17:14:12Z" finished-at="2020-08-20T17:14:12Z">
          <exception class="java.lang.NullPointerException">
            <full-stacktrace>
              <![CDATA[java.lang.NullPointerException
	at twc.Regression.ReadDataFromFile.read_xml_data_into_buffer.read_xml_file_into_buffer_string(read_xml_data_into_buffer.java:118)
	at twc.Regression.General.Functions.finding_Homescreen_iu_value(Functions.java:3840)
	at twc.Regression.TestCases.USA_Run.Verifying_homescreenmarquee_adCall_Presence_USA_Privacy_StandardAdvertisingSettings(USA_Run.java:522)
	at sun.reflect.NativeMethodAccessorImpl.invoke0(Native Method)
	at sun.reflect.NativeMethodAccessorImpl.invoke(NativeMethodAccessorImpl.java:62)
	at sun.reflect.DelegatingMethodAccessorImpl.invoke(DelegatingMethodAccessorImpl.java:43)
	at java.lang.reflect.Method.invoke(Method.java:498)
	at org.testng.internal.MethodInvocationHelper.invokeMethod(MethodInvocationHelper.java:85)
	at org.testng.internal.Invoker.invokeMethod(Invoker.java:659)
	at org.testng.internal.Invoker.invokeTestMethod(Invoker.java:845)
	at org.testng.internal.Invoker.invokeTestMethods(Invoker.java:1153)
	at org.testng.internal.TestMethodWorker.invokeTestMethods(TestMethodWorker.java:125)
	at org.testng.internal.TestMethodWorker.run(TestMethodWorker.java:108)
	at org.testng.TestRunner.privateRun(TestRunner.java:771)
	at org.testng.TestRunner.run(TestRunner.java:621)
	at org.testng.SuiteRunner.runTest(SuiteRunner.java:357)
	at org.testng.SuiteRunner.runSequentially(SuiteRunner.java:352)
	at org.testng.SuiteRunner.privateRun(SuiteRunner.java:310)
	at org.testng.SuiteRunner.run(SuiteRunner.java:259)
	at org.testng.SuiteRunnerWorker.runSuite(SuiteRunnerWorker.java:52)
	at org.testng.SuiteRunnerWorker.run(SuiteRunnerWorker.java:86)
	at org.testng.TestNG.runSuitesSequentially(TestNG.java:1199)
	at org.testng.TestNG.runSuitesLocally(TestNG.java:1124)
	at org.testng.TestNG.run(TestNG.java:1032)
	at org.apache.maven.surefire.testng.TestNGExecutor.run(TestNGExecutor.java:73)
	at org.apache.maven.surefire.testng.TestNGXmlTestSuite.execute(TestNGXmlTestSuite.java:94)
	at org.apache.maven.surefire.Surefire.run(Surefire.java:169)
	at sun.reflect.NativeMethodAccessorImpl.invoke0(Native Method)
	at sun.reflect.NativeMethodAccessorImpl.invoke(NativeMethodAccessorImpl.java:62)
	at sun.reflect.DelegatingMethodAccessorImpl.invoke(DelegatingMethodAccessorImpl.java:43)
	at java.lang.reflect.Method.invoke(Method.java:498)
	at org.apache.maven.surefire.booter.SurefireBooter.runSuitesInProcess(SurefireBooter.java:350)
	at org.apache.maven.surefire.booter.SurefireBooter.main(SurefireBooter.java:1021)
]]>
            </full-stacktrace>
          </exception> <!-- java.lang.NullPointerException -->
          <reporter-output>
          </reporter-output>
        </test-method> <!-- Verifying_homescreenmarquee_adCall_Presence_USA_Privacy_StandardAdvertisingSettings -->
        <test-method status="FAIL" signature="Verifying_SOD_Cust_Param_homescreenmarquee_adCall_USA_Privacy_StandardAdvertisingSettings()[pri:0, instance:twc.Regression.TestCases.USA_Run@73b74615]" name="Verifying_SOD_Cust_Param_homescreenmarquee_adCall_USA_Privacy_StandardAdvertisingSettings" duration-ms="5" started-at="2020-08-20T17:14:12Z" finished-at="2020-08-20T17:14:12Z">
          <exception class="java.lang.NullPointerException">
            <full-stacktrace>
              <![CDATA[java.lang.NullPointerException
	at twc.Regression.ReadDataFromFile.read_xml_data_into_buffer.read_xml_file_into_buffer_string(read_xml_data_into_buffer.java:118)
	at twc.Regression.General.Functions.validate_SOD_Cust_param_homescreen_Optinmode(Functions.java:3985)
	at twc.Regression.TestCases.USA_Run.Verifying_SOD_Cust_Param_homescreenmarquee_adCall_USA_Privacy_StandardAdvertisingSettings(USA_Run.java:531)
	at sun.reflect.NativeMethodAccessorImpl.invoke0(Native Method)
	at sun.reflect.NativeMethodAccessorImpl.invoke(NativeMethodAccessorImpl.java:62)
	at sun.reflect.DelegatingMethodAccessorImpl.invoke(DelegatingMethodAccessorImpl.java:43)
	at java.lang.reflect.Method.invoke(Method.java:498)
	at org.testng.internal.MethodInvocationHelper.invokeMethod(MethodInvocationHelper.java:85)
	at org.testng.internal.Invoker.invokeMethod(Invoker.java:659)
	at org.testng.internal.Invoker.invokeTestMethod(Invoker.java:845)
	at org.testng.internal.Invoker.invokeTestMethods(Invoker.java:1153)
	at org.testng.internal.TestMethodWorker.invokeTestMethods(TestMethodWorker.java:125)
	at org.testng.internal.TestMethodWorker.run(TestMethodWorker.java:108)
	at org.testng.TestRunner.privateRun(TestRunner.java:771)
	at org.testng.TestRunner.run(TestRunner.java:621)
	at org.testng.SuiteRunner.runTest(SuiteRunner.java:357)
	at org.testng.SuiteRunner.runSequentially(SuiteRunner.java:352)
	at org.testng.SuiteRunner.privateRun(SuiteRunner.java:310)
	at org.testng.SuiteRunner.run(SuiteRunner.java:259)
	at org.testng.SuiteRunnerWorker.runSuite(SuiteRunnerWorker.java:52)
	at org.testng.SuiteRunnerWorker.run(SuiteRunnerWorker.java:86)
	at org.testng.TestNG.runSuitesSequentially(TestNG.java:1199)
	at org.testng.TestNG.runSuitesLocally(TestNG.java:1124)
	at org.testng.TestNG.run(TestNG.java:1032)
	at org.apache.maven.surefire.testng.TestNGExecutor.run(TestNGExecutor.java:73)
	at org.apache.maven.surefire.testng.TestNGXmlTestSuite.execute(TestNGXmlTestSuite.java:94)
	at org.apache.maven.surefire.Surefire.run(Surefire.java:169)
	at sun.reflect.NativeMethodAccessorImpl.invoke0(Native Method)
	at sun.reflect.NativeMethodAccessorImpl.invoke(NativeMethodAccessorImpl.java:62)
	at sun.reflect.DelegatingMethodAccessorImpl.invoke(DelegatingMethodAccessorImpl.java:43)
	at java.lang.reflect.Method.invoke(Method.java:498)
	at org.apache.maven.surefire.booter.SurefireBooter.runSuitesInProcess(SurefireBooter.java:350)
	at org.apache.maven.surefire.booter.SurefireBooter.main(SurefireBooter.java:1021)
]]>
            </full-stacktrace>
          </exception> <!-- java.lang.NullPointerException -->
          <reporter-output>
          </reporter-output>
        </test-method> <!-- Verifying_SOD_Cust_Param_homescreenmarquee_adCall_USA_Privacy_StandardAdvertisingSettings -->
        <test-method status="FAIL" signature="Verifying_SOD_Cust_Param_homescreenhourly_adCall_USA_Privacy_StandardAdvertisingSettings()[pri:0, instance:twc.Regression.TestCases.USA_Run@73b74615]" name="Verifying_SOD_Cust_Param_homescreenhourly_adCall_USA_Privacy_StandardAdvertisingSettings" duration-ms="6" started-at="2020-08-20T17:14:12Z" finished-at="2020-08-20T17:14:12Z">
          <exception class="java.lang.NullPointerException">
            <full-stacktrace>
              <![CDATA[java.lang.NullPointerException
	at twc.Regression.ReadDataFromFile.read_xml_data_into_buffer.read_xml_file_into_buffer_string(read_xml_data_into_buffer.java:118)
	at twc.Regression.General.Functions.validate_SOD_Cust_param_homescreenhourly_Optinmode(Functions.java:4021)
	at twc.Regression.TestCases.USA_Run.Verifying_SOD_Cust_Param_homescreenhourly_adCall_USA_Privacy_StandardAdvertisingSettings(USA_Run.java:541)
	at sun.reflect.NativeMethodAccessorImpl.invoke0(Native Method)
	at sun.reflect.NativeMethodAccessorImpl.invoke(NativeMethodAccessorImpl.java:62)
	at sun.reflect.DelegatingMethodAccessorImpl.invoke(DelegatingMethodAccessorImpl.java:43)
	at java.lang.reflect.Method.invoke(Method.java:498)
	at org.testng.internal.MethodInvocationHelper.invokeMethod(MethodInvocationHelper.java:85)
	at org.testng.internal.Invoker.invokeMethod(Invoker.java:659)
	at org.testng.internal.Invoker.invokeTestMethod(Invoker.java:845)
	at org.testng.internal.Invoker.invokeTestMethods(Invoker.java:1153)
	at org.testng.internal.TestMethodWorker.invokeTestMethods(TestMethodWorker.java:125)
	at org.testng.internal.TestMethodWorker.run(TestMethodWorker.java:108)
	at org.testng.TestRunner.privateRun(TestRunner.java:771)
	at org.testng.TestRunner.run(TestRunner.java:621)
	at org.testng.SuiteRunner.runTest(SuiteRunner.java:357)
	at org.testng.SuiteRunner.runSequentially(SuiteRunner.java:352)
	at org.testng.SuiteRunner.privateRun(SuiteRunner.java:310)
	at org.testng.SuiteRunner.run(SuiteRunner.java:259)
	at org.testng.SuiteRunnerWorker.runSuite(SuiteRunnerWorker.java:52)
	at org.testng.SuiteRunnerWorker.run(SuiteRunnerWorker.java:86)
	at org.testng.TestNG.runSuitesSequentially(TestNG.java:1199)
	at org.testng.TestNG.runSuitesLocally(TestNG.java:1124)
	at org.testng.TestNG.run(TestNG.java:1032)
	at org.apache.maven.surefire.testng.TestNGExecutor.run(TestNGExecutor.java:73)
	at org.apache.maven.surefire.testng.TestNGXmlTestSuite.execute(TestNGXmlTestSuite.java:94)
	at org.apache.maven.surefire.Surefire.run(Surefire.java:169)
	at sun.reflect.NativeMethodAccessorImpl.invoke0(Native Method)
	at sun.reflect.NativeMethodAccessorImpl.invoke(NativeMethodAccessorImpl.java:62)
	at sun.reflect.DelegatingMethodAccessorImpl.invoke(DelegatingMethodAccessorImpl.java:43)
	at java.lang.reflect.Method.invoke(Method.java:498)
	at org.apache.maven.surefire.booter.SurefireBooter.runSuitesInProcess(SurefireBooter.java:350)
	at org.apache.maven.surefire.booter.SurefireBooter.main(SurefireBooter.java:1021)
]]>
            </full-stacktrace>
          </exception> <!-- java.lang.NullPointerException -->
          <reporter-output>
          </reporter-output>
        </test-method> <!-- Verifying_SOD_Cust_Param_homescreenhourly_adCall_USA_Privacy_StandardAdvertisingSettings -->
        <test-method status="FAIL" signature="Verifying_rdp_keyword_supress_homescreenmarquee_adCall_USA_Privacy_StandardAdvertisingSettings()[pri:0, instance:twc.Regression.TestCases.USA_Run@73b74615]" name="Verifying_rdp_keyword_supress_homescreenmarquee_adCall_USA_Privacy_StandardAdvertisingSettings" duration-ms="5" started-at="2020-08-20T17:14:12Z" finished-at="2020-08-20T17:14:12Z">
          <exception class="java.lang.NullPointerException">
            <full-stacktrace>
              <![CDATA[java.lang.NullPointerException
	at twc.Regression.ReadDataFromFile.read_xml_data_into_buffer.read_xml_file_into_buffer_string(read_xml_data_into_buffer.java:118)
	at twc.Regression.General.Functions.validate_RDP_homescreen_Optinmode(Functions.java:4157)
	at twc.Regression.TestCases.USA_Run.Verifying_rdp_keyword_supress_homescreenmarquee_adCall_USA_Privacy_StandardAdvertisingSettings(USA_Run.java:560)
	at sun.reflect.NativeMethodAccessorImpl.invoke0(Native Method)
	at sun.reflect.NativeMethodAccessorImpl.invoke(NativeMethodAccessorImpl.java:62)
	at sun.reflect.DelegatingMethodAccessorImpl.invoke(DelegatingMethodAccessorImpl.java:43)
	at java.lang.reflect.Method.invoke(Method.java:498)
	at org.testng.internal.MethodInvocationHelper.invokeMethod(MethodInvocationHelper.java:85)
	at org.testng.internal.Invoker.invokeMethod(Invoker.java:659)
	at org.testng.internal.Invoker.invokeTestMethod(Invoker.java:845)
	at org.testng.internal.Invoker.invokeTestMethods(Invoker.java:1153)
	at org.testng.internal.TestMethodWorker.invokeTestMethods(TestMethodWorker.java:125)
	at org.testng.internal.TestMethodWorker.run(TestMethodWorker.java:108)
	at org.testng.TestRunner.privateRun(TestRunner.java:771)
	at org.testng.TestRunner.run(TestRunner.java:621)
	at org.testng.SuiteRunner.runTest(SuiteRunner.java:357)
	at org.testng.SuiteRunner.runSequentially(SuiteRunner.java:352)
	at org.testng.SuiteRunner.privateRun(SuiteRunner.java:310)
	at org.testng.SuiteRunner.run(SuiteRunner.java:259)
	at org.testng.SuiteRunnerWorker.runSuite(SuiteRunnerWorker.java:52)
	at org.testng.SuiteRunnerWorker.run(SuiteRunnerWorker.java:86)
	at org.testng.TestNG.runSuitesSequentially(TestNG.java:1199)
	at org.testng.TestNG.runSuitesLocally(TestNG.java:1124)
	at org.testng.TestNG.run(TestNG.java:1032)
	at org.apache.maven.surefire.testng.TestNGExecutor.run(TestNGExecutor.java:73)
	at org.apache.maven.surefire.testng.TestNGXmlTestSuite.execute(TestNGXmlTestSuite.java:94)
	at org.apache.maven.surefire.Surefire.run(Surefire.java:169)
	at sun.reflect.NativeMethodAccessorImpl.invoke0(Native Method)
	at sun.reflect.NativeMethodAccessorImpl.invoke(NativeMethodAccessorImpl.java:62)
	at sun.reflect.DelegatingMethodAccessorImpl.invoke(DelegatingMethodAccessorImpl.java:43)
	at java.lang.reflect.Method.invoke(Method.java:498)
	at org.apache.maven.surefire.booter.SurefireBooter.runSuitesInProcess(SurefireBooter.java:350)
	at org.apache.maven.surefire.booter.SurefireBooter.main(SurefireBooter.java:1021)
]]>
            </full-stacktrace>
          </exception> <!-- java.lang.NullPointerException -->
          <reporter-output>
          </reporter-output>
        </test-method> <!-- Verifying_rdp_keyword_supress_homescreenmarquee_adCall_USA_Privacy_StandardAdvertisingSettings -->
        <test-method status="FAIL" signature="Verifying_rdp_keyword_supress_homescreenHourly_adCall_USA_Privacy_StandardAdvertisingSettings()[pri:0, instance:twc.Regression.TestCases.USA_Run@73b74615]" name="Verifying_rdp_keyword_supress_homescreenHourly_adCall_USA_Privacy_StandardAdvertisingSettings" duration-ms="5" started-at="2020-08-20T17:14:12Z" finished-at="2020-08-20T17:14:12Z">
          <exception class="java.lang.NullPointerException">
            <full-stacktrace>
              <![CDATA[java.lang.NullPointerException
	at twc.Regression.ReadDataFromFile.read_xml_data_into_buffer.read_xml_file_into_buffer_string(read_xml_data_into_buffer.java:118)
	at twc.Regression.General.Functions.validate_RDP_homescreenhourly_Optinmode(Functions.java:4193)
	at twc.Regression.TestCases.USA_Run.Verifying_rdp_keyword_supress_homescreenHourly_adCall_USA_Privacy_StandardAdvertisingSettings(USA_Run.java:570)
	at sun.reflect.NativeMethodAccessorImpl.invoke0(Native Method)
	at sun.reflect.NativeMethodAccessorImpl.invoke(NativeMethodAccessorImpl.java:62)
	at sun.reflect.DelegatingMethodAccessorImpl.invoke(DelegatingMethodAccessorImpl.java:43)
	at java.lang.reflect.Method.invoke(Method.java:498)
	at org.testng.internal.MethodInvocationHelper.invokeMethod(MethodInvocationHelper.java:85)
	at org.testng.internal.Invoker.invokeMethod(Invoker.java:659)
	at org.testng.internal.Invoker.invokeTestMethod(Invoker.java:845)
	at org.testng.internal.Invoker.invokeTestMethods(Invoker.java:1153)
	at org.testng.internal.TestMethodWorker.invokeTestMethods(TestMethodWorker.java:125)
	at org.testng.internal.TestMethodWorker.run(TestMethodWorker.java:108)
	at org.testng.TestRunner.privateRun(TestRunner.java:771)
	at org.testng.TestRunner.run(TestRunner.java:621)
	at org.testng.SuiteRunner.runTest(SuiteRunner.java:357)
	at org.testng.SuiteRunner.runSequentially(SuiteRunner.java:352)
	at org.testng.SuiteRunner.privateRun(SuiteRunner.java:310)
	at org.testng.SuiteRunner.run(SuiteRunner.java:259)
	at org.testng.SuiteRunnerWorker.runSuite(SuiteRunnerWorker.java:52)
	at org.testng.SuiteRunnerWorker.run(SuiteRunnerWorker.java:86)
	at org.testng.TestNG.runSuitesSequentially(TestNG.java:1199)
	at org.testng.TestNG.runSuitesLocally(TestNG.java:1124)
	at org.testng.TestNG.run(TestNG.java:1032)
	at org.apache.maven.surefire.testng.TestNGExecutor.run(TestNGExecutor.java:73)
	at org.apache.maven.surefire.testng.TestNGXmlTestSuite.execute(TestNGXmlTestSuite.java:94)
	at org.apache.maven.surefire.Surefire.run(Surefire.java:169)
	at sun.reflect.NativeMethodAccessorImpl.invoke0(Native Method)
	at sun.reflect.NativeMethodAccessorImpl.invoke(NativeMethodAccessorImpl.java:62)
	at sun.reflect.DelegatingMethodAccessorImpl.invoke(DelegatingMethodAccessorImpl.java:43)
	at java.lang.reflect.Method.invoke(Method.java:498)
	at org.apache.maven.surefire.booter.SurefireBooter.runSuitesInProcess(SurefireBooter.java:350)
	at org.apache.maven.surefire.booter.SurefireBooter.main(SurefireBooter.java:1021)
]]>
            </full-stacktrace>
          </exception> <!-- java.lang.NullPointerException -->
          <reporter-output>
          </reporter-output>
        </test-method> <!-- Verifying_rdp_keyword_supress_homescreenHourly_adCall_USA_Privacy_StandardAdvertisingSettings -->
        <test-method status="FAIL" signature="Verifying_video_adCall_Presence_USA_Privacy_StandardAdvertisingSettings()[pri:0, instance:twc.Regression.TestCases.USA_Run@73b74615]" name="Verifying_video_adCall_Presence_USA_Privacy_StandardAdvertisingSettings" duration-ms="3" started-at="2020-08-20T17:14:12Z" finished-at="2020-08-20T17:14:12Z">
          <exception class="java.lang.NullPointerException">
            <full-stacktrace>
              <![CDATA[java.lang.NullPointerException
	at twc.Regression.ReadDataFromFile.read_xml_data_into_buffer.read_xml_file_into_buffer_string(read_xml_data_into_buffer.java:118)
	at twc.Regression.General.Functions.Verify_video_ad_call_Optoutmode(Functions.java:2963)
	at twc.Regression.TestCases.USA_Run.Verifying_video_adCall_Presence_USA_Privacy_StandardAdvertisingSettings(USA_Run.java:583)
	at sun.reflect.NativeMethodAccessorImpl.invoke0(Native Method)
	at sun.reflect.NativeMethodAccessorImpl.invoke(NativeMethodAccessorImpl.java:62)
	at sun.reflect.DelegatingMethodAccessorImpl.invoke(DelegatingMethodAccessorImpl.java:43)
	at java.lang.reflect.Method.invoke(Method.java:498)
	at org.testng.internal.MethodInvocationHelper.invokeMethod(MethodInvocationHelper.java:85)
	at org.testng.internal.Invoker.invokeMethod(Invoker.java:659)
	at org.testng.internal.Invoker.invokeTestMethod(Invoker.java:845)
	at org.testng.internal.Invoker.invokeTestMethods(Invoker.java:1153)
	at org.testng.internal.TestMethodWorker.invokeTestMethods(TestMethodWorker.java:125)
	at org.testng.internal.TestMethodWorker.run(TestMethodWorker.java:108)
	at org.testng.TestRunner.privateRun(TestRunner.java:771)
	at org.testng.TestRunner.run(TestRunner.java:621)
	at org.testng.SuiteRunner.runTest(SuiteRunner.java:357)
	at org.testng.SuiteRunner.runSequentially(SuiteRunner.java:352)
	at org.testng.SuiteRunner.privateRun(SuiteRunner.java:310)
	at org.testng.SuiteRunner.run(SuiteRunner.java:259)
	at org.testng.SuiteRunnerWorker.runSuite(SuiteRunnerWorker.java:52)
	at org.testng.SuiteRunnerWorker.run(SuiteRunnerWorker.java:86)
	at org.testng.TestNG.runSuitesSequentially(TestNG.java:1199)
	at org.testng.TestNG.runSuitesLocally(TestNG.java:1124)
	at org.testng.TestNG.run(TestNG.java:1032)
	at org.apache.maven.surefire.testng.TestNGExecutor.run(TestNGExecutor.java:73)
	at org.apache.maven.surefire.testng.TestNGXmlTestSuite.execute(TestNGXmlTestSuite.java:94)
	at org.apache.maven.surefire.Surefire.run(Surefire.java:169)
	at sun.reflect.NativeMethodAccessorImpl.invoke0(Native Method)
	at sun.reflect.NativeMethodAccessorImpl.invoke(NativeMethodAccessorImpl.java:62)
	at sun.reflect.DelegatingMethodAccessorImpl.invoke(DelegatingMethodAccessorImpl.java:43)
	at java.lang.reflect.Method.invoke(Method.java:498)
	at org.apache.maven.surefire.booter.SurefireBooter.runSuitesInProcess(SurefireBooter.java:350)
	at org.apache.maven.surefire.booter.SurefireBooter.main(SurefireBooter.java:1021)
]]>
            </full-stacktrace>
          </exception> <!-- java.lang.NullPointerException -->
          <reporter-output>
          </reporter-output>
        </test-method> <!-- Verifying_video_adCall_Presence_USA_Privacy_StandardAdvertisingSettings -->
        <test-method status="FAIL" signature="Smoke_Test_Verifying_SOD_Cust_Param_videoad_Optin_mode_scenario()[pri:0, instance:twc.Regression.TestCases.USA_Run@73b74615]" name="Smoke_Test_Verifying_SOD_Cust_Param_videoad_Optin_mode_scenario" duration-ms="4" started-at="2020-08-20T17:14:12Z" finished-at="2020-08-20T17:14:12Z">
          <exception class="java.lang.NullPointerException">
            <full-stacktrace>
              <![CDATA[java.lang.NullPointerException
	at twc.Regression.ReadDataFromFile.read_xml_data_into_buffer.read_xml_file_into_buffer_string(read_xml_data_into_buffer.java:118)
	at twc.Regression.General.Functions.validate_SOD_Cust_param_video_Optinmode(Functions.java:4122)
	at twc.Regression.TestCases.USA_Run.Smoke_Test_Verifying_SOD_Cust_Param_videoad_Optin_mode_scenario(USA_Run.java:595)
	at sun.reflect.NativeMethodAccessorImpl.invoke0(Native Method)
	at sun.reflect.NativeMethodAccessorImpl.invoke(NativeMethodAccessorImpl.java:62)
	at sun.reflect.DelegatingMethodAccessorImpl.invoke(DelegatingMethodAccessorImpl.java:43)
	at java.lang.reflect.Method.invoke(Method.java:498)
	at org.testng.internal.MethodInvocationHelper.invokeMethod(MethodInvocationHelper.java:85)
	at org.testng.internal.Invoker.invokeMethod(Invoker.java:659)
	at org.testng.internal.Invoker.invokeTestMethod(Invoker.java:845)
	at org.testng.internal.Invoker.invokeTestMethods(Invoker.java:1153)
	at org.testng.internal.TestMethodWorker.invokeTestMethods(TestMethodWorker.java:125)
	at org.testng.internal.TestMethodWorker.run(TestMethodWorker.java:108)
	at org.testng.TestRunner.privateRun(TestRunner.java:771)
	at org.testng.TestRunner.run(TestRunner.java:621)
	at org.testng.SuiteRunner.runTest(SuiteRunner.java:357)
	at org.testng.SuiteRunner.runSequentially(SuiteRunner.java:352)
	at org.testng.SuiteRunner.privateRun(SuiteRunner.java:310)
	at org.testng.SuiteRunner.run(SuiteRunner.java:259)
	at org.testng.SuiteRunnerWorker.runSuite(SuiteRunnerWorker.java:52)
	at org.testng.SuiteRunnerWorker.run(SuiteRunnerWorker.java:86)
	at org.testng.TestNG.runSuitesSequentially(TestNG.java:1199)
	at org.testng.TestNG.runSuitesLocally(TestNG.java:1124)
	at org.testng.TestNG.run(TestNG.java:1032)
	at org.apache.maven.surefire.testng.TestNGExecutor.run(TestNGExecutor.java:73)
	at org.apache.maven.surefire.testng.TestNGXmlTestSuite.execute(TestNGXmlTestSuite.java:94)
	at org.apache.maven.surefire.Surefire.run(Surefire.java:169)
	at sun.reflect.NativeMethodAccessorImpl.invoke0(Native Method)
	at sun.reflect.NativeMethodAccessorImpl.invoke(NativeMethodAccessorImpl.java:62)
	at sun.reflect.DelegatingMethodAccessorImpl.invoke(DelegatingMethodAccessorImpl.java:43)
	at java.lang.reflect.Method.invoke(Method.java:498)
	at org.apache.maven.surefire.booter.SurefireBooter.runSuitesInProcess(SurefireBooter.java:350)
	at org.apache.maven.surefire.booter.SurefireBooter.main(SurefireBooter.java:1021)
]]>
            </full-stacktrace>
          </exception> <!-- java.lang.NullPointerException -->
          <reporter-output>
          </reporter-output>
        </test-method> <!-- Smoke_Test_Verifying_SOD_Cust_Param_videoad_Optin_mode_scenario -->
        <test-method status="FAIL" signature="Verifying_rdp_keyword_supress_videos_Call_USA_Privacy_StandardAdvertisingSettings()[pri:0, instance:twc.Regression.TestCases.USA_Run@73b74615]" name="Verifying_rdp_keyword_supress_videos_Call_USA_Privacy_StandardAdvertisingSettings" duration-ms="3" started-at="2020-08-20T17:14:12Z" finished-at="2020-08-20T17:14:12Z">
          <exception class="java.lang.NullPointerException">
            <full-stacktrace>
              <![CDATA[java.lang.NullPointerException
	at twc.Regression.ReadDataFromFile.read_xml_data_into_buffer.read_xml_file_into_buffer_string(read_xml_data_into_buffer.java:118)
	at twc.Regression.General.Functions.validate_RDP_video_ad_Optinmode(Functions.java:4575)
	at twc.Regression.TestCases.USA_Run.Verifying_rdp_keyword_supress_videos_Call_USA_Privacy_StandardAdvertisingSettings(USA_Run.java:604)
	at sun.reflect.NativeMethodAccessorImpl.invoke0(Native Method)
	at sun.reflect.NativeMethodAccessorImpl.invoke(NativeMethodAccessorImpl.java:62)
	at sun.reflect.DelegatingMethodAccessorImpl.invoke(DelegatingMethodAccessorImpl.java:43)
	at java.lang.reflect.Method.invoke(Method.java:498)
	at org.testng.internal.MethodInvocationHelper.invokeMethod(MethodInvocationHelper.java:85)
	at org.testng.internal.Invoker.invokeMethod(Invoker.java:659)
	at org.testng.internal.Invoker.invokeTestMethod(Invoker.java:845)
	at org.testng.internal.Invoker.invokeTestMethods(Invoker.java:1153)
	at org.testng.internal.TestMethodWorker.invokeTestMethods(TestMethodWorker.java:125)
	at org.testng.internal.TestMethodWorker.run(TestMethodWorker.java:108)
	at org.testng.TestRunner.privateRun(TestRunner.java:771)
	at org.testng.TestRunner.run(TestRunner.java:621)
	at org.testng.SuiteRunner.runTest(SuiteRunner.java:357)
	at org.testng.SuiteRunner.runSequentially(SuiteRunner.java:352)
	at org.testng.SuiteRunner.privateRun(SuiteRunner.java:310)
	at org.testng.SuiteRunner.run(SuiteRunner.java:259)
	at org.testng.SuiteRunnerWorker.runSuite(SuiteRunnerWorker.java:52)
	at org.testng.SuiteRunnerWorker.run(SuiteRunnerWorker.java:86)
	at org.testng.TestNG.runSuitesSequentially(TestNG.java:1199)
	at org.testng.TestNG.runSuitesLocally(TestNG.java:1124)
	at org.testng.TestNG.run(TestNG.java:1032)
	at org.apache.maven.surefire.testng.TestNGExecutor.run(TestNGExecutor.java:73)
	at org.apache.maven.surefire.testng.TestNGXmlTestSuite.execute(TestNGXmlTestSuite.java:94)
	at org.apache.maven.surefire.Surefire.run(Surefire.java:169)
	at sun.reflect.NativeMethodAccessorImpl.invoke0(Native Method)
	at sun.reflect.NativeMethodAccessorImpl.invoke(NativeMethodAccessorImpl.java:62)
	at sun.reflect.DelegatingMethodAccessorImpl.invoke(DelegatingMethodAccessorImpl.java:43)
	at java.lang.reflect.Method.invoke(Method.java:498)
	at org.apache.maven.surefire.booter.SurefireBooter.runSuitesInProcess(SurefireBooter.java:350)
	at org.apache.maven.surefire.booter.SurefireBooter.main(SurefireBooter.java:1021)
]]>
            </full-stacktrace>
          </exception> <!-- java.lang.NullPointerException -->
          <reporter-output>
          </reporter-output>
        </test-method> <!-- Verifying_rdp_keyword_supress_videos_Call_USA_Privacy_StandardAdvertisingSettings -->
        <test-method status="FAIL" signature="Verifying_SOD_Cust_Param_mapsdetails_adCall_USA_Privacy_StandardAdvertisingSettings()[pri:0, instance:twc.Regression.TestCases.USA_Run@73b74615]" name="Verifying_SOD_Cust_Param_mapsdetails_adCall_USA_Privacy_StandardAdvertisingSettings" duration-ms="5" started-at="2020-08-20T17:14:12Z" finished-at="2020-08-20T17:14:12Z">
          <exception class="java.lang.NullPointerException">
            <full-stacktrace>
              <![CDATA[java.lang.NullPointerException
	at twc.Regression.ReadDataFromFile.read_xml_data_into_buffer.read_xml_file_into_buffer_string(read_xml_data_into_buffer.java:118)
	at twc.Regression.General.Functions.validate_SOD_Cust_param_deatiledfeed_Optinmode(Functions.java:4087)
	at twc.Regression.TestCases.USA_Run.Verifying_SOD_Cust_Param_mapsdetails_adCall_USA_Privacy_StandardAdvertisingSettings(USA_Run.java:550)
	at sun.reflect.NativeMethodAccessorImpl.invoke0(Native Method)
	at sun.reflect.NativeMethodAccessorImpl.invoke(NativeMethodAccessorImpl.java:62)
	at sun.reflect.DelegatingMethodAccessorImpl.invoke(DelegatingMethodAccessorImpl.java:43)
	at java.lang.reflect.Method.invoke(Method.java:498)
	at org.testng.internal.MethodInvocationHelper.invokeMethod(MethodInvocationHelper.java:85)
	at org.testng.internal.Invoker.invokeMethod(Invoker.java:659)
	at org.testng.internal.Invoker.invokeTestMethod(Invoker.java:845)
	at org.testng.internal.Invoker.invokeTestMethods(Invoker.java:1153)
	at org.testng.internal.TestMethodWorker.invokeTestMethods(TestMethodWorker.java:125)
	at org.testng.internal.TestMethodWorker.run(TestMethodWorker.java:108)
	at org.testng.TestRunner.privateRun(TestRunner.java:771)
	at org.testng.TestRunner.run(TestRunner.java:621)
	at org.testng.SuiteRunner.runTest(SuiteRunner.java:357)
	at org.testng.SuiteRunner.runSequentially(SuiteRunner.java:352)
	at org.testng.SuiteRunner.privateRun(SuiteRunner.java:310)
	at org.testng.SuiteRunner.run(SuiteRunner.java:259)
	at org.testng.SuiteRunnerWorker.runSuite(SuiteRunnerWorker.java:52)
	at org.testng.SuiteRunnerWorker.run(SuiteRunnerWorker.java:86)
	at org.testng.TestNG.runSuitesSequentially(TestNG.java:1199)
	at org.testng.TestNG.runSuitesLocally(TestNG.java:1124)
	at org.testng.TestNG.run(TestNG.java:1032)
	at org.apache.maven.surefire.testng.TestNGExecutor.run(TestNGExecutor.java:73)
	at org.apache.maven.surefire.testng.TestNGXmlTestSuite.execute(TestNGXmlTestSuite.java:94)
	at org.apache.maven.surefire.Surefire.run(Surefire.java:169)
	at sun.reflect.NativeMethodAccessorImpl.invoke0(Native Method)
	at sun.reflect.NativeMethodAccessorImpl.invoke(NativeMethodAccessorImpl.java:62)
	at sun.reflect.DelegatingMethodAccessorImpl.invoke(DelegatingMethodAccessorImpl.java:43)
	at java.lang.reflect.Method.invoke(Method.java:498)
	at org.apache.maven.surefire.booter.SurefireBooter.runSuitesInProcess(SurefireBooter.java:350)
	at org.apache.maven.surefire.booter.SurefireBooter.main(SurefireBooter.java:1021)
]]>
            </full-stacktrace>
          </exception> <!-- java.lang.NullPointerException -->
          <reporter-output>
          </reporter-output>
        </test-method> <!-- Verifying_SOD_Cust_Param_mapsdetails_adCall_USA_Privacy_StandardAdvertisingSettings -->
        <test-method status="PASS" signature="afterClass()[pri:0, instance:twc.Regression.TestCases.USA_Run@73b74615]" name="afterClass" is-config="true" duration-ms="33" started-at="2020-08-20T17:14:12Z" finished-at="2020-08-20T17:14:12Z">
          <reporter-output>
          </reporter-output>
        </test-method> <!-- afterClass -->
      </class> <!-- twc.Regression.TestCases.USA_Run -->
      <class name="twc.Regression.TestCases.USA_CCPA_Run">
        <test-method status="PASS" signature="beforeClass()[pri:0, instance:twc.Regression.TestCases.USA_CCPA_Run@699e0bf0]" name="beforeClass" is-config="true" duration-ms="30063" started-at="2020-08-20T16:41:06Z" finished-at="2020-08-20T16:41:36Z">
          <reporter-output>
          </reporter-output>
        </test-method> <!-- beforeClass -->
        <test-method status="PASS" signature="preConditionsTest_for_USA_CCPA()[pri:0, instance:twc.Regression.TestCases.USA_CCPA_Run@699e0bf0]" name="preConditionsTest_for_USA_CCPA" duration-ms="175740" started-at="2020-08-20T16:41:36Z" finished-at="2020-08-20T16:44:32Z">
          <reporter-output>
          </reporter-output>
        </test-method> <!-- preConditionsTest_for_USA_CCPA -->
        <test-method status="PASS" signature="Verifying_PrivacyCard_PresenceonScreen()[pri:0, instance:twc.Regression.TestCases.USA_CCPA_Run@699e0bf0]" name="Verifying_PrivacyCard_PresenceonScreen" duration-ms="309018" started-at="2020-08-20T16:44:32Z" finished-at="2020-08-20T16:49:41Z">
          <reporter-output>
          </reporter-output>
        </test-method> <!-- Verifying_PrivacyCard_PresenceonScreen -->
        <test-method status="PASS" signature="Selecting_DoNotSellMyInformation_scenario()[pri:0, instance:twc.Regression.TestCases.USA_CCPA_Run@699e0bf0]" name="Selecting_DoNotSellMyInformation_scenario" duration-ms="129350" started-at="2020-08-20T16:49:41Z" finished-at="2020-08-20T16:51:50Z">
          <reporter-output>
          </reporter-output>
        </test-method> <!-- Selecting_DoNotSellMyInformation_scenario -->
        <test-method status="PASS" signature="Verifying_Loatme_adcrwdcntrlnet_apiCall_supressing_USA_CCPA_Privacy_DoNotSellMyInformation()[pri:0, instance:twc.Regression.TestCases.USA_CCPA_Run@699e0bf0]" name="Verifying_Loatme_adcrwdcntrlnet_apiCall_supressing_USA_CCPA_Privacy_DoNotSellMyInformation" duration-ms="31943" started-at="2020-08-20T16:51:50Z" finished-at="2020-08-20T16:52:22Z">
          <reporter-output>
          </reporter-output>
        </test-method> <!-- Verifying_Loatme_adcrwdcntrlnet_apiCall_supressing_USA_CCPA_Privacy_DoNotSellMyInformation -->
        <test-method status="PASS" signature="Verifying_Loatme_bcpcrwdcntrlnet_apiCall_supressing_USA_CCPA_Privacy_DoNotSellMyInformation()[pri:0, instance:twc.Regression.TestCases.USA_CCPA_Run@699e0bf0]" name="Verifying_Loatme_bcpcrwdcntrlnet_apiCall_supressing_USA_CCPA_Privacy_DoNotSellMyInformation" duration-ms="341" started-at="2020-08-20T16:52:22Z" finished-at="2020-08-20T16:52:23Z">
          <reporter-output>
          </reporter-output>
        </test-method> <!-- Verifying_Loatme_bcpcrwdcntrlnet_apiCall_supressing_USA_CCPA_Privacy_DoNotSellMyInformation -->
        <test-method status="PASS" signature="Verifying_Factual_locationwfxtriggerscom_apiCall_supressing_USA_CCPA_Privacy_DoNotSellMyInformation()[pri:0, instance:twc.Regression.TestCases.USA_CCPA_Run@699e0bf0]" name="Verifying_Factual_locationwfxtriggerscom_apiCall_supressing_USA_CCPA_Privacy_DoNotSellMyInformation" duration-ms="393" started-at="2020-08-20T16:52:23Z" finished-at="2020-08-20T16:52:23Z">
          <reporter-output>
          </reporter-output>
        </test-method> <!-- Verifying_Factual_locationwfxtriggerscom_apiCall_supressing_USA_CCPA_Privacy_DoNotSellMyInformation -->
        <test-method status="PASS" signature="Verifying_Supress_amazon_Slotid_homescreenhourly_preload_adcall_USA_CCPA_Privacy_DoNotSellMyInformation()[pri:0, instance:twc.Regression.TestCases.USA_CCPA_Run@699e0bf0]" name="Verifying_Supress_amazon_Slotid_homescreenhourly_preload_adcall_USA_CCPA_Privacy_DoNotSellMyInformation" duration-ms="234" started-at="2020-08-20T16:52:23Z" finished-at="2020-08-20T16:52:23Z">
          <reporter-output>
          </reporter-output>
        </test-method> <!-- Verifying_Supress_amazon_Slotid_homescreenhourly_preload_adcall_USA_CCPA_Privacy_DoNotSellMyInformation -->
        <test-method status="PASS" signature="Verifying_supress_amazon_Slotid_feed1_preroladcall_USA_CCPA_Privacy_DoNotSellMyInformation()[pri:0, instance:twc.Regression.TestCases.USA_CCPA_Run@699e0bf0]" name="Verifying_supress_amazon_Slotid_feed1_preroladcall_USA_CCPA_Privacy_DoNotSellMyInformation" duration-ms="251" started-at="2020-08-20T16:52:23Z" finished-at="2020-08-20T16:52:24Z">
          <reporter-output>
          </reporter-output>
        </test-method> <!-- Verifying_supress_amazon_Slotid_feed1_preroladcall_USA_CCPA_Privacy_DoNotSellMyInformation -->
        <test-method status="PASS" signature="Verifying_supress_amazon_Slotid_feed2_preroladcall_USA_CCPA_Privacy_DoNotSellMyInformation()[pri:0, instance:twc.Regression.TestCases.USA_CCPA_Run@699e0bf0]" name="Verifying_supress_amazon_Slotid_feed2_preroladcall_USA_CCPA_Privacy_DoNotSellMyInformation" duration-ms="238" started-at="2020-08-20T16:52:24Z" finished-at="2020-08-20T16:52:24Z">
          <reporter-output>
          </reporter-output>
        </test-method> <!-- Verifying_supress_amazon_Slotid_feed2_preroladcall_USA_CCPA_Privacy_DoNotSellMyInformation -->
        <test-method status="PASS" signature="Verifying_Supress_amazon_Slotid_Hourlydetails_preload_adcall_USA_CCPA_Privacy_DoNotSellMyInformation()[pri:0, instance:twc.Regression.TestCases.USA_CCPA_Run@699e0bf0]" name="Verifying_Supress_amazon_Slotid_Hourlydetails_preload_adcall_USA_CCPA_Privacy_DoNotSellMyInformation" duration-ms="218" started-at="2020-08-20T16:52:24Z" finished-at="2020-08-20T16:52:24Z">
          <reporter-output>
          </reporter-output>
        </test-method> <!-- Verifying_Supress_amazon_Slotid_Hourlydetails_preload_adcall_USA_CCPA_Privacy_DoNotSellMyInformation -->
        <test-method status="PASS" signature="Verifying_Supress_amazon_Slotid_Hourly1_bigaddetails_preload_adcall_USA_CCPA_Privacy_DoNotSellMyInformation()[pri:0, instance:twc.Regression.TestCases.USA_CCPA_Run@699e0bf0]" name="Verifying_Supress_amazon_Slotid_Hourly1_bigaddetails_preload_adcall_USA_CCPA_Privacy_DoNotSellMyInformation" duration-ms="234" started-at="2020-08-20T16:52:24Z" finished-at="2020-08-20T16:52:24Z">
          <reporter-output>
          </reporter-output>
        </test-method> <!-- Verifying_Supress_amazon_Slotid_Hourly1_bigaddetails_preload_adcall_USA_CCPA_Privacy_DoNotSellMyInformation -->
        <test-method status="PASS" signature="Verifying_supress_amazon_Slotid_Hourly2_bigaddetails_preload_adcall_USA_CCPA_Privacy_DoNotSellMyInformation()[pri:0, instance:twc.Regression.TestCases.USA_CCPA_Run@699e0bf0]" name="Verifying_supress_amazon_Slotid_Hourly2_bigaddetails_preload_adcall_USA_CCPA_Privacy_DoNotSellMyInformation" duration-ms="246" started-at="2020-08-20T16:52:24Z" finished-at="2020-08-20T16:52:24Z">
          <reporter-output>
          </reporter-output>
        </test-method> <!-- Verifying_supress_amazon_Slotid_Hourly2_bigaddetails_preload_adcall_USA_CCPA_Privacy_DoNotSellMyInformation -->
        <test-method status="PASS" signature="Verifying_supress_amazon_Slotid_Hourly3_bigaddetails_preload_adcall_USA_CCPA_Privacy_DoNotSellMyInformation()[pri:0, instance:twc.Regression.TestCases.USA_CCPA_Run@699e0bf0]" name="Verifying_supress_amazon_Slotid_Hourly3_bigaddetails_preload_adcall_USA_CCPA_Privacy_DoNotSellMyInformation" duration-ms="234" started-at="2020-08-20T16:52:24Z" finished-at="2020-08-20T16:52:25Z">
          <reporter-output>
          </reporter-output>
        </test-method> <!-- Verifying_supress_amazon_Slotid_Hourly3_bigaddetails_preload_adcall_USA_CCPA_Privacy_DoNotSellMyInformation -->
        <test-method status="PASS" signature="Verifying_supress_amazon_Slotid_mapsdetails_preload_adcall_USA_CCPA_Privacy_DoNotSellMyInformation()[pri:0, instance:twc.Regression.TestCases.USA_CCPA_Run@699e0bf0]" name="Verifying_supress_amazon_Slotid_mapsdetails_preload_adcall_USA_CCPA_Privacy_DoNotSellMyInformation" duration-ms="241" started-at="2020-08-20T16:52:25Z" finished-at="2020-08-20T16:52:25Z">
          <reporter-output>
          </reporter-output>
        </test-method> <!-- Verifying_supress_amazon_Slotid_mapsdetails_preload_adcall_USA_CCPA_Privacy_DoNotSellMyInformation -->
        <test-method status="PASS" signature="Verifying_supress_amazon_Slotid_Dailydetails_preload_adcall_USA_CCPA_Privacy_DoNotSellMyInformation()[pri:0, instance:twc.Regression.TestCases.USA_CCPA_Run@699e0bf0]" name="Verifying_supress_amazon_Slotid_Dailydetails_preload_adcall_USA_CCPA_Privacy_DoNotSellMyInformation" duration-ms="425" started-at="2020-08-20T16:52:25Z" finished-at="2020-08-20T16:52:25Z">
          <reporter-output>
          </reporter-output>
        </test-method> <!-- Verifying_supress_amazon_Slotid_Dailydetails_preload_adcall_USA_CCPA_Privacy_DoNotSellMyInformation -->
        <test-method status="PASS" signature="Verifying_supress_amazon_Slotid_video_adcall_USA_CCPA_Privacy_DoNotSellMyInformation()[pri:0, instance:twc.Regression.TestCases.USA_CCPA_Run@699e0bf0]" name="Verifying_supress_amazon_Slotid_video_adcall_USA_CCPA_Privacy_DoNotSellMyInformation" duration-ms="232" started-at="2020-08-20T16:52:25Z" finished-at="2020-08-20T16:52:26Z">
          <reporter-output>
          </reporter-output>
        </test-method> <!-- Verifying_supress_amazon_Slotid_video_adcall_USA_CCPA_Privacy_DoNotSellMyInformation -->
        <test-method status="PASS" signature="Verifying_homescreenhourly_adCall_Presence_USA_CCPA_Privacy_DoNotSellMyInformation()[pri:0, instance:twc.Regression.TestCases.USA_CCPA_Run@699e0bf0]" name="Verifying_homescreenhourly_adCall_Presence_USA_CCPA_Privacy_DoNotSellMyInformation" duration-ms="217" started-at="2020-08-20T16:52:26Z" finished-at="2020-08-20T16:52:26Z">
          <reporter-output>
          </reporter-output>
        </test-method> <!-- Verifying_homescreenhourly_adCall_Presence_USA_CCPA_Privacy_DoNotSellMyInformation -->
        <test-method status="PASS" signature="Verifying_homescreenmarquee_adCall_Presence_USA_CCPA_Privacy_DoNotSellMyInformation()[pri:0, instance:twc.Regression.TestCases.USA_CCPA_Run@699e0bf0]" name="Verifying_homescreenmarquee_adCall_Presence_USA_CCPA_Privacy_DoNotSellMyInformation" duration-ms="211" started-at="2020-08-20T16:52:26Z" finished-at="2020-08-20T16:52:26Z">
          <reporter-output>
          </reporter-output>
        </test-method> <!-- Verifying_homescreenmarquee_adCall_Presence_USA_CCPA_Privacy_DoNotSellMyInformation -->
        <test-method status="PASS" signature="Verifying_SOD_Cust_Param_homescreenmarquee_adCall_USA_CCPA_Privacy_DoNotSellMyInformation()[pri:0, instance:twc.Regression.TestCases.USA_CCPA_Run@699e0bf0]" name="Verifying_SOD_Cust_Param_homescreenmarquee_adCall_USA_CCPA_Privacy_DoNotSellMyInformation" duration-ms="237" started-at="2020-08-20T16:52:26Z" finished-at="2020-08-20T16:52:26Z">
          <reporter-output>
          </reporter-output>
        </test-method> <!-- Verifying_SOD_Cust_Param_homescreenmarquee_adCall_USA_CCPA_Privacy_DoNotSellMyInformation -->
        <test-method status="PASS" signature="Verifying_SOD_Cust_Param_homescreenhourly_adCall_USA_CCPA_Privacy_DoNotSellMyInformation()[pri:0, instance:twc.Regression.TestCases.USA_CCPA_Run@699e0bf0]" name="Verifying_SOD_Cust_Param_homescreenhourly_adCall_USA_CCPA_Privacy_DoNotSellMyInformation" duration-ms="232" started-at="2020-08-20T16:52:26Z" finished-at="2020-08-20T16:52:27Z">
          <reporter-output>
          </reporter-output>
        </test-method> <!-- Verifying_SOD_Cust_Param_homescreenhourly_adCall_USA_CCPA_Privacy_DoNotSellMyInformation -->
        <test-method status="PASS" signature="Verifying_SOD_Cust_Param_mapsdetails_adCall_USA_CCPA_Privacy_DoNotSellMyInformation()[pri:0, instance:twc.Regression.TestCases.USA_CCPA_Run@699e0bf0]" name="Verifying_SOD_Cust_Param_mapsdetails_adCall_USA_CCPA_Privacy_DoNotSellMyInformation" duration-ms="244" started-at="2020-08-20T16:52:27Z" finished-at="2020-08-20T16:52:27Z">
          <reporter-output>
          </reporter-output>
        </test-method> <!-- Verifying_SOD_Cust_Param_mapsdetails_adCall_USA_CCPA_Privacy_DoNotSellMyInformation -->
        <test-method status="PASS" signature="Verifying_rdp_equals_1_homescreenHourly_adCall_USA_CCPA_Privacy_DoNotSellMyInformation()[pri:0, instance:twc.Regression.TestCases.USA_CCPA_Run@699e0bf0]" name="Verifying_rdp_equals_1_homescreenHourly_adCall_USA_CCPA_Privacy_DoNotSellMyInformation" duration-ms="188" started-at="2020-08-20T16:52:27Z" finished-at="2020-08-20T16:52:27Z">
          <reporter-output>
          </reporter-output>
        </test-method> <!-- Verifying_rdp_equals_1_homescreenHourly_adCall_USA_CCPA_Privacy_DoNotSellMyInformation -->
        <test-method status="PASS" signature="Verifying_rdp_equals_1_homescreenmarquee_adCall_USA_CCPA_Privacy_DoNotSellMyInformation()[pri:0, instance:twc.Regression.TestCases.USA_CCPA_Run@699e0bf0]" name="Verifying_rdp_equals_1_homescreenmarquee_adCall_USA_CCPA_Privacy_DoNotSellMyInformation" duration-ms="245" started-at="2020-08-20T16:52:27Z" finished-at="2020-08-20T16:52:27Z">
          <reporter-output>
          </reporter-output>
        </test-method> <!-- Verifying_rdp_equals_1_homescreenmarquee_adCall_USA_CCPA_Privacy_DoNotSellMyInformation -->
        <test-method status="PASS" signature="Verifying_videos_adCall_Presence_USA_CCPA_Privacy_DoNotSellMyInformation()[pri:0, instance:twc.Regression.TestCases.USA_CCPA_Run@699e0bf0]" name="Verifying_videos_adCall_Presence_USA_CCPA_Privacy_DoNotSellMyInformation" duration-ms="224" started-at="2020-08-20T16:52:27Z" finished-at="2020-08-20T16:52:27Z">
          <reporter-output>
          </reporter-output>
        </test-method> <!-- Verifying_videos_adCall_Presence_USA_CCPA_Privacy_DoNotSellMyInformation -->
        <test-method status="PASS" signature="Verifying_SOD_Cust_Param_videos_adCall_USA_CCPA_Privacy_DoNotSellMyInformation()[pri:0, instance:twc.Regression.TestCases.USA_CCPA_Run@699e0bf0]" name="Verifying_SOD_Cust_Param_videos_adCall_USA_CCPA_Privacy_DoNotSellMyInformation" duration-ms="280" started-at="2020-08-20T16:52:27Z" finished-at="2020-08-20T16:52:28Z">
          <reporter-output>
          </reporter-output>
        </test-method> <!-- Verifying_SOD_Cust_Param_videos_adCall_USA_CCPA_Privacy_DoNotSellMyInformation -->
        <test-method status="PASS" signature="Verifying_rdp_equals_1_Videos_adCall_USA_CCPA_Privacy_DoNotSellMyInformation()[pri:0, instance:twc.Regression.TestCases.USA_CCPA_Run@699e0bf0]" name="Verifying_rdp_equals_1_Videos_adCall_USA_CCPA_Privacy_DoNotSellMyInformation" duration-ms="226" started-at="2020-08-20T16:52:28Z" finished-at="2020-08-20T16:52:28Z">
          <reporter-output>
          </reporter-output>
        </test-method> <!-- Verifying_rdp_equals_1_Videos_adCall_USA_CCPA_Privacy_DoNotSellMyInformation -->
        <test-method status="PASS" signature="Smoke_Test_Selecting_Optin_mode_scenario()[pri:0, instance:twc.Regression.TestCases.USA_CCPA_Run@699e0bf0]" name="Smoke_Test_Selecting_Optin_mode_scenario" duration-ms="347744" started-at="2020-08-20T16:52:28Z" finished-at="2020-08-20T16:58:16Z">
          <reporter-output>
          </reporter-output>
        </test-method> <!-- Smoke_Test_Selecting_Optin_mode_scenario -->
        <test-method status="FAIL" signature="Verifying_Loatme_bcpcrwdcntrlnet_apiCall_presence_USA_CCPA_Privacy_StandardAdvertisingSettings()[pri:0, instance:twc.Regression.TestCases.USA_CCPA_Run@699e0bf0]" name="Verifying_Loatme_bcpcrwdcntrlnet_apiCall_presence_USA_CCPA_Privacy_StandardAdvertisingSettings" duration-ms="31507" started-at="2020-08-20T16:58:16Z" finished-at="2020-08-20T16:58:47Z">
          <exception class="java.lang.AssertionError">
            <message>
              <![CDATA[https://bcp.crwdcntrl.net/ url was not trigred]]>
            </message>
            <full-stacktrace>
              <![CDATA[java.lang.AssertionError: https://bcp.crwdcntrl.net/ url was not trigred
	at org.testng.Assert.fail(Assert.java:94)
	at twc.Regression.General.Functions.validating_bcp_privacy_Optinmode_scenarion(Functions.java:3888)
	at twc.Regression.TestCases.USA_CCPA_Run.Verifying_Loatme_bcpcrwdcntrlnet_apiCall_presence_USA_CCPA_Privacy_StandardAdvertisingSettings(USA_CCPA_Run.java:384)
	at sun.reflect.NativeMethodAccessorImpl.invoke0(Native Method)
	at sun.reflect.NativeMethodAccessorImpl.invoke(NativeMethodAccessorImpl.java:62)
	at sun.reflect.DelegatingMethodAccessorImpl.invoke(DelegatingMethodAccessorImpl.java:43)
	at java.lang.reflect.Method.invoke(Method.java:498)
	at org.testng.internal.MethodInvocationHelper.invokeMethod(MethodInvocationHelper.java:85)
	at org.testng.internal.Invoker.invokeMethod(Invoker.java:659)
	at org.testng.internal.Invoker.invokeTestMethod(Invoker.java:845)
	at org.testng.internal.Invoker.invokeTestMethods(Invoker.java:1153)
	at org.testng.internal.TestMethodWorker.invokeTestMethods(TestMethodWorker.java:125)
	at org.testng.internal.TestMethodWorker.run(TestMethodWorker.java:108)
	at org.testng.TestRunner.privateRun(TestRunner.java:771)
	at org.testng.TestRunner.run(TestRunner.java:621)
	at org.testng.SuiteRunner.runTest(SuiteRunner.java:357)
	at org.testng.SuiteRunner.runSequentially(SuiteRunner.java:352)
	at org.testng.SuiteRunner.privateRun(SuiteRunner.java:310)
	at org.testng.SuiteRunner.run(SuiteRunner.java:259)
	at org.testng.SuiteRunnerWorker.runSuite(SuiteRunnerWorker.java:52)
	at org.testng.SuiteRunnerWorker.run(SuiteRunnerWorker.java:86)
	at org.testng.TestNG.runSuitesSequentially(TestNG.java:1199)
	at org.testng.TestNG.runSuitesLocally(TestNG.java:1124)
	at org.testng.TestNG.run(TestNG.java:1032)
	at org.apache.maven.surefire.testng.TestNGExecutor.run(TestNGExecutor.java:73)
	at org.apache.maven.surefire.testng.TestNGXmlTestSuite.execute(TestNGXmlTestSuite.java:94)
	at org.apache.maven.surefire.Surefire.run(Surefire.java:169)
	at sun.reflect.NativeMethodAccessorImpl.invoke0(Native Method)
	at sun.reflect.NativeMethodAccessorImpl.invoke(NativeMethodAccessorImpl.java:62)
	at sun.reflect.DelegatingMethodAccessorImpl.invoke(DelegatingMethodAccessorImpl.java:43)
	at java.lang.reflect.Method.invoke(Method.java:498)
	at org.apache.maven.surefire.booter.SurefireBooter.runSuitesInProcess(SurefireBooter.java:350)
	at org.apache.maven.surefire.booter.SurefireBooter.main(SurefireBooter.java:1021)
]]>
            </full-stacktrace>
          </exception> <!-- java.lang.AssertionError -->
          <reporter-output>
          </reporter-output>
        </test-method> <!-- Verifying_Loatme_bcpcrwdcntrlnet_apiCall_presence_USA_CCPA_Privacy_StandardAdvertisingSettings -->
        <test-method status="FAIL" signature="Verifying_Factual_locationwfxtriggerscom_apiCall_presence_USA_CCPA_Privacy_StandardAdvertisingSettings()[pri:0, instance:twc.Regression.TestCases.USA_CCPA_Run@699e0bf0]" name="Verifying_Factual_locationwfxtriggerscom_apiCall_presence_USA_CCPA_Privacy_StandardAdvertisingSettings" duration-ms="53" started-at="2020-08-20T16:58:47Z" finished-at="2020-08-20T16:58:47Z">
          <exception class="java.lang.AssertionError">
            <message>
              <![CDATA[https://location.wfxtriggers.com url was not trigred]]>
            </message>
            <full-stacktrace>
              <![CDATA[java.lang.AssertionError: https://location.wfxtriggers.com url was not trigred
	at org.testng.Assert.fail(Assert.java:94)
	at twc.Regression.General.Functions.validating_Fatualcall_privacy_Optinmode_scenarion(Functions.java:3934)
	at twc.Regression.TestCases.USA_CCPA_Run.Verifying_Factual_locationwfxtriggerscom_apiCall_presence_USA_CCPA_Privacy_StandardAdvertisingSettings(USA_CCPA_Run.java:394)
	at sun.reflect.NativeMethodAccessorImpl.invoke0(Native Method)
	at sun.reflect.NativeMethodAccessorImpl.invoke(NativeMethodAccessorImpl.java:62)
	at sun.reflect.DelegatingMethodAccessorImpl.invoke(DelegatingMethodAccessorImpl.java:43)
	at java.lang.reflect.Method.invoke(Method.java:498)
	at org.testng.internal.MethodInvocationHelper.invokeMethod(MethodInvocationHelper.java:85)
	at org.testng.internal.Invoker.invokeMethod(Invoker.java:659)
	at org.testng.internal.Invoker.invokeTestMethod(Invoker.java:845)
	at org.testng.internal.Invoker.invokeTestMethods(Invoker.java:1153)
	at org.testng.internal.TestMethodWorker.invokeTestMethods(TestMethodWorker.java:125)
	at org.testng.internal.TestMethodWorker.run(TestMethodWorker.java:108)
	at org.testng.TestRunner.privateRun(TestRunner.java:771)
	at org.testng.TestRunner.run(TestRunner.java:621)
	at org.testng.SuiteRunner.runTest(SuiteRunner.java:357)
	at org.testng.SuiteRunner.runSequentially(SuiteRunner.java:352)
	at org.testng.SuiteRunner.privateRun(SuiteRunner.java:310)
	at org.testng.SuiteRunner.run(SuiteRunner.java:259)
	at org.testng.SuiteRunnerWorker.runSuite(SuiteRunnerWorker.java:52)
	at org.testng.SuiteRunnerWorker.run(SuiteRunnerWorker.java:86)
	at org.testng.TestNG.runSuitesSequentially(TestNG.java:1199)
	at org.testng.TestNG.runSuitesLocally(TestNG.java:1124)
	at org.testng.TestNG.run(TestNG.java:1032)
	at org.apache.maven.surefire.testng.TestNGExecutor.run(TestNGExecutor.java:73)
	at org.apache.maven.surefire.testng.TestNGXmlTestSuite.execute(TestNGXmlTestSuite.java:94)
	at org.apache.maven.surefire.Surefire.run(Surefire.java:169)
	at sun.reflect.NativeMethodAccessorImpl.invoke0(Native Method)
	at sun.reflect.NativeMethodAccessorImpl.invoke(NativeMethodAccessorImpl.java:62)
	at sun.reflect.DelegatingMethodAccessorImpl.invoke(DelegatingMethodAccessorImpl.java:43)
	at java.lang.reflect.Method.invoke(Method.java:498)
	at org.apache.maven.surefire.booter.SurefireBooter.runSuitesInProcess(SurefireBooter.java:350)
	at org.apache.maven.surefire.booter.SurefireBooter.main(SurefireBooter.java:1021)
]]>
            </full-stacktrace>
          </exception> <!-- java.lang.AssertionError -->
          <reporter-output>
          </reporter-output>
        </test-method> <!-- Verifying_Factual_locationwfxtriggerscom_apiCall_presence_USA_CCPA_Privacy_StandardAdvertisingSettings -->
        <test-method status="PASS" signature="Verifying_presence_amazon_Slotid_homescreenhourly_preload_adcall_USA_CCPA_Privacy_StandardAdvertisingSettings()[pri:0, instance:twc.Regression.TestCases.USA_CCPA_Run@699e0bf0]" name="Verifying_presence_amazon_Slotid_homescreenhourly_preload_adcall_USA_CCPA_Privacy_StandardAdvertisingSettings" duration-ms="44" started-at="2020-08-20T16:58:47Z" finished-at="2020-08-20T16:58:47Z">
          <reporter-output>
          </reporter-output>
        </test-method> <!-- Verifying_presence_amazon_Slotid_homescreenhourly_preload_adcall_USA_CCPA_Privacy_StandardAdvertisingSettings -->
        <test-method status="PASS" signature="Verifying_presence_amazon_Slotid_feed1_preroladcall_USA_CCPA_Privacy_StandardAdvertisingSettings()[pri:0, instance:twc.Regression.TestCases.USA_CCPA_Run@699e0bf0]" name="Verifying_presence_amazon_Slotid_feed1_preroladcall_USA_CCPA_Privacy_StandardAdvertisingSettings" duration-ms="35" started-at="2020-08-20T16:58:47Z" finished-at="2020-08-20T16:58:47Z">
          <reporter-output>
          </reporter-output>
        </test-method> <!-- Verifying_presence_amazon_Slotid_feed1_preroladcall_USA_CCPA_Privacy_StandardAdvertisingSettings -->
        <test-method status="PASS" signature="Verifying_presence_amazon_Slotid_feed2_preroladcall_USA_CCPA_Privacy_StandardAdvertisingSettings()[pri:0, instance:twc.Regression.TestCases.USA_CCPA_Run@699e0bf0]" name="Verifying_presence_amazon_Slotid_feed2_preroladcall_USA_CCPA_Privacy_StandardAdvertisingSettings" duration-ms="35" started-at="2020-08-20T16:58:47Z" finished-at="2020-08-20T16:58:47Z">
          <reporter-output>
          </reporter-output>
        </test-method> <!-- Verifying_presence_amazon_Slotid_feed2_preroladcall_USA_CCPA_Privacy_StandardAdvertisingSettings -->
        <test-method status="PASS" signature="Verifying_presence_amazon_Slotid_Hourlydetails_preload_adcall_USA_CCPA_Privacy_StandardAdvertisingSettings()[pri:0, instance:twc.Regression.TestCases.USA_CCPA_Run@699e0bf0]" name="Verifying_presence_amazon_Slotid_Hourlydetails_preload_adcall_USA_CCPA_Privacy_StandardAdvertisingSettings" duration-ms="33" started-at="2020-08-20T16:58:47Z" finished-at="2020-08-20T16:58:47Z">
          <reporter-output>
          </reporter-output>
        </test-method> <!-- Verifying_presence_amazon_Slotid_Hourlydetails_preload_adcall_USA_CCPA_Privacy_StandardAdvertisingSettings -->
        <test-method status="PASS" signature="Verifying_presence_amazon_Slotid_Hourly1_bigaddetails_preload_adcall_USA_CCPA_Privacy_StandardAdvertisingSettings()[pri:0, instance:twc.Regression.TestCases.USA_CCPA_Run@699e0bf0]" name="Verifying_presence_amazon_Slotid_Hourly1_bigaddetails_preload_adcall_USA_CCPA_Privacy_StandardAdvertisingSettings" duration-ms="36" started-at="2020-08-20T16:58:47Z" finished-at="2020-08-20T16:58:47Z">
          <reporter-output>
          </reporter-output>
        </test-method> <!-- Verifying_presence_amazon_Slotid_Hourly1_bigaddetails_preload_adcall_USA_CCPA_Privacy_StandardAdvertisingSettings -->
        <test-method status="PASS" signature="Verifying_presence_amazon_Slotid_Hourly2_bigaddetails_preload_adcall_USA_CCPA_Privacy_StandardAdvertisingSettings()[pri:0, instance:twc.Regression.TestCases.USA_CCPA_Run@699e0bf0]" name="Verifying_presence_amazon_Slotid_Hourly2_bigaddetails_preload_adcall_USA_CCPA_Privacy_StandardAdvertisingSettings" duration-ms="36" started-at="2020-08-20T16:58:47Z" finished-at="2020-08-20T16:58:47Z">
          <reporter-output>
          </reporter-output>
        </test-method> <!-- Verifying_presence_amazon_Slotid_Hourly2_bigaddetails_preload_adcall_USA_CCPA_Privacy_StandardAdvertisingSettings -->
        <test-method status="PASS" signature="Verifying_presence_amazon_Slotid_Hourly3_bigaddetails_preload_adcall_USA_CCPA_Privacy_StandardAdvertisingSettings()[pri:0, instance:twc.Regression.TestCases.USA_CCPA_Run@699e0bf0]" name="Verifying_presence_amazon_Slotid_Hourly3_bigaddetails_preload_adcall_USA_CCPA_Privacy_StandardAdvertisingSettings" duration-ms="35" started-at="2020-08-20T16:58:47Z" finished-at="2020-08-20T16:58:48Z">
          <reporter-output>
          </reporter-output>
        </test-method> <!-- Verifying_presence_amazon_Slotid_Hourly3_bigaddetails_preload_adcall_USA_CCPA_Privacy_StandardAdvertisingSettings -->
        <test-method status="PASS" signature="Verifying_presence_amazon_Slotid_mapsdetails_preload_adcall_USA_CCPA_Privacy_StandardAdvertisingSettings()[pri:0, instance:twc.Regression.TestCases.USA_CCPA_Run@699e0bf0]" name="Verifying_presence_amazon_Slotid_mapsdetails_preload_adcall_USA_CCPA_Privacy_StandardAdvertisingSettings" duration-ms="69" started-at="2020-08-20T16:58:48Z" finished-at="2020-08-20T16:58:48Z">
          <reporter-output>
          </reporter-output>
        </test-method> <!-- Verifying_presence_amazon_Slotid_mapsdetails_preload_adcall_USA_CCPA_Privacy_StandardAdvertisingSettings -->
        <test-method status="PASS" signature="Verifying_presence_amazon_Slotid_Dailydetails_preload_adcall_USA_CCPA_Privacy_StandardAdvertisingSettings()[pri:0, instance:twc.Regression.TestCases.USA_CCPA_Run@699e0bf0]" name="Verifying_presence_amazon_Slotid_Dailydetails_preload_adcall_USA_CCPA_Privacy_StandardAdvertisingSettings" duration-ms="37" started-at="2020-08-20T16:58:48Z" finished-at="2020-08-20T16:58:48Z">
          <reporter-output>
          </reporter-output>
        </test-method> <!-- Verifying_presence_amazon_Slotid_Dailydetails_preload_adcall_USA_CCPA_Privacy_StandardAdvertisingSettings -->
        <test-method status="PASS" signature="Verifying_presence_amazon_Slotid_video_adcall_USA_CCPA_Privacy_StandardAdvertisingSettings()[pri:0, instance:twc.Regression.TestCases.USA_CCPA_Run@699e0bf0]" name="Verifying_presence_amazon_Slotid_video_adcall_USA_CCPA_Privacy_StandardAdvertisingSettings" duration-ms="76" started-at="2020-08-20T16:58:48Z" finished-at="2020-08-20T16:58:48Z">
          <reporter-output>
          </reporter-output>
        </test-method> <!-- Verifying_presence_amazon_Slotid_video_adcall_USA_CCPA_Privacy_StandardAdvertisingSettings -->
        <test-method status="PASS" signature="Verifying_homescreenhourly_adCall_Presence_USA_CCPA_Privacy_StandardAdvertisingSettings()[pri:0, instance:twc.Regression.TestCases.USA_CCPA_Run@699e0bf0]" name="Verifying_homescreenhourly_adCall_Presence_USA_CCPA_Privacy_StandardAdvertisingSettings" duration-ms="34" started-at="2020-08-20T16:58:48Z" finished-at="2020-08-20T16:58:48Z">
          <reporter-output>
          </reporter-output>
        </test-method> <!-- Verifying_homescreenhourly_adCall_Presence_USA_CCPA_Privacy_StandardAdvertisingSettings -->
        <test-method status="PASS" signature="Verifying_homescreenmarquee_adCall_Presence_USA_CCPA_Privacy_StandardAdvertisingSettings()[pri:0, instance:twc.Regression.TestCases.USA_CCPA_Run@699e0bf0]" name="Verifying_homescreenmarquee_adCall_Presence_USA_CCPA_Privacy_StandardAdvertisingSettings" duration-ms="37" started-at="2020-08-20T16:58:48Z" finished-at="2020-08-20T16:58:48Z">
          <reporter-output>
          </reporter-output>
        </test-method> <!-- Verifying_homescreenmarquee_adCall_Presence_USA_CCPA_Privacy_StandardAdvertisingSettings -->
        <test-method status="PASS" signature="Verifying_SOD_Cust_Param_homescreenmarquee_adCall_USA_CCPA_Privacy_StandardAdvertisingSettings()[pri:0, instance:twc.Regression.TestCases.USA_CCPA_Run@699e0bf0]" name="Verifying_SOD_Cust_Param_homescreenmarquee_adCall_USA_CCPA_Privacy_StandardAdvertisingSettings" duration-ms="41" started-at="2020-08-20T16:58:48Z" finished-at="2020-08-20T16:58:48Z">
          <reporter-output>
          </reporter-output>
        </test-method> <!-- Verifying_SOD_Cust_Param_homescreenmarquee_adCall_USA_CCPA_Privacy_StandardAdvertisingSettings -->
        <test-method status="PASS" signature="Verifying_SOD_Cust_Param_homescreenhourly_adCall_USA_CCPA_Privacy_StandardAdvertisingSettings()[pri:0, instance:twc.Regression.TestCases.USA_CCPA_Run@699e0bf0]" name="Verifying_SOD_Cust_Param_homescreenhourly_adCall_USA_CCPA_Privacy_StandardAdvertisingSettings" duration-ms="38" started-at="2020-08-20T16:58:48Z" finished-at="2020-08-20T16:58:48Z">
          <reporter-output>
          </reporter-output>
        </test-method> <!-- Verifying_SOD_Cust_Param_homescreenhourly_adCall_USA_CCPA_Privacy_StandardAdvertisingSettings -->
        <test-method status="PASS" signature="Verifying_SOD_Cust_Param_mapsdetails_adCall_USACCPA_Privacy_StandardAdvertisingSettings()[pri:0, instance:twc.Regression.TestCases.USA_CCPA_Run@699e0bf0]" name="Verifying_SOD_Cust_Param_mapsdetails_adCall_USACCPA_Privacy_StandardAdvertisingSettings" duration-ms="40" started-at="2020-08-20T16:58:48Z" finished-at="2020-08-20T16:58:48Z">
          <reporter-output>
          </reporter-output>
        </test-method> <!-- Verifying_SOD_Cust_Param_mapsdetails_adCall_USACCPA_Privacy_StandardAdvertisingSettings -->
        <test-method status="PASS" signature="Verifying_rdp_keyword_supress_homescreenmarquee_adCall_USA_CCPA_Privacy_StandardAdvertisingSettings()[pri:0, instance:twc.Regression.TestCases.USA_CCPA_Run@699e0bf0]" name="Verifying_rdp_keyword_supress_homescreenmarquee_adCall_USA_CCPA_Privacy_StandardAdvertisingSettings" duration-ms="34" started-at="2020-08-20T16:58:48Z" finished-at="2020-08-20T16:58:48Z">
          <reporter-output>
          </reporter-output>
        </test-method> <!-- Verifying_rdp_keyword_supress_homescreenmarquee_adCall_USA_CCPA_Privacy_StandardAdvertisingSettings -->
        <test-method status="PASS" signature="Verifying_rdp_keyword_supress_homescreenHourly_adCall_USA_CCPA_Privacy_StandardAdvertisingSettings()[pri:0, instance:twc.Regression.TestCases.USA_CCPA_Run@699e0bf0]" name="Verifying_rdp_keyword_supress_homescreenHourly_adCall_USA_CCPA_Privacy_StandardAdvertisingSettings" duration-ms="36" started-at="2020-08-20T16:58:48Z" finished-at="2020-08-20T16:58:48Z">
          <reporter-output>
          </reporter-output>
        </test-method> <!-- Verifying_rdp_keyword_supress_homescreenHourly_adCall_USA_CCPA_Privacy_StandardAdvertisingSettings -->
        <test-method status="PASS" signature="Verifying_video_adCall_Presence_USA_CCPA_Privacy_StandardAdvertisingSettings()[pri:0, instance:twc.Regression.TestCases.USA_CCPA_Run@699e0bf0]" name="Verifying_video_adCall_Presence_USA_CCPA_Privacy_StandardAdvertisingSettings" duration-ms="40" started-at="2020-08-20T16:58:48Z" finished-at="2020-08-20T16:58:48Z">
          <reporter-output>
          </reporter-output>
        </test-method> <!-- Verifying_video_adCall_Presence_USA_CCPA_Privacy_StandardAdvertisingSettings -->
        <test-method status="PASS" signature="Smoke_Test_Verifying_SOD_Cust_Param_videoad_Optin_mode_scenario()[pri:0, instance:twc.Regression.TestCases.USA_CCPA_Run@699e0bf0]" name="Smoke_Test_Verifying_SOD_Cust_Param_videoad_Optin_mode_scenario" duration-ms="44" started-at="2020-08-20T16:58:48Z" finished-at="2020-08-20T16:58:48Z">
          <reporter-output>
          </reporter-output>
        </test-method> <!-- Smoke_Test_Verifying_SOD_Cust_Param_videoad_Optin_mode_scenario -->
        <test-method status="PASS" signature="Verifying_rdp_keyword_supress_videos_Call_USA_CCPA_Privacy_StandardAdvertisingSettings()[pri:0, instance:twc.Regression.TestCases.USA_CCPA_Run@699e0bf0]" name="Verifying_rdp_keyword_supress_videos_Call_USA_CCPA_Privacy_StandardAdvertisingSettings" duration-ms="44" started-at="2020-08-20T16:58:48Z" finished-at="2020-08-20T16:58:48Z">
          <reporter-output>
          </reporter-output>
        </test-method> <!-- Verifying_rdp_keyword_supress_videos_Call_USA_CCPA_Privacy_StandardAdvertisingSettings -->
        <test-method status="PASS" signature="afterClass()[pri:0, instance:twc.Regression.TestCases.USA_CCPA_Run@699e0bf0]" name="afterClass" is-config="true" duration-ms="38" started-at="2020-08-20T16:58:48Z" finished-at="2020-08-20T16:58:48Z">
          <reporter-output>
          </reporter-output>
        </test-method> <!-- afterClass -->
      </class> <!-- twc.Regression.TestCases.USA_CCPA_Run -->
    </test> <!-- Test -->
  </suite> <!-- Suite -->
</testng-results>
