<?xml version="1.0" encoding="UTF-8"?>
<!-- Generated by org.testng.reporters.JUnitReportReporter -->
<testsuite hostname="Aswinikumars-MacBook-Pro.local" name="twc.Regression.TestCases.LGPD_Run" tests="20" failures="2" timestamp="19 Aug 2020 08:33:12 GMT" time="180.181" errors="0">
  <testcase name="Verifying_supress_amazon_Slotid_feed2_preroladcall_LGPDPrivacy" time="0.200" classname="twc.Regression.TestCases.LGPD_Run"/>
  <testcase name="Verifying_videos_adCall_Presence_LGPDprivacy" time="0.103" classname="twc.Regression.TestCases.LGPD_Run">
    <failure type="java.lang.AssertionError" message="iu=/7646/app_android_us/video call was not trigred">
      <![CDATA[java.lang.AssertionError: iu=/7646/app_android_us/video call was not trigred
	at org.testng.Assert.fail(Assert.java:94)
	at twc.Regression.General.Functions.Verify_video_ad_call_Optoutmode(Functions.java:2973)
	at twc.Regression.TestCases.LGPD_Run.Verifying_videos_adCall_Presence_LGPDprivacy(LGPD_Run.java:311)
	at sun.reflect.NativeMethodAccessorImpl.invoke0(Native Method)
	at sun.reflect.NativeMethodAccessorImpl.invoke(NativeMethodAccessorImpl.java:62)
	at sun.reflect.DelegatingMethodAccessorImpl.invoke(DelegatingMethodAccessorImpl.java:43)
	at java.lang.reflect.Method.invoke(Method.java:498)
	at org.testng.internal.MethodInvocationHelper.invokeMethod(MethodInvocationHelper.java:85)
	at org.testng.internal.Invoker.invokeMethod(Invoker.java:659)
	at org.testng.internal.Invoker.invokeTestMethod(Invoker.java:845)
	at org.testng.internal.Invoker.invokeTestMethods(Invoker.java:1153)
	at org.testng.internal.TestMethodWorker.invokeTestMethods(TestMethodWorker.java:125)
	at org.testng.internal.TestMethodWorker.run(TestMethodWorker.java:108)
	at org.testng.TestRunner.privateRun(TestRunner.java:771)
	at org.testng.TestRunner.run(TestRunner.java:621)
	at org.testng.SuiteRunner.runTest(SuiteRunner.java:357)
	at org.testng.SuiteRunner.runSequentially(SuiteRunner.java:352)
	at org.testng.SuiteRunner.privateRun(SuiteRunner.java:310)
	at org.testng.SuiteRunner.run(SuiteRunner.java:259)
	at org.testng.SuiteRunnerWorker.runSuite(SuiteRunnerWorker.java:52)
	at org.testng.SuiteRunnerWorker.run(SuiteRunnerWorker.java:86)
	at org.testng.TestNG.runSuitesSequentially(TestNG.java:1199)
	at org.testng.TestNG.runSuitesLocally(TestNG.java:1124)
	at org.testng.TestNG.run(TestNG.java:1032)
	at org.testng.remote.AbstractRemoteTestNG.run(AbstractRemoteTestNG.java:115)
	at org.testng.remote.RemoteTestNG.initAndRun(RemoteTestNG.java:251)
	at org.testng.remote.RemoteTestNG.main(RemoteTestNG.java:77)
]]>
    </failure>
  </testcase> <!-- Verifying_videos_adCall_Presence_LGPDprivacy -->
  <testcase name="Verifying_Loatme_bcpcrwdcntrlnet_apiCall_supressing_LGPD_Privacy" time="0.123" classname="twc.Regression.TestCases.LGPD_Run"/>
  <testcase name="Verifying_supress_amazon_Slotid_feed1_preroladcall_LGPDPrivacy" time="0.089" classname="twc.Regression.TestCases.LGPD_Run"/>
  <testcase name="Verifying_supress_amazon_Slotid_mapsdetails_preload_adcall_LGPDPrivacy" time="0.076" classname="twc.Regression.TestCases.LGPD_Run"/>
  <testcase name="Verifying_Factual_locationwfxtriggerscom_apiCall_supressing_LGPD_Privacy" time="0.101" classname="twc.Regression.TestCases.LGPD_Run"/>
  <testcase name="Verifying_supress_amazon_Slotid_video_adcall_LGPDPrivacy" time="0.158" classname="twc.Regression.TestCases.LGPD_Run"/>
  <testcase name="preConditionsTest_for_LGPD" time="177.974" classname="twc.Regression.TestCases.LGPD_Run"/>
  <testcase name="Verifying_supress_amazon_Slotid_Hourly2_bigaddetails_preload_adcall_LGPDPrivacy" time="0.124" classname="twc.Regression.TestCases.LGPD_Run"/>
  <testcase name="Verifying_npa_equals_1_homescreenmarquee_adCall_LGPD_Privacy" time="0.081" classname="twc.Regression.TestCases.LGPD_Run"/>
  <testcase name="Verifying_npa_equals_1_videos_adCall_LGPD_Privacy" time="0.081" classname="twc.Regression.TestCases.LGPD_Run">
    <failure type="java.lang.AssertionError" message="npa for iu=%2F7646%2Fapp_android_us%2Fvideo ad call  is not matched with1">
      <![CDATA[java.lang.AssertionError: npa for iu=%2F7646%2Fapp_android_us%2Fvideo ad call  is not matched with1
	at org.testng.Assert.fail(Assert.java:94)
	at twc.Regression.General.Functions.validate_npa_video_ad_dontsellmyinformation(Functions.java:3660)
	at twc.Regression.TestCases.LGPD_Run.Verifying_npa_equals_1_videos_adCall_LGPD_Privacy(LGPD_Run.java:336)
	at sun.reflect.NativeMethodAccessorImpl.invoke0(Native Method)
	at sun.reflect.NativeMethodAccessorImpl.invoke(NativeMethodAccessorImpl.java:62)
	at sun.reflect.DelegatingMethodAccessorImpl.invoke(DelegatingMethodAccessorImpl.java:43)
	at java.lang.reflect.Method.invoke(Method.java:498)
	at org.testng.internal.MethodInvocationHelper.invokeMethod(MethodInvocationHelper.java:85)
	at org.testng.internal.Invoker.invokeMethod(Invoker.java:659)
	at org.testng.internal.Invoker.invokeTestMethod(Invoker.java:845)
	at org.testng.internal.Invoker.invokeTestMethods(Invoker.java:1153)
	at org.testng.internal.TestMethodWorker.invokeTestMethods(TestMethodWorker.java:125)
	at org.testng.internal.TestMethodWorker.run(TestMethodWorker.java:108)
	at org.testng.TestRunner.privateRun(TestRunner.java:771)
	at org.testng.TestRunner.run(TestRunner.java:621)
	at org.testng.SuiteRunner.runTest(SuiteRunner.java:357)
	at org.testng.SuiteRunner.runSequentially(SuiteRunner.java:352)
	at org.testng.SuiteRunner.privateRun(SuiteRunner.java:310)
	at org.testng.SuiteRunner.run(SuiteRunner.java:259)
	at org.testng.SuiteRunnerWorker.runSuite(SuiteRunnerWorker.java:52)
	at org.testng.SuiteRunnerWorker.run(SuiteRunnerWorker.java:86)
	at org.testng.TestNG.runSuitesSequentially(TestNG.java:1199)
	at org.testng.TestNG.runSuitesLocally(TestNG.java:1124)
	at org.testng.TestNG.run(TestNG.java:1032)
	at org.testng.remote.AbstractRemoteTestNG.run(AbstractRemoteTestNG.java:115)
	at org.testng.remote.RemoteTestNG.initAndRun(RemoteTestNG.java:251)
	at org.testng.remote.RemoteTestNG.main(RemoteTestNG.java:77)
]]>
    </failure>
  </testcase> <!-- Verifying_npa_equals_1_videos_adCall_LGPD_Privacy -->
  <testcase name="Verifying_supress_amazon_Slotid_Dailydetails_preload_adcall_LGPDPrivacy" time="0.117" classname="twc.Regression.TestCases.LGPD_Run"/>
  <testcase name="Verifying_Supress_amazon_Slotid_Hourly1_bigaddetails_preload_adcall_LGPDPrivacy" time="0.082" classname="twc.Regression.TestCases.LGPD_Run"/>
  <testcase name="Verifying_homescreenmarquee_adCall_Presence_LGPDprivacy" time="0.081" classname="twc.Regression.TestCases.LGPD_Run"/>
  <testcase name="Verifying_Supress_amazon_Slotid_homescreenhourly_preload_adcall_LGPDPrivacy" time="0.099" classname="twc.Regression.TestCases.LGPD_Run"/>
  <testcase name="Verifying_supress_amazon_Slotid_Hourly3_bigaddetails_preload_adcall_LGPDPrivacy" time="0.089" classname="twc.Regression.TestCases.LGPD_Run"/>
  <testcase name="Verifying_npa_equals_1_homescreenHourly_adCall_LGPD_Privacy" time="0.089" classname="twc.Regression.TestCases.LGPD_Run"/>
  <testcase name="Verifying_Supress_amazon_Slotid_Hourlydetails_preload_adcall_LGPDPrivacy" time="0.074" classname="twc.Regression.TestCases.LGPD_Run"/>
  <testcase name="Verifying_Loatme_adcrwdcntrlnet_apiCall_supressing_LGPD_Privacy" time="0.360" classname="twc.Regression.TestCases.LGPD_Run"/>
  <testcase name="Verifying_homescreenhourly_adCall_Presence_LGPDprivacy" time="0.080" classname="twc.Regression.TestCases.LGPD_Run"/>
</testsuite> <!-- twc.Regression.TestCases.LGPD_Run -->
