<?xml version="1.0" encoding="UTF-8"?>
<!-- Generated by org.testng.reporters.JUnitReportReporter -->
<testsuite hostname="iosbuildserver.attlocal.net" name="twc.Regression.TestCases.USA_CCPA_Run" tests="49" failures="2" timestamp="20 Aug 2020 21:14:12 GMT" time="1031.770" errors="0">
  <testcase name="Verifying_SOD_Cust_Param_mapsdetails_adCall_USACCPA_Privacy_StandardAdvertisingSettings" time="0.040" classname="twc.Regression.TestCases.USA_CCPA_Run"/>
  <testcase name="Verifying_supress_amazon_Slotid_video_adcall_USA_CCPA_Privacy_DoNotSellMyInformation" time="0.232" classname="twc.Regression.TestCases.USA_CCPA_Run"/>
  <testcase name="Verifying_SOD_Cust_Param_homescreenhourly_adCall_USA_CCPA_Privacy_DoNotSellMyInformation" time="0.232" classname="twc.Regression.TestCases.USA_CCPA_Run"/>
  <testcase name="Smoke_Test_Selecting_Optin_mode_scenario" time="347.744" classname="twc.Regression.TestCases.USA_CCPA_Run"/>
  <testcase name="Verifying_Loatme_bcpcrwdcntrlnet_apiCall_supressing_USA_CCPA_Privacy_DoNotSellMyInformation" time="0.341" classname="twc.Regression.TestCases.USA_CCPA_Run"/>
  <testcase name="Verifying_presence_amazon_Slotid_feed1_preroladcall_USA_CCPA_Privacy_StandardAdvertisingSettings" time="0.035" classname="twc.Regression.TestCases.USA_CCPA_Run"/>
  <testcase name="Verifying_rdp_equals_1_homescreenmarquee_adCall_USA_CCPA_Privacy_DoNotSellMyInformation" time="0.245" classname="twc.Regression.TestCases.USA_CCPA_Run"/>
  <testcase name="Verifying_video_adCall_Presence_USA_CCPA_Privacy_StandardAdvertisingSettings" time="0.040" classname="twc.Regression.TestCases.USA_CCPA_Run"/>
  <testcase name="Verifying_supress_amazon_Slotid_Hourly2_bigaddetails_preload_adcall_USA_CCPA_Privacy_DoNotSellMyInformation" time="0.246" classname="twc.Regression.TestCases.USA_CCPA_Run"/>
  <testcase name="Verifying_presence_amazon_Slotid_Dailydetails_preload_adcall_USA_CCPA_Privacy_StandardAdvertisingSettings" time="0.037" classname="twc.Regression.TestCases.USA_CCPA_Run"/>
  <testcase name="Verifying_SOD_Cust_Param_homescreenmarquee_adCall_USA_CCPA_Privacy_StandardAdvertisingSettings" time="0.041" classname="twc.Regression.TestCases.USA_CCPA_Run"/>
  <testcase name="Verifying_PrivacyCard_PresenceonScreen" time="309.018" classname="twc.Regression.TestCases.USA_CCPA_Run"/>
  <testcase name="Verifying_homescreenhourly_adCall_Presence_USA_CCPA_Privacy_StandardAdvertisingSettings" time="0.034" classname="twc.Regression.TestCases.USA_CCPA_Run"/>
  <testcase name="Verifying_presence_amazon_Slotid_Hourly1_bigaddetails_preload_adcall_USA_CCPA_Privacy_StandardAdvertisingSettings" time="0.036" classname="twc.Regression.TestCases.USA_CCPA_Run"/>
  <testcase name="Verifying_supress_amazon_Slotid_feed1_preroladcall_USA_CCPA_Privacy_DoNotSellMyInformation" time="0.251" classname="twc.Regression.TestCases.USA_CCPA_Run"/>
  <testcase name="Verifying_presence_amazon_Slotid_Hourlydetails_preload_adcall_USA_CCPA_Privacy_StandardAdvertisingSettings" time="0.033" classname="twc.Regression.TestCases.USA_CCPA_Run"/>
  <testcase name="Selecting_DoNotSellMyInformation_scenario" time="129.350" classname="twc.Regression.TestCases.USA_CCPA_Run"/>
  <testcase name="Verifying_rdp_equals_1_homescreenHourly_adCall_USA_CCPA_Privacy_DoNotSellMyInformation" time="0.188" classname="twc.Regression.TestCases.USA_CCPA_Run"/>
  <testcase name="Verifying_presence_amazon_Slotid_video_adcall_USA_CCPA_Privacy_StandardAdvertisingSettings" time="0.076" classname="twc.Regression.TestCases.USA_CCPA_Run"/>
  <testcase name="Verifying_Loatme_adcrwdcntrlnet_apiCall_supressing_USA_CCPA_Privacy_DoNotSellMyInformation" time="31.943" classname="twc.Regression.TestCases.USA_CCPA_Run"/>
  <testcase name="Verifying_Supress_amazon_Slotid_Hourly1_bigaddetails_preload_adcall_USA_CCPA_Privacy_DoNotSellMyInformation" time="0.234" classname="twc.Regression.TestCases.USA_CCPA_Run"/>
  <testcase name="Verifying_homescreenhourly_adCall_Presence_USA_CCPA_Privacy_DoNotSellMyInformation" time="0.217" classname="twc.Regression.TestCases.USA_CCPA_Run"/>
  <testcase name="Verifying_SOD_Cust_Param_videos_adCall_USA_CCPA_Privacy_DoNotSellMyInformation" time="0.280" classname="twc.Regression.TestCases.USA_CCPA_Run"/>
  <testcase name="Verifying_homescreenmarquee_adCall_Presence_USA_CCPA_Privacy_DoNotSellMyInformation" time="0.211" classname="twc.Regression.TestCases.USA_CCPA_Run"/>
  <testcase name="preConditionsTest_for_USA_CCPA" time="175.740" classname="twc.Regression.TestCases.USA_CCPA_Run"/>
  <testcase name="Verifying_videos_adCall_Presence_USA_CCPA_Privacy_DoNotSellMyInformation" time="0.224" classname="twc.Regression.TestCases.USA_CCPA_Run"/>
  <testcase name="Verifying_presence_amazon_Slotid_feed2_preroladcall_USA_CCPA_Privacy_StandardAdvertisingSettings" time="0.035" classname="twc.Regression.TestCases.USA_CCPA_Run"/>
  <testcase name="Verifying_presence_amazon_Slotid_mapsdetails_preload_adcall_USA_CCPA_Privacy_StandardAdvertisingSettings" time="0.069" classname="twc.Regression.TestCases.USA_CCPA_Run"/>
  <testcase name="Verifying_presence_amazon_Slotid_homescreenhourly_preload_adcall_USA_CCPA_Privacy_StandardAdvertisingSettings" time="0.044" classname="twc.Regression.TestCases.USA_CCPA_Run"/>
  <testcase name="Verifying_homescreenmarquee_adCall_Presence_USA_CCPA_Privacy_StandardAdvertisingSettings" time="0.037" classname="twc.Regression.TestCases.USA_CCPA_Run"/>
  <testcase name="Verifying_Loatme_bcpcrwdcntrlnet_apiCall_presence_USA_CCPA_Privacy_StandardAdvertisingSettings" time="31.507" classname="twc.Regression.TestCases.USA_CCPA_Run">
    <failure type="java.lang.AssertionError" message="https://bcp.crwdcntrl.net/ url was not trigred">
      <![CDATA[java.lang.AssertionError: https://bcp.crwdcntrl.net/ url was not trigred
	at org.testng.Assert.fail(Assert.java:94)
	at twc.Regression.General.Functions.validating_bcp_privacy_Optinmode_scenarion(Functions.java:3888)
	at twc.Regression.TestCases.USA_CCPA_Run.Verifying_Loatme_bcpcrwdcntrlnet_apiCall_presence_USA_CCPA_Privacy_StandardAdvertisingSettings(USA_CCPA_Run.java:384)
	at sun.reflect.NativeMethodAccessorImpl.invoke0(Native Method)
	at sun.reflect.NativeMethodAccessorImpl.invoke(NativeMethodAccessorImpl.java:62)
	at sun.reflect.DelegatingMethodAccessorImpl.invoke(DelegatingMethodAccessorImpl.java:43)
	at java.lang.reflect.Method.invoke(Method.java:498)
	at org.testng.internal.MethodInvocationHelper.invokeMethod(MethodInvocationHelper.java:85)
	at org.testng.internal.Invoker.invokeMethod(Invoker.java:659)
	at org.testng.internal.Invoker.invokeTestMethod(Invoker.java:845)
	at org.testng.internal.Invoker.invokeTestMethods(Invoker.java:1153)
	at org.testng.internal.TestMethodWorker.invokeTestMethods(TestMethodWorker.java:125)
	at org.testng.internal.TestMethodWorker.run(TestMethodWorker.java:108)
	at org.testng.TestRunner.privateRun(TestRunner.java:771)
	at org.testng.TestRunner.run(TestRunner.java:621)
	at org.testng.SuiteRunner.runTest(SuiteRunner.java:357)
	at org.testng.SuiteRunner.runSequentially(SuiteRunner.java:352)
	at org.testng.SuiteRunner.privateRun(SuiteRunner.java:310)
	at org.testng.SuiteRunner.run(SuiteRunner.java:259)
	at org.testng.SuiteRunnerWorker.runSuite(SuiteRunnerWorker.java:52)
	at org.testng.SuiteRunnerWorker.run(SuiteRunnerWorker.java:86)
	at org.testng.TestNG.runSuitesSequentially(TestNG.java:1199)
	at org.testng.TestNG.runSuitesLocally(TestNG.java:1124)
	at org.testng.TestNG.run(TestNG.java:1032)
	at org.apache.maven.surefire.testng.TestNGExecutor.run(TestNGExecutor.java:73)
	at org.apache.maven.surefire.testng.TestNGXmlTestSuite.execute(TestNGXmlTestSuite.java:94)
	at org.apache.maven.surefire.Surefire.run(Surefire.java:169)
	at sun.reflect.NativeMethodAccessorImpl.invoke0(Native Method)
	at sun.reflect.NativeMethodAccessorImpl.invoke(NativeMethodAccessorImpl.java:62)
	at sun.reflect.DelegatingMethodAccessorImpl.invoke(DelegatingMethodAccessorImpl.java:43)
	at java.lang.reflect.Method.invoke(Method.java:498)
	at org.apache.maven.surefire.booter.SurefireBooter.runSuitesInProcess(SurefireBooter.java:350)
	at org.apache.maven.surefire.booter.SurefireBooter.main(SurefireBooter.java:1021)
]]>
    </failure>
  </testcase> <!-- Verifying_Loatme_bcpcrwdcntrlnet_apiCall_presence_USA_CCPA_Privacy_StandardAdvertisingSettings -->
  <testcase name="Verifying_rdp_equals_1_Videos_adCall_USA_CCPA_Privacy_DoNotSellMyInformation" time="0.226" classname="twc.Regression.TestCases.USA_CCPA_Run"/>
  <testcase name="Verifying_supress_amazon_Slotid_mapsdetails_preload_adcall_USA_CCPA_Privacy_DoNotSellMyInformation" time="0.241" classname="twc.Regression.TestCases.USA_CCPA_Run"/>
  <testcase name="Verifying_rdp_keyword_supress_videos_Call_USA_CCPA_Privacy_StandardAdvertisingSettings" time="0.044" classname="twc.Regression.TestCases.USA_CCPA_Run"/>
  <testcase name="Smoke_Test_Verifying_SOD_Cust_Param_videoad_Optin_mode_scenario" time="0.044" classname="twc.Regression.TestCases.USA_CCPA_Run"/>
  <testcase name="Verifying_SOD_Cust_Param_mapsdetails_adCall_USA_CCPA_Privacy_DoNotSellMyInformation" time="0.244" classname="twc.Regression.TestCases.USA_CCPA_Run"/>
  <testcase name="Verifying_supress_amazon_Slotid_feed2_preroladcall_USA_CCPA_Privacy_DoNotSellMyInformation" time="0.238" classname="twc.Regression.TestCases.USA_CCPA_Run"/>
  <testcase name="Verifying_Supress_amazon_Slotid_homescreenhourly_preload_adcall_USA_CCPA_Privacy_DoNotSellMyInformation" time="0.234" classname="twc.Regression.TestCases.USA_CCPA_Run"/>
  <testcase name="Verifying_Supress_amazon_Slotid_Hourlydetails_preload_adcall_USA_CCPA_Privacy_DoNotSellMyInformation" time="0.218" classname="twc.Regression.TestCases.USA_CCPA_Run"/>
  <testcase name="Verifying_rdp_keyword_supress_homescreenHourly_adCall_USA_CCPA_Privacy_StandardAdvertisingSettings" time="0.036" classname="twc.Regression.TestCases.USA_CCPA_Run"/>
  <testcase name="Verifying_Factual_locationwfxtriggerscom_apiCall_presence_USA_CCPA_Privacy_StandardAdvertisingSettings" time="0.053" classname="twc.Regression.TestCases.USA_CCPA_Run">
    <failure type="java.lang.AssertionError" message="https://location.wfxtriggers.com url was not trigred">
      <![CDATA[java.lang.AssertionError: https://location.wfxtriggers.com url was not trigred
	at org.testng.Assert.fail(Assert.java:94)
	at twc.Regression.General.Functions.validating_Fatualcall_privacy_Optinmode_scenarion(Functions.java:3934)
	at twc.Regression.TestCases.USA_CCPA_Run.Verifying_Factual_locationwfxtriggerscom_apiCall_presence_USA_CCPA_Privacy_StandardAdvertisingSettings(USA_CCPA_Run.java:394)
	at sun.reflect.NativeMethodAccessorImpl.invoke0(Native Method)
	at sun.reflect.NativeMethodAccessorImpl.invoke(NativeMethodAccessorImpl.java:62)
	at sun.reflect.DelegatingMethodAccessorImpl.invoke(DelegatingMethodAccessorImpl.java:43)
	at java.lang.reflect.Method.invoke(Method.java:498)
	at org.testng.internal.MethodInvocationHelper.invokeMethod(MethodInvocationHelper.java:85)
	at org.testng.internal.Invoker.invokeMethod(Invoker.java:659)
	at org.testng.internal.Invoker.invokeTestMethod(Invoker.java:845)
	at org.testng.internal.Invoker.invokeTestMethods(Invoker.java:1153)
	at org.testng.internal.TestMethodWorker.invokeTestMethods(TestMethodWorker.java:125)
	at org.testng.internal.TestMethodWorker.run(TestMethodWorker.java:108)
	at org.testng.TestRunner.privateRun(TestRunner.java:771)
	at org.testng.TestRunner.run(TestRunner.java:621)
	at org.testng.SuiteRunner.runTest(SuiteRunner.java:357)
	at org.testng.SuiteRunner.runSequentially(SuiteRunner.java:352)
	at org.testng.SuiteRunner.privateRun(SuiteRunner.java:310)
	at org.testng.SuiteRunner.run(SuiteRunner.java:259)
	at org.testng.SuiteRunnerWorker.runSuite(SuiteRunnerWorker.java:52)
	at org.testng.SuiteRunnerWorker.run(SuiteRunnerWorker.java:86)
	at org.testng.TestNG.runSuitesSequentially(TestNG.java:1199)
	at org.testng.TestNG.runSuitesLocally(TestNG.java:1124)
	at org.testng.TestNG.run(TestNG.java:1032)
	at org.apache.maven.surefire.testng.TestNGExecutor.run(TestNGExecutor.java:73)
	at org.apache.maven.surefire.testng.TestNGXmlTestSuite.execute(TestNGXmlTestSuite.java:94)
	at org.apache.maven.surefire.Surefire.run(Surefire.java:169)
	at sun.reflect.NativeMethodAccessorImpl.invoke0(Native Method)
	at sun.reflect.NativeMethodAccessorImpl.invoke(NativeMethodAccessorImpl.java:62)
	at sun.reflect.DelegatingMethodAccessorImpl.invoke(DelegatingMethodAccessorImpl.java:43)
	at java.lang.reflect.Method.invoke(Method.java:498)
	at org.apache.maven.surefire.booter.SurefireBooter.runSuitesInProcess(SurefireBooter.java:350)
	at org.apache.maven.surefire.booter.SurefireBooter.main(SurefireBooter.java:1021)
]]>
    </failure>
  </testcase> <!-- Verifying_Factual_locationwfxtriggerscom_apiCall_presence_USA_CCPA_Privacy_StandardAdvertisingSettings -->
  <testcase name="Verifying_presence_amazon_Slotid_Hourly2_bigaddetails_preload_adcall_USA_CCPA_Privacy_StandardAdvertisingSettings" time="0.036" classname="twc.Regression.TestCases.USA_CCPA_Run"/>
  <testcase name="Verifying_SOD_Cust_Param_homescreenmarquee_adCall_USA_CCPA_Privacy_DoNotSellMyInformation" time="0.237" classname="twc.Regression.TestCases.USA_CCPA_Run"/>
  <testcase name="Verifying_Factual_locationwfxtriggerscom_apiCall_supressing_USA_CCPA_Privacy_DoNotSellMyInformation" time="0.393" classname="twc.Regression.TestCases.USA_CCPA_Run"/>
  <testcase name="Verifying_supress_amazon_Slotid_Hourly3_bigaddetails_preload_adcall_USA_CCPA_Privacy_DoNotSellMyInformation" time="0.234" classname="twc.Regression.TestCases.USA_CCPA_Run"/>
  <testcase name="Verifying_supress_amazon_Slotid_Dailydetails_preload_adcall_USA_CCPA_Privacy_DoNotSellMyInformation" time="0.425" classname="twc.Regression.TestCases.USA_CCPA_Run"/>
  <testcase name="Verifying_presence_amazon_Slotid_Hourly3_bigaddetails_preload_adcall_USA_CCPA_Privacy_StandardAdvertisingSettings" time="0.035" classname="twc.Regression.TestCases.USA_CCPA_Run"/>
  <testcase name="Verifying_rdp_keyword_supress_homescreenmarquee_adCall_USA_CCPA_Privacy_StandardAdvertisingSettings" time="0.034" classname="twc.Regression.TestCases.USA_CCPA_Run"/>
  <testcase name="Verifying_SOD_Cust_Param_homescreenhourly_adCall_USA_CCPA_Privacy_StandardAdvertisingSettings" time="0.038" classname="twc.Regression.TestCases.USA_CCPA_Run"/>
</testsuite> <!-- twc.Regression.TestCases.USA_CCPA_Run -->
